[ 2016-07-08T13:44:21+08:00 ] ::1 /exam/index.php
INFO: [ app_init ] --START--
INFO: Run Behavior\BuildLiteBehavior [ RunTime:0.000000s ]
INFO: [ app_init ] --END-- [ RunTime:0.000000s ]
INFO: [ app_begin ] --START--
INFO: Run Behavior\ReadHtmlCacheBehavior [ RunTime:0.002000s ]
INFO: [ app_begin ] --END-- [ RunTime:0.003000s ]
INFO: [ view_parse ] --START--
NOTIC: [2] is_file(): File name is longer than the maximum allowed path length on this platform (260): &lt;style type=&quot;text/css&quot;&gt;*{ padding: 0; margin: 0; } div{ padding: 4px 48px;} body{ background: #fff; font-family: &quot;微软雅黑&quot;; color: #333;font-size:24px} h1{ font-size: 100px; font-weight: normal; margin-bottom: 12px; } p{ line-height: 1.8em; font-size: 36px } a,a:hover{color:blue;}&lt;/style&gt;&lt;div style=&quot;padding: 24px 48px;&quot;&gt; &lt;h1&gt;:)&lt;/h1&gt;&lt;p&gt;欢迎使用 &lt;b&gt;ThinkPHP&lt;/b&gt;！&lt;/p&gt;&lt;br/&gt;版本 V{$Think.version}&lt;/div&gt;&lt;script type=&quot;text/javascript&quot; src=&quot;http://ad.topthink.com/Public/static/client.js&quot;&gt;&lt;/script&gt;&lt;thinkad id=&quot;ad_55e75dfae343f5a1&quot;&gt;&lt;/thinkad&gt;&lt;script type=&quot;text/javascript&quot; src=&quot;http://tajs.qq.com/stats?sId=9347272&quot; charset=&quot;UTF-8&quot;&gt;&lt;/script&gt; D:\myenv\UPUPW_AP5.4\htdocs\exam\ThinkPHP\Library\Think\Template.class.php 第 89 行.
INFO: [ template_filter ] --START--
INFO: Run Behavior\ContentReplaceBehavior [ RunTime:0.000000s ]
INFO: [ template_filter ] --END-- [ RunTime:0.001000s ]
INFO: Run Behavior\ParseTemplateBehavior [ RunTime:0.016001s ]
INFO: [ view_parse ] --END-- [ RunTime:0.016001s ]
INFO: [ view_filter ] --START--
INFO: Run Behavior\WriteHtmlCacheBehavior [ RunTime:0.002000s ]
INFO: [ view_filter ] --END-- [ RunTime:0.002000s ]
INFO: [ app_end ] --START--
INFO: Run Behavior\ShowPageTraceBehavior [ RunTime:0.002000s ]
INFO: [ app_end ] --END-- [ RunTime:0.002000s ]

[ 2016-07-08T13:59:35+08:00 ] ::1 /exam/
INFO: [ app_init ] --START--
INFO: Run Behavior\BuildLiteBehavior [ RunTime:0.000000s ]
INFO: [ app_init ] --END-- [ RunTime:0.001000s ]
INFO: [ app_begin ] --START--
INFO: Run Behavior\ReadHtmlCacheBehavior [ RunTime:0.002000s ]
INFO: [ app_begin ] --END-- [ RunTime:0.003001s ]
NOTIC: [8] Undefined index: stunum D:\myenv\UPUPW_AP5.4\htdocs\exam\App\Home\Controller\IndexController.class.php 第 11 行.

[ 2016-07-08T14:00:10+08:00 ] ::1 /exam/index.php?stunum=123456789%stupw=123456789
INFO: [ app_init ] --START--
INFO: Run Behavior\BuildLiteBehavior [ RunTime:0.000000s ]
INFO: [ app_init ] --END-- [ RunTime:0.001000s ]
INFO: [ app_begin ] --START--
INFO: Run Behavior\ReadHtmlCacheBehavior [ RunTime:0.002000s ]
INFO: [ app_begin ] --END-- [ RunTime:0.002000s ]
NOTIC: [8] Undefined index: stupw D:\myenv\UPUPW_AP5.4\htdocs\exam\App\Home\Controller\IndexController.class.php 第 12 行.
INFO: [ app_end ] --START--
INFO: Run Behavior\ShowPageTraceBehavior [ RunTime:0.002001s ]
INFO: [ app_end ] --END-- [ RunTime:0.002001s ]

[ 2016-07-08T14:01:04+08:00 ] ::1 /exam/index.php?stunum=123456789%stupw=123456789
INFO: [ app_init ] --START--
INFO: Run Behavior\BuildLiteBehavior [ RunTime:0.000000s ]
INFO: [ app_init ] --END-- [ RunTime:0.001000s ]
INFO: [ app_begin ] --START--
INFO: Run Behavior\ReadHtmlCacheBehavior [ RunTime:0.002000s ]
INFO: [ app_begin ] --END-- [ RunTime:0.002000s ]
NOTIC: [8] Undefined index: stupw D:\myenv\UPUPW_AP5.4\htdocs\exam\App\Home\Controller\IndexController.class.php 第 12 行.
INFO: [ app_end ] --START--
INFO: Run Behavior\ShowPageTraceBehavior [ RunTime:0.002001s ]
INFO: [ app_end ] --END-- [ RunTime:0.002001s ]

[ 2016-07-08T14:01:05+08:00 ] ::1 /exam/index.php?stunum=123456789%stupw=123456789
INFO: [ app_init ] --START--
INFO: Run Behavior\BuildLiteBehavior [ RunTime:0.000000s ]
INFO: [ app_init ] --END-- [ RunTime:0.002000s ]
INFO: [ app_begin ] --START--
INFO: Run Behavior\ReadHtmlCacheBehavior [ RunTime:0.002000s ]
INFO: [ app_begin ] --END-- [ RunTime:0.002000s ]
NOTIC: [8] Undefined index: stupw D:\myenv\UPUPW_AP5.4\htdocs\exam\App\Home\Controller\IndexController.class.php 第 12 行.
INFO: [ app_end ] --START--
INFO: Run Behavior\ShowPageTraceBehavior [ RunTime:0.002000s ]
INFO: [ app_end ] --END-- [ RunTime:0.002000s ]

[ 2016-07-08T14:01:07+08:00 ] ::1 /exam/index.php?stunum=123456789%stupw=123456789
INFO: [ app_init ] --START--
INFO: Run Behavior\BuildLiteBehavior [ RunTime:0.000000s ]
INFO: [ app_init ] --END-- [ RunTime:0.001000s ]
INFO: [ app_begin ] --START--
INFO: Run Behavior\ReadHtmlCacheBehavior [ RunTime:0.003000s ]
INFO: [ app_begin ] --END-- [ RunTime:0.003000s ]
NOTIC: [8] Undefined index: stupw D:\myenv\UPUPW_AP5.4\htdocs\exam\App\Home\Controller\IndexController.class.php 第 12 行.
INFO: [ app_end ] --START--
INFO: Run Behavior\ShowPageTraceBehavior [ RunTime:0.003000s ]
INFO: [ app_end ] --END-- [ RunTime:0.003000s ]

[ 2016-07-08T14:01:56+08:00 ] ::1 /exam/index.php?stunum=123456789%stupw=123456789
INFO: [ app_init ] --START--
INFO: Run Behavior\BuildLiteBehavior [ RunTime:0.001000s ]
INFO: [ app_init ] --END-- [ RunTime:0.001000s ]
INFO: [ app_begin ] --START--
INFO: Run Behavior\ReadHtmlCacheBehavior [ RunTime:0.002000s ]
INFO: [ app_begin ] --END-- [ RunTime:0.002000s ]
NOTIC: [8] Undefined index: stupw D:\myenv\UPUPW_AP5.4\htdocs\exam\App\Home\Controller\IndexController.class.php 第 12 行.
INFO: [ app_end ] --START--
INFO: Run Behavior\ShowPageTraceBehavior [ RunTime:0.003001s ]
INFO: [ app_end ] --END-- [ RunTime:0.003001s ]

[ 2016-07-08T14:06:46+08:00 ] ::1 /exam/index.php
INFO: [ app_begin ] --START--
INFO: Run Behavior\ReadHtmlCacheBehavior [ RunTime:0.002000s ]
INFO: [ app_begin ] --END-- [ RunTime:0.003000s ]
SQL: SHOW COLUMNS FROM `tp_user` [ RunTime:0.0010s ]
SQL: SHOW COLUMNS FROM `tp_user` [ RunTime:0.0010s ]
SQL: SELECT * FROM `tp_user` WHERE `stunum` = 123456789 AND `pw` = 'undefined'  [ RunTime:0.0000s ]
NOTIC: [8] Undefined offset: 0 D:\myenv\UPUPW_AP5.4\htdocs\exam\App\Home\Model\UserModel.class.php 第 12 行.

[ 2016-07-08T14:07:24+08:00 ] ::1 /exam/index.php
INFO: [ app_begin ] --START--
INFO: Run Behavior\ReadHtmlCacheBehavior [ RunTime:0.002000s ]
INFO: [ app_begin ] --END-- [ RunTime:0.003000s ]
SQL: SHOW COLUMNS FROM `tp_user` [ RunTime:0.0010s ]
SQL: SHOW COLUMNS FROM `tp_user` [ RunTime:0.0010s ]
SQL: SELECT * FROM `tp_user` WHERE `stunum` = 123456789 AND `pw` = 'undefined'  [ RunTime:0.0000s ]
NOTIC: [8] Undefined offset: 0 D:\myenv\UPUPW_AP5.4\htdocs\exam\App\Home\Model\UserModel.class.php 第 12 行.

[ 2016-07-08T14:07:39+08:00 ] ::1 /exam/index.php
INFO: [ app_begin ] --START--
INFO: Run Behavior\ReadHtmlCacheBehavior [ RunTime:0.002000s ]
INFO: [ app_begin ] --END-- [ RunTime:0.003000s ]
SQL: SHOW COLUMNS FROM `tp_user` [ RunTime:0.0010s ]
SQL: SHOW COLUMNS FROM `tp_user` [ RunTime:0.0010s ]
SQL: SELECT * FROM `tp_user` WHERE `stunum` = 123456789 AND `pw` = 'undefined'  [ RunTime:0.0000s ]
NOTIC: [8] Undefined offset: 0 D:\myenv\UPUPW_AP5.4\htdocs\exam\App\Home\Model\UserModel.class.php 第 12 行.

[ 2016-07-08T14:08:11+08:00 ] ::1 /exam/index.php
INFO: [ app_begin ] --START--
INFO: Run Behavior\ReadHtmlCacheBehavior [ RunTime:0.002000s ]
INFO: [ app_begin ] --END-- [ RunTime:0.002000s ]
SQL: SHOW COLUMNS FROM `tp_user` [ RunTime:0.0010s ]
SQL: SHOW COLUMNS FROM `tp_user` [ RunTime:0.0010s ]
SQL: SELECT * FROM `tp_user` WHERE `stunum` = 123456789 AND `pw` = 'undefined'  [ RunTime:0.0000s ]
NOTIC: [8] Undefined offset: 0 D:\myenv\UPUPW_AP5.4\htdocs\exam\App\Home\Model\UserModel.class.php 第 11 行.

[ 2016-07-08T14:08:24+08:00 ] ::1 /exam/index.php
INFO: [ app_begin ] --START--
INFO: Run Behavior\ReadHtmlCacheBehavior [ RunTime:0.002000s ]
INFO: [ app_begin ] --END-- [ RunTime:0.002000s ]
SQL: SHOW COLUMNS FROM `tp_user` [ RunTime:0.0010s ]
SQL: SHOW COLUMNS FROM `tp_user` [ RunTime:0.0010s ]
SQL: SELECT * FROM `tp_user` WHERE `stunum` = 123456789 AND `pw` = 'undefined'  [ RunTime:0.0000s ]
NOTIC: [8] Undefined offset: 0 D:\myenv\UPUPW_AP5.4\htdocs\exam\App\Home\Model\UserModel.class.php 第 11 行.

[ 2016-07-08T14:09:53+08:00 ] ::1 /exam/index.php
INFO: [ app_begin ] --START--
INFO: Run Behavior\ReadHtmlCacheBehavior [ RunTime:0.002000s ]
INFO: [ app_begin ] --END-- [ RunTime:0.003000s ]
SQL: SHOW COLUMNS FROM `tp_user` [ RunTime:0.0010s ]
SQL: SHOW COLUMNS FROM `tp_user` [ RunTime:0.0010s ]
SQL: SELECT * FROM `tp_user` WHERE `stunum` = 0 AND `pw` = 'undefined'  [ RunTime:0.0000s ]
NOTIC: [8] Undefined offset: 0 D:\myenv\UPUPW_AP5.4\htdocs\exam\App\Home\Model\UserModel.class.php 第 11 行.

[ 2016-07-08T14:10:44+08:00 ] ::1 /exam/index.php
INFO: [ app_begin ] --START--
INFO: Run Behavior\ReadHtmlCacheBehavior [ RunTime:0.002000s ]
INFO: [ app_begin ] --END-- [ RunTime:0.003000s ]
SQL: SHOW COLUMNS FROM `tp_user` [ RunTime:0.0020s ]
SQL: SHOW COLUMNS FROM `tp_user` [ RunTime:0.0010s ]
SQL: SELECT * FROM `tp_user` WHERE `stunum` = 0 AND `pw` = 'undefined'  [ RunTime:0.0000s ]
NOTIC: [8] Undefined offset: 0 D:\myenv\UPUPW_AP5.4\htdocs\exam\App\Home\Model\UserModel.class.php 第 11 行.

[ 2016-07-08T14:10:50+08:00 ] ::1 /exam/index.php
INFO: [ app_begin ] --START--
INFO: Run Behavior\ReadHtmlCacheBehavior [ RunTime:0.002000s ]
INFO: [ app_begin ] --END-- [ RunTime:0.003000s ]
SQL: SHOW COLUMNS FROM `tp_user` [ RunTime:0.0010s ]
SQL: SHOW COLUMNS FROM `tp_user` [ RunTime:0.0010s ]
SQL: SELECT * FROM `tp_user` WHERE `stunum` = 0 AND `pw` = 'undefined'  [ RunTime:0.0010s ]
NOTIC: [8] Undefined offset: 0 D:\myenv\UPUPW_AP5.4\htdocs\exam\App\Home\Model\UserModel.class.php 第 11 行.

[ 2016-07-08T14:12:27+08:00 ] ::1 /exam/index.php
INFO: [ app_begin ] --START--
INFO: Run Behavior\ReadHtmlCacheBehavior [ RunTime:0.002000s ]
INFO: [ app_begin ] --END-- [ RunTime:0.003000s ]
SQL: SHOW COLUMNS FROM `tp_user` [ RunTime:0.0010s ]
SQL: SHOW COLUMNS FROM `tp_user` [ RunTime:0.0010s ]
SQL: SELECT * FROM `tp_user` WHERE `stunum` = 123456789 AND `pw` = 'undefined'  [ RunTime:0.0000s ]
NOTIC: [8] Undefined offset: 0 D:\myenv\UPUPW_AP5.4\htdocs\exam\App\Home\Model\UserModel.class.php 第 11 行.

[ 2016-07-08T14:13:39+08:00 ] ::1 /exam/index.php
INFO: [ app_begin ] --START--
INFO: Run Behavior\ReadHtmlCacheBehavior [ RunTime:0.002000s ]
INFO: [ app_begin ] --END-- [ RunTime:0.003000s ]
SQL: SHOW COLUMNS FROM `tp_user` [ RunTime:0.0010s ]
SQL: SHOW COLUMNS FROM `tp_user` [ RunTime:0.0010s ]
SQL: SELECT * FROM `tp_user` WHERE `stunum` = 123456789 AND `pw` = 'undefined'  [ RunTime:0.0000s ]
NOTIC: [8] Undefined offset: 0 D:\myenv\UPUPW_AP5.4\htdocs\exam\App\Home\Model\UserModel.class.php 第 11 行.

[ 2016-07-08T14:14:39+08:00 ] ::1 /exam/index.php
INFO: [ app_begin ] --START--
INFO: Run Behavior\ReadHtmlCacheBehavior [ RunTime:0.002000s ]
INFO: [ app_begin ] --END-- [ RunTime:0.003000s ]
SQL: SHOW COLUMNS FROM `tp_user` [ RunTime:0.0130s ]
SQL: SHOW COLUMNS FROM `tp_user` [ RunTime:0.0010s ]
SQL: SELECT * FROM `tp_user` WHERE `stunum` = 123456789 AND `pw` = 'undefined'  [ RunTime:0.0010s ]
NOTIC: [8] Undefined offset: 0 D:\myenv\UPUPW_AP5.4\htdocs\exam\App\Home\Model\UserModel.class.php 第 11 行.

[ 2016-07-08T14:14:44+08:00 ] ::1 /exam/index.php
INFO: [ app_begin ] --START--
INFO: Run Behavior\ReadHtmlCacheBehavior [ RunTime:0.002001s ]
INFO: [ app_begin ] --END-- [ RunTime:0.002001s ]
SQL: SHOW COLUMNS FROM `tp_user` [ RunTime:0.0010s ]
SQL: SHOW COLUMNS FROM `tp_user` [ RunTime:0.0010s ]
SQL: SELECT * FROM `tp_user` WHERE `stunum` = 123456789 AND `pw` = 'undefined'  [ RunTime:0.0000s ]
NOTIC: [8] Undefined offset: 0 D:\myenv\UPUPW_AP5.4\htdocs\exam\App\Home\Model\UserModel.class.php 第 11 行.

[ 2016-07-08T14:17:06+08:00 ] ::1 /exam/index.php
INFO: [ app_begin ] --START--
INFO: Run Behavior\ReadHtmlCacheBehavior [ RunTime:0.002000s ]
INFO: [ app_begin ] --END-- [ RunTime:0.003000s ]
SQL: SHOW COLUMNS FROM `tp_user` [ RunTime:0.0020s ]
SQL: SHOW COLUMNS FROM `tp_user` [ RunTime:0.0010s ]
SQL: SELECT * FROM `tp_user` WHERE `stunum` = 123456789 AND `pw` = 'undefined'  [ RunTime:0.0000s ]
NOTIC: [8] Undefined offset: 0 D:\myenv\UPUPW_AP5.4\htdocs\exam\App\Home\Model\UserModel.class.php 第 11 行.

[ 2016-07-08T14:17:12+08:00 ] ::1 /exam/index.php
INFO: [ app_begin ] --START--
INFO: Run Behavior\ReadHtmlCacheBehavior [ RunTime:0.002000s ]
INFO: [ app_begin ] --END-- [ RunTime:0.003000s ]
SQL: SHOW COLUMNS FROM `tp_user` [ RunTime:0.0010s ]
SQL: SHOW COLUMNS FROM `tp_user` [ RunTime:0.0010s ]
SQL: SELECT * FROM `tp_user` WHERE `stunum` = 0 AND `pw` = 'undefined'  [ RunTime:0.0000s ]
NOTIC: [8] Undefined offset: 0 D:\myenv\UPUPW_AP5.4\htdocs\exam\App\Home\Model\UserModel.class.php 第 11 行.

[ 2016-07-08T14:17:33+08:00 ] ::1 /exam/index.php
INFO: [ app_begin ] --START--
INFO: Run Behavior\ReadHtmlCacheBehavior [ RunTime:0.002000s ]
INFO: [ app_begin ] --END-- [ RunTime:0.002000s ]
SQL: SHOW COLUMNS FROM `tp_user` [ RunTime:0.0010s ]
SQL: SHOW COLUMNS FROM `tp_user` [ RunTime:0.0010s ]
SQL: SELECT * FROM `tp_user` WHERE `stunum` = 0 AND `pw` = 'undefined'  [ RunTime:0.0000s ]
NOTIC: [8] Undefined offset: 0 D:\myenv\UPUPW_AP5.4\htdocs\exam\App\Home\Model\UserModel.class.php 第 11 行.

[ 2016-07-08T14:18:48+08:00 ] ::1 /exam/index.php
INFO: [ app_begin ] --START--
INFO: Run Behavior\ReadHtmlCacheBehavior [ RunTime:0.002000s ]
INFO: [ app_begin ] --END-- [ RunTime:0.003000s ]
SQL: SHOW COLUMNS FROM `tp_user` [ RunTime:0.0010s ]
SQL: SHOW COLUMNS FROM `tp_user` [ RunTime:0.0010s ]
SQL: SELECT * FROM `tp_user` WHERE `stunum` = 123456789 AND `pw` = 'undefined'  [ RunTime:0.0000s ]
NOTIC: [8] Undefined offset: 0 D:\myenv\UPUPW_AP5.4\htdocs\exam\App\Home\Model\UserModel.class.php 第 11 行.

[ 2016-07-08T14:20:13+08:00 ] ::1 /exam/index.php
INFO: [ app_begin ] --START--
INFO: Run Behavior\ReadHtmlCacheBehavior [ RunTime:0.002000s ]
INFO: [ app_begin ] --END-- [ RunTime:0.003000s ]
SQL: SHOW COLUMNS FROM `tp_user` [ RunTime:0.0020s ]
SQL: SHOW COLUMNS FROM `tp_user` [ RunTime:0.0010s ]
SQL: SELECT * FROM `tp_user` WHERE `stunum` = 123456789 AND `pw` = 'undefined'  [ RunTime:0.0000s ]
NOTIC: [8] Undefined offset: 0 D:\myenv\UPUPW_AP5.4\htdocs\exam\App\Home\Model\UserModel.class.php 第 11 行.

[ 2016-07-08T14:20:19+08:00 ] ::1 /exam/index.php
INFO: [ app_begin ] --START--
INFO: Run Behavior\ReadHtmlCacheBehavior [ RunTime:0.002000s ]
INFO: [ app_begin ] --END-- [ RunTime:0.003000s ]
SQL: SHOW COLUMNS FROM `tp_user` [ RunTime:0.0010s ]
SQL: SHOW COLUMNS FROM `tp_user` [ RunTime:0.0010s ]
SQL: SELECT * FROM `tp_user` WHERE `stunum` = 0 AND `pw` = 'undefined'  [ RunTime:0.0000s ]
NOTIC: [8] Undefined offset: 0 D:\myenv\UPUPW_AP5.4\htdocs\exam\App\Home\Model\UserModel.class.php 第 11 行.

[ 2016-07-08T14:20:35+08:00 ] ::1 /exam/index.php
INFO: [ app_begin ] --START--
INFO: Run Behavior\ReadHtmlCacheBehavior [ RunTime:0.002000s ]
INFO: [ app_begin ] --END-- [ RunTime:0.003000s ]
SQL: SHOW COLUMNS FROM `tp_user` [ RunTime:0.0020s ]
SQL: SHOW COLUMNS FROM `tp_user` [ RunTime:0.0010s ]
SQL: SELECT * FROM `tp_user` WHERE `stunum` = 0 AND `pw` = 'undefined'  [ RunTime:0.0000s ]
NOTIC: [8] Undefined offset: 0 D:\myenv\UPUPW_AP5.4\htdocs\exam\App\Home\Model\UserModel.class.php 第 11 行.

[ 2016-07-08T14:20:38+08:00 ] ::1 /exam/index.php
INFO: [ app_begin ] --START--
INFO: Run Behavior\ReadHtmlCacheBehavior [ RunTime:0.002000s ]
INFO: [ app_begin ] --END-- [ RunTime:0.003000s ]
SQL: SHOW COLUMNS FROM `tp_user` [ RunTime:0.0020s ]
SQL: SHOW COLUMNS FROM `tp_user` [ RunTime:0.0010s ]
SQL: SELECT * FROM `tp_user` WHERE `stunum` = 0 AND `pw` = 'undefined'  [ RunTime:0.0000s ]
NOTIC: [8] Undefined offset: 0 D:\myenv\UPUPW_AP5.4\htdocs\exam\App\Home\Model\UserModel.class.php 第 11 行.

[ 2016-07-08T14:20:42+08:00 ] ::1 /exam/index.php
INFO: [ app_begin ] --START--
INFO: Run Behavior\ReadHtmlCacheBehavior [ RunTime:0.002000s ]
INFO: [ app_begin ] --END-- [ RunTime:0.003000s ]
SQL: SHOW COLUMNS FROM `tp_user` [ RunTime:0.0010s ]
SQL: SHOW COLUMNS FROM `tp_user` [ RunTime:0.0020s ]
SQL: SELECT * FROM `tp_user` WHERE `stunum` = 0 AND `pw` = 'undefined'  [ RunTime:0.0000s ]
NOTIC: [8] Undefined offset: 0 D:\myenv\UPUPW_AP5.4\htdocs\exam\App\Home\Model\UserModel.class.php 第 11 行.

[ 2016-07-08T14:21:21+08:00 ] ::1 /exam/index.php
INFO: [ app_begin ] --START--
INFO: Run Behavior\ReadHtmlCacheBehavior [ RunTime:0.002000s ]
INFO: [ app_begin ] --END-- [ RunTime:0.003001s ]
SQL: SHOW COLUMNS FROM `tp_user` [ RunTime:0.0010s ]
SQL: SHOW COLUMNS FROM `tp_user` [ RunTime:0.0010s ]
SQL: SELECT * FROM `tp_user` WHERE `stunum` = 0 AND `pw` = 'undefined'  [ RunTime:0.0000s ]
NOTIC: [8] Undefined offset: 0 D:\myenv\UPUPW_AP5.4\htdocs\exam\App\Home\Model\UserModel.class.php 第 11 行.

[ 2016-07-08T14:21:35+08:00 ] ::1 /exam/index.php
INFO: [ app_begin ] --START--
INFO: Run Behavior\ReadHtmlCacheBehavior [ RunTime:0.002000s ]
INFO: [ app_begin ] --END-- [ RunTime:0.003000s ]
SQL: SHOW COLUMNS FROM `tp_user` [ RunTime:0.0010s ]
SQL: SHOW COLUMNS FROM `tp_user` [ RunTime:0.0010s ]
SQL: SELECT * FROM `tp_user` WHERE `stunum` = 0 AND `pw` = 'undefined'  [ RunTime:0.0000s ]
NOTIC: [8] Undefined offset: 0 D:\myenv\UPUPW_AP5.4\htdocs\exam\App\Home\Model\UserModel.class.php 第 11 行.

[ 2016-07-08T14:22:19+08:00 ] ::1 /exam/index.php
INFO: [ app_begin ] --START--
INFO: Run Behavior\ReadHtmlCacheBehavior [ RunTime:0.003000s ]
INFO: [ app_begin ] --END-- [ RunTime:0.003000s ]
SQL: SHOW COLUMNS FROM `tp_user` [ RunTime:0.0010s ]
SQL: SHOW COLUMNS FROM `tp_user` [ RunTime:0.0010s ]
SQL: SELECT * FROM `tp_user` WHERE `stunum` = 0 AND `pw` = 'undefined'  [ RunTime:0.0000s ]
NOTIC: [8] Undefined offset: 0 D:\myenv\UPUPW_AP5.4\htdocs\exam\App\Home\Model\UserModel.class.php 第 11 行.

[ 2016-07-08T14:22:28+08:00 ] ::1 /exam/index.php
INFO: [ app_begin ] --START--
INFO: Run Behavior\ReadHtmlCacheBehavior [ RunTime:0.003000s ]
INFO: [ app_begin ] --END-- [ RunTime:0.003000s ]
SQL: SHOW COLUMNS FROM `tp_user` [ RunTime:0.0020s ]
SQL: SHOW COLUMNS FROM `tp_user` [ RunTime:0.0010s ]
SQL: SELECT * FROM `tp_user` WHERE `stunum` = 0 AND `pw` = 'undefined'  [ RunTime:0.0000s ]
NOTIC: [8] Undefined offset: 0 D:\myenv\UPUPW_AP5.4\htdocs\exam\App\Home\Model\UserModel.class.php 第 11 行.

[ 2016-07-08T14:23:01+08:00 ] ::1 /exam/index.php
INFO: [ app_begin ] --START--
INFO: Run Behavior\ReadHtmlCacheBehavior [ RunTime:0.002000s ]
INFO: [ app_begin ] --END-- [ RunTime:0.002000s ]
SQL: SHOW COLUMNS FROM `tp_user` [ RunTime:0.0020s ]
SQL: SHOW COLUMNS FROM `tp_user` [ RunTime:0.0010s ]
SQL: SELECT * FROM `tp_user` WHERE `stunum` = 0 AND `pw` = 'undefined'  [ RunTime:0.0000s ]
NOTIC: [8] Undefined offset: 0 D:\myenv\UPUPW_AP5.4\htdocs\exam\App\Home\Model\UserModel.class.php 第 11 行.

[ 2016-07-08T14:23:31+08:00 ] ::1 /exam/index.php
INFO: [ app_begin ] --START--
INFO: Run Behavior\ReadHtmlCacheBehavior [ RunTime:0.002000s ]
INFO: [ app_begin ] --END-- [ RunTime:0.003000s ]
SQL: SHOW COLUMNS FROM `tp_user` [ RunTime:0.0030s ]
SQL: SHOW COLUMNS FROM `tp_user` [ RunTime:0.0020s ]
SQL: SELECT * FROM `tp_user` WHERE `stunum` = 0 AND `pw` = 'undefined'  [ RunTime:0.0010s ]
NOTIC: [8] Undefined offset: 0 D:\myenv\UPUPW_AP5.4\htdocs\exam\App\Home\Model\UserModel.class.php 第 11 行.

[ 2016-07-08T14:23:39+08:00 ] ::1 /exam/index.php
INFO: [ app_begin ] --START--
INFO: Run Behavior\ReadHtmlCacheBehavior [ RunTime:0.002000s ]
INFO: [ app_begin ] --END-- [ RunTime:0.002000s ]
SQL: SHOW COLUMNS FROM `tp_user` [ RunTime:0.0010s ]
SQL: SHOW COLUMNS FROM `tp_user` [ RunTime:0.0010s ]
SQL: SELECT * FROM `tp_user` WHERE `stunum` = 0 AND `pw` = '336258'  [ RunTime:0.0000s ]
NOTIC: [8] Undefined offset: 0 D:\myenv\UPUPW_AP5.4\htdocs\exam\App\Home\Model\UserModel.class.php 第 11 行.

[ 2016-07-08T14:23:53+08:00 ] ::1 /exam/index.php
INFO: [ app_begin ] --START--
INFO: Run Behavior\ReadHtmlCacheBehavior [ RunTime:0.002000s ]
INFO: [ app_begin ] --END-- [ RunTime:0.003000s ]
SQL: SHOW COLUMNS FROM `tp_user` [ RunTime:0.0010s ]
SQL: SHOW COLUMNS FROM `tp_user` [ RunTime:0.0010s ]
SQL: SELECT * FROM `tp_user` WHERE `stunum` = 123456789 AND `pw` = '123456789'  [ RunTime:0.0000s ]

[ 2016-07-08T14:24:58+08:00 ] ::1 /exam/index.php
INFO: [ app_begin ] --START--
INFO: Run Behavior\ReadHtmlCacheBehavior [ RunTime:0.003000s ]
INFO: [ app_begin ] --END-- [ RunTime:0.003000s ]
SQL: SHOW COLUMNS FROM `tp_user` [ RunTime:0.0020s ]
SQL: SHOW COLUMNS FROM `tp_user` [ RunTime:0.0010s ]
SQL: SELECT * FROM `tp_user` WHERE `stunum` = 123456789 AND `pw` = '123456789'  [ RunTime:0.0000s ]

[ 2016-07-08T14:27:43+08:00 ] ::1 /exam/index.php/home/login/index
INFO: [ app_begin ] --START--
INFO: Run Behavior\ReadHtmlCacheBehavior [ RunTime:0.002000s ]
INFO: [ app_begin ] --END-- [ RunTime:0.003000s ]
SQL: SHOW COLUMNS FROM `tp_user` [ RunTime:0.0020s ]
SQL: SHOW COLUMNS FROM `tp_user` [ RunTime:0.0010s ]
SQL: SELECT * FROM `tp_user` WHERE `stunum` = 123456789 AND `pw` = '123456789'  [ RunTime:0.0000s ]

[ 2016-07-08T14:37:40+08:00 ] ::1 /exam/index.php/home/login/index
INFO: [ app_begin ] --START--
INFO: Run Behavior\ReadHtmlCacheBehavior [ RunTime:0.003000s ]
INFO: [ app_begin ] --END-- [ RunTime:0.004000s ]
SQL: SHOW COLUMNS FROM `tp_user` [ RunTime:0.0010s ]
SQL: SHOW COLUMNS FROM `tp_user` [ RunTime:0.0010s ]
SQL: SELECT * FROM `tp_user` WHERE `stunum` = 0 AND `pw` = '336258'  [ RunTime:0.0000s ]
NOTIC: [8] Undefined offset: 0 D:\myenv\UPUPW_AP5.4\htdocs\exam\App\Home\Model\UserModel.class.php 第 11 行.

[ 2016-07-08T14:38:03+08:00 ] ::1 /exam/index.php/home/login/index
INFO: [ app_begin ] --START--
INFO: Run Behavior\ReadHtmlCacheBehavior [ RunTime:0.003000s ]
INFO: [ app_begin ] --END-- [ RunTime:0.003000s ]
SQL: SHOW COLUMNS FROM `tp_user` [ RunTime:0.0010s ]
SQL: SHOW COLUMNS FROM `tp_user` [ RunTime:0.0010s ]
SQL: SELECT * FROM `tp_user` WHERE `stunum` = 123456789 AND `pw` = '123456789'  [ RunTime:0.0000s ]

[ 2016-07-08T15:05:12+08:00 ] ::1 /exam/index.php
ERR: 无法加载控制器:Index

[ 2016-07-08T15:05:39+08:00 ] ::1 /exam/index.php
ERR: 无法加载控制器:Index

[ 2016-07-08T15:06:25+08:00 ] ::1 /exam/index.php/home/login
ERR: 模板不存在:./App/Home/View/Login/index.html

[ 2016-07-08T15:06:59+08:00 ] ::1 /exam/index.php/home/login
ERR: 模板不存在:./App/Home/View/Login/index.html

[ 2016-07-08T15:07:01+08:00 ] ::1 /exam/index.php/home/login
ERR: 模板不存在:./App/Home/View/Login/index.html

[ 2016-07-08T15:07:15+08:00 ] ::1 /exam/index.php/home/css/Login.css
ERR: 无法加载控制器:Css

[ 2016-07-08T15:07:15+08:00 ] ::1 /exam/index.php/home/js/Login.js
ERR: 无法加载控制器:Js

[ 2016-07-08T15:09:47+08:00 ] ::1 /exam/index.php/home/js/Login.js
ERR: 无法加载控制器:Js

[ 2016-07-08T15:09:48+08:00 ] ::1 /exam/index.php/home/js/Login.js
ERR: 无法加载控制器:Js

[ 2016-07-08T15:10:05+08:00 ] ::1 /exam/index.php/home/js/Login.js
ERR: 无法加载控制器:Js

[ 2016-07-08T15:10:21+08:00 ] ::1 /exam/index.php/home/js/Login.js
ERR: 无法加载控制器:Js

[ 2016-07-08T15:26:54+08:00 ] ::1 /exam/index.php/home/index.php/home/login/index
INFO: [ app_begin ] --START--
INFO: Run Behavior\ReadHtmlCacheBehavior [ RunTime:0.003000s ]
INFO: [ app_begin ] --END-- [ RunTime:0.003000s ]
ERR: 无法加载控制器:Index.php

[ 2016-07-08T15:29:03+08:00 ] ::1 /exam/index.php/home/login/check_ajax
INFO: [ app_begin ] --START--
INFO: Run Behavior\ReadHtmlCacheBehavior [ RunTime:0.002000s ]
INFO: [ app_begin ] --END-- [ RunTime:0.003000s ]
NOTIC: [2048] Declaration of Home\Model\userModel::check() should be compatible with Think\Model::check($value, $rule, $type = 'regex') D:\myenv\UPUPW_AP5.4\htdocs\exam\App\Home\Model\UserModel.class.php 第 5 行.
SQL: SHOW COLUMNS FROM `tp_user` [ RunTime:0.0020s ]
SQL: SHOW COLUMNS FROM `tp_user` [ RunTime:0.0010s ]
SQL: SELECT * FROM `tp_user` WHERE `stunum` = 0 AND `pw` = '336258'  [ RunTime:0.0010s ]
NOTIC: [8] Undefined offset: 0 D:\myenv\UPUPW_AP5.4\htdocs\exam\App\Home\Model\UserModel.class.php 第 11 行.

[ 2016-07-08T15:29:12+08:00 ] ::1 /exam/index.php/home/login/check_ajax
INFO: [ app_begin ] --START--
INFO: Run Behavior\ReadHtmlCacheBehavior [ RunTime:0.003000s ]
INFO: [ app_begin ] --END-- [ RunTime:0.004000s ]
NOTIC: [2048] Declaration of Home\Model\userModel::check() should be compatible with Think\Model::check($value, $rule, $type = 'regex') D:\myenv\UPUPW_AP5.4\htdocs\exam\App\Home\Model\UserModel.class.php 第 5 行.
SQL: SHOW COLUMNS FROM `tp_user` [ RunTime:0.0020s ]
SQL: SHOW COLUMNS FROM `tp_user` [ RunTime:0.0010s ]
SQL: SELECT * FROM `tp_user` WHERE `stunum` = 123456789 AND `pw` = '336258'  [ RunTime:0.0000s ]
NOTIC: [8] Undefined offset: 0 D:\myenv\UPUPW_AP5.4\htdocs\exam\App\Home\Model\UserModel.class.php 第 11 行.

[ 2016-07-08T15:29:19+08:00 ] ::1 /exam/index.php/home/login/check_ajax
INFO: [ app_begin ] --START--
INFO: Run Behavior\ReadHtmlCacheBehavior [ RunTime:0.003001s ]
INFO: [ app_begin ] --END-- [ RunTime:0.004001s ]
NOTIC: [2048] Declaration of Home\Model\userModel::check() should be compatible with Think\Model::check($value, $rule, $type = 'regex') D:\myenv\UPUPW_AP5.4\htdocs\exam\App\Home\Model\UserModel.class.php 第 5 行.
SQL: SHOW COLUMNS FROM `tp_user` [ RunTime:0.0010s ]
SQL: SHOW COLUMNS FROM `tp_user` [ RunTime:0.0010s ]
SQL: SELECT * FROM `tp_user` WHERE `stunum` = 123456789 AND `pw` = '123456789'  [ RunTime:0.0000s ]

[ 2016-07-08T15:45:20+08:00 ] ::1 /exam/index.php/home/login/check_ajax
INFO: [ app_begin ] --START--
INFO: Run Behavior\ReadHtmlCacheBehavior [ RunTime:0.003001s ]
INFO: [ app_begin ] --END-- [ RunTime:0.005001s ]
NOTIC: [2048] Declaration of Home\Model\userModel::check() should be compatible with Think\Model::check($value, $rule, $type = 'regex') D:\myenv\UPUPW_AP5.4\htdocs\exam\App\Home\Model\UserModel.class.php 第 5 行.
SQL: SHOW COLUMNS FROM `tp_user` [ RunTime:0.0010s ]
SQL: SHOW COLUMNS FROM `tp_user` [ RunTime:0.0020s ]
SQL: SELECT * FROM `tp_user` WHERE `stunum` = 123456789 AND `pw` = '123456789'  [ RunTime:0.0010s ]

[ 2016-07-08T15:45:25+08:00 ] ::1 /exam/index.php/home/login/check_ajax
INFO: [ app_begin ] --START--
INFO: Run Behavior\ReadHtmlCacheBehavior [ RunTime:0.003001s ]
INFO: [ app_begin ] --END-- [ RunTime:0.004001s ]
NOTIC: [2048] Declaration of Home\Model\userModel::check() should be compatible with Think\Model::check($value, $rule, $type = 'regex') D:\myenv\UPUPW_AP5.4\htdocs\exam\App\Home\Model\UserModel.class.php 第 5 行.
SQL: SHOW COLUMNS FROM `tp_user` [ RunTime:0.0020s ]
SQL: SHOW COLUMNS FROM `tp_user` [ RunTime:0.0010s ]
SQL: SELECT * FROM `tp_user` WHERE `stunum` = 123456789 AND `pw` = '123456789'  [ RunTime:0.0010s ]

[ 2016-07-08T15:47:17+08:00 ] ::1 /exam/index.php/home/login/check_ajax
INFO: [ app_begin ] --START--
INFO: Run Behavior\ReadHtmlCacheBehavior [ RunTime:0.003000s ]
INFO: [ app_begin ] --END-- [ RunTime:0.004000s ]
NOTIC: [2048] Declaration of Home\Model\userModel::check() should be compatible with Think\Model::check($value, $rule, $type = 'regex') D:\myenv\UPUPW_AP5.4\htdocs\exam\App\Home\Model\UserModel.class.php 第 5 行.
SQL: SHOW COLUMNS FROM `tp_user` [ RunTime:0.0010s ]
SQL: SHOW COLUMNS FROM `tp_user` [ RunTime:0.0010s ]
SQL: SELECT * FROM `tp_user` WHERE `stunum` = 123456789  [ RunTime:0.0000s ]

[ 2016-07-08T15:47:23+08:00 ] ::1 /exam/index.php/home/login/check_ajax
INFO: [ app_begin ] --START--
INFO: Run Behavior\ReadHtmlCacheBehavior [ RunTime:0.002001s ]
INFO: [ app_begin ] --END-- [ RunTime:0.004001s ]
NOTIC: [2048] Declaration of Home\Model\userModel::check() should be compatible with Think\Model::check($value, $rule, $type = 'regex') D:\myenv\UPUPW_AP5.4\htdocs\exam\App\Home\Model\UserModel.class.php 第 5 行.
SQL: SHOW COLUMNS FROM `tp_user` [ RunTime:0.0010s ]
SQL: SHOW COLUMNS FROM `tp_user` [ RunTime:0.0010s ]
SQL: SELECT * FROM `tp_user` WHERE `stunum` = 12345678  [ RunTime:0.0000s ]
NOTIC: [8] Undefined offset: 0 D:\myenv\UPUPW_AP5.4\htdocs\exam\App\Home\Model\UserModel.class.php 第 10 行.

[ 2016-07-08T15:50:40+08:00 ] ::1 /exam/index.php/home/login/check_ajax
INFO: [ app_begin ] --START--
INFO: Run Behavior\ReadHtmlCacheBehavior [ RunTime:0.002000s ]
INFO: [ app_begin ] --END-- [ RunTime:0.003000s ]
NOTIC: [2048] Declaration of Home\Model\userModel::check() should be compatible with Think\Model::check($value, $rule, $type = 'regex') D:\myenv\UPUPW_AP5.4\htdocs\exam\App\Home\Model\UserModel.class.php 第 5 行.
SQL: SHOW COLUMNS FROM `tp_user` [ RunTime:0.0020s ]
SQL: SHOW COLUMNS FROM `tp_user` [ RunTime:0.0010s ]
SQL: SELECT * FROM `tp_user` WHERE `stunum` = 12345678  [ RunTime:0.0000s ]
NOTIC: [8] Undefined offset: 0 D:\myenv\UPUPW_AP5.4\htdocs\exam\App\Home\Model\UserModel.class.php 第 10 行.

[ 2016-07-08T16:23:07+08:00 ] ::1 /exam/index.php/home/login/check_ajax
INFO: [ app_begin ] --START--
INFO: Run Behavior\ReadHtmlCacheBehavior [ RunTime:0.003001s ]
INFO: [ app_begin ] --END-- [ RunTime:0.004001s ]
NOTIC: [2048] Declaration of Home\Model\userModel::check() should be compatible with Think\Model::check($value, $rule, $type = 'regex') D:\myenv\UPUPW_AP5.4\htdocs\exam\App\Home\Model\UserModel.class.php 第 5 行.
SQL: SHOW COLUMNS FROM `tp_user` [ RunTime:0.0020s ]
SQL: SHOW COLUMNS FROM `tp_user` [ RunTime:0.0010s ]
SQL: SELECT * FROM `tp_user` WHERE `stunum` = 12345678  [ RunTime:0.0000s ]
NOTIC: [8] Undefined offset: 0 D:\myenv\UPUPW_AP5.4\htdocs\exam\App\Home\Model\UserModel.class.php 第 10 行.
ERR: Think\Model:ajaxReturn方法不存在！

[ 2016-07-08T16:23:32+08:00 ] ::1 /exam/index.php/home/login/check_ajax
INFO: [ app_begin ] --START--
INFO: Run Behavior\ReadHtmlCacheBehavior [ RunTime:0.003000s ]
INFO: [ app_begin ] --END-- [ RunTime:0.004000s ]
NOTIC: [2048] Declaration of Home\Model\userModel::check() should be compatible with Think\Model::check($value, $rule, $type = 'regex') D:\myenv\UPUPW_AP5.4\htdocs\exam\App\Home\Model\UserModel.class.php 第 5 行.
SQL: SHOW COLUMNS FROM `tp_user` [ RunTime:0.0020s ]
SQL: SHOW COLUMNS FROM `tp_user` [ RunTime:0.0020s ]
SQL: SELECT * FROM `tp_user` WHERE `stunum` = 12345678  [ RunTime:0.0010s ]
NOTIC: [8] Undefined offset: 0 D:\myenv\UPUPW_AP5.4\htdocs\exam\App\Home\Model\UserModel.class.php 第 10 行.

[ 2016-07-08T16:24:05+08:00 ] ::1 /exam/index.php/home/login/check_ajax
INFO: [ app_begin ] --START--
INFO: Run Behavior\ReadHtmlCacheBehavior [ RunTime:0.001000s ]
INFO: [ app_begin ] --END-- [ RunTime:0.003000s ]
NOTIC: [2048] Declaration of Home\Model\userModel::check() should be compatible with Think\Model::check($value, $rule, $type = 'regex') D:\myenv\UPUPW_AP5.4\htdocs\exam\App\Home\Model\UserModel.class.php 第 5 行.
SQL: SHOW COLUMNS FROM `tp_user` [ RunTime:0.0010s ]
SQL: SHOW COLUMNS FROM `tp_user` [ RunTime:0.0010s ]
SQL: SELECT * FROM `tp_user` WHERE `stunum` = 12345678  [ RunTime:0.0000s ]
NOTIC: [8] Undefined offset: 0 D:\myenv\UPUPW_AP5.4\htdocs\exam\App\Home\Model\UserModel.class.php 第 10 行.
ERR: Think\Model:ajaxReturn方法不存在！

[ 2016-07-08T16:24:44+08:00 ] ::1 /exam/index.php/home/login/check_ajax
INFO: [ app_begin ] --START--
INFO: Run Behavior\ReadHtmlCacheBehavior [ RunTime:0.002000s ]
INFO: [ app_begin ] --END-- [ RunTime:0.003000s ]
NOTIC: [2048] Declaration of Home\Model\userModel::check() should be compatible with Think\Model::check($value, $rule, $type = 'regex') D:\myenv\UPUPW_AP5.4\htdocs\exam\App\Home\Model\UserModel.class.php 第 5 行.
SQL: SHOW COLUMNS FROM `tp_user` [ RunTime:0.0010s ]
SQL: SHOW COLUMNS FROM `tp_user` [ RunTime:0.0010s ]
SQL: SELECT * FROM `tp_user` WHERE `stunum` = 12345678  [ RunTime:0.0010s ]
NOTIC: [8] Undefined offset: 0 D:\myenv\UPUPW_AP5.4\htdocs\exam\App\Home\Model\UserModel.class.php 第 10 行.
NOTIC: [2] urldecode() expects parameter 1 to be string, array given D:\myenv\UPUPW_AP5.4\htdocs\exam\App\Home\Model\UserModel.class.php 第 20 行.
ERR: Think\Model:ajaxReturn方法不存在！

[ 2016-07-08T16:55:21+08:00 ] ::1 /exam/index.php/home/login/check_ajax
INFO: [ app_begin ] --START--
INFO: Run Behavior\ReadHtmlCacheBehavior [ RunTime:0.002000s ]
INFO: [ app_begin ] --END-- [ RunTime:0.003000s ]
NOTIC: [2048] Declaration of Home\Model\userModel::check() should be compatible with Think\Model::check($value, $rule, $type = 'regex') D:\myenv\UPUPW_AP5.4\htdocs\exam\App\Home\Model\UserModel.class.php 第 5 行.
SQL: SHOW COLUMNS FROM `tp_user` [ RunTime:0.0020s ]
SQL: SHOW COLUMNS FROM `tp_user` [ RunTime:0.0010s ]
SQL: SELECT * FROM `tp_user` WHERE `stunum` = 0  [ RunTime:0.0000s ]
NOTIC: [8] Undefined offset: 0 D:\myenv\UPUPW_AP5.4\htdocs\exam\App\Home\Model\UserModel.class.php 第 10 行.

[ 2016-07-08T16:55:23+08:00 ] ::1 /exam/index.php/home/login/check
INFO: [ app_begin ] --START--
INFO: Run Behavior\ReadHtmlCacheBehavior [ RunTime:0.002000s ]
INFO: [ app_begin ] --END-- [ RunTime:0.002000s ]
NOTIC: [2048] Declaration of Home\Model\userModel::check() should be compatible with Think\Model::check($value, $rule, $type = 'regex') D:\myenv\UPUPW_AP5.4\htdocs\exam\App\Home\Model\UserModel.class.php 第 5 行.
SQL: SHOW COLUMNS FROM `tp_user` [ RunTime:0.0010s ]
SQL: SHOW COLUMNS FROM `tp_user` [ RunTime:0.0010s ]
SQL: SELECT * FROM `tp_user` WHERE `stunum` = 0 AND `pw` = '336258'  [ RunTime:0.0000s ]
NOTIC: [8] Undefined offset: 0 D:\myenv\UPUPW_AP5.4\htdocs\exam\App\Home\Model\UserModel.class.php 第 26 行.

[ 2016-07-08T16:55:29+08:00 ] ::1 /exam/index.php/home/login/check_ajax
INFO: [ app_begin ] --START--
INFO: Run Behavior\ReadHtmlCacheBehavior [ RunTime:0.002000s ]
INFO: [ app_begin ] --END-- [ RunTime:0.002000s ]
NOTIC: [2048] Declaration of Home\Model\userModel::check() should be compatible with Think\Model::check($value, $rule, $type = 'regex') D:\myenv\UPUPW_AP5.4\htdocs\exam\App\Home\Model\UserModel.class.php 第 5 行.
SQL: SHOW COLUMNS FROM `tp_user` [ RunTime:0.0010s ]
SQL: SHOW COLUMNS FROM `tp_user` [ RunTime:0.0010s ]
SQL: SELECT * FROM `tp_user` WHERE `stunum` = 123456789  [ RunTime:0.0000s ]

[ 2016-07-08T16:55:32+08:00 ] ::1 /exam/index.php/home/login/check
INFO: [ app_begin ] --START--
INFO: Run Behavior\ReadHtmlCacheBehavior [ RunTime:0.002000s ]
INFO: [ app_begin ] --END-- [ RunTime:0.003000s ]
NOTIC: [2048] Declaration of Home\Model\userModel::check() should be compatible with Think\Model::check($value, $rule, $type = 'regex') D:\myenv\UPUPW_AP5.4\htdocs\exam\App\Home\Model\UserModel.class.php 第 5 行.
SQL: SHOW COLUMNS FROM `tp_user` [ RunTime:0.0010s ]
SQL: SHOW COLUMNS FROM `tp_user` [ RunTime:0.0010s ]
SQL: SELECT * FROM `tp_user` WHERE `stunum` = 123456789 AND `pw` = '123456789'  [ RunTime:0.0000s ]
SQL: UPDATE `tp_user` SET `time`='0' WHERE `id` = 1 AND `stunum` = 123456789 AND `pw` = '123456789' AND `time` = 1 [ RunTime:0.0000s ]
ERR: Think\Model:redirect方法不存在！

[ 2016-07-08T16:56:14+08:00 ] ::1 /exam/index.php/home/login/check
INFO: [ app_begin ] --START--
INFO: Run Behavior\ReadHtmlCacheBehavior [ RunTime:0.002000s ]
INFO: [ app_begin ] --END-- [ RunTime:0.003000s ]
NOTIC: [2048] Declaration of Home\Model\userModel::check() should be compatible with Think\Model::check($value, $rule, $type = 'regex') D:\myenv\UPUPW_AP5.4\htdocs\exam\App\Home\Model\UserModel.class.php 第 5 行.
SQL: SHOW COLUMNS FROM `tp_user` [ RunTime:0.0020s ]
SQL: SHOW COLUMNS FROM `tp_user` [ RunTime:0.0010s ]
SQL: SELECT * FROM `tp_user` WHERE `stunum` = 123456789 AND `pw` = '123456789'  [ RunTime:0.0000s ]
SQL: UPDATE `tp_user` SET `time`='0' WHERE `id` = 1 AND `stunum` = 123456789 AND `pw` = '123456789' AND `time` = 1 [ RunTime:0.0010s ]
ERR: Think\Model:redirect方法不存在！

[ 2016-07-08T16:56:14+08:00 ] ::1 /exam/index.php/home/login/check
INFO: [ app_begin ] --START--
INFO: Run Behavior\ReadHtmlCacheBehavior [ RunTime:0.002000s ]
INFO: [ app_begin ] --END-- [ RunTime:0.003000s ]
NOTIC: [2048] Declaration of Home\Model\userModel::check() should be compatible with Think\Model::check($value, $rule, $type = 'regex') D:\myenv\UPUPW_AP5.4\htdocs\exam\App\Home\Model\UserModel.class.php 第 5 行.
SQL: SHOW COLUMNS FROM `tp_user` [ RunTime:0.0010s ]
SQL: SHOW COLUMNS FROM `tp_user` [ RunTime:0.0020s ]
SQL: SELECT * FROM `tp_user` WHERE `stunum` = 123456789 AND `pw` = '123456789'  [ RunTime:0.0010s ]
SQL: UPDATE `tp_user` SET `time`='0' WHERE `id` = 1 AND `stunum` = 123456789 AND `pw` = '123456789' AND `time` = 1 [ RunTime:0.0000s ]
ERR: Think\Model:redirect方法不存在！

[ 2016-07-08T16:56:15+08:00 ] ::1 /exam/index.php/home/login/check
INFO: [ app_begin ] --START--
INFO: Run Behavior\ReadHtmlCacheBehavior [ RunTime:0.002000s ]
INFO: [ app_begin ] --END-- [ RunTime:0.003000s ]
NOTIC: [2048] Declaration of Home\Model\userModel::check() should be compatible with Think\Model::check($value, $rule, $type = 'regex') D:\myenv\UPUPW_AP5.4\htdocs\exam\App\Home\Model\UserModel.class.php 第 5 行.
SQL: SHOW COLUMNS FROM `tp_user` [ RunTime:0.0010s ]
SQL: SHOW COLUMNS FROM `tp_user` [ RunTime:0.0010s ]
SQL: SELECT * FROM `tp_user` WHERE `stunum` = 123456789 AND `pw` = '123456789'  [ RunTime:0.0000s ]
SQL: UPDATE `tp_user` SET `time`='0' WHERE `id` = 1 AND `stunum` = 123456789 AND `pw` = '123456789' AND `time` = 1 [ RunTime:0.0000s ]
ERR: Think\Model:redirect方法不存在！

[ 2016-07-08T16:58:34+08:00 ] ::1 /exam/index.php/home/login/check
INFO: [ app_begin ] --START--
INFO: Run Behavior\ReadHtmlCacheBehavior [ RunTime:0.002001s ]
INFO: [ app_begin ] --END-- [ RunTime:0.003001s ]
NOTIC: [2048] Declaration of Home\Model\userModel::check() should be compatible with Think\Model::check($value, $rule, $type = 'regex') D:\myenv\UPUPW_AP5.4\htdocs\exam\App\Home\Model\UserModel.class.php 第 5 行.
SQL: SHOW COLUMNS FROM `tp_user` [ RunTime:0.0020s ]
SQL: SHOW COLUMNS FROM `tp_user` [ RunTime:0.0010s ]
SQL: SELECT * FROM `tp_user` WHERE `stunum` = 123456789 AND `pw` = '123456789'  [ RunTime:0.0000s ]
SQL: UPDATE `tp_user` SET `time`='0' WHERE `id` = 1 AND `stunum` = 123456789 AND `pw` = '123456789' AND `time` = 1 [ RunTime:0.0010s ]
ERR: Think\Model:redirect方法不存在！

[ 2016-07-08T16:58:36+08:00 ] ::1 /exam/index.php/home/login/check
INFO: [ app_begin ] --START--
INFO: Run Behavior\ReadHtmlCacheBehavior [ RunTime:0.002001s ]
INFO: [ app_begin ] --END-- [ RunTime:0.002001s ]
NOTIC: [2048] Declaration of Home\Model\userModel::check() should be compatible with Think\Model::check($value, $rule, $type = 'regex') D:\myenv\UPUPW_AP5.4\htdocs\exam\App\Home\Model\UserModel.class.php 第 5 行.
SQL: SHOW COLUMNS FROM `tp_user` [ RunTime:0.0010s ]
SQL: SHOW COLUMNS FROM `tp_user` [ RunTime:0.0010s ]
SQL: SELECT * FROM `tp_user` WHERE `stunum` = 123456789 AND `pw` = '123456789'  [ RunTime:0.0000s ]
SQL: UPDATE `tp_user` SET `time`='0' WHERE `id` = 1 AND `stunum` = 123456789 AND `pw` = '123456789' AND `time` = 1 [ RunTime:0.0000s ]
ERR: Think\Model:redirect方法不存在！

[ 2016-07-08T17:08:07+08:00 ] ::1 /exam/index.php/home/login/check
INFO: [ app_begin ] --START--
INFO: Run Behavior\ReadHtmlCacheBehavior [ RunTime:0.002000s ]
INFO: [ app_begin ] --END-- [ RunTime:0.003000s ]
NOTIC: [2048] Declaration of Home\Model\userModel::check() should be compatible with Think\Model::check($value, $rule, $type = 'regex') D:\myenv\UPUPW_AP5.4\htdocs\exam\App\Home\Model\UserModel.class.php 第 5 行.
SQL: SHOW COLUMNS FROM `tp_user` [ RunTime:0.0010s ]
SQL: SHOW COLUMNS FROM `tp_user` [ RunTime:0.0010s ]
SQL: SELECT * FROM `tp_user` WHERE `stunum` = 123456789 AND `pw` = '123456789'  [ RunTime:0.0000s ]

[ 2016-07-08T17:08:13+08:00 ] ::1 /exam/index.php/home/login/check
INFO: [ app_begin ] --START--
INFO: Run Behavior\ReadHtmlCacheBehavior [ RunTime:0.003000s ]
INFO: [ app_begin ] --END-- [ RunTime:0.004000s ]
NOTIC: [2048] Declaration of Home\Model\userModel::check() should be compatible with Think\Model::check($value, $rule, $type = 'regex') D:\myenv\UPUPW_AP5.4\htdocs\exam\App\Home\Model\UserModel.class.php 第 5 行.
SQL: SHOW COLUMNS FROM `tp_user` [ RunTime:0.0020s ]
SQL: SHOW COLUMNS FROM `tp_user` [ RunTime:0.0010s ]
SQL: SELECT * FROM `tp_user` WHERE `stunum` = 123456789 AND `pw` = '12345678'  [ RunTime:0.0010s ]
NOTIC: [8] Undefined offset: 0 D:\myenv\UPUPW_AP5.4\htdocs\exam\App\Home\Model\UserModel.class.php 第 28 行.
NOTIC: [8] Undefined index: err_time D:\myenv\UPUPW_AP5.4\htdocs\exam\App\Home\Model\UserModel.class.php 第 36 行.
SQL: UPDATE `tp_user` SET `err_time`=NULL WHERE `err_time` = 1 [ RunTime:0.0000s ]

[ 2016-07-08T17:11:55+08:00 ] ::1 /exam/index.php/home/login/check_ajax
INFO: [ app_begin ] --START--
INFO: Run Behavior\ReadHtmlCacheBehavior [ RunTime:0.002000s ]
INFO: [ app_begin ] --END-- [ RunTime:0.003000s ]
NOTIC: [2048] Declaration of Home\Model\userModel::check() should be compatible with Think\Model::check($value, $rule, $type = 'regex') D:\myenv\UPUPW_AP5.4\htdocs\exam\App\Home\Model\UserModel.class.php 第 5 行.
SQL: SHOW COLUMNS FROM `tp_user` [ RunTime:0.0020s ]
SQL: SHOW COLUMNS FROM `tp_user` [ RunTime:0.0010s ]
SQL: SELECT * FROM `tp_user` WHERE `stunum` = 123456789  [ RunTime:0.0000s ]

[ 2016-07-08T17:12:00+08:00 ] ::1 /exam/index.php/home/login/check
INFO: [ app_begin ] --START--
INFO: Run Behavior\ReadHtmlCacheBehavior [ RunTime:0.002000s ]
INFO: [ app_begin ] --END-- [ RunTime:0.003000s ]
NOTIC: [2048] Declaration of Home\Model\userModel::check() should be compatible with Think\Model::check($value, $rule, $type = 'regex') D:\myenv\UPUPW_AP5.4\htdocs\exam\App\Home\Model\UserModel.class.php 第 5 行.
SQL: SHOW COLUMNS FROM `tp_user` [ RunTime:0.0010s ]
SQL: SHOW COLUMNS FROM `tp_user` [ RunTime:0.0010s ]
SQL: SELECT * FROM `tp_user` WHERE `stunum` = 123456789 AND `pw` = '123'  [ RunTime:0.0000s ]
NOTIC: [8] Undefined offset: 0 D:\myenv\UPUPW_AP5.4\htdocs\exam\App\Home\Model\UserModel.class.php 第 28 行.
NOTIC: [8] Undefined index: err_time D:\myenv\UPUPW_AP5.4\htdocs\exam\App\Home\Model\UserModel.class.php 第 36 行.
SQL: UPDATE `tp_user` SET `err_time`=NULL WHERE `err_time` = 1 [ RunTime:0.0000s ]

[ 2016-07-08T17:12:05+08:00 ] ::1 /exam/index.php/home/login/check
INFO: [ app_begin ] --START--
INFO: Run Behavior\ReadHtmlCacheBehavior [ RunTime:0.003000s ]
INFO: [ app_begin ] --END-- [ RunTime:0.004000s ]
NOTIC: [2048] Declaration of Home\Model\userModel::check() should be compatible with Think\Model::check($value, $rule, $type = 'regex') D:\myenv\UPUPW_AP5.4\htdocs\exam\App\Home\Model\UserModel.class.php 第 5 行.
SQL: SHOW COLUMNS FROM `tp_user` [ RunTime:0.0020s ]
SQL: SHOW COLUMNS FROM `tp_user` [ RunTime:0.0020s ]
SQL: SELECT * FROM `tp_user` WHERE `stunum` = 123456789 AND `pw` = '123456789'  [ RunTime:0.0000s ]

[ 2016-07-08T17:12:06+08:00 ] ::1 /exam/index.php/home/login/check
INFO: [ app_begin ] --START--
INFO: Run Behavior\ReadHtmlCacheBehavior [ RunTime:0.002000s ]
INFO: [ app_begin ] --END-- [ RunTime:0.003000s ]
NOTIC: [2048] Declaration of Home\Model\userModel::check() should be compatible with Think\Model::check($value, $rule, $type = 'regex') D:\myenv\UPUPW_AP5.4\htdocs\exam\App\Home\Model\UserModel.class.php 第 5 行.
SQL: SHOW COLUMNS FROM `tp_user` [ RunTime:0.0010s ]
SQL: SHOW COLUMNS FROM `tp_user` [ RunTime:0.0010s ]
SQL: SELECT * FROM `tp_user` WHERE `stunum` = 123456789 AND `pw` = '123456789'  [ RunTime:0.0000s ]

[ 2016-07-08T17:21:57+08:00 ] ::1 /exam/index.php/home/login/check_ajax
INFO: [ app_begin ] --START--
INFO: Run Behavior\ReadHtmlCacheBehavior [ RunTime:0.002000s ]
INFO: [ app_begin ] --END-- [ RunTime:0.003000s ]
NOTIC: [2048] Declaration of Home\Model\userModel::check() should be compatible with Think\Model::check($value, $rule, $type = 'regex') D:\myenv\UPUPW_AP5.4\htdocs\exam\App\Home\Model\UserModel.class.php 第 5 行.
SQL: SHOW COLUMNS FROM `tp_user` [ RunTime:0.0020s ]
SQL: SHOW COLUMNS FROM `tp_user` [ RunTime:0.0010s ]
SQL: SELECT * FROM `tp_user` WHERE `stunum` = 123456789  [ RunTime:0.0000s ]

[ 2016-07-08T17:22:00+08:00 ] ::1 /exam/index.php/home/login/check
INFO: [ app_begin ] --START--
INFO: Run Behavior\ReadHtmlCacheBehavior [ RunTime:0.002000s ]
INFO: [ app_begin ] --END-- [ RunTime:0.003000s ]
NOTIC: [2048] Declaration of Home\Model\userModel::check() should be compatible with Think\Model::check($value, $rule, $type = 'regex') D:\myenv\UPUPW_AP5.4\htdocs\exam\App\Home\Model\UserModel.class.php 第 5 行.
SQL: SHOW COLUMNS FROM `tp_user` [ RunTime:0.0020s ]
SQL: SHOW COLUMNS FROM `tp_user` [ RunTime:0.0010s ]
SQL: SELECT * FROM `tp_user` WHERE `stunum` = 123456789 AND `pw` = '123456789'  [ RunTime:0.0000s ]

[ 2016-07-08T17:22:10+08:00 ] ::1 /exam/index.php/home/login/check
INFO: [ app_begin ] --START--
INFO: Run Behavior\ReadHtmlCacheBehavior [ RunTime:0.002000s ]
INFO: [ app_begin ] --END-- [ RunTime:0.003000s ]
NOTIC: [2048] Declaration of Home\Model\userModel::check() should be compatible with Think\Model::check($value, $rule, $type = 'regex') D:\myenv\UPUPW_AP5.4\htdocs\exam\App\Home\Model\UserModel.class.php 第 5 行.
SQL: SHOW COLUMNS FROM `tp_user` [ RunTime:0.0010s ]
SQL: SHOW COLUMNS FROM `tp_user` [ RunTime:0.0010s ]
SQL: SELECT * FROM `tp_user` WHERE `stunum` = 123456789 AND `pw` = '4545645'  [ RunTime:0.0000s ]
NOTIC: [8] Undefined offset: 0 D:\myenv\UPUPW_AP5.4\htdocs\exam\App\Home\Model\UserModel.class.php 第 28 行.
NOTIC: [8] Undefined index: err_time D:\myenv\UPUPW_AP5.4\htdocs\exam\App\Home\Model\UserModel.class.php 第 36 行.
SQL: UPDATE `tp_user` SET `err_time`=NULL WHERE `err_time` = 1 [ RunTime:0.0000s ]

[ 2016-07-08T17:22:32+08:00 ] ::1 /exam/index.php/home/login/check
INFO: [ app_begin ] --START--
INFO: Run Behavior\ReadHtmlCacheBehavior [ RunTime:0.003000s ]
INFO: [ app_begin ] --END-- [ RunTime:0.004000s ]
NOTIC: [2048] Declaration of Home\Model\userModel::check() should be compatible with Think\Model::check($value, $rule, $type = 'regex') D:\myenv\UPUPW_AP5.4\htdocs\exam\App\Home\Model\UserModel.class.php 第 5 行.
SQL: SHOW COLUMNS FROM `tp_user` [ RunTime:0.0020s ]
SQL: SHOW COLUMNS FROM `tp_user` [ RunTime:0.0020s ]
SQL: SELECT * FROM `tp_user` WHERE `stunum` = 123456789 AND `pw` = '123456789'  [ RunTime:0.0010s ]

[ 2016-07-08T17:23:52+08:00 ] ::1 /exam/index.php/home/login/check_ajax
INFO: [ app_begin ] --START--
INFO: Run Behavior\ReadHtmlCacheBehavior [ RunTime:0.002000s ]
INFO: [ app_begin ] --END-- [ RunTime:0.003000s ]
NOTIC: [2048] Declaration of Home\Model\userModel::check() should be compatible with Think\Model::check($value, $rule, $type = 'regex') D:\myenv\UPUPW_AP5.4\htdocs\exam\App\Home\Model\UserModel.class.php 第 5 行.
SQL: SHOW COLUMNS FROM `tp_user` [ RunTime:0.0010s ]
SQL: SHOW COLUMNS FROM `tp_user` [ RunTime:0.0010s ]
SQL: SELECT * FROM `tp_user` WHERE `stunum` = 123456789  [ RunTime:0.0010s ]

[ 2016-07-08T17:24:00+08:00 ] ::1 /exam/index.php/home/login/check_ajax
INFO: [ app_begin ] --START--
INFO: Run Behavior\ReadHtmlCacheBehavior [ RunTime:0.002000s ]
INFO: [ app_begin ] --END-- [ RunTime:0.003000s ]
NOTIC: [2048] Declaration of Home\Model\userModel::check() should be compatible with Think\Model::check($value, $rule, $type = 'regex') D:\myenv\UPUPW_AP5.4\htdocs\exam\App\Home\Model\UserModel.class.php 第 5 行.
SQL: SHOW COLUMNS FROM `tp_user` [ RunTime:0.0010s ]
SQL: SHOW COLUMNS FROM `tp_user` [ RunTime:0.0010s ]
SQL: SELECT * FROM `tp_user` WHERE `stunum` = 12345678  [ RunTime:0.0000s ]
NOTIC: [8] Undefined offset: 0 D:\myenv\UPUPW_AP5.4\htdocs\exam\App\Home\Model\UserModel.class.php 第 10 行.

[ 2016-07-08T17:24:03+08:00 ] ::1 /exam/index.php/home/login/check_ajax
INFO: [ app_begin ] --START--
INFO: Run Behavior\ReadHtmlCacheBehavior [ RunTime:0.002000s ]
INFO: [ app_begin ] --END-- [ RunTime:0.003000s ]
NOTIC: [2048] Declaration of Home\Model\userModel::check() should be compatible with Think\Model::check($value, $rule, $type = 'regex') D:\myenv\UPUPW_AP5.4\htdocs\exam\App\Home\Model\UserModel.class.php 第 5 行.
SQL: SHOW COLUMNS FROM `tp_user` [ RunTime:0.0030s ]
SQL: SHOW COLUMNS FROM `tp_user` [ RunTime:0.0010s ]
SQL: SELECT * FROM `tp_user` WHERE `stunum` = 12345678  [ RunTime:0.0000s ]
NOTIC: [8] Undefined offset: 0 D:\myenv\UPUPW_AP5.4\htdocs\exam\App\Home\Model\UserModel.class.php 第 10 行.

[ 2016-07-08T17:24:06+08:00 ] ::1 /exam/index.php/home/login/check_ajax
INFO: [ app_begin ] --START--
INFO: Run Behavior\ReadHtmlCacheBehavior [ RunTime:0.002000s ]
INFO: [ app_begin ] --END-- [ RunTime:0.003000s ]
NOTIC: [2048] Declaration of Home\Model\userModel::check() should be compatible with Think\Model::check($value, $rule, $type = 'regex') D:\myenv\UPUPW_AP5.4\htdocs\exam\App\Home\Model\UserModel.class.php 第 5 行.
SQL: SHOW COLUMNS FROM `tp_user` [ RunTime:0.0010s ]
SQL: SHOW COLUMNS FROM `tp_user` [ RunTime:0.0010s ]
SQL: SELECT * FROM `tp_user` WHERE `stunum` = 123456789  [ RunTime:0.0000s ]

[ 2016-07-08T17:24:09+08:00 ] ::1 /exam/index.php/home/login/check
INFO: [ app_begin ] --START--
INFO: Run Behavior\ReadHtmlCacheBehavior [ RunTime:0.002000s ]
INFO: [ app_begin ] --END-- [ RunTime:0.003000s ]
NOTIC: [2048] Declaration of Home\Model\userModel::check() should be compatible with Think\Model::check($value, $rule, $type = 'regex') D:\myenv\UPUPW_AP5.4\htdocs\exam\App\Home\Model\UserModel.class.php 第 5 行.
SQL: SHOW COLUMNS FROM `tp_user` [ RunTime:0.0010s ]
SQL: SHOW COLUMNS FROM `tp_user` [ RunTime:0.0010s ]
SQL: SELECT * FROM `tp_user` WHERE `stunum` = 123456789 AND `pw` = '123456789'  [ RunTime:0.0000s ]

[ 2016-07-08T17:24:15+08:00 ] ::1 /exam/index.php/home/login/check
INFO: [ app_begin ] --START--
INFO: Run Behavior\ReadHtmlCacheBehavior [ RunTime:0.003000s ]
INFO: [ app_begin ] --END-- [ RunTime:0.004000s ]
NOTIC: [2048] Declaration of Home\Model\userModel::check() should be compatible with Think\Model::check($value, $rule, $type = 'regex') D:\myenv\UPUPW_AP5.4\htdocs\exam\App\Home\Model\UserModel.class.php 第 5 行.
SQL: SHOW COLUMNS FROM `tp_user` [ RunTime:0.0020s ]
SQL: SHOW COLUMNS FROM `tp_user` [ RunTime:0.0010s ]
SQL: SELECT * FROM `tp_user` WHERE `stunum` = 123456789 AND `pw` = '123456'  [ RunTime:0.0000s ]
NOTIC: [8] Undefined offset: 0 D:\myenv\UPUPW_AP5.4\htdocs\exam\App\Home\Model\UserModel.class.php 第 28 行.
NOTIC: [8] Undefined index: err_time D:\myenv\UPUPW_AP5.4\htdocs\exam\App\Home\Model\UserModel.class.php 第 36 行.
SQL: UPDATE `tp_user` SET `err_time`=NULL WHERE `err_time` = 1 [ RunTime:0.0000s ]

[ 2016-07-08T17:40:25+08:00 ] ::1 /exam/index.php/home/login/check
INFO: [ app_begin ] --START--
INFO: Run Behavior\ReadHtmlCacheBehavior [ RunTime:0.002000s ]
INFO: [ app_begin ] --END-- [ RunTime:0.003000s ]
NOTIC: [2048] Declaration of Home\Model\userModel::check() should be compatible with Think\Model::check($value, $rule, $type = 'regex') D:\myenv\UPUPW_AP5.4\htdocs\exam\App\Home\Model\UserModel.class.php 第 5 行.
SQL: SHOW COLUMNS FROM `tp_user` [ RunTime:0.0010s ]
SQL: SHOW COLUMNS FROM `tp_user` [ RunTime:0.0020s ]
SQL: SELECT * FROM `tp_user` WHERE `stunum` = 123456789 AND `pw` = '123456'  [ RunTime:0.0010s ]
NOTIC: [8] Undefined offset: 0 D:\myenv\UPUPW_AP5.4\htdocs\exam\App\Home\Model\UserModel.class.php 第 28 行.
NOTIC: [8] Undefined index: err_time D:\myenv\UPUPW_AP5.4\htdocs\exam\App\Home\Model\UserModel.class.php 第 36 行.
SQL: UPDATE `tp_user` SET `err_time`=NULL WHERE `err_time` = 1 [ RunTime:0.0010s ]

[ 2016-07-08T17:40:35+08:00 ] ::1 /exam/index.php/home/login/check
INFO: [ app_begin ] --START--
INFO: Run Behavior\ReadHtmlCacheBehavior [ RunTime:0.002000s ]
INFO: [ app_begin ] --END-- [ RunTime:0.003000s ]
NOTIC: [2048] Declaration of Home\Model\userModel::check() should be compatible with Think\Model::check($value, $rule, $type = 'regex') D:\myenv\UPUPW_AP5.4\htdocs\exam\App\Home\Model\UserModel.class.php 第 5 行.
SQL: SHOW COLUMNS FROM `tp_user` [ RunTime:0.0020s ]
SQL: SHOW COLUMNS FROM `tp_user` [ RunTime:0.0020s ]
SQL: SELECT * FROM `tp_user` WHERE `stunum` = 123456789 AND `pw` = '123456789'  [ RunTime:0.0010s ]

[ 2016-07-08T21:46:25+08:00 ] ::1 /exam/index.php/home/login/check_ajax
INFO: [ app_begin ] --START--
INFO: Run Behavior\ReadHtmlCacheBehavior [ RunTime:0.003000s ]
INFO: [ app_begin ] --END-- [ RunTime:0.004000s ]
NOTIC: [2048] Declaration of Home\Model\userModel::check() should be compatible with Think\Model::check($value, $rule, $type = 'regex') D:\myenv\UPUPW_AP5.4\htdocs\exam\App\Home\Model\UserModel.class.php 第 5 行.
SQL: SHOW COLUMNS FROM `tp_user` [ RunTime:0.0750s ]
SQL: SHOW COLUMNS FROM `tp_user` [ RunTime:0.0030s ]
SQL: SELECT * FROM `tp_user` WHERE `stunum` = 0  [ RunTime:0.0010s ]
NOTIC: [8] Undefined offset: 0 D:\myenv\UPUPW_AP5.4\htdocs\exam\App\Home\Model\UserModel.class.php 第 10 行.

[ 2016-07-08T21:46:28+08:00 ] ::1 /exam/index.php/home/login/check_ajax
INFO: [ app_begin ] --START--
INFO: Run Behavior\ReadHtmlCacheBehavior [ RunTime:0.003001s ]
INFO: [ app_begin ] --END-- [ RunTime:0.003001s ]
NOTIC: [2048] Declaration of Home\Model\userModel::check() should be compatible with Think\Model::check($value, $rule, $type = 'regex') D:\myenv\UPUPW_AP5.4\htdocs\exam\App\Home\Model\UserModel.class.php 第 5 行.
SQL: SHOW COLUMNS FROM `tp_user` [ RunTime:0.0010s ]
SQL: SHOW COLUMNS FROM `tp_user` [ RunTime:0.0020s ]
SQL: SELECT * FROM `tp_user` WHERE `stunum` = 0  [ RunTime:0.0000s ]
NOTIC: [8] Undefined offset: 0 D:\myenv\UPUPW_AP5.4\htdocs\exam\App\Home\Model\UserModel.class.php 第 10 行.

[ 2016-07-08T21:47:22+08:00 ] ::1 /exam/index.php/home/login/check_ajax
INFO: [ app_begin ] --START--
INFO: Run Behavior\ReadHtmlCacheBehavior [ RunTime:0.002001s ]
INFO: [ app_begin ] --END-- [ RunTime:0.003001s ]
NOTIC: [2048] Declaration of Home\Model\userModel::check() should be compatible with Think\Model::check($value, $rule, $type = 'regex') D:\myenv\UPUPW_AP5.4\htdocs\exam\App\Home\Model\UserModel.class.php 第 5 行.
SQL: SHOW COLUMNS FROM `tp_user` [ RunTime:0.0030s ]
SQL: SHOW COLUMNS FROM `tp_user` [ RunTime:0.0020s ]
SQL: SELECT * FROM `tp_user` WHERE `stunum` = 0  [ RunTime:0.0000s ]
NOTIC: [8] Undefined offset: 0 D:\myenv\UPUPW_AP5.4\htdocs\exam\App\Home\Model\UserModel.class.php 第 10 行.

[ 2016-07-08T21:47:25+08:00 ] ::1 /exam/index.php/home/login/check_ajax
INFO: [ app_begin ] --START--
INFO: Run Behavior\ReadHtmlCacheBehavior [ RunTime:0.002000s ]
INFO: [ app_begin ] --END-- [ RunTime:0.003000s ]
NOTIC: [2048] Declaration of Home\Model\userModel::check() should be compatible with Think\Model::check($value, $rule, $type = 'regex') D:\myenv\UPUPW_AP5.4\htdocs\exam\App\Home\Model\UserModel.class.php 第 5 行.
SQL: SHOW COLUMNS FROM `tp_user` [ RunTime:0.0020s ]
SQL: SHOW COLUMNS FROM `tp_user` [ RunTime:0.0010s ]
SQL: SELECT * FROM `tp_user` WHERE `stunum` = 0  [ RunTime:0.0000s ]
NOTIC: [8] Undefined offset: 0 D:\myenv\UPUPW_AP5.4\htdocs\exam\App\Home\Model\UserModel.class.php 第 10 行.

