[ 2016-07-09T09:12:58+08:00 ] ::1 /exam/index.php/home/login/check_ajax
INFO: [ app_begin ] --START--
INFO: Run Behavior\ReadHtmlCacheBehavior [ RunTime:0.002000s ]
INFO: [ app_begin ] --END-- [ RunTime:0.003000s ]
NOTIC: [2048] Declaration of Home\Model\userModel::check() should be compatible with Think\Model::check($value, $rule, $type = 'regex') D:\myenv\UPUPW_AP5.4\htdocs\exam\App\Home\Model\UserModel.class.php 第 5 行.
SQL: SHOW COLUMNS FROM `tp_user` [ RunTime:0.0200s ]
SQL: SHOW COLUMNS FROM `tp_user` [ RunTime:0.0020s ]
SQL: SELECT * FROM `tp_user` WHERE `stunum` = 123456789  [ RunTime:0.0000s ]

[ 2016-07-09T09:13:01+08:00 ] ::1 /exam/index.php/home/login/check
INFO: [ app_begin ] --START--
INFO: Run Behavior\ReadHtmlCacheBehavior [ RunTime:0.003000s ]
INFO: [ app_begin ] --END-- [ RunTime:0.003000s ]
NOTIC: [2048] Declaration of Home\Model\userModel::check() should be compatible with Think\Model::check($value, $rule, $type = 'regex') D:\myenv\UPUPW_AP5.4\htdocs\exam\App\Home\Model\UserModel.class.php 第 5 行.
SQL: SHOW COLUMNS FROM `tp_user` [ RunTime:0.0010s ]
SQL: SHOW COLUMNS FROM `tp_user` [ RunTime:0.0010s ]
SQL: SELECT * FROM `tp_user` WHERE `stunum` = 123456789 AND `pw` = '123456789'  [ RunTime:0.0000s ]

[ 2016-07-09T09:13:01+08:00 ] ::1 /exam/index.php/home/index/chosing.css
ERR: 非法操作:chosing.css

[ 2016-07-09T09:13:01+08:00 ] ::1 /exam/index.php/home/index/jquery-2.1.1.min.js
ERR: 非法操作:jquery-2.1.1.min.js

[ 2016-07-09T09:13:01+08:00 ] ::1 /exam/index.php/home/index/chosing.js
ERR: 非法操作:chosing.js

[ 2016-07-09T09:13:11+08:00 ] ::1 /exam/index.php/home/index/chosing.css
ERR: 非法操作:chosing.css

[ 2016-07-09T09:18:39+08:00 ] ::1 /exam/index.php/home/login/check
INFO: [ app_begin ] --START--
INFO: Run Behavior\ReadHtmlCacheBehavior [ RunTime:0.002000s ]
INFO: [ app_begin ] --END-- [ RunTime:0.003000s ]
NOTIC: [2048] Declaration of Home\Model\userModel::check() should be compatible with Think\Model::check($value, $rule, $type = 'regex') D:\myenv\UPUPW_AP5.4\htdocs\exam\App\Home\Model\UserModel.class.php 第 5 行.
SQL: SHOW COLUMNS FROM `tp_user` [ RunTime:0.0010s ]
SQL: SHOW COLUMNS FROM `tp_user` [ RunTime:0.0010s ]
SQL: SELECT * FROM `tp_user` WHERE `stunum` = 123456789 AND `pw` = '156'  [ RunTime:0.0000s ]
NOTIC: [8] Undefined offset: 0 D:\myenv\UPUPW_AP5.4\htdocs\exam\App\Home\Model\UserModel.class.php 第 28 行.
NOTIC: [8] Undefined index: err_time D:\myenv\UPUPW_AP5.4\htdocs\exam\App\Home\Model\UserModel.class.php 第 36 行.
SQL: UPDATE `tp_user` SET `err_time`=NULL WHERE `err_time` = 1 [ RunTime:0.0000s ]

[ 2016-07-09T09:18:53+08:00 ] ::1 /exam/index.php/home/login/check
INFO: [ app_begin ] --START--
INFO: Run Behavior\ReadHtmlCacheBehavior [ RunTime:0.002000s ]
INFO: [ app_begin ] --END-- [ RunTime:0.003000s ]
NOTIC: [2048] Declaration of Home\Model\userModel::check() should be compatible with Think\Model::check($value, $rule, $type = 'regex') D:\myenv\UPUPW_AP5.4\htdocs\exam\App\Home\Model\UserModel.class.php 第 5 行.
SQL: SHOW COLUMNS FROM `tp_user` [ RunTime:0.0020s ]
SQL: SHOW COLUMNS FROM `tp_user` [ RunTime:0.0010s ]
SQL: SELECT * FROM `tp_user` WHERE `stunum` = 123456789 AND `pw` = '156'  [ RunTime:0.0000s ]
NOTIC: [8] Undefined offset: 0 D:\myenv\UPUPW_AP5.4\htdocs\exam\App\Home\Model\UserModel.class.php 第 28 行.
NOTIC: [8] Undefined index: err_time D:\myenv\UPUPW_AP5.4\htdocs\exam\App\Home\Model\UserModel.class.php 第 36 行.
SQL: UPDATE `tp_user` SET `err_time`=NULL WHERE `err_time` = 1 [ RunTime:0.0000s ]

[ 2016-07-09T09:19:27+08:00 ] ::1 /exam/index.php/home/login/check
INFO: [ app_begin ] --START--
INFO: Run Behavior\ReadHtmlCacheBehavior [ RunTime:0.002000s ]
INFO: [ app_begin ] --END-- [ RunTime:0.003000s ]
NOTIC: [2048] Declaration of Home\Model\userModel::check() should be compatible with Think\Model::check($value, $rule, $type = 'regex') D:\myenv\UPUPW_AP5.4\htdocs\exam\App\Home\Model\UserModel.class.php 第 5 行.
SQL: SHOW COLUMNS FROM `tp_user` [ RunTime:0.0010s ]
SQL: SHOW COLUMNS FROM `tp_user` [ RunTime:0.0010s ]
SQL: SELECT * FROM `tp_user` WHERE `stunum` = 123456789 AND `pw` = '156'  [ RunTime:0.0000s ]
NOTIC: [8] Undefined offset: 0 D:\myenv\UPUPW_AP5.4\htdocs\exam\App\Home\Model\UserModel.class.php 第 28 行.
NOTIC: [8] Undefined index: err_time D:\myenv\UPUPW_AP5.4\htdocs\exam\App\Home\Model\UserModel.class.php 第 36 行.
SQL: UPDATE `tp_user` SET `err_time`=NULL WHERE `err_time` = 1 [ RunTime:0.0000s ]

[ 2016-07-09T09:19:57+08:00 ] ::1 /exam/index.php/home/login/check
INFO: [ app_begin ] --START--
INFO: Run Behavior\ReadHtmlCacheBehavior [ RunTime:0.002000s ]
INFO: [ app_begin ] --END-- [ RunTime:0.003000s ]
NOTIC: [2048] Declaration of Home\Model\userModel::check() should be compatible with Think\Model::check($value, $rule, $type = 'regex') D:\myenv\UPUPW_AP5.4\htdocs\exam\App\Home\Model\UserModel.class.php 第 5 行.
SQL: SHOW COLUMNS FROM `tp_user` [ RunTime:0.0010s ]
SQL: SHOW COLUMNS FROM `tp_user` [ RunTime:0.0010s ]
SQL: SELECT * FROM `tp_user` WHERE `stunum` = 123456789 AND `pw` = '156'  [ RunTime:0.0000s ]
NOTIC: [8] Undefined offset: 0 D:\myenv\UPUPW_AP5.4\htdocs\exam\App\Home\Model\UserModel.class.php 第 28 行.
NOTIC: [8] Undefined index: err_time D:\myenv\UPUPW_AP5.4\htdocs\exam\App\Home\Model\UserModel.class.php 第 36 行.
SQL: UPDATE `tp_user` SET `err_time`=NULL WHERE `err_time` = 1 [ RunTime:0.0000s ]

[ 2016-07-09T09:20:38+08:00 ] ::1 /exam/index.php/home/login/check
INFO: [ app_begin ] --START--
INFO: Run Behavior\ReadHtmlCacheBehavior [ RunTime:0.003000s ]
INFO: [ app_begin ] --END-- [ RunTime:0.004000s ]
NOTIC: [2048] Declaration of Home\Model\userModel::check() should be compatible with Think\Model::check($value, $rule, $type = 'regex') D:\myenv\UPUPW_AP5.4\htdocs\exam\App\Home\Model\UserModel.class.php 第 5 行.
SQL: SHOW COLUMNS FROM `tp_user` [ RunTime:0.0010s ]
SQL: SHOW COLUMNS FROM `tp_user` [ RunTime:0.0010s ]
SQL: SELECT * FROM `tp_user` WHERE `stunum` = 123456789 AND `pw` = '156'  [ RunTime:0.0000s ]
NOTIC: [8] Undefined offset: 0 D:\myenv\UPUPW_AP5.4\htdocs\exam\App\Home\Model\UserModel.class.php 第 28 行.
NOTIC: [8] Undefined index: err_time D:\myenv\UPUPW_AP5.4\htdocs\exam\App\Home\Model\UserModel.class.php 第 36 行.
SQL: UPDATE `tp_user` SET `err_time`=NULL WHERE `err_time` = 1 [ RunTime:0.0000s ]

[ 2016-07-09T09:20:46+08:00 ] ::1 /exam/index.php/home/login/check
INFO: [ app_begin ] --START--
INFO: Run Behavior\ReadHtmlCacheBehavior [ RunTime:0.002000s ]
INFO: [ app_begin ] --END-- [ RunTime:0.003000s ]
NOTIC: [2048] Declaration of Home\Model\userModel::check() should be compatible with Think\Model::check($value, $rule, $type = 'regex') D:\myenv\UPUPW_AP5.4\htdocs\exam\App\Home\Model\UserModel.class.php 第 5 行.
SQL: SHOW COLUMNS FROM `tp_user` [ RunTime:0.0010s ]
SQL: SHOW COLUMNS FROM `tp_user` [ RunTime:0.0010s ]
SQL: SELECT * FROM `tp_user` WHERE `stunum` = 123456789 AND `pw` = '156'  [ RunTime:0.0000s ]
NOTIC: [8] Undefined offset: 0 D:\myenv\UPUPW_AP5.4\htdocs\exam\App\Home\Model\UserModel.class.php 第 28 行.
NOTIC: [8] Undefined index: err_time D:\myenv\UPUPW_AP5.4\htdocs\exam\App\Home\Model\UserModel.class.php 第 36 行.
SQL: UPDATE `tp_user` SET `err_time`=NULL WHERE `err_time` = 1 [ RunTime:0.0000s ]

[ 2016-07-09T09:21:16+08:00 ] ::1 /exam/index.php/home/login/check
INFO: [ app_begin ] --START--
INFO: Run Behavior\ReadHtmlCacheBehavior [ RunTime:0.002000s ]
INFO: [ app_begin ] --END-- [ RunTime:0.003000s ]
NOTIC: [2048] Declaration of Home\Model\userModel::check() should be compatible with Think\Model::check($value, $rule, $type = 'regex') D:\myenv\UPUPW_AP5.4\htdocs\exam\App\Home\Model\UserModel.class.php 第 5 行.
SQL: SHOW COLUMNS FROM `tp_user` [ RunTime:0.0020s ]
SQL: SHOW COLUMNS FROM `tp_user` [ RunTime:0.0010s ]
SQL: SELECT * FROM `tp_user` WHERE `stunum` = 123456789 AND `pw` = '156'  [ RunTime:0.0000s ]
NOTIC: [8] Undefined offset: 0 D:\myenv\UPUPW_AP5.4\htdocs\exam\App\Home\Model\UserModel.class.php 第 28 行.

[ 2016-07-09T09:22:09+08:00 ] ::1 /exam/index.php/home/login/check
INFO: [ app_begin ] --START--
INFO: Run Behavior\ReadHtmlCacheBehavior [ RunTime:0.002000s ]
INFO: [ app_begin ] --END-- [ RunTime:0.003000s ]
NOTIC: [2048] Declaration of Home\Model\userModel::check() should be compatible with Think\Model::check($value, $rule, $type = 'regex') D:\myenv\UPUPW_AP5.4\htdocs\exam\App\Home\Model\UserModel.class.php 第 5 行.
SQL: SHOW COLUMNS FROM `tp_user` [ RunTime:0.0010s ]
SQL: SHOW COLUMNS FROM `tp_user` [ RunTime:0.0010s ]
SQL: SELECT * FROM `tp_user` WHERE `stunum` = 123456789 AND `pw` = '156'  [ RunTime:0.0000s ]
NOTIC: [8] Undefined offset: 0 D:\myenv\UPUPW_AP5.4\htdocs\exam\App\Home\Model\UserModel.class.php 第 28 行.

[ 2016-07-09T09:22:17+08:00 ] ::1 /exam/index.php/home/login/check
INFO: [ app_begin ] --START--
INFO: Run Behavior\ReadHtmlCacheBehavior [ RunTime:0.002000s ]
INFO: [ app_begin ] --END-- [ RunTime:0.003000s ]
NOTIC: [2048] Declaration of Home\Model\userModel::check() should be compatible with Think\Model::check($value, $rule, $type = 'regex') D:\myenv\UPUPW_AP5.4\htdocs\exam\App\Home\Model\UserModel.class.php 第 5 行.
SQL: SHOW COLUMNS FROM `tp_user` [ RunTime:0.0010s ]
SQL: SHOW COLUMNS FROM `tp_user` [ RunTime:0.0010s ]
SQL: SELECT * FROM `tp_user` WHERE `stunum` = 123456789 AND `pw` = '156'  [ RunTime:0.0000s ]
NOTIC: [8] Undefined offset: 0 D:\myenv\UPUPW_AP5.4\htdocs\exam\App\Home\Model\UserModel.class.php 第 28 行.

[ 2016-07-09T09:22:41+08:00 ] ::1 /exam/index.php/home/login/check
INFO: [ app_begin ] --START--
INFO: Run Behavior\ReadHtmlCacheBehavior [ RunTime:0.002001s ]
INFO: [ app_begin ] --END-- [ RunTime:0.002001s ]
NOTIC: [2048] Declaration of Home\Model\userModel::check() should be compatible with Think\Model::check($value, $rule, $type = 'regex') D:\myenv\UPUPW_AP5.4\htdocs\exam\App\Home\Model\UserModel.class.php 第 5 行.
SQL: SHOW COLUMNS FROM `tp_user` [ RunTime:0.0010s ]
SQL: SHOW COLUMNS FROM `tp_user` [ RunTime:0.0010s ]
SQL: SELECT * FROM `tp_user` WHERE `stunum` = 123456789 AND `pw` = '156'  [ RunTime:0.0000s ]
NOTIC: [8] Undefined offset: 0 D:\myenv\UPUPW_AP5.4\htdocs\exam\App\Home\Model\UserModel.class.php 第 28 行.

[ 2016-07-09T09:25:39+08:00 ] ::1 /exam/index.php/home/login/check
INFO: [ app_begin ] --START--
INFO: Run Behavior\ReadHtmlCacheBehavior [ RunTime:0.003000s ]
INFO: [ app_begin ] --END-- [ RunTime:0.003000s ]
NOTIC: [2048] Declaration of Home\Model\userModel::check() should be compatible with Think\Model::check($value, $rule, $type = 'regex') D:\myenv\UPUPW_AP5.4\htdocs\exam\App\Home\Model\UserModel.class.php 第 5 行.
SQL: SHOW COLUMNS FROM `tp_user` [ RunTime:0.0010s ]
SQL: SHOW COLUMNS FROM `tp_user` [ RunTime:0.0010s ]
SQL: SELECT * FROM `tp_user` WHERE `stunum` = 123456789 AND `pw` = '156'  [ RunTime:0.0000s ]
NOTIC: [8] Undefined offset: 0 D:\myenv\UPUPW_AP5.4\htdocs\exam\App\Home\Model\UserModel.class.php 第 28 行.

[ 2016-07-09T09:25:42+08:00 ] ::1 /exam/index.php/home/login/check
INFO: [ app_begin ] --START--
INFO: Run Behavior\ReadHtmlCacheBehavior [ RunTime:0.003000s ]
INFO: [ app_begin ] --END-- [ RunTime:0.004001s ]
NOTIC: [2048] Declaration of Home\Model\userModel::check() should be compatible with Think\Model::check($value, $rule, $type = 'regex') D:\myenv\UPUPW_AP5.4\htdocs\exam\App\Home\Model\UserModel.class.php 第 5 行.
SQL: SHOW COLUMNS FROM `tp_user` [ RunTime:0.0010s ]
SQL: SHOW COLUMNS FROM `tp_user` [ RunTime:0.0010s ]
SQL: SELECT * FROM `tp_user` WHERE `stunum` = 123456789 AND `pw` = '156'  [ RunTime:0.0000s ]
NOTIC: [8] Undefined offset: 0 D:\myenv\UPUPW_AP5.4\htdocs\exam\App\Home\Model\UserModel.class.php 第 28 行.

[ 2016-07-09T09:26:07+08:00 ] ::1 /exam/index.php/home/login/check
INFO: [ app_begin ] --START--
INFO: Run Behavior\ReadHtmlCacheBehavior [ RunTime:0.002000s ]
INFO: [ app_begin ] --END-- [ RunTime:0.003000s ]
NOTIC: [2048] Declaration of Home\Model\userModel::check() should be compatible with Think\Model::check($value, $rule, $type = 'regex') D:\myenv\UPUPW_AP5.4\htdocs\exam\App\Home\Model\UserModel.class.php 第 5 行.
SQL: SHOW COLUMNS FROM `tp_user` [ RunTime:0.0010s ]
SQL: SHOW COLUMNS FROM `tp_user` [ RunTime:0.0010s ]
SQL: SELECT * FROM `tp_user` WHERE `stunum` = 123456789 AND `pw` = '156'  [ RunTime:0.0000s ]
NOTIC: [8] Undefined offset: 0 D:\myenv\UPUPW_AP5.4\htdocs\exam\App\Home\Model\UserModel.class.php 第 28 行.

[ 2016-07-09T09:26:12+08:00 ] ::1 /exam/index.php/home/login/check
INFO: [ app_begin ] --START--
INFO: Run Behavior\ReadHtmlCacheBehavior [ RunTime:0.002000s ]
INFO: [ app_begin ] --END-- [ RunTime:0.003000s ]
NOTIC: [2048] Declaration of Home\Model\userModel::check() should be compatible with Think\Model::check($value, $rule, $type = 'regex') D:\myenv\UPUPW_AP5.4\htdocs\exam\App\Home\Model\UserModel.class.php 第 5 行.
SQL: SHOW COLUMNS FROM `tp_user` [ RunTime:0.0010s ]
SQL: SHOW COLUMNS FROM `tp_user` [ RunTime:0.0010s ]
SQL: SELECT * FROM `tp_user` WHERE `stunum` = 123456789 AND `pw` = '156'  [ RunTime:0.0000s ]
NOTIC: [8] Undefined offset: 0 D:\myenv\UPUPW_AP5.4\htdocs\exam\App\Home\Model\UserModel.class.php 第 28 行.

[ 2016-07-09T09:26:38+08:00 ] ::1 /exam/index.php/home/login/check
INFO: [ app_begin ] --START--
INFO: Run Behavior\ReadHtmlCacheBehavior [ RunTime:0.002000s ]
INFO: [ app_begin ] --END-- [ RunTime:0.003000s ]
NOTIC: [2048] Declaration of Home\Model\userModel::check() should be compatible with Think\Model::check($value, $rule, $type = 'regex') D:\myenv\UPUPW_AP5.4\htdocs\exam\App\Home\Model\UserModel.class.php 第 5 行.
SQL: SHOW COLUMNS FROM `tp_user` [ RunTime:0.0010s ]
SQL: SHOW COLUMNS FROM `tp_user` [ RunTime:0.0020s ]
SQL: SELECT * FROM `tp_user` WHERE `stunum` = 123456789 AND `pw` = '156'  [ RunTime:0.0010s ]
NOTIC: [8] Undefined offset: 0 D:\myenv\UPUPW_AP5.4\htdocs\exam\App\Home\Model\UserModel.class.php 第 28 行.

[ 2016-07-09T09:26:43+08:00 ] ::1 /exam/index.php/home/login/check
INFO: [ app_begin ] --START--
INFO: Run Behavior\ReadHtmlCacheBehavior [ RunTime:0.003000s ]
INFO: [ app_begin ] --END-- [ RunTime:0.003000s ]
NOTIC: [2048] Declaration of Home\Model\userModel::check() should be compatible with Think\Model::check($value, $rule, $type = 'regex') D:\myenv\UPUPW_AP5.4\htdocs\exam\App\Home\Model\UserModel.class.php 第 5 行.
SQL: SHOW COLUMNS FROM `tp_user` [ RunTime:0.0010s ]
SQL: SHOW COLUMNS FROM `tp_user` [ RunTime:0.0010s ]
SQL: SELECT * FROM `tp_user` WHERE `stunum` = 123456789 AND `pw` = '156'  [ RunTime:0.0000s ]
NOTIC: [8] Undefined offset: 0 D:\myenv\UPUPW_AP5.4\htdocs\exam\App\Home\Model\UserModel.class.php 第 28 行.

[ 2016-07-09T09:35:47+08:00 ] ::1 /exam/index.php/home/login/check
INFO: [ app_begin ] --START--
INFO: Run Behavior\ReadHtmlCacheBehavior [ RunTime:0.002000s ]
INFO: [ app_begin ] --END-- [ RunTime:0.003000s ]

[ 2016-07-09T09:35:58+08:00 ] ::1 /exam/index.php/home/login/check
INFO: [ app_begin ] --START--
INFO: Run Behavior\ReadHtmlCacheBehavior [ RunTime:0.002000s ]
INFO: [ app_begin ] --END-- [ RunTime:0.003000s ]

[ 2016-07-09T09:46:26+08:00 ] ::1 /exam/index.php/home/login/check_ajax
INFO: [ app_begin ] --START--
INFO: Run Behavior\ReadHtmlCacheBehavior [ RunTime:0.003000s ]
INFO: [ app_begin ] --END-- [ RunTime:0.004000s ]
NOTIC: [2048] Declaration of Home\Model\userModel::check() should be compatible with Think\Model::check($value, $rule, $type = 'regex') D:\myenv\UPUPW_AP5.4\htdocs\exam\App\Home\Model\UserModel.class.php 第 5 行.
SQL: SHOW COLUMNS FROM `tp_user` [ RunTime:0.0010s ]
SQL: SHOW COLUMNS FROM `tp_user` [ RunTime:0.0010s ]
SQL: SELECT * FROM `tp_user` WHERE `stunum` = 0  [ RunTime:0.0000s ]
NOTIC: [8] Undefined offset: 0 D:\myenv\UPUPW_AP5.4\htdocs\exam\App\Home\Model\UserModel.class.php 第 10 行.

[ 2016-07-09T09:46:26+08:00 ] ::1 /exam/index.php/home/login/check
INFO: [ app_begin ] --START--
INFO: Run Behavior\ReadHtmlCacheBehavior [ RunTime:0.002000s ]
INFO: [ app_begin ] --END-- [ RunTime:0.003000s ]
NOTIC: [2048] Declaration of Home\Model\userModel::check() should be compatible with Think\Model::check($value, $rule, $type = 'regex') D:\myenv\UPUPW_AP5.4\htdocs\exam\App\Home\Model\UserModel.class.php 第 5 行.
SQL: SHOW COLUMNS FROM `tp_user` [ RunTime:0.0030s ]
SQL: SHOW COLUMNS FROM `tp_user` [ RunTime:0.0010s ]
SQL: SELECT * FROM `tp_user` WHERE `stunum` = 0 AND `pw` = '336258'  [ RunTime:0.0000s ]
NOTIC: [8] Undefined offset: 0 D:\myenv\UPUPW_AP5.4\htdocs\exam\App\Home\Model\UserModel.class.php 第 28 行.
SQL: SELECT * FROM `tp_user` WHERE `stunum` = 0  [ RunTime:0.0000s ]
NOTIC: [8] Undefined offset: 0 D:\myenv\UPUPW_AP5.4\htdocs\exam\App\Home\Model\UserModel.class.php 第 37 行.

[ 2016-07-09T09:46:35+08:00 ] ::1 /exam/index.php/home/login/check_ajax
INFO: [ app_begin ] --START--
INFO: Run Behavior\ReadHtmlCacheBehavior [ RunTime:0.002000s ]
INFO: [ app_begin ] --END-- [ RunTime:0.003000s ]
NOTIC: [2048] Declaration of Home\Model\userModel::check() should be compatible with Think\Model::check($value, $rule, $type = 'regex') D:\myenv\UPUPW_AP5.4\htdocs\exam\App\Home\Model\UserModel.class.php 第 5 行.
SQL: SHOW COLUMNS FROM `tp_user` [ RunTime:0.0010s ]
SQL: SHOW COLUMNS FROM `tp_user` [ RunTime:0.0010s ]
SQL: SELECT * FROM `tp_user` WHERE `stunum` = 123456789  [ RunTime:0.0000s ]

[ 2016-07-09T09:46:41+08:00 ] ::1 /exam/index.php/home/login/check
INFO: [ app_begin ] --START--
INFO: Run Behavior\ReadHtmlCacheBehavior [ RunTime:0.002000s ]
INFO: [ app_begin ] --END-- [ RunTime:0.003000s ]
NOTIC: [2048] Declaration of Home\Model\userModel::check() should be compatible with Think\Model::check($value, $rule, $type = 'regex') D:\myenv\UPUPW_AP5.4\htdocs\exam\App\Home\Model\UserModel.class.php 第 5 行.
SQL: SHOW COLUMNS FROM `tp_user` [ RunTime:0.0010s ]
SQL: SHOW COLUMNS FROM `tp_user` [ RunTime:0.0010s ]
SQL: SELECT * FROM `tp_user` WHERE `stunum` = 123456789 AND `pw` = '123'  [ RunTime:0.0000s ]
NOTIC: [8] Undefined offset: 0 D:\myenv\UPUPW_AP5.4\htdocs\exam\App\Home\Model\UserModel.class.php 第 28 行.
SQL: SELECT * FROM `tp_user` WHERE `stunum` = 123456789  [ RunTime:0.0010s ]
SQL: UPDATE `tp_user` SET `err_time`='3' WHERE `id` = 1 AND `stunum` = 123456789 AND `pw` = '123456789' AND `err_time` = 2 [ RunTime:0.0010s ]

[ 2016-07-09T09:46:51+08:00 ] ::1 /exam/index.php/home/login/check
INFO: [ app_begin ] --START--
INFO: Run Behavior\ReadHtmlCacheBehavior [ RunTime:0.002000s ]
INFO: [ app_begin ] --END-- [ RunTime:0.003000s ]
NOTIC: [2048] Declaration of Home\Model\userModel::check() should be compatible with Think\Model::check($value, $rule, $type = 'regex') D:\myenv\UPUPW_AP5.4\htdocs\exam\App\Home\Model\UserModel.class.php 第 5 行.
SQL: SHOW COLUMNS FROM `tp_user` [ RunTime:0.0010s ]
SQL: SHOW COLUMNS FROM `tp_user` [ RunTime:0.0010s ]
SQL: SELECT * FROM `tp_user` WHERE `stunum` = 123456789 AND `pw` = '123'  [ RunTime:0.0000s ]
NOTIC: [8] Undefined offset: 0 D:\myenv\UPUPW_AP5.4\htdocs\exam\App\Home\Model\UserModel.class.php 第 28 行.
SQL: SELECT * FROM `tp_user` WHERE `stunum` = 123456789  [ RunTime:0.0010s ]
SQL: UPDATE `tp_user` SET `err_time`='4' WHERE `id` = 1 AND `stunum` = 123456789 AND `pw` = '123456789' AND `err_time` = 3 [ RunTime:0.0000s ]

[ 2016-07-09T09:47:00+08:00 ] ::1 /exam/index.php/home/login/check
INFO: [ app_begin ] --START--
INFO: Run Behavior\ReadHtmlCacheBehavior [ RunTime:0.002000s ]
INFO: [ app_begin ] --END-- [ RunTime:0.003000s ]
NOTIC: [2048] Declaration of Home\Model\userModel::check() should be compatible with Think\Model::check($value, $rule, $type = 'regex') D:\myenv\UPUPW_AP5.4\htdocs\exam\App\Home\Model\UserModel.class.php 第 5 行.
SQL: SHOW COLUMNS FROM `tp_user` [ RunTime:0.0020s ]
SQL: SHOW COLUMNS FROM `tp_user` [ RunTime:0.0010s ]
SQL: SELECT * FROM `tp_user` WHERE `stunum` = 123456789 AND `pw` = '123456789'  [ RunTime:0.0000s ]

[ 2016-07-09T09:57:41+08:00 ] ::1 /exam/index.php/home/login/check
INFO: [ app_begin ] --START--
INFO: Run Behavior\ReadHtmlCacheBehavior [ RunTime:0.002000s ]
INFO: [ app_begin ] --END-- [ RunTime:0.003000s ]
NOTIC: [2048] Declaration of Home\Model\userModel::check() should be compatible with Think\Model::check($value, $rule, $type = 'regex') D:\myenv\UPUPW_AP5.4\htdocs\exam\App\Home\Model\UserModel.class.php 第 5 行.
SQL: SHOW COLUMNS FROM `tp_user` [ RunTime:0.0010s ]
SQL: SHOW COLUMNS FROM `tp_user` [ RunTime:0.0010s ]
SQL: SELECT * FROM `tp_user` WHERE `stunum` = 123456789 AND `pw` = '123456789'  [ RunTime:0.0010s ]

[ 2016-07-09T10:51:20+08:00 ] ::1 /exam/index.php/home/login/check
INFO: [ app_begin ] --START--
INFO: Run Behavior\ReadHtmlCacheBehavior [ RunTime:0.003000s ]
INFO: [ app_begin ] --END-- [ RunTime:0.004000s ]
NOTIC: [2048] Declaration of Home\Model\userModel::check() should be compatible with Think\Model::check($value, $rule, $type = 'regex') D:\myenv\UPUPW_AP5.4\htdocs\exam\App\Home\Model\UserModel.class.php 第 5 行.
SQL: SHOW COLUMNS FROM `tp_user` [ RunTime:0.0010s ]
SQL: SHOW COLUMNS FROM `tp_user` [ RunTime:0.0010s ]
SQL: SELECT * FROM `tp_user` WHERE `stunum` = 123456789 AND `pw` = '123456789'  [ RunTime:0.0000s ]

[ 2016-07-09T10:54:57+08:00 ] ::1 /exam/index.php/home/login/check
INFO: [ app_begin ] --START--
INFO: Run Behavior\ReadHtmlCacheBehavior [ RunTime:0.002000s ]
INFO: [ app_begin ] --END-- [ RunTime:0.003000s ]
NOTIC: [2048] Declaration of Home\Model\userModel::check() should be compatible with Think\Model::check($value, $rule, $type = 'regex') D:\myenv\UPUPW_AP5.4\htdocs\exam\App\Home\Model\UserModel.class.php 第 5 行.
SQL: SHOW COLUMNS FROM `tp_user` [ RunTime:0.0010s ]
SQL: SHOW COLUMNS FROM `tp_user` [ RunTime:0.0010s ]
SQL: SELECT * FROM `tp_user` WHERE `stunum` = 123456789 AND `pw` = '123456789'  [ RunTime:0.0000s ]

[ 2016-07-09T10:55:37+08:00 ] ::1 /exam/index.php/home/login/check
INFO: [ app_begin ] --START--
INFO: Run Behavior\ReadHtmlCacheBehavior [ RunTime:0.002000s ]
INFO: [ app_begin ] --END-- [ RunTime:0.002000s ]
NOTIC: [2048] Declaration of Home\Model\userModel::check() should be compatible with Think\Model::check($value, $rule, $type = 'regex') D:\myenv\UPUPW_AP5.4\htdocs\exam\App\Home\Model\UserModel.class.php 第 5 行.
SQL: SHOW COLUMNS FROM `tp_user` [ RunTime:0.0010s ]
SQL: SHOW COLUMNS FROM `tp_user` [ RunTime:0.0010s ]
SQL: SELECT * FROM `tp_user` WHERE `stunum` = 123456789 AND `pw` = '123456789'  [ RunTime:0.0000s ]

[ 2016-07-09T10:55:55+08:00 ] ::1 /exam/index.php/home/login/check
INFO: [ app_begin ] --START--
INFO: Run Behavior\ReadHtmlCacheBehavior [ RunTime:0.002000s ]
INFO: [ app_begin ] --END-- [ RunTime:0.003000s ]
NOTIC: [2048] Declaration of Home\Model\userModel::check() should be compatible with Think\Model::check($value, $rule, $type = 'regex') D:\myenv\UPUPW_AP5.4\htdocs\exam\App\Home\Model\UserModel.class.php 第 5 行.
SQL: SHOW COLUMNS FROM `tp_user` [ RunTime:0.0010s ]
SQL: SHOW COLUMNS FROM `tp_user` [ RunTime:0.0010s ]
SQL: SELECT * FROM `tp_user` WHERE `stunum` = 123456789 AND `pw` = '123456789'  [ RunTime:0.0000s ]

[ 2016-07-09T10:57:26+08:00 ] ::1 /exam/index.php/home/login/check
INFO: [ app_begin ] --START--
INFO: Run Behavior\ReadHtmlCacheBehavior [ RunTime:0.003000s ]
INFO: [ app_begin ] --END-- [ RunTime:0.004000s ]
NOTIC: [2048] Declaration of Home\Model\userModel::check() should be compatible with Think\Model::check($value, $rule, $type = 'regex') D:\myenv\UPUPW_AP5.4\htdocs\exam\App\Home\Model\UserModel.class.php 第 5 行.
SQL: SHOW COLUMNS FROM `tp_user` [ RunTime:0.0020s ]
SQL: SHOW COLUMNS FROM `tp_user` [ RunTime:0.0020s ]
SQL: SELECT * FROM `tp_user` WHERE `stunum` = 123456789 AND `pw` = '123456789'  [ RunTime:0.0010s ]

[ 2016-07-09T11:00:45+08:00 ] ::1 /exam/index.php/home/login/check
INFO: [ app_begin ] --START--
INFO: Run Behavior\ReadHtmlCacheBehavior [ RunTime:0.003000s ]
INFO: [ app_begin ] --END-- [ RunTime:0.003000s ]
NOTIC: [2048] Declaration of Home\Model\userModel::check() should be compatible with Think\Model::check($value, $rule, $type = 'regex') D:\myenv\UPUPW_AP5.4\htdocs\exam\App\Home\Model\UserModel.class.php 第 5 行.
SQL: SHOW COLUMNS FROM `tp_user` [ RunTime:0.0020s ]
SQL: SHOW COLUMNS FROM `tp_user` [ RunTime:0.0010s ]
SQL: SELECT * FROM `tp_user` WHERE `stunum` = 123456789 AND `pw` = '123456789'  [ RunTime:0.0000s ]

[ 2016-07-09T11:01:16+08:00 ] ::1 /exam/index.php/home/login/check
INFO: [ app_begin ] --START--
INFO: Run Behavior\ReadHtmlCacheBehavior [ RunTime:0.003000s ]
INFO: [ app_begin ] --END-- [ RunTime:0.004000s ]
NOTIC: [2048] Declaration of Home\Model\userModel::check() should be compatible with Think\Model::check($value, $rule, $type = 'regex') D:\myenv\UPUPW_AP5.4\htdocs\exam\App\Home\Model\UserModel.class.php 第 5 行.
SQL: SHOW COLUMNS FROM `tp_user` [ RunTime:0.0020s ]
SQL: SHOW COLUMNS FROM `tp_user` [ RunTime:0.0020s ]
SQL: SELECT * FROM `tp_user` WHERE `stunum` = 123456789 AND `pw` = '123456789'  [ RunTime:0.0000s ]

[ 2016-07-09T13:53:23+08:00 ] ::1 /exam/index.php/home/login/check_ajax
INFO: [ app_begin ] --START--
INFO: Run Behavior\ReadHtmlCacheBehavior [ RunTime:0.007001s ]
INFO: [ app_begin ] --END-- [ RunTime:0.011001s ]
NOTIC: [2048] Declaration of Home\Model\UserModel::check() should be compatible with Think\Model::check($value, $rule, $type = 'regex') D:\myenv\UPUPW_AP5.4\htdocs\exam\App\Home\Model\UserModel.class.php 第 5 行.
SQL: SHOW COLUMNS FROM `tp_user` [ RunTime:0.0030s ]
SQL: SHOW COLUMNS FROM `tp_user` [ RunTime:0.0030s ]
SQL: SELECT * FROM `tp_user` WHERE `stunum` = 0  [ RunTime:0.0010s ]
NOTIC: [8] Undefined offset: 0 D:\myenv\UPUPW_AP5.4\htdocs\exam\App\Home\Model\UserModel.class.php 第 10 行.

[ 2016-07-09T13:53:23+08:00 ] ::1 /exam/index.php/home/login/check_ajax
INFO: [ app_begin ] --START--
INFO: Run Behavior\ReadHtmlCacheBehavior [ RunTime:0.002000s ]
INFO: [ app_begin ] --END-- [ RunTime:0.004000s ]
NOTIC: [2048] Declaration of Home\Model\UserModel::check() should be compatible with Think\Model::check($value, $rule, $type = 'regex') D:\myenv\UPUPW_AP5.4\htdocs\exam\App\Home\Model\UserModel.class.php 第 5 行.
SQL: SHOW COLUMNS FROM `tp_user` [ RunTime:0.0020s ]
SQL: SHOW COLUMNS FROM `tp_user` [ RunTime:0.0040s ]
SQL: SELECT * FROM `tp_user` WHERE `stunum` = 0  [ RunTime:0.0010s ]
NOTIC: [8] Undefined offset: 0 D:\myenv\UPUPW_AP5.4\htdocs\exam\App\Home\Model\UserModel.class.php 第 10 行.

[ 2016-07-09T13:53:25+08:00 ] ::1 /exam/index.php/home/login/check_ajax
INFO: [ app_begin ] --START--
INFO: Run Behavior\ReadHtmlCacheBehavior [ RunTime:0.002000s ]
INFO: [ app_begin ] --END-- [ RunTime:0.003000s ]
NOTIC: [2048] Declaration of Home\Model\UserModel::check() should be compatible with Think\Model::check($value, $rule, $type = 'regex') D:\myenv\UPUPW_AP5.4\htdocs\exam\App\Home\Model\UserModel.class.php 第 5 行.
SQL: SHOW COLUMNS FROM `tp_user` [ RunTime:0.0020s ]
SQL: SHOW COLUMNS FROM `tp_user` [ RunTime:0.0020s ]
SQL: SELECT * FROM `tp_user` WHERE `stunum` = 0  [ RunTime:0.0010s ]
NOTIC: [8] Undefined offset: 0 D:\myenv\UPUPW_AP5.4\htdocs\exam\App\Home\Model\UserModel.class.php 第 10 行.

[ 2016-07-09T13:53:29+08:00 ] ::1 /exam/index.php/home/login/check_ajax
INFO: [ app_begin ] --START--
INFO: Run Behavior\ReadHtmlCacheBehavior [ RunTime:0.002000s ]
INFO: [ app_begin ] --END-- [ RunTime:0.002000s ]
NOTIC: [2048] Declaration of Home\Model\UserModel::check() should be compatible with Think\Model::check($value, $rule, $type = 'regex') D:\myenv\UPUPW_AP5.4\htdocs\exam\App\Home\Model\UserModel.class.php 第 5 行.
SQL: SHOW COLUMNS FROM `tp_user` [ RunTime:0.0010s ]
SQL: SHOW COLUMNS FROM `tp_user` [ RunTime:0.0010s ]
SQL: SELECT * FROM `tp_user` WHERE `stunum` = 0  [ RunTime:0.0000s ]
NOTIC: [8] Undefined offset: 0 D:\myenv\UPUPW_AP5.4\htdocs\exam\App\Home\Model\UserModel.class.php 第 10 行.

[ 2016-07-09T13:53:50+08:00 ] ::1 /exam/index.php/home/login/check
INFO: [ app_begin ] --START--
INFO: Run Behavior\ReadHtmlCacheBehavior [ RunTime:0.002000s ]
INFO: [ app_begin ] --END-- [ RunTime:0.002000s ]
NOTIC: [2048] Declaration of Home\Model\UserModel::check() should be compatible with Think\Model::check($value, $rule, $type = 'regex') D:\myenv\UPUPW_AP5.4\htdocs\exam\App\Home\Model\UserModel.class.php 第 5 行.
SQL: SHOW COLUMNS FROM `tp_user` [ RunTime:0.0010s ]
SQL: SHOW COLUMNS FROM `tp_user` [ RunTime:0.0010s ]
SQL: SELECT * FROM `tp_user` WHERE `stunum` = 0 AND `pw` = '12345678'  [ RunTime:0.0010s ]
NOTIC: [8] Undefined offset: 0 D:\myenv\UPUPW_AP5.4\htdocs\exam\App\Home\Model\UserModel.class.php 第 28 行.
SQL: SELECT * FROM `tp_user` WHERE `stunum` = 0  [ RunTime:0.0000s ]
NOTIC: [8] Undefined offset: 0 D:\myenv\UPUPW_AP5.4\htdocs\exam\App\Home\Model\UserModel.class.php 第 38 行.

[ 2016-07-09T13:53:54+08:00 ] ::1 /exam/index.php/home/login/check
INFO: [ app_begin ] --START--
INFO: Run Behavior\ReadHtmlCacheBehavior [ RunTime:0.002000s ]
INFO: [ app_begin ] --END-- [ RunTime:0.003000s ]
NOTIC: [2048] Declaration of Home\Model\UserModel::check() should be compatible with Think\Model::check($value, $rule, $type = 'regex') D:\myenv\UPUPW_AP5.4\htdocs\exam\App\Home\Model\UserModel.class.php 第 5 行.
SQL: SHOW COLUMNS FROM `tp_user` [ RunTime:0.0010s ]
SQL: SHOW COLUMNS FROM `tp_user` [ RunTime:0.0010s ]
SQL: SELECT * FROM `tp_user` WHERE `stunum` = 0 AND `pw` = '123456789'  [ RunTime:0.0000s ]
NOTIC: [8] Undefined offset: 0 D:\myenv\UPUPW_AP5.4\htdocs\exam\App\Home\Model\UserModel.class.php 第 28 行.
SQL: SELECT * FROM `tp_user` WHERE `stunum` = 0  [ RunTime:0.0010s ]
NOTIC: [8] Undefined offset: 0 D:\myenv\UPUPW_AP5.4\htdocs\exam\App\Home\Model\UserModel.class.php 第 38 行.

[ 2016-07-09T13:53:59+08:00 ] ::1 /exam/index.php/home/login/check_ajax
INFO: [ app_begin ] --START--
INFO: Run Behavior\ReadHtmlCacheBehavior [ RunTime:0.002000s ]
INFO: [ app_begin ] --END-- [ RunTime:0.003000s ]
NOTIC: [2048] Declaration of Home\Model\UserModel::check() should be compatible with Think\Model::check($value, $rule, $type = 'regex') D:\myenv\UPUPW_AP5.4\htdocs\exam\App\Home\Model\UserModel.class.php 第 5 行.
SQL: SHOW COLUMNS FROM `tp_user` [ RunTime:0.0020s ]
SQL: SHOW COLUMNS FROM `tp_user` [ RunTime:0.0020s ]
SQL: SELECT * FROM `tp_user` WHERE `stunum` = 123456789  [ RunTime:0.0000s ]

[ 2016-07-09T13:53:59+08:00 ] ::1 /exam/index.php/home/login/check
INFO: [ app_begin ] --START--
INFO: Run Behavior\ReadHtmlCacheBehavior [ RunTime:0.003000s ]
INFO: [ app_begin ] --END-- [ RunTime:0.003000s ]
NOTIC: [2048] Declaration of Home\Model\UserModel::check() should be compatible with Think\Model::check($value, $rule, $type = 'regex') D:\myenv\UPUPW_AP5.4\htdocs\exam\App\Home\Model\UserModel.class.php 第 5 行.
SQL: SHOW COLUMNS FROM `tp_user` [ RunTime:0.0020s ]
SQL: SHOW COLUMNS FROM `tp_user` [ RunTime:0.0010s ]
SQL: SELECT * FROM `tp_user` WHERE `stunum` = 123456789 AND `pw` = '123456789'  [ RunTime:0.0000s ]

[ 2016-07-09T14:16:05+08:00 ] ::1 /exam/index.php/home/login/check
INFO: [ app_begin ] --START--
INFO: Run Behavior\ReadHtmlCacheBehavior [ RunTime:0.003000s ]
INFO: [ app_begin ] --END-- [ RunTime:0.004000s ]
NOTIC: [8] Undefined index: stunum D:\myenv\UPUPW_AP5.4\htdocs\exam\App\Home\Controller\LoginController.class.php 第 29 行.

[ 2016-07-09T14:18:57+08:00 ] ::1 /exam/index.php/home/login/check
INFO: [ app_begin ] --START--
INFO: Run Behavior\ReadHtmlCacheBehavior [ RunTime:0.003000s ]
INFO: [ app_begin ] --END-- [ RunTime:0.004000s ]
NOTIC: [2048] Declaration of Home\Model\UserModel::check() should be compatible with Think\Model::check($value, $rule, $type = 'regex') D:\myenv\UPUPW_AP5.4\htdocs\exam\App\Home\Model\UserModel.class.php 第 5 行.
SQL: SHOW COLUMNS FROM `tp_user` [ RunTime:0.0020s ]
NOTIC: [8] Undefined index: stupw D:\myenv\UPUPW_AP5.4\htdocs\exam\App\Home\Controller\LoginController.class.php 第 31 行.
SQL: SHOW COLUMNS FROM `tp_user` [ RunTime:0.0020s ]
SQL: SELECT * FROM `tp_user` WHERE `stunum` = 123456789 AND `pw` = null  [ RunTime:0.0010s ]
NOTIC: [8] Undefined offset: 0 D:\myenv\UPUPW_AP5.4\htdocs\exam\App\Home\Model\UserModel.class.php 第 28 行.
SQL: SELECT * FROM `tp_user` WHERE `stunum` = 123456789  [ RunTime:0.0000s ]
SQL: UPDATE `tp_user` SET `err_time`='5' WHERE `id` = 1 AND `stunum` = 123456789 AND `pw` = '123456789' AND `err_time` = 4 [ RunTime:0.0010s ]

[ 2016-07-09T14:19:05+08:00 ] ::1 /exam/index.php/home/login/check
INFO: [ app_begin ] --START--
INFO: Run Behavior\ReadHtmlCacheBehavior [ RunTime:0.002000s ]
INFO: [ app_begin ] --END-- [ RunTime:0.003000s ]
NOTIC: [2048] Declaration of Home\Model\UserModel::check() should be compatible with Think\Model::check($value, $rule, $type = 'regex') D:\myenv\UPUPW_AP5.4\htdocs\exam\App\Home\Model\UserModel.class.php 第 5 行.
SQL: SHOW COLUMNS FROM `tp_user` [ RunTime:0.0010s ]
NOTIC: [8] Undefined index: stupw D:\myenv\UPUPW_AP5.4\htdocs\exam\App\Home\Controller\LoginController.class.php 第 31 行.
SQL: SHOW COLUMNS FROM `tp_user` [ RunTime:0.0010s ]
SQL: SELECT * FROM `tp_user` WHERE `stunum` = 123456789 AND `pw` = null  [ RunTime:0.0000s ]
NOTIC: [8] Undefined offset: 0 D:\myenv\UPUPW_AP5.4\htdocs\exam\App\Home\Model\UserModel.class.php 第 28 行.
SQL: SELECT * FROM `tp_user` WHERE `stunum` = 123456789  [ RunTime:0.0000s ]
SQL: UPDATE `tp_user` SET `err_time`='6' WHERE `id` = 1 AND `stunum` = 123456789 AND `pw` = '123456789' AND `err_time` = 5 [ RunTime:0.0000s ]

[ 2016-07-09T14:19:07+08:00 ] ::1 /exam/index.php/home/login/check
INFO: [ app_begin ] --START--
INFO: Run Behavior\ReadHtmlCacheBehavior [ RunTime:0.002001s ]
INFO: [ app_begin ] --END-- [ RunTime:0.003001s ]
NOTIC: [2048] Declaration of Home\Model\UserModel::check() should be compatible with Think\Model::check($value, $rule, $type = 'regex') D:\myenv\UPUPW_AP5.4\htdocs\exam\App\Home\Model\UserModel.class.php 第 5 行.
SQL: SHOW COLUMNS FROM `tp_user` [ RunTime:0.0010s ]
NOTIC: [8] Undefined index: stupw D:\myenv\UPUPW_AP5.4\htdocs\exam\App\Home\Controller\LoginController.class.php 第 31 行.
SQL: SHOW COLUMNS FROM `tp_user` [ RunTime:0.0010s ]
SQL: SELECT * FROM `tp_user` WHERE `stunum` = 123456789 AND `pw` = null  [ RunTime:0.0000s ]
NOTIC: [8] Undefined offset: 0 D:\myenv\UPUPW_AP5.4\htdocs\exam\App\Home\Model\UserModel.class.php 第 28 行.
SQL: SELECT * FROM `tp_user` WHERE `stunum` = 123456789  [ RunTime:0.0010s ]
SQL: UPDATE `tp_user` SET `err_time`='7' WHERE `id` = 1 AND `stunum` = 123456789 AND `pw` = '123456789' AND `err_time` = 6 [ RunTime:0.0000s ]

[ 2016-07-09T14:20:49+08:00 ] ::1 /exam/index.php/home/login/check_ajax
INFO: [ app_begin ] --START--
INFO: Run Behavior\ReadHtmlCacheBehavior [ RunTime:0.002000s ]
INFO: [ app_begin ] --END-- [ RunTime:0.003000s ]
NOTIC: [2048] Declaration of Home\Model\UserModel::check() should be compatible with Think\Model::check($value, $rule, $type = 'regex') D:\myenv\UPUPW_AP5.4\htdocs\exam\App\Home\Model\UserModel.class.php 第 5 行.
SQL: SHOW COLUMNS FROM `tp_user` [ RunTime:0.0010s ]
SQL: SHOW COLUMNS FROM `tp_user` [ RunTime:0.0010s ]
SQL: SELECT * FROM `tp_user` WHERE `stunum` = 123456789  [ RunTime:0.0000s ]

[ 2016-07-09T14:23:49+08:00 ] ::1 /exam/index.php/home/login/check_ajax
INFO: [ app_begin ] --START--
INFO: Run Behavior\ReadHtmlCacheBehavior [ RunTime:0.002000s ]
INFO: [ app_begin ] --END-- [ RunTime:0.002000s ]
NOTIC: [2048] Declaration of Home\Model\UserModel::check() should be compatible with Think\Model::check($value, $rule, $type = 'regex') D:\myenv\UPUPW_AP5.4\htdocs\exam\App\Home\Model\UserModel.class.php 第 5 行.
SQL: SHOW COLUMNS FROM `tp_user` [ RunTime:0.0010s ]
SQL: SHOW COLUMNS FROM `tp_user` [ RunTime:0.0010s ]
SQL: SELECT * FROM `tp_user` WHERE `stunum` = 123456789  [ RunTime:0.0000s ]

[ 2016-07-09T14:24:19+08:00 ] ::1 /exam/index.php/home/login/check_ajax
INFO: [ app_begin ] --START--
INFO: Run Behavior\ReadHtmlCacheBehavior [ RunTime:0.003000s ]
INFO: [ app_begin ] --END-- [ RunTime:0.003000s ]
NOTIC: [2048] Declaration of Home\Model\UserModel::check() should be compatible with Think\Model::check($value, $rule, $type = 'regex') D:\myenv\UPUPW_AP5.4\htdocs\exam\App\Home\Model\UserModel.class.php 第 5 行.
SQL: SHOW COLUMNS FROM `tp_user` [ RunTime:0.0010s ]
SQL: SHOW COLUMNS FROM `tp_user` [ RunTime:0.0010s ]
SQL: SELECT * FROM `tp_user` WHERE `stunum` = 123456789  [ RunTime:0.0000s ]

[ 2016-07-09T14:24:28+08:00 ] ::1 /exam/index.php/home/login/check_ajax
INFO: [ app_begin ] --START--
INFO: Run Behavior\ReadHtmlCacheBehavior [ RunTime:0.002000s ]
INFO: [ app_begin ] --END-- [ RunTime:0.002000s ]
NOTIC: [2048] Declaration of Home\Model\UserModel::check() should be compatible with Think\Model::check($value, $rule, $type = 'regex') D:\myenv\UPUPW_AP5.4\htdocs\exam\App\Home\Model\UserModel.class.php 第 5 行.
SQL: SHOW COLUMNS FROM `tp_user` [ RunTime:0.0020s ]
SQL: SHOW COLUMNS FROM `tp_user` [ RunTime:0.0010s ]
SQL: SELECT * FROM `tp_user` WHERE `stunum` = 123456789  [ RunTime:0.0000s ]

[ 2016-07-09T14:25:22+08:00 ] ::1 /exam/index.php/home/login/check_ajax
INFO: [ app_begin ] --START--
INFO: Run Behavior\ReadHtmlCacheBehavior [ RunTime:0.002000s ]
INFO: [ app_begin ] --END-- [ RunTime:0.002000s ]
NOTIC: [2048] Declaration of Home\Model\UserModel::check() should be compatible with Think\Model::check($value, $rule, $type = 'regex') D:\myenv\UPUPW_AP5.4\htdocs\exam\App\Home\Model\UserModel.class.php 第 5 行.
SQL: SHOW COLUMNS FROM `tp_user` [ RunTime:0.0020s ]
SQL: SHOW COLUMNS FROM `tp_user` [ RunTime:0.0010s ]
SQL: SELECT * FROM `tp_user` WHERE `stunum` = 12345678  [ RunTime:0.0000s ]
NOTIC: [8] Undefined offset: 0 D:\myenv\UPUPW_AP5.4\htdocs\exam\App\Home\Model\UserModel.class.php 第 10 行.

[ 2016-07-09T14:25:45+08:00 ] ::1 /exam/index.php/home/login/check_ajax
INFO: [ app_begin ] --START--
INFO: Run Behavior\ReadHtmlCacheBehavior [ RunTime:0.003000s ]
INFO: [ app_begin ] --END-- [ RunTime:0.004000s ]
NOTIC: [2048] Declaration of Home\Model\UserModel::check() should be compatible with Think\Model::check($value, $rule, $type = 'regex') D:\myenv\UPUPW_AP5.4\htdocs\exam\App\Home\Model\UserModel.class.php 第 5 行.
SQL: SHOW COLUMNS FROM `tp_user` [ RunTime:0.0010s ]
SQL: SHOW COLUMNS FROM `tp_user` [ RunTime:0.0010s ]
SQL: SELECT * FROM `tp_user` WHERE `stunum` = 12345678  [ RunTime:0.0000s ]
NOTIC: [8] Undefined offset: 0 D:\myenv\UPUPW_AP5.4\htdocs\exam\App\Home\Model\UserModel.class.php 第 10 行.

[ 2016-07-09T14:26:32+08:00 ] ::1 /exam/index.php/home/login/check_ajax
INFO: [ app_begin ] --START--
INFO: Run Behavior\ReadHtmlCacheBehavior [ RunTime:0.002000s ]
INFO: [ app_begin ] --END-- [ RunTime:0.003000s ]
NOTIC: [2048] Declaration of Home\Model\UserModel::check() should be compatible with Think\Model::check($value, $rule, $type = 'regex') D:\myenv\UPUPW_AP5.4\htdocs\exam\App\Home\Model\UserModel.class.php 第 5 行.
SQL: SHOW COLUMNS FROM `tp_user` [ RunTime:0.0010s ]
SQL: SHOW COLUMNS FROM `tp_user` [ RunTime:0.0020s ]
SQL: SELECT * FROM `tp_user` WHERE `stunum` = 12345678  [ RunTime:0.0000s ]
NOTIC: [8] Undefined offset: 0 D:\myenv\UPUPW_AP5.4\htdocs\exam\App\Home\Model\UserModel.class.php 第 10 行.

[ 2016-07-09T14:26:42+08:00 ] ::1 /exam/index.php/home/login/check_ajax
INFO: [ app_begin ] --START--
INFO: Run Behavior\ReadHtmlCacheBehavior [ RunTime:0.002000s ]
INFO: [ app_begin ] --END-- [ RunTime:0.003000s ]
NOTIC: [2048] Declaration of Home\Model\UserModel::check() should be compatible with Think\Model::check($value, $rule, $type = 'regex') D:\myenv\UPUPW_AP5.4\htdocs\exam\App\Home\Model\UserModel.class.php 第 5 行.
SQL: SHOW COLUMNS FROM `tp_user` [ RunTime:0.0010s ]
SQL: SHOW COLUMNS FROM `tp_user` [ RunTime:0.0010s ]
SQL: SELECT * FROM `tp_user` WHERE `stunum` = 0  [ RunTime:0.0000s ]
NOTIC: [8] Undefined offset: 0 D:\myenv\UPUPW_AP5.4\htdocs\exam\App\Home\Model\UserModel.class.php 第 10 行.

[ 2016-07-09T14:26:51+08:00 ] ::1 /exam/index.php/home/login/check_ajax
INFO: [ app_begin ] --START--
INFO: Run Behavior\ReadHtmlCacheBehavior [ RunTime:0.003000s ]
INFO: [ app_begin ] --END-- [ RunTime:0.003000s ]
NOTIC: [2048] Declaration of Home\Model\UserModel::check() should be compatible with Think\Model::check($value, $rule, $type = 'regex') D:\myenv\UPUPW_AP5.4\htdocs\exam\App\Home\Model\UserModel.class.php 第 5 行.
SQL: SHOW COLUMNS FROM `tp_user` [ RunTime:0.0010s ]
SQL: SHOW COLUMNS FROM `tp_user` [ RunTime:0.0010s ]
SQL: SELECT * FROM `tp_user` WHERE `stunum` = 0  [ RunTime:0.0000s ]
NOTIC: [8] Undefined offset: 0 D:\myenv\UPUPW_AP5.4\htdocs\exam\App\Home\Model\UserModel.class.php 第 10 行.

[ 2016-07-09T14:27:37+08:00 ] ::1 /exam/index.php/home/login/check_ajax
INFO: [ app_begin ] --START--
INFO: Run Behavior\ReadHtmlCacheBehavior [ RunTime:0.002000s ]
INFO: [ app_begin ] --END-- [ RunTime:0.002000s ]
NOTIC: [2048] Declaration of Home\Model\UserModel::check() should be compatible with Think\Model::check($value, $rule, $type = 'regex') D:\myenv\UPUPW_AP5.4\htdocs\exam\App\Home\Model\UserModel.class.php 第 5 行.
SQL: SHOW COLUMNS FROM `tp_user` [ RunTime:0.0010s ]
SQL: SHOW COLUMNS FROM `tp_user` [ RunTime:0.0010s ]
SQL: SELECT * FROM `tp_user` WHERE `stunum` = 0  [ RunTime:0.0000s ]
NOTIC: [8] Undefined offset: 0 D:\myenv\UPUPW_AP5.4\htdocs\exam\App\Home\Model\UserModel.class.php 第 10 行.

[ 2016-07-09T14:33:31+08:00 ] ::1 /exam/index.php/home/login/check_ajax
INFO: [ app_begin ] --START--
INFO: Run Behavior\ReadHtmlCacheBehavior [ RunTime:0.003000s ]
INFO: [ app_begin ] --END-- [ RunTime:0.003000s ]
NOTIC: [2048] Declaration of Home\Model\UserModel::check() should be compatible with Think\Model::check($value, $rule, $type = 'regex') D:\myenv\UPUPW_AP5.4\htdocs\exam\App\Home\Model\UserModel.class.php 第 5 行.
SQL: SHOW COLUMNS FROM `tp_user` [ RunTime:0.0010s ]
SQL: SHOW COLUMNS FROM `tp_user` [ RunTime:0.0020s ]
SQL: SELECT * FROM `tp_user` WHERE `stunum` = 123456789  [ RunTime:0.0010s ]

[ 2016-07-09T14:33:33+08:00 ] ::1 /exam/index.php/home/login/check
INFO: [ app_begin ] --START--
INFO: Run Behavior\ReadHtmlCacheBehavior [ RunTime:0.002000s ]
INFO: [ app_begin ] --END-- [ RunTime:0.003000s ]
NOTIC: [2048] Declaration of Home\Model\UserModel::check() should be compatible with Think\Model::check($value, $rule, $type = 'regex') D:\myenv\UPUPW_AP5.4\htdocs\exam\App\Home\Model\UserModel.class.php 第 5 行.
SQL: SHOW COLUMNS FROM `tp_user` [ RunTime:0.0010s ]
NOTIC: [8] Undefined index: stupw D:\myenv\UPUPW_AP5.4\htdocs\exam\App\Home\Controller\LoginController.class.php 第 31 行.
SQL: SHOW COLUMNS FROM `tp_user` [ RunTime:0.0010s ]
SQL: SELECT * FROM `tp_user` WHERE `stunum` = 123456789 AND `pw` = null  [ RunTime:0.0000s ]
NOTIC: [8] Undefined offset: 0 D:\myenv\UPUPW_AP5.4\htdocs\exam\App\Home\Model\UserModel.class.php 第 28 行.
SQL: SELECT * FROM `tp_user` WHERE `stunum` = 123456789  [ RunTime:0.0000s ]
SQL: UPDATE `tp_user` SET `err_time`='8' WHERE `id` = 1 AND `stunum` = 123456789 AND `pw` = '123456789' AND `err_time` = 7 [ RunTime:0.0000s ]

[ 2016-07-09T14:36:42+08:00 ] ::1 /exam/index.php/home/login/check
INFO: [ app_begin ] --START--
INFO: Run Behavior\ReadHtmlCacheBehavior [ RunTime:0.004001s ]
INFO: [ app_begin ] --END-- [ RunTime:0.005001s ]
NOTIC: [2048] Declaration of Home\Model\UserModel::check() should be compatible with Think\Model::check($value, $rule, $type = 'regex') D:\myenv\UPUPW_AP5.4\htdocs\exam\App\Home\Model\UserModel.class.php 第 5 行.
SQL: SHOW COLUMNS FROM `tp_user` [ RunTime:0.0020s ]
NOTIC: [8] Undefined index: stupw D:\myenv\UPUPW_AP5.4\htdocs\exam\App\Home\Controller\LoginController.class.php 第 31 行.
SQL: SHOW COLUMNS FROM `tp_user` [ RunTime:0.0020s ]
SQL: SELECT * FROM `tp_user` WHERE `stunum` = 123456789 AND `pw` = null  [ RunTime:0.0010s ]
NOTIC: [8] Undefined offset: 0 D:\myenv\UPUPW_AP5.4\htdocs\exam\App\Home\Model\UserModel.class.php 第 28 行.
SQL: SELECT * FROM `tp_user` WHERE `stunum` = 123456789  [ RunTime:0.0000s ]
SQL: UPDATE `tp_user` SET `err_time`='9' WHERE `id` = 1 AND `stunum` = 123456789 AND `pw` = '123456789' AND `err_time` = 8 [ RunTime:0.0010s ]

[ 2016-07-09T14:38:52+08:00 ] ::1 /exam/index.php/home/login/check_ajax
INFO: [ app_begin ] --START--
INFO: Run Behavior\ReadHtmlCacheBehavior [ RunTime:0.002000s ]
INFO: [ app_begin ] --END-- [ RunTime:0.003001s ]
NOTIC: [2048] Declaration of Home\Model\UserModel::check() should be compatible with Think\Model::check($value, $rule, $type = 'regex') D:\myenv\UPUPW_AP5.4\htdocs\exam\App\Home\Model\UserModel.class.php 第 5 行.
SQL: SHOW COLUMNS FROM `tp_user` [ RunTime:0.0010s ]
SQL: SHOW COLUMNS FROM `tp_user` [ RunTime:0.0010s ]
SQL: SELECT * FROM `tp_user` WHERE `stunum` = 123456789  [ RunTime:0.0000s ]

[ 2016-07-09T14:38:55+08:00 ] ::1 /exam/index.php/home/login/check_ajax
INFO: [ app_begin ] --START--
INFO: Run Behavior\ReadHtmlCacheBehavior [ RunTime:0.002000s ]
INFO: [ app_begin ] --END-- [ RunTime:0.003000s ]
NOTIC: [2048] Declaration of Home\Model\UserModel::check() should be compatible with Think\Model::check($value, $rule, $type = 'regex') D:\myenv\UPUPW_AP5.4\htdocs\exam\App\Home\Model\UserModel.class.php 第 5 行.
SQL: SHOW COLUMNS FROM `tp_user` [ RunTime:0.0020s ]
SQL: SHOW COLUMNS FROM `tp_user` [ RunTime:0.0010s ]
SQL: SELECT * FROM `tp_user` WHERE `stunum` = 12345678  [ RunTime:0.0000s ]
NOTIC: [8] Undefined offset: 0 D:\myenv\UPUPW_AP5.4\htdocs\exam\App\Home\Model\UserModel.class.php 第 10 行.

[ 2016-07-09T14:39:54+08:00 ] ::1 /exam/index.php/home/login/check_ajax
INFO: [ app_begin ] --START--
INFO: Run Behavior\ReadHtmlCacheBehavior [ RunTime:0.002000s ]
INFO: [ app_begin ] --END-- [ RunTime:0.003000s ]
NOTIC: [2048] Declaration of Home\Model\UserModel::check() should be compatible with Think\Model::check($value, $rule, $type = 'regex') D:\myenv\UPUPW_AP5.4\htdocs\exam\App\Home\Model\UserModel.class.php 第 5 行.
SQL: SHOW COLUMNS FROM `tp_user` [ RunTime:0.0010s ]
SQL: SHOW COLUMNS FROM `tp_user` [ RunTime:0.0010s ]
SQL: SELECT * FROM `tp_user` WHERE `stunum` = 123456  [ RunTime:0.0000s ]
NOTIC: [8] Undefined offset: 0 D:\myenv\UPUPW_AP5.4\htdocs\exam\App\Home\Model\UserModel.class.php 第 10 行.

[ 2016-07-09T14:41:59+08:00 ] ::1 /exam/index.php/home/login/check_ajax
INFO: [ app_begin ] --START--
INFO: Run Behavior\ReadHtmlCacheBehavior [ RunTime:0.002000s ]
INFO: [ app_begin ] --END-- [ RunTime:0.002000s ]
NOTIC: [2048] Declaration of Home\Model\UserModel::check() should be compatible with Think\Model::check($value, $rule, $type = 'regex') D:\myenv\UPUPW_AP5.4\htdocs\exam\App\Home\Model\UserModel.class.php 第 5 行.
SQL: SHOW COLUMNS FROM `tp_user` [ RunTime:0.0010s ]
SQL: SHOW COLUMNS FROM `tp_user` [ RunTime:0.0010s ]
SQL: SELECT * FROM `tp_user` WHERE `stunum` = 0  [ RunTime:0.0000s ]
NOTIC: [8] Undefined offset: 0 D:\myenv\UPUPW_AP5.4\htdocs\exam\App\Home\Model\UserModel.class.php 第 10 行.

[ 2016-07-09T14:42:36+08:00 ] ::1 /exam/index.php/home/login/check_ajax
INFO: [ app_begin ] --START--
INFO: Run Behavior\ReadHtmlCacheBehavior [ RunTime:0.002000s ]
INFO: [ app_begin ] --END-- [ RunTime:0.003000s ]
NOTIC: [2048] Declaration of Home\Model\UserModel::check() should be compatible with Think\Model::check($value, $rule, $type = 'regex') D:\myenv\UPUPW_AP5.4\htdocs\exam\App\Home\Model\UserModel.class.php 第 5 行.
SQL: SHOW COLUMNS FROM `tp_user` [ RunTime:0.0010s ]
SQL: SHOW COLUMNS FROM `tp_user` [ RunTime:0.0010s ]
SQL: SELECT * FROM `tp_user` WHERE `stunum` = 123456789  [ RunTime:0.0000s ]

[ 2016-07-09T14:42:56+08:00 ] ::1 /exam/index.php/home/login/check_ajax
INFO: [ app_begin ] --START--
INFO: Run Behavior\ReadHtmlCacheBehavior [ RunTime:0.002000s ]
INFO: [ app_begin ] --END-- [ RunTime:0.003000s ]
NOTIC: [2048] Declaration of Home\Model\UserModel::check() should be compatible with Think\Model::check($value, $rule, $type = 'regex') D:\myenv\UPUPW_AP5.4\htdocs\exam\App\Home\Model\UserModel.class.php 第 5 行.
SQL: SHOW COLUMNS FROM `tp_user` [ RunTime:0.0010s ]
SQL: SHOW COLUMNS FROM `tp_user` [ RunTime:0.0010s ]
SQL: SELECT * FROM `tp_user` WHERE `stunum` = 0  [ RunTime:0.0000s ]
NOTIC: [8] Undefined offset: 0 D:\myenv\UPUPW_AP5.4\htdocs\exam\App\Home\Model\UserModel.class.php 第 10 行.

[ 2016-07-09T14:43:01+08:00 ] ::1 /exam/index.php/home/login/check_ajax
INFO: [ app_begin ] --START--
INFO: Run Behavior\ReadHtmlCacheBehavior [ RunTime:0.002000s ]
INFO: [ app_begin ] --END-- [ RunTime:0.004000s ]
NOTIC: [2048] Declaration of Home\Model\UserModel::check() should be compatible with Think\Model::check($value, $rule, $type = 'regex') D:\myenv\UPUPW_AP5.4\htdocs\exam\App\Home\Model\UserModel.class.php 第 5 行.
SQL: SHOW COLUMNS FROM `tp_user` [ RunTime:0.0020s ]
SQL: SHOW COLUMNS FROM `tp_user` [ RunTime:0.0010s ]
SQL: SELECT * FROM `tp_user` WHERE `stunum` = 123456789  [ RunTime:0.0000s ]

[ 2016-07-09T14:43:12+08:00 ] ::1 /exam/index.php/home/login/check_ajax
INFO: [ app_begin ] --START--
INFO: Run Behavior\ReadHtmlCacheBehavior [ RunTime:0.003000s ]
INFO: [ app_begin ] --END-- [ RunTime:0.003000s ]
NOTIC: [2048] Declaration of Home\Model\UserModel::check() should be compatible with Think\Model::check($value, $rule, $type = 'regex') D:\myenv\UPUPW_AP5.4\htdocs\exam\App\Home\Model\UserModel.class.php 第 5 行.
SQL: SHOW COLUMNS FROM `tp_user` [ RunTime:0.0010s ]
SQL: SHOW COLUMNS FROM `tp_user` [ RunTime:0.0010s ]
SQL: SELECT * FROM `tp_user` WHERE `stunum` = 0  [ RunTime:0.0000s ]
NOTIC: [8] Undefined offset: 0 D:\myenv\UPUPW_AP5.4\htdocs\exam\App\Home\Model\UserModel.class.php 第 10 行.

[ 2016-07-09T14:43:20+08:00 ] ::1 /exam/index.php/home/login/check_ajax
INFO: [ app_begin ] --START--
INFO: Run Behavior\ReadHtmlCacheBehavior [ RunTime:0.002001s ]
INFO: [ app_begin ] --END-- [ RunTime:0.004001s ]
NOTIC: [2048] Declaration of Home\Model\UserModel::check() should be compatible with Think\Model::check($value, $rule, $type = 'regex') D:\myenv\UPUPW_AP5.4\htdocs\exam\App\Home\Model\UserModel.class.php 第 5 行.
SQL: SHOW COLUMNS FROM `tp_user` [ RunTime:0.0010s ]
SQL: SHOW COLUMNS FROM `tp_user` [ RunTime:0.0010s ]
SQL: SELECT * FROM `tp_user` WHERE `stunum` = 123456789  [ RunTime:0.0000s ]

[ 2016-07-09T14:53:31+08:00 ] ::1 /exam/index.php/home/login/check
INFO: [ app_begin ] --START--
INFO: Run Behavior\ReadHtmlCacheBehavior [ RunTime:0.003000s ]
INFO: [ app_begin ] --END-- [ RunTime:0.003000s ]
NOTIC: [2048] Declaration of Home\Model\UserModel::check() should be compatible with Think\Model::check($value, $rule, $type = 'regex') D:\myenv\UPUPW_AP5.4\htdocs\exam\App\Home\Model\UserModel.class.php 第 5 行.
SQL: SHOW COLUMNS FROM `tp_user` [ RunTime:0.0010s ]
SQL: SHOW COLUMNS FROM `tp_user` [ RunTime:0.0020s ]
SQL: SELECT * FROM `tp_user` WHERE `stunum` = 0 AND `pw` = '336258'  [ RunTime:0.0010s ]
NOTIC: [8] Undefined offset: 0 D:\myenv\UPUPW_AP5.4\htdocs\exam\App\Home\Model\UserModel.class.php 第 28 行.
SQL: SELECT * FROM `tp_user` WHERE `stunum` = 0  [ RunTime:0.0000s ]
NOTIC: [8] Undefined offset: 0 D:\myenv\UPUPW_AP5.4\htdocs\exam\App\Home\Model\UserModel.class.php 第 38 行.

[ 2016-07-09T14:53:42+08:00 ] ::1 /exam/index.php/home/login/check
INFO: [ app_begin ] --START--
INFO: Run Behavior\ReadHtmlCacheBehavior [ RunTime:0.002000s ]
INFO: [ app_begin ] --END-- [ RunTime:0.003000s ]
NOTIC: [2048] Declaration of Home\Model\UserModel::check() should be compatible with Think\Model::check($value, $rule, $type = 'regex') D:\myenv\UPUPW_AP5.4\htdocs\exam\App\Home\Model\UserModel.class.php 第 5 行.
SQL: SHOW COLUMNS FROM `tp_user` [ RunTime:0.0010s ]
SQL: SHOW COLUMNS FROM `tp_user` [ RunTime:0.0020s ]
SQL: SELECT * FROM `tp_user` WHERE `stunum` = 0 AND `pw` = '336258'  [ RunTime:0.0010s ]
NOTIC: [8] Undefined offset: 0 D:\myenv\UPUPW_AP5.4\htdocs\exam\App\Home\Model\UserModel.class.php 第 28 行.
SQL: SELECT * FROM `tp_user` WHERE `stunum` = 0  [ RunTime:0.0000s ]
NOTIC: [8] Undefined offset: 0 D:\myenv\UPUPW_AP5.4\htdocs\exam\App\Home\Model\UserModel.class.php 第 38 行.

[ 2016-07-09T14:54:03+08:00 ] ::1 /exam/index.php/home/login/check
INFO: [ app_begin ] --START--
INFO: Run Behavior\ReadHtmlCacheBehavior [ RunTime:0.002000s ]
INFO: [ app_begin ] --END-- [ RunTime:0.003000s ]
NOTIC: [2048] Declaration of Home\Model\UserModel::check() should be compatible with Think\Model::check($value, $rule, $type = 'regex') D:\myenv\UPUPW_AP5.4\htdocs\exam\App\Home\Model\UserModel.class.php 第 5 行.
SQL: SHOW COLUMNS FROM `tp_user` [ RunTime:0.0010s ]
SQL: SHOW COLUMNS FROM `tp_user` [ RunTime:0.0010s ]
SQL: SELECT * FROM `tp_user` WHERE `stunum` = 0 AND `pw` = '336258'  [ RunTime:0.0000s ]
NOTIC: [8] Undefined offset: 0 D:\myenv\UPUPW_AP5.4\htdocs\exam\App\Home\Model\UserModel.class.php 第 28 行.
SQL: SELECT * FROM `tp_user` WHERE `stunum` = 0  [ RunTime:0.0000s ]
NOTIC: [8] Undefined offset: 0 D:\myenv\UPUPW_AP5.4\htdocs\exam\App\Home\Model\UserModel.class.php 第 38 行.

[ 2016-07-09T14:54:07+08:00 ] ::1 /exam/index.php/home/login/check
INFO: [ app_begin ] --START--
INFO: Run Behavior\ReadHtmlCacheBehavior [ RunTime:0.002000s ]
INFO: [ app_begin ] --END-- [ RunTime:0.003000s ]
NOTIC: [2048] Declaration of Home\Model\UserModel::check() should be compatible with Think\Model::check($value, $rule, $type = 'regex') D:\myenv\UPUPW_AP5.4\htdocs\exam\App\Home\Model\UserModel.class.php 第 5 行.
SQL: SHOW COLUMNS FROM `tp_user` [ RunTime:0.0010s ]
SQL: SHOW COLUMNS FROM `tp_user` [ RunTime:0.0010s ]
SQL: SELECT * FROM `tp_user` WHERE `stunum` = 0 AND `pw` = '336258'  [ RunTime:0.0000s ]
NOTIC: [8] Undefined offset: 0 D:\myenv\UPUPW_AP5.4\htdocs\exam\App\Home\Model\UserModel.class.php 第 28 行.
SQL: SELECT * FROM `tp_user` WHERE `stunum` = 0  [ RunTime:0.0000s ]
NOTIC: [8] Undefined offset: 0 D:\myenv\UPUPW_AP5.4\htdocs\exam\App\Home\Model\UserModel.class.php 第 38 行.

[ 2016-07-09T14:55:35+08:00 ] ::1 /exam/index.php/home/login/check
INFO: [ app_begin ] --START--
INFO: Run Behavior\ReadHtmlCacheBehavior [ RunTime:0.003000s ]
INFO: [ app_begin ] --END-- [ RunTime:0.004000s ]
NOTIC: [2048] Declaration of Home\Model\UserModel::check() should be compatible with Think\Model::check($value, $rule, $type = 'regex') D:\myenv\UPUPW_AP5.4\htdocs\exam\App\Home\Model\UserModel.class.php 第 5 行.
SQL: SHOW COLUMNS FROM `tp_user` [ RunTime:0.0010s ]
SQL: SHOW COLUMNS FROM `tp_user` [ RunTime:0.0010s ]
SQL: SELECT * FROM `tp_user` WHERE `stunum` = 0 AND `pw` = '336258'  [ RunTime:0.0000s ]
NOTIC: [8] Undefined offset: 0 D:\myenv\UPUPW_AP5.4\htdocs\exam\App\Home\Model\UserModel.class.php 第 28 行.
SQL: SELECT * FROM `tp_user` WHERE `stunum` = 0  [ RunTime:0.0000s ]
NOTIC: [8] Undefined offset: 0 D:\myenv\UPUPW_AP5.4\htdocs\exam\App\Home\Model\UserModel.class.php 第 38 行.

[ 2016-07-09T14:55:39+08:00 ] ::1 /exam/index.php/home/login/check
INFO: [ app_begin ] --START--
INFO: Run Behavior\ReadHtmlCacheBehavior [ RunTime:0.002000s ]
INFO: [ app_begin ] --END-- [ RunTime:0.003001s ]
NOTIC: [2048] Declaration of Home\Model\UserModel::check() should be compatible with Think\Model::check($value, $rule, $type = 'regex') D:\myenv\UPUPW_AP5.4\htdocs\exam\App\Home\Model\UserModel.class.php 第 5 行.
SQL: SHOW COLUMNS FROM `tp_user` [ RunTime:0.0010s ]
SQL: SHOW COLUMNS FROM `tp_user` [ RunTime:0.0010s ]
SQL: SELECT * FROM `tp_user` WHERE `stunum` = 0 AND `pw` = '336258'  [ RunTime:0.0000s ]
NOTIC: [8] Undefined offset: 0 D:\myenv\UPUPW_AP5.4\htdocs\exam\App\Home\Model\UserModel.class.php 第 28 行.
SQL: SELECT * FROM `tp_user` WHERE `stunum` = 0  [ RunTime:0.0000s ]
NOTIC: [8] Undefined offset: 0 D:\myenv\UPUPW_AP5.4\htdocs\exam\App\Home\Model\UserModel.class.php 第 38 行.

[ 2016-07-09T14:58:22+08:00 ] ::1 /exam/index.php/home/login/check
INFO: [ app_begin ] --START--
INFO: Run Behavior\ReadHtmlCacheBehavior [ RunTime:0.002000s ]
INFO: [ app_begin ] --END-- [ RunTime:0.002000s ]
NOTIC: [2048] Declaration of Home\Model\UserModel::check() should be compatible with Think\Model::check($value, $rule, $type = 'regex') D:\myenv\UPUPW_AP5.4\htdocs\exam\App\Home\Model\UserModel.class.php 第 5 行.
SQL: SHOW COLUMNS FROM `tp_user` [ RunTime:0.0010s ]
SQL: SHOW COLUMNS FROM `tp_user` [ RunTime:0.0010s ]
SQL: SELECT * FROM `tp_user` WHERE `stunum` = 0 AND `pw` = '336258'  [ RunTime:0.0000s ]
NOTIC: [8] Undefined offset: 0 D:\myenv\UPUPW_AP5.4\htdocs\exam\App\Home\Model\UserModel.class.php 第 28 行.
SQL: SELECT * FROM `tp_user` WHERE `stunum` = 0  [ RunTime:0.0000s ]
NOTIC: [8] Undefined offset: 0 D:\myenv\UPUPW_AP5.4\htdocs\exam\App\Home\Model\UserModel.class.php 第 38 行.

[ 2016-07-09T15:03:52+08:00 ] ::1 /exam/index.php/home/login/check
INFO: [ app_begin ] --START--
INFO: Run Behavior\ReadHtmlCacheBehavior [ RunTime:0.002000s ]
INFO: [ app_begin ] --END-- [ RunTime:0.002000s ]
NOTIC: [2048] Declaration of Home\Model\UserModel::check() should be compatible with Think\Model::check($value, $rule, $type = 'regex') D:\myenv\UPUPW_AP5.4\htdocs\exam\App\Home\Model\UserModel.class.php 第 5 行.
SQL: SHOW COLUMNS FROM `tp_user` [ RunTime:0.0010s ]
SQL: SHOW COLUMNS FROM `tp_user` [ RunTime:0.0010s ]
SQL: SELECT * FROM `tp_user` WHERE `stunum` = 0 AND `pw` = '336258'  [ RunTime:0.0000s ]
NOTIC: [8] Undefined offset: 0 D:\myenv\UPUPW_AP5.4\htdocs\exam\App\Home\Model\UserModel.class.php 第 28 行.
SQL: SELECT * FROM `tp_user` WHERE `stunum` = 0  [ RunTime:0.0000s ]
NOTIC: [8] Undefined offset: 0 D:\myenv\UPUPW_AP5.4\htdocs\exam\App\Home\Model\UserModel.class.php 第 38 行.

[ 2016-07-09T15:07:44+08:00 ] ::1 /exam/index.php/home/login/check
INFO: [ app_begin ] --START--
INFO: Run Behavior\ReadHtmlCacheBehavior [ RunTime:0.002000s ]
INFO: [ app_begin ] --END-- [ RunTime:0.003000s ]
NOTIC: [2048] Declaration of Home\Model\UserModel::check() should be compatible with Think\Model::check($value, $rule, $type = 'regex') D:\myenv\UPUPW_AP5.4\htdocs\exam\App\Home\Model\UserModel.class.php 第 5 行.
SQL: SHOW COLUMNS FROM `tp_user` [ RunTime:0.0010s ]
SQL: SHOW COLUMNS FROM `tp_user` [ RunTime:0.0010s ]
SQL: SELECT * FROM `tp_user` WHERE `stunum` = 0 AND `pw` = '336258'  [ RunTime:0.0000s ]
NOTIC: [8] Undefined offset: 0 D:\myenv\UPUPW_AP5.4\htdocs\exam\App\Home\Model\UserModel.class.php 第 28 行.
SQL: SELECT * FROM `tp_user` WHERE `stunum` = 0  [ RunTime:0.0000s ]
NOTIC: [8] Undefined offset: 0 D:\myenv\UPUPW_AP5.4\htdocs\exam\App\Home\Model\UserModel.class.php 第 38 行.

[ 2016-07-09T15:07:48+08:00 ] ::1 /exam/index.php/home/login/check_ajax
INFO: [ app_begin ] --START--
INFO: Run Behavior\ReadHtmlCacheBehavior [ RunTime:0.002000s ]
INFO: [ app_begin ] --END-- [ RunTime:0.002000s ]
NOTIC: [2048] Declaration of Home\Model\UserModel::check() should be compatible with Think\Model::check($value, $rule, $type = 'regex') D:\myenv\UPUPW_AP5.4\htdocs\exam\App\Home\Model\UserModel.class.php 第 5 行.
SQL: SHOW COLUMNS FROM `tp_user` [ RunTime:0.0010s ]
SQL: SHOW COLUMNS FROM `tp_user` [ RunTime:0.0010s ]
SQL: SELECT * FROM `tp_user` WHERE `stunum` = 123456789  [ RunTime:0.0000s ]

[ 2016-07-09T15:07:50+08:00 ] ::1 /exam/index.php/home/login/check_ajax
INFO: [ app_begin ] --START--
INFO: Run Behavior\ReadHtmlCacheBehavior [ RunTime:0.002000s ]
INFO: [ app_begin ] --END-- [ RunTime:0.003000s ]
NOTIC: [2048] Declaration of Home\Model\UserModel::check() should be compatible with Think\Model::check($value, $rule, $type = 'regex') D:\myenv\UPUPW_AP5.4\htdocs\exam\App\Home\Model\UserModel.class.php 第 5 行.
SQL: SHOW COLUMNS FROM `tp_user` [ RunTime:0.0010s ]
SQL: SHOW COLUMNS FROM `tp_user` [ RunTime:0.0010s ]
SQL: SELECT * FROM `tp_user` WHERE `stunum` = 12345678  [ RunTime:0.0000s ]
NOTIC: [8] Undefined offset: 0 D:\myenv\UPUPW_AP5.4\htdocs\exam\App\Home\Model\UserModel.class.php 第 10 行.

[ 2016-07-09T15:07:52+08:00 ] ::1 /exam/index.php/home/login/check_ajax
INFO: [ app_begin ] --START--
INFO: Run Behavior\ReadHtmlCacheBehavior [ RunTime:0.002000s ]
INFO: [ app_begin ] --END-- [ RunTime:0.003000s ]
NOTIC: [2048] Declaration of Home\Model\UserModel::check() should be compatible with Think\Model::check($value, $rule, $type = 'regex') D:\myenv\UPUPW_AP5.4\htdocs\exam\App\Home\Model\UserModel.class.php 第 5 行.
SQL: SHOW COLUMNS FROM `tp_user` [ RunTime:0.0010s ]
SQL: SHOW COLUMNS FROM `tp_user` [ RunTime:0.0010s ]
SQL: SELECT * FROM `tp_user` WHERE `stunum` = 123456789  [ RunTime:0.0000s ]

[ 2016-07-09T15:07:59+08:00 ] ::1 /exam/index.php/home/login/check
INFO: [ app_begin ] --START--
INFO: Run Behavior\ReadHtmlCacheBehavior [ RunTime:0.002000s ]
INFO: [ app_begin ] --END-- [ RunTime:0.003000s ]
NOTIC: [2048] Declaration of Home\Model\UserModel::check() should be compatible with Think\Model::check($value, $rule, $type = 'regex') D:\myenv\UPUPW_AP5.4\htdocs\exam\App\Home\Model\UserModel.class.php 第 5 行.
SQL: SHOW COLUMNS FROM `tp_user` [ RunTime:0.0010s ]
SQL: SHOW COLUMNS FROM `tp_user` [ RunTime:0.0010s ]
SQL: SELECT * FROM `tp_user` WHERE `stunum` = 123456789 AND `pw` = '123456789'  [ RunTime:0.0000s ]

[ 2016-07-09T15:23:32+08:00 ] ::1 /exam/index.php/home/index/jquery-2.1.1.min.js
ERR: 非法操作:jquery-2.1.1.min.js

[ 2016-07-09T15:23:32+08:00 ] ::1 /exam/index.php/home/index/chosing.css
ERR: 非法操作:chosing.css

[ 2016-07-09T15:23:32+08:00 ] ::1 /exam/index.php/home/index/chosing.js
ERR: 非法操作:chosing.js

[ 2016-07-09T15:27:04+08:00 ] ::1 /exam/index.php/home/login/check_ajax
INFO: [ app_begin ] --START--
INFO: Run Behavior\ReadHtmlCacheBehavior [ RunTime:0.002000s ]
INFO: [ app_begin ] --END-- [ RunTime:0.003000s ]
NOTIC: [2048] Declaration of Home\Model\UserModel::check() should be compatible with Think\Model::check($value, $rule, $type = 'regex') D:\myenv\UPUPW_AP5.4\htdocs\exam\App\Home\Model\UserModel.class.php 第 5 行.
SQL: SHOW COLUMNS FROM `tp_user` [ RunTime:0.0010s ]
SQL: SHOW COLUMNS FROM `tp_user` [ RunTime:0.0020s ]
SQL: SELECT * FROM `tp_user` WHERE `stunum` = 123456789  [ RunTime:0.0000s ]

[ 2016-07-09T15:27:07+08:00 ] ::1 /exam/index.php/home/login/check
INFO: [ app_begin ] --START--
INFO: Run Behavior\ReadHtmlCacheBehavior [ RunTime:0.002000s ]
INFO: [ app_begin ] --END-- [ RunTime:0.003000s ]
NOTIC: [2048] Declaration of Home\Model\UserModel::check() should be compatible with Think\Model::check($value, $rule, $type = 'regex') D:\myenv\UPUPW_AP5.4\htdocs\exam\App\Home\Model\UserModel.class.php 第 5 行.
SQL: SHOW COLUMNS FROM `tp_user` [ RunTime:0.0010s ]
SQL: SHOW COLUMNS FROM `tp_user` [ RunTime:0.0010s ]
SQL: SELECT * FROM `tp_user` WHERE `stunum` = 123456789 AND `pw` = '123456789'  [ RunTime:0.0000s ]

[ 2016-07-09T17:40:37+08:00 ] ::1 /exam/index.php/home/login/check_ajax
INFO: [ app_begin ] --START--
INFO: Run Behavior\ReadHtmlCacheBehavior [ RunTime:0.002000s ]
INFO: [ app_begin ] --END-- [ RunTime:0.003000s ]
NOTIC: [2048] Declaration of Home\Model\UserModel::check() should be compatible with Think\Model::check($value, $rule, $type = 'regex') D:\myenv\UPUPW_AP5.4\htdocs\exam\App\Home\Model\UserModel.class.php 第 5 行.
SQL: SHOW COLUMNS FROM `tp_user` [ RunTime:0.0020s ]
SQL: SHOW COLUMNS FROM `tp_user` [ RunTime:0.0010s ]
SQL: SELECT * FROM `tp_user` WHERE `stunum` = 123456789  [ RunTime:0.0000s ]

[ 2016-07-09T17:40:41+08:00 ] ::1 /exam/index.php/home/login/check
INFO: [ app_begin ] --START--
INFO: Run Behavior\ReadHtmlCacheBehavior [ RunTime:0.002000s ]
INFO: [ app_begin ] --END-- [ RunTime:0.003000s ]
NOTIC: [2048] Declaration of Home\Model\UserModel::check() should be compatible with Think\Model::check($value, $rule, $type = 'regex') D:\myenv\UPUPW_AP5.4\htdocs\exam\App\Home\Model\UserModel.class.php 第 5 行.
SQL: SHOW COLUMNS FROM `tp_user` [ RunTime:0.0020s ]
SQL: SHOW COLUMNS FROM `tp_user` [ RunTime:0.0010s ]
SQL: SELECT * FROM `tp_user` WHERE `stunum` = 123456789 AND `pw` = '123456789'  [ RunTime:0.0000s ]

[ 2016-07-09T22:21:47+08:00 ] ::1 /exam/index.php/home/login/check_ajax
INFO: [ app_begin ] --START--
INFO: Run Behavior\ReadHtmlCacheBehavior [ RunTime:0.000000s ]
INFO: [ app_begin ] --END-- [ RunTime:0.015600s ]
NOTIC: [2048] Declaration of Home\Model\UserModel::check() should be compatible with Think\Model::check($value, $rule, $type = 'regex') D:\myenv\UPUPW_AP5.4\htdocs\exam\App\Home\Model\UserModel.class.php 第 5 行.
SQL: SHOW COLUMNS FROM `tp_user` [ RunTime:0.1092s ]
SQL: SHOW COLUMNS FROM `tp_user` [ RunTime:0.0000s ]
SQL: SELECT * FROM `tp_user` WHERE `stunum` = 123456789  [ RunTime:0.0156s ]

[ 2016-07-09T22:22:00+08:00 ] ::1 /exam/index.php/home/login/check
INFO: [ app_begin ] --START--
INFO: Run Behavior\ReadHtmlCacheBehavior [ RunTime:0.000000s ]
INFO: [ app_begin ] --END-- [ RunTime:0.015600s ]
NOTIC: [2048] Declaration of Home\Model\UserModel::check() should be compatible with Think\Model::check($value, $rule, $type = 'regex') D:\myenv\UPUPW_AP5.4\htdocs\exam\App\Home\Model\UserModel.class.php 第 5 行.
SQL: SHOW COLUMNS FROM `tp_user` [ RunTime:0.0000s ]
SQL: SHOW COLUMNS FROM `tp_user` [ RunTime:0.0000s ]
SQL: SELECT * FROM `tp_user` WHERE `stunum` = 123456789 AND `pw` = '123456789'  [ RunTime:0.0000s ]

