[ 2016-07-10T09:12:41+08:00 ] ::1 /exam/index.php/home/login/check_ajax
INFO: [ app_begin ] --START--
INFO: Run Behavior\ReadHtmlCacheBehavior [ RunTime:0.002000s ]
INFO: [ app_begin ] --END-- [ RunTime:0.003000s ]
NOTIC: [2048] Declaration of Home\Model\UserModel::check() should be compatible with Think\Model::check($value, $rule, $type = 'regex') D:\myenv\UPUPW_AP5.4\htdocs\exam\App\Home\Model\UserModel.class.php 第 5 行.
SQL: SHOW COLUMNS FROM `tp_user` [ RunTime:0.0190s ]
SQL: SHOW COLUMNS FROM `tp_user` [ RunTime:0.0020s ]
SQL: SELECT * FROM `tp_user` WHERE `stunum` = 123456789  [ RunTime:0.0010s ]

[ 2016-07-10T09:12:45+08:00 ] ::1 /exam/index.php/home/login/check
INFO: [ app_begin ] --START--
INFO: Run Behavior\ReadHtmlCacheBehavior [ RunTime:0.002000s ]
INFO: [ app_begin ] --END-- [ RunTime:0.002000s ]
NOTIC: [2048] Declaration of Home\Model\UserModel::check() should be compatible with Think\Model::check($value, $rule, $type = 'regex') D:\myenv\UPUPW_AP5.4\htdocs\exam\App\Home\Model\UserModel.class.php 第 5 行.
SQL: SHOW COLUMNS FROM `tp_user` [ RunTime:0.0020s ]
SQL: SHOW COLUMNS FROM `tp_user` [ RunTime:0.0020s ]
SQL: SELECT * FROM `tp_user` WHERE `stunum` = 123456789 AND `pw` = '123456789'  [ RunTime:0.0000s ]

[ 2016-07-10T14:20:40+08:00 ] ::1 /exam/index.php/home/index/www.baidu.com?1=answer_3&2=answer_2&3=answer_1&4=answer_1&5=answer_3&6=answer_4&7=answer_4&8=answer_1&9=answer_1&10=answer_2
ERR: 非法操作:www.baidu.com

[ 2016-07-10T14:21:31+08:00 ] ::1 /exam/index.php/home/index/www.baidu.com?1=answer_3&2=answer_2&3=answer_1&4=answer_1&5=answer_3&6=answer_4&7=answer_4&8=answer_1&9=answer_1&10=answer_2
ERR: 非法操作:www.baidu.com

[ 2016-07-10T14:34:47+08:00 ] ::1 /exam/index.php/home/login/check_ajax
INFO: [ app_begin ] --START--
INFO: Run Behavior\ReadHtmlCacheBehavior [ RunTime:0.002000s ]
INFO: [ app_begin ] --END-- [ RunTime:0.003000s ]
NOTIC: [2048] Declaration of Home\Model\UserModel::check() should be compatible with Think\Model::check($value, $rule, $type = 'regex') D:\myenv\UPUPW_AP5.4\htdocs\exam\App\Home\Model\UserModel.class.php 第 5 行.
SQL: SHOW COLUMNS FROM `tp_user` [ RunTime:0.0010s ]
SQL: SHOW COLUMNS FROM `tp_user` [ RunTime:0.0010s ]
SQL: SELECT * FROM `tp_user` WHERE `stunum` = 12345678  [ RunTime:0.0000s ]
NOTIC: [8] Undefined offset: 0 D:\myenv\UPUPW_AP5.4\htdocs\exam\App\Home\Model\UserModel.class.php 第 10 行.

[ 2016-07-10T14:34:49+08:00 ] ::1 /exam/index.php/home/login/check_ajax
INFO: [ app_begin ] --START--
INFO: Run Behavior\ReadHtmlCacheBehavior [ RunTime:0.002000s ]
INFO: [ app_begin ] --END-- [ RunTime:0.003000s ]
NOTIC: [2048] Declaration of Home\Model\UserModel::check() should be compatible with Think\Model::check($value, $rule, $type = 'regex') D:\myenv\UPUPW_AP5.4\htdocs\exam\App\Home\Model\UserModel.class.php 第 5 行.
SQL: SHOW COLUMNS FROM `tp_user` [ RunTime:0.0020s ]
SQL: SHOW COLUMNS FROM `tp_user` [ RunTime:0.0010s ]
SQL: SELECT * FROM `tp_user` WHERE `stunum` = 123456789  [ RunTime:0.0000s ]

[ 2016-07-10T14:34:54+08:00 ] ::1 /exam/index.php/home/login/check
INFO: [ app_begin ] --START--
INFO: Run Behavior\ReadHtmlCacheBehavior [ RunTime:0.002000s ]
INFO: [ app_begin ] --END-- [ RunTime:0.003000s ]
NOTIC: [2048] Declaration of Home\Model\UserModel::check() should be compatible with Think\Model::check($value, $rule, $type = 'regex') D:\myenv\UPUPW_AP5.4\htdocs\exam\App\Home\Model\UserModel.class.php 第 5 行.
SQL: SHOW COLUMNS FROM `tp_user` [ RunTime:0.0020s ]
SQL: SHOW COLUMNS FROM `tp_user` [ RunTime:0.0010s ]
SQL: SELECT * FROM `tp_user` WHERE `stunum` = 123456789 AND `pw` = '123456789'  [ RunTime:0.0010s ]

[ 2016-07-10T14:34:54+08:00 ] ::1 /exam/index.php/home/index/index
INFO: [ app_begin ] --START--
INFO: Run Behavior\ReadHtmlCacheBehavior [ RunTime:0.003001s ]
INFO: [ app_begin ] --END-- [ RunTime:0.004001s ]
SQL: SHOW COLUMNS FROM `tp_question` [ RunTime:0.0020s ]
SQL: SHOW COLUMNS FROM `tp_question` [ RunTime:0.0020s ]
SQL: SELECT * FROM `tp_question` ORDER BY rand() LIMIT 10   [ RunTime:0.0010s ]
NOTIC: [8] Undefined variable: str D:\myenv\UPUPW_AP5.4\htdocs\exam\App\Home\Controller\IndexController.class.php 第 36 行.
INFO: [ view_parse ] --START--
INFO: [ template_filter ] --START--
INFO: Run Behavior\ContentReplaceBehavior [ RunTime:0.000000s ]
INFO: [ template_filter ] --END-- [ RunTime:0.000000s ]
INFO: Run Behavior\ParseTemplateBehavior [ RunTime:0.014001s ]
INFO: [ view_parse ] --END-- [ RunTime:0.014001s ]
INFO: [ view_filter ] --START--
INFO: Run Behavior\WriteHtmlCacheBehavior [ RunTime:0.001000s ]
INFO: [ view_filter ] --END-- [ RunTime:0.001000s ]
INFO: [ app_end ] --START--
INFO: Run Behavior\ShowPageTraceBehavior [ RunTime:0.002000s ]
INFO: [ app_end ] --END-- [ RunTime:0.002000s ]

[ 2016-07-10T14:35:27+08:00 ] ::1 /exam/index.php/home/login/check
INFO: [ app_begin ] --START--
INFO: Run Behavior\ReadHtmlCacheBehavior [ RunTime:0.002001s ]
INFO: [ app_begin ] --END-- [ RunTime:0.003001s ]
NOTIC: [2048] Declaration of Home\Model\UserModel::check() should be compatible with Think\Model::check($value, $rule, $type = 'regex') D:\myenv\UPUPW_AP5.4\htdocs\exam\App\Home\Model\UserModel.class.php 第 5 行.
SQL: SHOW COLUMNS FROM `tp_user` [ RunTime:0.0020s ]
SQL: SHOW COLUMNS FROM `tp_user` [ RunTime:0.0010s ]
SQL: SELECT * FROM `tp_user` WHERE `stunum` = 123456789 AND `pw` = '123456789'  [ RunTime:0.0000s ]

[ 2016-07-10T14:35:27+08:00 ] ::1 /exam/index.php/home/index/index
INFO: [ app_begin ] --START--
INFO: Run Behavior\ReadHtmlCacheBehavior [ RunTime:0.004001s ]
INFO: [ app_begin ] --END-- [ RunTime:0.005001s ]
SQL: SHOW COLUMNS FROM `tp_question` [ RunTime:0.0010s ]
SQL: SHOW COLUMNS FROM `tp_question` [ RunTime:0.0010s ]
SQL: SELECT * FROM `tp_question` ORDER BY rand() LIMIT 10   [ RunTime:0.0010s ]
NOTIC: [8] Undefined variable: str D:\myenv\UPUPW_AP5.4\htdocs\exam\App\Home\Controller\IndexController.class.php 第 36 行.
INFO: [ view_parse ] --START--
INFO: [ template_filter ] --START--
INFO: Run Behavior\ContentReplaceBehavior [ RunTime:0.000000s ]
INFO: [ template_filter ] --END-- [ RunTime:0.000000s ]
INFO: Run Behavior\ParseTemplateBehavior [ RunTime:0.014001s ]
INFO: [ view_parse ] --END-- [ RunTime:0.014001s ]
INFO: [ view_filter ] --START--
INFO: Run Behavior\WriteHtmlCacheBehavior [ RunTime:0.001000s ]
INFO: [ view_filter ] --END-- [ RunTime:0.001000s ]
INFO: [ app_end ] --START--
INFO: Run Behavior\ShowPageTraceBehavior [ RunTime:0.002000s ]
INFO: [ app_end ] --END-- [ RunTime:0.002000s ]

[ 2016-07-10T14:42:51+08:00 ] ::1 /exam/index.php/home/login/check
INFO: [ app_begin ] --START--
INFO: Run Behavior\ReadHtmlCacheBehavior [ RunTime:0.003000s ]
INFO: [ app_begin ] --END-- [ RunTime:0.004001s ]
NOTIC: [2048] Declaration of Home\Model\UserModel::check() should be compatible with Think\Model::check($value, $rule, $type = 'regex') D:\myenv\UPUPW_AP5.4\htdocs\exam\App\Home\Model\UserModel.class.php 第 5 行.
SQL: SHOW COLUMNS FROM `tp_user` [ RunTime:0.0020s ]
SQL: SHOW COLUMNS FROM `tp_user` [ RunTime:0.0020s ]
SQL: SELECT * FROM `tp_user` WHERE `stunum` = 123456789 AND `pw` = '123456789'  [ RunTime:0.0000s ]

[ 2016-07-10T14:42:51+08:00 ] ::1 /exam/index.php/home/index/index
INFO: [ app_begin ] --START--
INFO: Run Behavior\ReadHtmlCacheBehavior [ RunTime:0.003000s ]
INFO: [ app_begin ] --END-- [ RunTime:0.004000s ]
SQL: SHOW COLUMNS FROM `tp_question` [ RunTime:0.0010s ]
SQL: SHOW COLUMNS FROM `tp_question` [ RunTime:0.0010s ]
SQL: SELECT * FROM `tp_question` ORDER BY rand() LIMIT 10   [ RunTime:0.0000s ]
NOTIC: [8] Undefined variable: str D:\myenv\UPUPW_AP5.4\htdocs\exam\App\Home\Controller\IndexController.class.php 第 35 行.
INFO: [ view_parse ] --START--
INFO: [ template_filter ] --START--
INFO: Run Behavior\ContentReplaceBehavior [ RunTime:0.000000s ]
INFO: [ template_filter ] --END-- [ RunTime:0.001000s ]
INFO: Run Behavior\ParseTemplateBehavior [ RunTime:0.013001s ]
INFO: [ view_parse ] --END-- [ RunTime:0.013001s ]
INFO: [ view_filter ] --START--
INFO: Run Behavior\WriteHtmlCacheBehavior [ RunTime:0.002000s ]
INFO: [ view_filter ] --END-- [ RunTime:0.002000s ]
INFO: [ app_end ] --START--
INFO: Run Behavior\ShowPageTraceBehavior [ RunTime:0.004000s ]
INFO: [ app_end ] --END-- [ RunTime:0.004000s ]

[ 2016-07-10T15:57:59+08:00 ] ::1 /exam/index.php/home/login/check_ajax
INFO: [ app_begin ] --START--
INFO: Run Behavior\ReadHtmlCacheBehavior [ RunTime:0.002000s ]
INFO: [ app_begin ] --END-- [ RunTime:0.002000s ]
NOTIC: [2048] Declaration of Home\Model\UserModel::check() should be compatible with Think\Model::check($value, $rule, $type = 'regex') D:\myenv\UPUPW_AP5.4\htdocs\exam\App\Home\Model\UserModel.class.php 第 5 行.
SQL: SHOW COLUMNS FROM `tp_user` [ RunTime:0.0010s ]
SQL: SHOW COLUMNS FROM `tp_user` [ RunTime:0.0010s ]
SQL: SELECT * FROM `tp_user` WHERE `stunum` = 123456789  [ RunTime:0.0000s ]

[ 2016-07-10T15:58:02+08:00 ] ::1 /exam/index.php/home/login/check
INFO: [ app_begin ] --START--
INFO: Run Behavior\ReadHtmlCacheBehavior [ RunTime:0.003001s ]
INFO: [ app_begin ] --END-- [ RunTime:0.003001s ]
NOTIC: [2048] Declaration of Home\Model\UserModel::check() should be compatible with Think\Model::check($value, $rule, $type = 'regex') D:\myenv\UPUPW_AP5.4\htdocs\exam\App\Home\Model\UserModel.class.php 第 5 行.
SQL: SHOW COLUMNS FROM `tp_user` [ RunTime:0.0020s ]
SQL: SHOW COLUMNS FROM `tp_user` [ RunTime:0.0020s ]
SQL: SELECT * FROM `tp_user` WHERE `stunum` = 123456789 AND `pw` = '123456789'  [ RunTime:0.0000s ]

[ 2016-07-10T16:16:49+08:00 ] ::1 /exam/index.php/home/login/check
INFO: [ app_begin ] --START--
INFO: Run Behavior\ReadHtmlCacheBehavior [ RunTime:0.002000s ]
INFO: [ app_begin ] --END-- [ RunTime:0.003000s ]
NOTIC: [2048] Declaration of Home\Model\UserModel::check() should be compatible with Think\Model::check($value, $rule, $type = 'regex') D:\myenv\UPUPW_AP5.4\htdocs\exam\App\Home\Model\UserModel.class.php 第 5 行.
SQL: SHOW COLUMNS FROM `tp_user` [ RunTime:0.0010s ]
SQL: SHOW COLUMNS FROM `tp_user` [ RunTime:0.0010s ]
SQL: SELECT * FROM `tp_user` WHERE `stunum` = 123456789 AND `pw` = '123456789'  [ RunTime:0.0000s ]

[ 2016-07-10T16:18:47+08:00 ] ::1 /exam/index.php/home/login/check
INFO: [ app_begin ] --START--
INFO: Run Behavior\ReadHtmlCacheBehavior [ RunTime:0.003001s ]
INFO: [ app_begin ] --END-- [ RunTime:0.003001s ]
NOTIC: [2048] Declaration of Home\Model\UserModel::check() should be compatible with Think\Model::check($value, $rule, $type = 'regex') D:\myenv\UPUPW_AP5.4\htdocs\exam\App\Home\Model\UserModel.class.php 第 5 行.
SQL: SHOW COLUMNS FROM `tp_user` [ RunTime:0.0020s ]
SQL: SHOW COLUMNS FROM `tp_user` [ RunTime:0.0010s ]
SQL: SELECT * FROM `tp_user` WHERE `stunum` = 123456789 AND `pw` = '123456789'  [ RunTime:0.0000s ]

[ 2016-07-10T16:55:11+08:00 ] ::1 /exam/index.php/home/login/check
INFO: [ app_begin ] --START--
INFO: Run Behavior\ReadHtmlCacheBehavior [ RunTime:0.002001s ]
INFO: [ app_begin ] --END-- [ RunTime:0.003001s ]
NOTIC: [2048] Declaration of Home\Model\UserModel::check() should be compatible with Think\Model::check($value, $rule, $type = 'regex') D:\myenv\UPUPW_AP5.4\htdocs\exam\App\Home\Model\UserModel.class.php 第 5 行.
SQL: SHOW COLUMNS FROM `tp_user` [ RunTime:0.0010s ]
SQL: SHOW COLUMNS FROM `tp_user` [ RunTime:0.0010s ]
SQL: SELECT * FROM `tp_user` WHERE `stunum` = 0 AND `pw` = '123456789'  [ RunTime:0.0000s ]
NOTIC: [8] Undefined offset: 0 D:\myenv\UPUPW_AP5.4\htdocs\exam\App\Home\Model\UserModel.class.php 第 28 行.
SQL: SELECT * FROM `tp_user` WHERE `stunum` = 0  [ RunTime:0.0010s ]
NOTIC: [8] Undefined offset: 0 D:\myenv\UPUPW_AP5.4\htdocs\exam\App\Home\Model\UserModel.class.php 第 39 行.

[ 2016-07-10T16:55:16+08:00 ] ::1 /exam/index.php/home/login/check
INFO: [ app_begin ] --START--
INFO: Run Behavior\ReadHtmlCacheBehavior [ RunTime:0.002000s ]
INFO: [ app_begin ] --END-- [ RunTime:0.003000s ]
NOTIC: [2048] Declaration of Home\Model\UserModel::check() should be compatible with Think\Model::check($value, $rule, $type = 'regex') D:\myenv\UPUPW_AP5.4\htdocs\exam\App\Home\Model\UserModel.class.php 第 5 行.
SQL: SHOW COLUMNS FROM `tp_user` [ RunTime:0.0010s ]
SQL: SHOW COLUMNS FROM `tp_user` [ RunTime:0.0010s ]
SQL: SELECT * FROM `tp_user` WHERE `stunum` = 0 AND `pw` = '123456789'  [ RunTime:0.0000s ]
NOTIC: [8] Undefined offset: 0 D:\myenv\UPUPW_AP5.4\htdocs\exam\App\Home\Model\UserModel.class.php 第 28 行.
SQL: SELECT * FROM `tp_user` WHERE `stunum` = 0  [ RunTime:0.0010s ]
NOTIC: [8] Undefined offset: 0 D:\myenv\UPUPW_AP5.4\htdocs\exam\App\Home\Model\UserModel.class.php 第 39 行.

[ 2016-07-10T16:55:21+08:00 ] ::1 /exam/index.php/home/login/check
INFO: [ app_begin ] --START--
INFO: Run Behavior\ReadHtmlCacheBehavior [ RunTime:0.003000s ]
INFO: [ app_begin ] --END-- [ RunTime:0.004000s ]
NOTIC: [2048] Declaration of Home\Model\UserModel::check() should be compatible with Think\Model::check($value, $rule, $type = 'regex') D:\myenv\UPUPW_AP5.4\htdocs\exam\App\Home\Model\UserModel.class.php 第 5 行.
SQL: SHOW COLUMNS FROM `tp_user` [ RunTime:0.0020s ]
SQL: SHOW COLUMNS FROM `tp_user` [ RunTime:0.0010s ]
SQL: SELECT * FROM `tp_user` WHERE `stunum` = 0 AND `pw` = '123456789'  [ RunTime:0.0000s ]
NOTIC: [8] Undefined offset: 0 D:\myenv\UPUPW_AP5.4\htdocs\exam\App\Home\Model\UserModel.class.php 第 28 行.
SQL: SELECT * FROM `tp_user` WHERE `stunum` = 0  [ RunTime:0.0000s ]
NOTIC: [8] Undefined offset: 0 D:\myenv\UPUPW_AP5.4\htdocs\exam\App\Home\Model\UserModel.class.php 第 39 行.

[ 2016-07-10T16:55:33+08:00 ] ::1 /exam/index.php/home/login/check_ajax
INFO: [ app_begin ] --START--
INFO: Run Behavior\ReadHtmlCacheBehavior [ RunTime:0.002000s ]
INFO: [ app_begin ] --END-- [ RunTime:0.002000s ]
NOTIC: [2048] Declaration of Home\Model\UserModel::check() should be compatible with Think\Model::check($value, $rule, $type = 'regex') D:\myenv\UPUPW_AP5.4\htdocs\exam\App\Home\Model\UserModel.class.php 第 5 行.
SQL: SHOW COLUMNS FROM `tp_user` [ RunTime:0.0010s ]
SQL: SHOW COLUMNS FROM `tp_user` [ RunTime:0.0010s ]
SQL: SELECT * FROM `tp_user` WHERE `stunum` = 0  [ RunTime:0.0000s ]
NOTIC: [8] Undefined offset: 0 D:\myenv\UPUPW_AP5.4\htdocs\exam\App\Home\Model\UserModel.class.php 第 10 行.

[ 2016-07-10T16:55:36+08:00 ] ::1 /exam/index.php/home/login/check_ajax
INFO: [ app_begin ] --START--
INFO: Run Behavior\ReadHtmlCacheBehavior [ RunTime:0.002000s ]
INFO: [ app_begin ] --END-- [ RunTime:0.003000s ]
NOTIC: [2048] Declaration of Home\Model\UserModel::check() should be compatible with Think\Model::check($value, $rule, $type = 'regex') D:\myenv\UPUPW_AP5.4\htdocs\exam\App\Home\Model\UserModel.class.php 第 5 行.
SQL: SHOW COLUMNS FROM `tp_user` [ RunTime:0.1180s ]
SQL: SHOW COLUMNS FROM `tp_user` [ RunTime:0.0050s ]
SQL: SELECT * FROM `tp_user` WHERE `stunum` = 0  [ RunTime:0.0010s ]
NOTIC: [8] Undefined offset: 0 D:\myenv\UPUPW_AP5.4\htdocs\exam\App\Home\Model\UserModel.class.php 第 10 行.

[ 2016-07-10T16:55:36+08:00 ] ::1 /exam/index.php/home/login/check_ajax
INFO: [ app_begin ] --START--
INFO: Run Behavior\ReadHtmlCacheBehavior [ RunTime:0.002000s ]
INFO: [ app_begin ] --END-- [ RunTime:0.002000s ]
NOTIC: [2048] Declaration of Home\Model\UserModel::check() should be compatible with Think\Model::check($value, $rule, $type = 'regex') D:\myenv\UPUPW_AP5.4\htdocs\exam\App\Home\Model\UserModel.class.php 第 5 行.
SQL: SHOW COLUMNS FROM `tp_user` [ RunTime:0.0010s ]
SQL: SHOW COLUMNS FROM `tp_user` [ RunTime:0.0010s ]
SQL: SELECT * FROM `tp_user` WHERE `stunum` = 0  [ RunTime:0.0000s ]
NOTIC: [8] Undefined offset: 0 D:\myenv\UPUPW_AP5.4\htdocs\exam\App\Home\Model\UserModel.class.php 第 10 行.

[ 2016-07-10T16:55:37+08:00 ] ::1 /exam/index.php/home/login/check_ajax
INFO: [ app_begin ] --START--
INFO: Run Behavior\ReadHtmlCacheBehavior [ RunTime:0.002000s ]
INFO: [ app_begin ] --END-- [ RunTime:0.002000s ]
NOTIC: [2048] Declaration of Home\Model\UserModel::check() should be compatible with Think\Model::check($value, $rule, $type = 'regex') D:\myenv\UPUPW_AP5.4\htdocs\exam\App\Home\Model\UserModel.class.php 第 5 行.
SQL: SHOW COLUMNS FROM `tp_user` [ RunTime:0.0010s ]
SQL: SHOW COLUMNS FROM `tp_user` [ RunTime:0.0010s ]
SQL: SELECT * FROM `tp_user` WHERE `stunum` = 0  [ RunTime:0.0000s ]
NOTIC: [8] Undefined offset: 0 D:\myenv\UPUPW_AP5.4\htdocs\exam\App\Home\Model\UserModel.class.php 第 10 行.

[ 2016-07-10T16:56:10+08:00 ] ::1 /exam/index.php/home/login/check_ajax
INFO: [ app_begin ] --START--
INFO: Run Behavior\ReadHtmlCacheBehavior [ RunTime:0.002000s ]
INFO: [ app_begin ] --END-- [ RunTime:0.003000s ]
NOTIC: [2048] Declaration of Home\Model\UserModel::check() should be compatible with Think\Model::check($value, $rule, $type = 'regex') D:\myenv\UPUPW_AP5.4\htdocs\exam\App\Home\Model\UserModel.class.php 第 5 行.
SQL: SHOW COLUMNS FROM `tp_user` [ RunTime:0.0020s ]
SQL: SHOW COLUMNS FROM `tp_user` [ RunTime:0.0020s ]
SQL: SELECT * FROM `tp_user` WHERE `stunum` = 0  [ RunTime:0.0000s ]
NOTIC: [8] Undefined offset: 0 D:\myenv\UPUPW_AP5.4\htdocs\exam\App\Home\Model\UserModel.class.php 第 10 行.

[ 2016-07-10T16:56:12+08:00 ] ::1 /exam/index.php/home/login/check_ajax
INFO: [ app_begin ] --START--
INFO: Run Behavior\ReadHtmlCacheBehavior [ RunTime:0.003001s ]
INFO: [ app_begin ] --END-- [ RunTime:0.004001s ]
NOTIC: [2048] Declaration of Home\Model\UserModel::check() should be compatible with Think\Model::check($value, $rule, $type = 'regex') D:\myenv\UPUPW_AP5.4\htdocs\exam\App\Home\Model\UserModel.class.php 第 5 行.
SQL: SHOW COLUMNS FROM `tp_user` [ RunTime:0.0010s ]
SQL: SHOW COLUMNS FROM `tp_user` [ RunTime:0.0010s ]
SQL: SELECT * FROM `tp_user` WHERE `stunum` = 0  [ RunTime:0.0000s ]
NOTIC: [8] Undefined offset: 0 D:\myenv\UPUPW_AP5.4\htdocs\exam\App\Home\Model\UserModel.class.php 第 10 行.

[ 2016-07-10T16:56:19+08:00 ] ::1 /exam/index.php/home/login/check_ajax
INFO: [ app_begin ] --START--
INFO: Run Behavior\ReadHtmlCacheBehavior [ RunTime:0.002000s ]
INFO: [ app_begin ] --END-- [ RunTime:0.003000s ]
NOTIC: [2048] Declaration of Home\Model\UserModel::check() should be compatible with Think\Model::check($value, $rule, $type = 'regex') D:\myenv\UPUPW_AP5.4\htdocs\exam\App\Home\Model\UserModel.class.php 第 5 行.
SQL: SHOW COLUMNS FROM `tp_user` [ RunTime:0.0010s ]
SQL: SHOW COLUMNS FROM `tp_user` [ RunTime:0.0010s ]
SQL: SELECT * FROM `tp_user` WHERE `stunum` = 0  [ RunTime:0.0000s ]
NOTIC: [8] Undefined offset: 0 D:\myenv\UPUPW_AP5.4\htdocs\exam\App\Home\Model\UserModel.class.php 第 10 行.

[ 2016-07-10T16:58:44+08:00 ] ::1 /exam/index.php/home/index/test
ERR: 1146:Table 'exam.tp_use' doesn't exist
 [ SQL语句 ] : SHOW COLUMNS FROM `tp_use`

[ 2016-07-10T16:59:20+08:00 ] ::1 /exam/index.php/home/login/check_ajax
INFO: [ app_begin ] --START--
INFO: Run Behavior\ReadHtmlCacheBehavior [ RunTime:0.002000s ]
INFO: [ app_begin ] --END-- [ RunTime:0.003000s ]
NOTIC: [2048] Declaration of Home\Model\UserModel::check() should be compatible with Think\Model::check($value, $rule, $type = 'regex') D:\myenv\UPUPW_AP5.4\htdocs\exam\App\Home\Model\UserModel.class.php 第 5 行.
SQL: SHOW COLUMNS FROM `tp_user` [ RunTime:0.0010s ]
SQL: SHOW COLUMNS FROM `tp_user` [ RunTime:0.0010s ]
SQL: SELECT * FROM `tp_user` WHERE `stunum` = 0  [ RunTime:0.0010s ]
NOTIC: [8] Undefined offset: 0 D:\myenv\UPUPW_AP5.4\htdocs\exam\App\Home\Model\UserModel.class.php 第 10 行.

[ 2016-07-10T17:05:04+08:00 ] ::1 /exam/index.php/home/login/check_ajax
INFO: [ app_begin ] --START--
INFO: Run Behavior\ReadHtmlCacheBehavior [ RunTime:0.002000s ]
INFO: [ app_begin ] --END-- [ RunTime:0.003000s ]
NOTIC: [2048] Declaration of Home\Model\UserModel::check() should be compatible with Think\Model::check($value, $rule, $type = 'regex') D:\myenv\UPUPW_AP5.4\htdocs\exam\App\Home\Model\UserModel.class.php 第 5 行.
SQL: SHOW COLUMNS FROM `tp_user` [ RunTime:0.0010s ]
SQL: SHOW COLUMNS FROM `tp_user` [ RunTime:0.0010s ]
SQL: SELECT * FROM `tp_user` WHERE `stunum` = 123456789  [ RunTime:0.0000s ]

[ 2016-07-10T17:05:08+08:00 ] ::1 /exam/index.php/home/login/check
INFO: [ app_begin ] --START--
INFO: Run Behavior\ReadHtmlCacheBehavior [ RunTime:0.002001s ]
INFO: [ app_begin ] --END-- [ RunTime:0.003001s ]
NOTIC: [2048] Declaration of Home\Model\UserModel::check() should be compatible with Think\Model::check($value, $rule, $type = 'regex') D:\myenv\UPUPW_AP5.4\htdocs\exam\App\Home\Model\UserModel.class.php 第 5 行.
SQL: SHOW COLUMNS FROM `tp_user` [ RunTime:0.0020s ]
SQL: SHOW COLUMNS FROM `tp_user` [ RunTime:0.0010s ]
SQL: SELECT * FROM `tp_user` WHERE `stunum` = 123456789 AND `pw` = '123456789'  [ RunTime:0.0000s ]

[ 2016-07-10T17:10:27+08:00 ] ::1 /exam/index.php/home/index/index?stunum=123456789
ERR: 1062:Duplicate entry '123456789' for key 'stunum'
 [ SQL语句 ] : INSERT INTO `tp_exam` (`stunum`,`question_id`,`answer_order`,`end_time`) VALUES ('123456789','1310212017151811112','4,1,2,3,2,4,3,1,2,3,1,4,3,4,2,1,1,2,3,4,2,3,1,4,1,2,4,3,1,4,2,3,3,2,1,4,1,4,2,3,','1468149027')

[ 2016-07-10T17:10:51+08:00 ] ::1 /exam/index.php/home/index/index?stunum=123456789
ERR: 1062:Duplicate entry '123456789' for key 'stunum'
 [ SQL语句 ] : INSERT INTO `tp_exam` (`stunum`,`question_id`,`answer_order`,`end_time`) VALUES ('123456789','10161213151811732','4,2,1,3,3,4,1,2,4,1,3,2,3,4,2,1,4,3,1,2,1,3,4,2,4,3,2,1,2,4,1,3,1,2,3,4,1,3,4,2,','1468149051')

[ 2016-07-10T17:11:49+08:00 ] ::1 /exam/index.php/home/login/check_ajax
INFO: [ app_begin ] --START--
INFO: Run Behavior\ReadHtmlCacheBehavior [ RunTime:0.003000s ]
INFO: [ app_begin ] --END-- [ RunTime:0.004000s ]
NOTIC: [2048] Declaration of Home\Model\UserModel::check() should be compatible with Think\Model::check($value, $rule, $type = 'regex') D:\myenv\UPUPW_AP5.4\htdocs\exam\App\Home\Model\UserModel.class.php 第 5 行.
SQL: SHOW COLUMNS FROM `tp_user` [ RunTime:0.0020s ]
SQL: SHOW COLUMNS FROM `tp_user` [ RunTime:0.0010s ]
SQL: SELECT * FROM `tp_user` WHERE `stunum` = 0  [ RunTime:0.0000s ]
NOTIC: [8] Undefined offset: 0 D:\myenv\UPUPW_AP5.4\htdocs\exam\App\Home\Model\UserModel.class.php 第 10 行.

[ 2016-07-10T17:11:50+08:00 ] ::1 /exam/index.php/home/login/check_ajax
INFO: [ app_begin ] --START--
INFO: Run Behavior\ReadHtmlCacheBehavior [ RunTime:0.002000s ]
INFO: [ app_begin ] --END-- [ RunTime:0.003000s ]
NOTIC: [2048] Declaration of Home\Model\UserModel::check() should be compatible with Think\Model::check($value, $rule, $type = 'regex') D:\myenv\UPUPW_AP5.4\htdocs\exam\App\Home\Model\UserModel.class.php 第 5 行.
SQL: SHOW COLUMNS FROM `tp_user` [ RunTime:0.0020s ]
SQL: SHOW COLUMNS FROM `tp_user` [ RunTime:0.0010s ]
SQL: SELECT * FROM `tp_user` WHERE `stunum` = 0  [ RunTime:0.0000s ]
NOTIC: [8] Undefined offset: 0 D:\myenv\UPUPW_AP5.4\htdocs\exam\App\Home\Model\UserModel.class.php 第 10 行.

[ 2016-07-10T17:11:55+08:00 ] ::1 /exam/index.php/home/login/check_ajax
INFO: [ app_begin ] --START--
INFO: Run Behavior\ReadHtmlCacheBehavior [ RunTime:0.002000s ]
INFO: [ app_begin ] --END-- [ RunTime:0.002000s ]
NOTIC: [2048] Declaration of Home\Model\UserModel::check() should be compatible with Think\Model::check($value, $rule, $type = 'regex') D:\myenv\UPUPW_AP5.4\htdocs\exam\App\Home\Model\UserModel.class.php 第 5 行.
SQL: SHOW COLUMNS FROM `tp_user` [ RunTime:0.0010s ]
SQL: SHOW COLUMNS FROM `tp_user` [ RunTime:0.0010s ]
SQL: SELECT * FROM `tp_user` WHERE `stunum` = 0  [ RunTime:0.0010s ]
NOTIC: [8] Undefined offset: 0 D:\myenv\UPUPW_AP5.4\htdocs\exam\App\Home\Model\UserModel.class.php 第 10 行.

[ 2016-07-10T17:14:29+08:00 ] ::1 /exam/index.php/home/login/check_ajax
INFO: [ app_begin ] --START--
INFO: Run Behavior\ReadHtmlCacheBehavior [ RunTime:0.002000s ]
INFO: [ app_begin ] --END-- [ RunTime:0.003000s ]
NOTIC: [2048] Declaration of Home\Model\UserModel::check() should be compatible with Think\Model::check($value, $rule, $type = 'regex') D:\myenv\UPUPW_AP5.4\htdocs\exam\App\Home\Model\UserModel.class.php 第 5 行.
SQL: SHOW COLUMNS FROM `tp_user` [ RunTime:0.0020s ]
SQL: SHOW COLUMNS FROM `tp_user` [ RunTime:0.0010s ]
SQL: SELECT * FROM `tp_user` WHERE `stunum` = 12345678  [ RunTime:0.0000s ]

[ 2016-07-10T17:14:32+08:00 ] ::1 /exam/index.php/home/login/check_ajax
INFO: [ app_begin ] --START--
INFO: Run Behavior\ReadHtmlCacheBehavior [ RunTime:0.002000s ]
INFO: [ app_begin ] --END-- [ RunTime:0.003000s ]
NOTIC: [2048] Declaration of Home\Model\UserModel::check() should be compatible with Think\Model::check($value, $rule, $type = 'regex') D:\myenv\UPUPW_AP5.4\htdocs\exam\App\Home\Model\UserModel.class.php 第 5 行.
SQL: SHOW COLUMNS FROM `tp_user` [ RunTime:0.0010s ]
SQL: SHOW COLUMNS FROM `tp_user` [ RunTime:0.0010s ]
SQL: SELECT * FROM `tp_user` WHERE `stunum` = 123456789  [ RunTime:0.0010s ]

[ 2016-07-10T17:14:41+08:00 ] ::1 /exam/index.php/home/login/check
INFO: [ app_begin ] --START--
INFO: Run Behavior\ReadHtmlCacheBehavior [ RunTime:0.002000s ]
INFO: [ app_begin ] --END-- [ RunTime:0.003000s ]
NOTIC: [2048] Declaration of Home\Model\UserModel::check() should be compatible with Think\Model::check($value, $rule, $type = 'regex') D:\myenv\UPUPW_AP5.4\htdocs\exam\App\Home\Model\UserModel.class.php 第 5 行.
SQL: SHOW COLUMNS FROM `tp_user` [ RunTime:0.0010s ]
SQL: SHOW COLUMNS FROM `tp_user` [ RunTime:0.0010s ]
SQL: SELECT * FROM `tp_user` WHERE `stunum` = 123456789 AND `pw` = '123456789'  [ RunTime:0.0000s ]

[ 2016-07-10T17:14:41+08:00 ] ::1 /exam/index.php/home/index/index?stunum=123456789
ERR: 1048:Column 'stunum' cannot be null
 [ SQL语句 ] : INSERT INTO `tp_exam` (`stunum`,`question_id`,`answer_order`,`end_time`) VALUES (NULL,'21514193171218131','2,1,4,3,1,3,2,4,1,3,2,4,1,2,3,4,2,4,3,1,3,1,4,2,1,3,4,2,4,3,1,2,2,1,3,4,4,3,2,1,','1468149281')

[ 2016-07-10T17:14:45+08:00 ] ::1 /exam/index.php/home/login/check_ajax
INFO: [ app_begin ] --START--
INFO: Run Behavior\ReadHtmlCacheBehavior [ RunTime:0.002000s ]
INFO: [ app_begin ] --END-- [ RunTime:0.003000s ]
NOTIC: [2048] Declaration of Home\Model\UserModel::check() should be compatible with Think\Model::check($value, $rule, $type = 'regex') D:\myenv\UPUPW_AP5.4\htdocs\exam\App\Home\Model\UserModel.class.php 第 5 行.
SQL: SHOW COLUMNS FROM `tp_user` [ RunTime:0.0010s ]
SQL: SHOW COLUMNS FROM `tp_user` [ RunTime:0.0010s ]
SQL: SELECT * FROM `tp_user` WHERE `stunum` = 123456789  [ RunTime:0.0000s ]

[ 2016-07-10T17:14:49+08:00 ] ::1 /exam/index.php/home/login/check
INFO: [ app_begin ] --START--
INFO: Run Behavior\ReadHtmlCacheBehavior [ RunTime:0.002000s ]
INFO: [ app_begin ] --END-- [ RunTime:0.003000s ]
NOTIC: [2048] Declaration of Home\Model\UserModel::check() should be compatible with Think\Model::check($value, $rule, $type = 'regex') D:\myenv\UPUPW_AP5.4\htdocs\exam\App\Home\Model\UserModel.class.php 第 5 行.
SQL: SHOW COLUMNS FROM `tp_user` [ RunTime:0.0010s ]
SQL: SHOW COLUMNS FROM `tp_user` [ RunTime:0.0010s ]
SQL: SELECT * FROM `tp_user` WHERE `stunum` = 123456789 AND `pw` = '12345678'  [ RunTime:0.0000s ]
NOTIC: [8] Undefined offset: 0 D:\myenv\UPUPW_AP5.4\htdocs\exam\App\Home\Model\UserModel.class.php 第 28 行.
SQL: SELECT * FROM `tp_user` WHERE `stunum` = 123456789  [ RunTime:0.0000s ]
SQL: UPDATE `tp_user` SET `err_time`='11' WHERE `id` = 1 AND `stunum` = 123456789 AND `pw` = '123456789' AND `err_time` = 10 [ RunTime:0.0000s ]

[ 2016-07-10T17:14:53+08:00 ] ::1 /exam/index.php/home/login/check_ajax
INFO: [ app_begin ] --START--
INFO: Run Behavior\ReadHtmlCacheBehavior [ RunTime:0.002000s ]
INFO: [ app_begin ] --END-- [ RunTime:0.003000s ]
NOTIC: [2048] Declaration of Home\Model\UserModel::check() should be compatible with Think\Model::check($value, $rule, $type = 'regex') D:\myenv\UPUPW_AP5.4\htdocs\exam\App\Home\Model\UserModel.class.php 第 5 行.
SQL: SHOW COLUMNS FROM `tp_user` [ RunTime:0.0010s ]
SQL: SHOW COLUMNS FROM `tp_user` [ RunTime:0.0010s ]
SQL: SELECT * FROM `tp_user` WHERE `stunum` = 12345678  [ RunTime:0.0000s ]

[ 2016-07-10T17:14:53+08:00 ] ::1 /exam/index.php/home/login/check
INFO: [ app_begin ] --START--
INFO: Run Behavior\ReadHtmlCacheBehavior [ RunTime:0.003000s ]
INFO: [ app_begin ] --END-- [ RunTime:0.005000s ]
NOTIC: [2048] Declaration of Home\Model\UserModel::check() should be compatible with Think\Model::check($value, $rule, $type = 'regex') D:\myenv\UPUPW_AP5.4\htdocs\exam\App\Home\Model\UserModel.class.php 第 5 行.
SQL: SHOW COLUMNS FROM `tp_user` [ RunTime:0.0010s ]
SQL: SHOW COLUMNS FROM `tp_user` [ RunTime:0.0010s ]
SQL: SELECT * FROM `tp_user` WHERE `stunum` = 12345678 AND `pw` = '12345678'  [ RunTime:0.0000s ]

[ 2016-07-10T17:14:53+08:00 ] ::1 /exam/index.php/home/index/index?stunum=12345678
ERR: 1048:Column 'stunum' cannot be null
 [ SQL语句 ] : INSERT INTO `tp_exam` (`stunum`,`question_id`,`answer_order`,`end_time`) VALUES (NULL,'211021712181315141','2,4,1,3,4,3,1,2,4,2,1,3,2,4,3,1,3,4,2,1,2,4,1,3,1,3,4,2,2,3,1,4,2,3,4,1,1,2,4,3,','1468149293')

[ 2016-07-10T17:15:18+08:00 ] ::1 /exam/index.php/home/index/index?stunum=12345678
ERR: 1048:Column 'stunum' cannot be null
 [ SQL语句 ] : INSERT INTO `tp_exam` (`stunum`,`question_id`,`answer_order`,`end_time`) VALUES (NULL,'121311141815317219','2,3,1,4,1,3,2,4,3,1,4,2,1,4,2,3,1,4,2,3,2,4,3,1,1,2,4,3,1,4,3,2,3,1,2,4,2,4,1,3,','1468149317')

[ 2016-07-10T17:15:19+08:00 ] ::1 /exam/index.php/home/index/index?stunum=12345678
ERR: 1048:Column 'stunum' cannot be null
 [ SQL语句 ] : INSERT INTO `tp_exam` (`stunum`,`question_id`,`answer_order`,`end_time`) VALUES (NULL,'131915121217182110','4,3,2,1,4,3,1,2,2,3,1,4,4,2,1,3,3,4,1,2,1,3,4,2,2,1,3,4,2,3,4,1,3,2,4,1,2,4,3,1,','1468149319')

[ 2016-07-10T17:15:24+08:00 ] ::1 /exam/index.php/home/login/check_ajax
INFO: [ app_begin ] --START--
INFO: Run Behavior\ReadHtmlCacheBehavior [ RunTime:0.003000s ]
INFO: [ app_begin ] --END-- [ RunTime:0.004000s ]
NOTIC: [2048] Declaration of Home\Model\UserModel::check() should be compatible with Think\Model::check($value, $rule, $type = 'regex') D:\myenv\UPUPW_AP5.4\htdocs\exam\App\Home\Model\UserModel.class.php 第 5 行.
SQL: SHOW COLUMNS FROM `tp_user` [ RunTime:0.0020s ]
SQL: SHOW COLUMNS FROM `tp_user` [ RunTime:0.0010s ]
SQL: SELECT * FROM `tp_user` WHERE `stunum` = 12345678  [ RunTime:0.0000s ]

[ 2016-07-10T17:15:26+08:00 ] ::1 /exam/index.php/home/login/check_ajax
INFO: [ app_begin ] --START--
INFO: Run Behavior\ReadHtmlCacheBehavior [ RunTime:0.003000s ]
INFO: [ app_begin ] --END-- [ RunTime:0.003000s ]
NOTIC: [2048] Declaration of Home\Model\UserModel::check() should be compatible with Think\Model::check($value, $rule, $type = 'regex') D:\myenv\UPUPW_AP5.4\htdocs\exam\App\Home\Model\UserModel.class.php 第 5 行.
SQL: SHOW COLUMNS FROM `tp_user` [ RunTime:0.0020s ]
SQL: SHOW COLUMNS FROM `tp_user` [ RunTime:0.0010s ]
SQL: SELECT * FROM `tp_user` WHERE `stunum` = 123456789  [ RunTime:0.0000s ]

[ 2016-07-10T17:15:30+08:00 ] ::1 /exam/index.php/home/login/check_ajax
INFO: [ app_begin ] --START--
INFO: Run Behavior\ReadHtmlCacheBehavior [ RunTime:0.002001s ]
INFO: [ app_begin ] --END-- [ RunTime:0.003001s ]
NOTIC: [2048] Declaration of Home\Model\UserModel::check() should be compatible with Think\Model::check($value, $rule, $type = 'regex') D:\myenv\UPUPW_AP5.4\htdocs\exam\App\Home\Model\UserModel.class.php 第 5 行.
SQL: SHOW COLUMNS FROM `tp_user` [ RunTime:0.0010s ]
SQL: SHOW COLUMNS FROM `tp_user` [ RunTime:0.0010s ]
SQL: SELECT * FROM `tp_user` WHERE `stunum` = 123456789  [ RunTime:0.0000s ]

[ 2016-07-10T17:15:34+08:00 ] ::1 /exam/index.php/home/login/check
INFO: [ app_begin ] --START--
INFO: Run Behavior\ReadHtmlCacheBehavior [ RunTime:0.002000s ]
INFO: [ app_begin ] --END-- [ RunTime:0.003000s ]
NOTIC: [2048] Declaration of Home\Model\UserModel::check() should be compatible with Think\Model::check($value, $rule, $type = 'regex') D:\myenv\UPUPW_AP5.4\htdocs\exam\App\Home\Model\UserModel.class.php 第 5 行.
SQL: SHOW COLUMNS FROM `tp_user` [ RunTime:0.0010s ]
SQL: SHOW COLUMNS FROM `tp_user` [ RunTime:0.0010s ]
SQL: SELECT * FROM `tp_user` WHERE `stunum` = 123456789 AND `pw` = '123456'  [ RunTime:0.0000s ]
NOTIC: [8] Undefined offset: 0 D:\myenv\UPUPW_AP5.4\htdocs\exam\App\Home\Model\UserModel.class.php 第 28 行.
SQL: SELECT * FROM `tp_user` WHERE `stunum` = 123456789  [ RunTime:0.0000s ]
SQL: UPDATE `tp_user` SET `err_time`='12' WHERE `id` = 1 AND `stunum` = 123456789 AND `pw` = '123456789' AND `err_time` = 11 [ RunTime:0.0000s ]

[ 2016-07-10T17:15:40+08:00 ] ::1 /exam/index.php/home/login/check
INFO: [ app_begin ] --START--
INFO: Run Behavior\ReadHtmlCacheBehavior [ RunTime:0.002000s ]
INFO: [ app_begin ] --END-- [ RunTime:0.003001s ]
NOTIC: [2048] Declaration of Home\Model\UserModel::check() should be compatible with Think\Model::check($value, $rule, $type = 'regex') D:\myenv\UPUPW_AP5.4\htdocs\exam\App\Home\Model\UserModel.class.php 第 5 行.
SQL: SHOW COLUMNS FROM `tp_user` [ RunTime:0.0010s ]
SQL: SHOW COLUMNS FROM `tp_user` [ RunTime:0.0010s ]
SQL: SELECT * FROM `tp_user` WHERE `stunum` = 123456789 AND `pw` = '123456789'  [ RunTime:0.0000s ]

[ 2016-07-10T17:15:40+08:00 ] ::1 /exam/index.php/home/index/index?stunum=123456789
ERR: 1062:Duplicate entry '123456789' for key 'stunum'
 [ SQL语句 ] : INSERT INTO `tp_exam` (`stunum`,`question_id`,`answer_order`,`end_time`) VALUES ('123456789','1120181421619171021','1,4,3,2,2,4,3,1,1,2,4,3,1,4,3,2,3,4,1,2,2,4,1,3,2,4,1,3,1,3,4,2,4,2,3,1,3,2,1,4,','1468149340')

[ 2016-07-10T17:15:46+08:00 ] ::1 /exam/index.php/home/login/check_ajax
INFO: [ app_begin ] --START--
INFO: Run Behavior\ReadHtmlCacheBehavior [ RunTime:0.002000s ]
INFO: [ app_begin ] --END-- [ RunTime:0.003000s ]
NOTIC: [2048] Declaration of Home\Model\UserModel::check() should be compatible with Think\Model::check($value, $rule, $type = 'regex') D:\myenv\UPUPW_AP5.4\htdocs\exam\App\Home\Model\UserModel.class.php 第 5 行.
SQL: SHOW COLUMNS FROM `tp_user` [ RunTime:0.0010s ]
SQL: SHOW COLUMNS FROM `tp_user` [ RunTime:0.0010s ]
SQL: SELECT * FROM `tp_user` WHERE `stunum` = 0  [ RunTime:0.0000s ]
NOTIC: [8] Undefined offset: 0 D:\myenv\UPUPW_AP5.4\htdocs\exam\App\Home\Model\UserModel.class.php 第 10 行.

[ 2016-07-10T17:15:47+08:00 ] ::1 /exam/index.php/home/login/check_ajax
INFO: [ app_begin ] --START--
INFO: Run Behavior\ReadHtmlCacheBehavior [ RunTime:0.002000s ]
INFO: [ app_begin ] --END-- [ RunTime:0.003001s ]
NOTIC: [2048] Declaration of Home\Model\UserModel::check() should be compatible with Think\Model::check($value, $rule, $type = 'regex') D:\myenv\UPUPW_AP5.4\htdocs\exam\App\Home\Model\UserModel.class.php 第 5 行.
SQL: SHOW COLUMNS FROM `tp_user` [ RunTime:0.0010s ]
SQL: SHOW COLUMNS FROM `tp_user` [ RunTime:0.0010s ]
SQL: SELECT * FROM `tp_user` WHERE `stunum` = 0  [ RunTime:0.0000s ]
NOTIC: [8] Undefined offset: 0 D:\myenv\UPUPW_AP5.4\htdocs\exam\App\Home\Model\UserModel.class.php 第 10 行.

[ 2016-07-10T17:16:00+08:00 ] ::1 /exam/index.php/home/login/check_ajax
INFO: [ app_begin ] --START--
INFO: Run Behavior\ReadHtmlCacheBehavior [ RunTime:0.003000s ]
INFO: [ app_begin ] --END-- [ RunTime:0.003000s ]
NOTIC: [2048] Declaration of Home\Model\UserModel::check() should be compatible with Think\Model::check($value, $rule, $type = 'regex') D:\myenv\UPUPW_AP5.4\htdocs\exam\App\Home\Model\UserModel.class.php 第 5 行.
SQL: SHOW COLUMNS FROM `tp_user` [ RunTime:0.0150s ]
SQL: SHOW COLUMNS FROM `tp_user` [ RunTime:0.0010s ]
SQL: SELECT * FROM `tp_user` WHERE `stunum` = 0  [ RunTime:0.0000s ]
NOTIC: [8] Undefined offset: 0 D:\myenv\UPUPW_AP5.4\htdocs\exam\App\Home\Model\UserModel.class.php 第 10 行.

[ 2016-07-10T17:25:18+08:00 ] ::1 /exam/index.php/home/login/check_ajax
INFO: [ app_begin ] --START--
INFO: Run Behavior\ReadHtmlCacheBehavior [ RunTime:0.003000s ]
INFO: [ app_begin ] --END-- [ RunTime:0.005000s ]
NOTIC: [2048] Declaration of Home\Model\UserModel::check() should be compatible with Think\Model::check($value, $rule, $type = 'regex') D:\myenv\UPUPW_AP5.4\htdocs\exam\App\Home\Model\UserModel.class.php 第 5 行.
SQL: SHOW COLUMNS FROM `tp_user` [ RunTime:0.0010s ]
SQL: SHOW COLUMNS FROM `tp_user` [ RunTime:0.0010s ]
SQL: SELECT * FROM `tp_user` WHERE `stunum` = 12345678  [ RunTime:0.0010s ]

[ 2016-07-10T17:25:23+08:00 ] ::1 /exam/index.php/home/login/check
INFO: [ app_begin ] --START--
INFO: Run Behavior\ReadHtmlCacheBehavior [ RunTime:0.002000s ]
INFO: [ app_begin ] --END-- [ RunTime:0.003000s ]
NOTIC: [2048] Declaration of Home\Model\UserModel::check() should be compatible with Think\Model::check($value, $rule, $type = 'regex') D:\myenv\UPUPW_AP5.4\htdocs\exam\App\Home\Model\UserModel.class.php 第 5 行.
SQL: SHOW COLUMNS FROM `tp_user` [ RunTime:0.0010s ]
SQL: SHOW COLUMNS FROM `tp_user` [ RunTime:0.0010s ]
SQL: SELECT * FROM `tp_user` WHERE `stunum` = 12345678 AND `pw` = '12345678'  [ RunTime:0.0000s ]

[ 2016-07-10T17:25:51+08:00 ] ::1 /exam/index.php/home/index/index?stunum=12345678
ERR: 1062:Duplicate entry '12345678' for key 'stunum'
 [ SQL语句 ] : INSERT INTO `tp_exam` (`stunum`,`question_id`,`answer_order`,`end_time`) VALUES ('12345678','101931617142151213','3,1,4,2,4,1,2,3,2,3,1,4,2,4,1,3,1,2,4,3,4,3,1,2,2,3,4,1,1,2,4,3,3,1,4,2,2,1,4,3,','1468149951')

[ 2016-07-10T17:43:27+08:00 ] 192.168.1.122 /exam/
ERR: 1048:Column 'stunum' cannot be null
 [ SQL语句 ] : INSERT INTO `tp_exam` (`stunum`,`question_id`,`answer_order`,`end_time`) VALUES (NULL,'114162117201231315','1,4,2,3,3,4,2,1,4,3,1,2,2,1,3,4,1,3,4,2,3,2,4,1,2,3,1,4,1,2,4,3,1,2,3,4,1,4,3,2,','1468151007')

[ 2016-07-10T17:47:22+08:00 ] ::1 /exam/index.php/home/index/index?stunum=12345678
ERR: 1062:Duplicate entry '12345678' for key 'stunum'
 [ SQL语句 ] : INSERT INTO `tp_exam` (`stunum`,`question_id`,`answer_order`,`end_time`) VALUES ('12345678','1113211210173151620','2,3,4,1,1,3,4,2,4,2,1,3,1,2,3,4,4,1,2,3,2,4,1,3,1,3,4,2,4,2,1,3,1,3,4,2,1,3,2,4,','1468151242')

[ 2016-07-10T17:47:25+08:00 ] ::1 /exam/index.php/home/index/index?stunum=12345678
ERR: 1062:Duplicate entry '12345678' for key 'stunum'
 [ SQL语句 ] : INSERT INTO `tp_exam` (`stunum`,`question_id`,`answer_order`,`end_time`) VALUES ('12345678','162112131415321711','4,1,3,2,2,4,1,3,3,1,2,4,3,4,2,1,4,3,1,2,3,2,1,4,3,4,2,1,2,1,4,3,2,3,4,1,3,2,1,4,','1468151245')

[ 2016-07-10T17:47:32+08:00 ] ::1 /exam/index.php/home/login/check
INFO: [ app_begin ] --START--
INFO: Run Behavior\ReadHtmlCacheBehavior [ RunTime:0.003000s ]
INFO: [ app_begin ] --END-- [ RunTime:0.004000s ]
NOTIC: [2048] Declaration of Home\Model\UserModel::check() should be compatible with Think\Model::check($value, $rule, $type = 'regex') D:\myenv\UPUPW_AP5.4\htdocs\exam\App\Home\Model\UserModel.class.php 第 5 行.
SQL: SHOW COLUMNS FROM `tp_user` [ RunTime:0.0010s ]
SQL: SHOW COLUMNS FROM `tp_user` [ RunTime:0.0010s ]
SQL: SELECT * FROM `tp_user` WHERE `stunum` = 0 AND `pw` = '123456789'  [ RunTime:0.0000s ]
NOTIC: [8] Undefined offset: 0 D:\myenv\UPUPW_AP5.4\htdocs\exam\App\Home\Model\UserModel.class.php 第 28 行.
SQL: SELECT * FROM `tp_user` WHERE `stunum` = 0  [ RunTime:0.0010s ]
NOTIC: [8] Undefined offset: 0 D:\myenv\UPUPW_AP5.4\htdocs\exam\App\Home\Model\UserModel.class.php 第 43 行.

[ 2016-07-10T17:47:38+08:00 ] ::1 /exam/index.php/home/login/check
INFO: [ app_begin ] --START--
INFO: Run Behavior\ReadHtmlCacheBehavior [ RunTime:0.003000s ]
INFO: [ app_begin ] --END-- [ RunTime:0.003000s ]
NOTIC: [2048] Declaration of Home\Model\UserModel::check() should be compatible with Think\Model::check($value, $rule, $type = 'regex') D:\myenv\UPUPW_AP5.4\htdocs\exam\App\Home\Model\UserModel.class.php 第 5 行.
SQL: SHOW COLUMNS FROM `tp_user` [ RunTime:0.0010s ]
SQL: SHOW COLUMNS FROM `tp_user` [ RunTime:0.0010s ]
SQL: SELECT * FROM `tp_user` WHERE `stunum` = 0 AND `pw` = '12345678'  [ RunTime:0.0000s ]
NOTIC: [8] Undefined offset: 0 D:\myenv\UPUPW_AP5.4\htdocs\exam\App\Home\Model\UserModel.class.php 第 28 行.
SQL: SELECT * FROM `tp_user` WHERE `stunum` = 0  [ RunTime:0.0000s ]
NOTIC: [8] Undefined offset: 0 D:\myenv\UPUPW_AP5.4\htdocs\exam\App\Home\Model\UserModel.class.php 第 43 行.

[ 2016-07-10T17:47:41+08:00 ] ::1 /exam/index.php/home/login/check_ajax
INFO: [ app_begin ] --START--
INFO: Run Behavior\ReadHtmlCacheBehavior [ RunTime:0.001000s ]
INFO: [ app_begin ] --END-- [ RunTime:0.003000s ]
NOTIC: [2048] Declaration of Home\Model\UserModel::check() should be compatible with Think\Model::check($value, $rule, $type = 'regex') D:\myenv\UPUPW_AP5.4\htdocs\exam\App\Home\Model\UserModel.class.php 第 5 行.
SQL: SHOW COLUMNS FROM `tp_user` [ RunTime:0.0010s ]
SQL: SHOW COLUMNS FROM `tp_user` [ RunTime:0.0010s ]
SQL: SELECT * FROM `tp_user` WHERE `stunum` = 0  [ RunTime:0.0000s ]
NOTIC: [8] Undefined offset: 0 D:\myenv\UPUPW_AP5.4\htdocs\exam\App\Home\Model\UserModel.class.php 第 10 行.

[ 2016-07-10T17:47:42+08:00 ] ::1 /exam/index.php/home/login/check_ajax
INFO: [ app_begin ] --START--
INFO: Run Behavior\ReadHtmlCacheBehavior [ RunTime:0.002000s ]
INFO: [ app_begin ] --END-- [ RunTime:0.003000s ]
NOTIC: [2048] Declaration of Home\Model\UserModel::check() should be compatible with Think\Model::check($value, $rule, $type = 'regex') D:\myenv\UPUPW_AP5.4\htdocs\exam\App\Home\Model\UserModel.class.php 第 5 行.
SQL: SHOW COLUMNS FROM `tp_user` [ RunTime:0.0010s ]
SQL: SHOW COLUMNS FROM `tp_user` [ RunTime:0.0010s ]
SQL: SELECT * FROM `tp_user` WHERE `stunum` = 0  [ RunTime:0.0000s ]
NOTIC: [8] Undefined offset: 0 D:\myenv\UPUPW_AP5.4\htdocs\exam\App\Home\Model\UserModel.class.php 第 10 行.

[ 2016-07-10T17:47:59+08:00 ] ::1 /exam/index.php/home/login/check_ajax
INFO: [ app_begin ] --START--
INFO: Run Behavior\ReadHtmlCacheBehavior [ RunTime:0.003001s ]
INFO: [ app_begin ] --END-- [ RunTime:0.004001s ]
NOTIC: [2048] Declaration of Home\Model\UserModel::check() should be compatible with Think\Model::check($value, $rule, $type = 'regex') D:\myenv\UPUPW_AP5.4\htdocs\exam\App\Home\Model\UserModel.class.php 第 5 行.
SQL: SHOW COLUMNS FROM `tp_user` [ RunTime:0.0020s ]
SQL: SHOW COLUMNS FROM `tp_user` [ RunTime:0.0010s ]
SQL: SELECT * FROM `tp_user` WHERE `stunum` = 0  [ RunTime:0.0000s ]
NOTIC: [8] Undefined offset: 0 D:\myenv\UPUPW_AP5.4\htdocs\exam\App\Home\Model\UserModel.class.php 第 10 行.

[ 2016-07-10T17:48:02+08:00 ] ::1 /exam/index.php/home/login/check_ajax
INFO: [ app_begin ] --START--
INFO: Run Behavior\ReadHtmlCacheBehavior [ RunTime:0.003000s ]
INFO: [ app_begin ] --END-- [ RunTime:0.004000s ]
NOTIC: [2048] Declaration of Home\Model\UserModel::check() should be compatible with Think\Model::check($value, $rule, $type = 'regex') D:\myenv\UPUPW_AP5.4\htdocs\exam\App\Home\Model\UserModel.class.php 第 5 行.
SQL: SHOW COLUMNS FROM `tp_user` [ RunTime:0.0020s ]
SQL: SHOW COLUMNS FROM `tp_user` [ RunTime:0.0010s ]
SQL: SELECT * FROM `tp_user` WHERE `stunum` = 0  [ RunTime:0.0000s ]
NOTIC: [8] Undefined offset: 0 D:\myenv\UPUPW_AP5.4\htdocs\exam\App\Home\Model\UserModel.class.php 第 10 行.

[ 2016-07-10T17:48:11+08:00 ] ::1 /exam/index.php/home/login/check_ajax
INFO: [ app_begin ] --START--
INFO: Run Behavior\ReadHtmlCacheBehavior [ RunTime:0.002000s ]
INFO: [ app_begin ] --END-- [ RunTime:0.003000s ]
NOTIC: [2048] Declaration of Home\Model\UserModel::check() should be compatible with Think\Model::check($value, $rule, $type = 'regex') D:\myenv\UPUPW_AP5.4\htdocs\exam\App\Home\Model\UserModel.class.php 第 5 行.
SQL: SHOW COLUMNS FROM `tp_user` [ RunTime:0.0010s ]
SQL: SHOW COLUMNS FROM `tp_user` [ RunTime:0.0010s ]
SQL: SELECT * FROM `tp_user` WHERE `stunum` = 0  [ RunTime:0.0010s ]
NOTIC: [8] Undefined offset: 0 D:\myenv\UPUPW_AP5.4\htdocs\exam\App\Home\Model\UserModel.class.php 第 10 行.

[ 2016-07-10T17:48:14+08:00 ] ::1 /exam/index.php/home/login/check_ajax
INFO: [ app_begin ] --START--
INFO: Run Behavior\ReadHtmlCacheBehavior [ RunTime:0.002000s ]
INFO: [ app_begin ] --END-- [ RunTime:0.003000s ]
NOTIC: [2048] Declaration of Home\Model\UserModel::check() should be compatible with Think\Model::check($value, $rule, $type = 'regex') D:\myenv\UPUPW_AP5.4\htdocs\exam\App\Home\Model\UserModel.class.php 第 5 行.
SQL: SHOW COLUMNS FROM `tp_user` [ RunTime:0.0020s ]
SQL: SHOW COLUMNS FROM `tp_user` [ RunTime:0.0010s ]
SQL: SELECT * FROM `tp_user` WHERE `stunum` = 123456789  [ RunTime:0.0000s ]

[ 2016-07-10T17:48:16+08:00 ] ::1 /exam/index.php/home/login/check_ajax
INFO: [ app_begin ] --START--
INFO: Run Behavior\ReadHtmlCacheBehavior [ RunTime:0.002001s ]
INFO: [ app_begin ] --END-- [ RunTime:0.003001s ]
NOTIC: [2048] Declaration of Home\Model\UserModel::check() should be compatible with Think\Model::check($value, $rule, $type = 'regex') D:\myenv\UPUPW_AP5.4\htdocs\exam\App\Home\Model\UserModel.class.php 第 5 行.
SQL: SHOW COLUMNS FROM `tp_user` [ RunTime:0.0010s ]
SQL: SHOW COLUMNS FROM `tp_user` [ RunTime:0.0010s ]
SQL: SELECT * FROM `tp_user` WHERE `stunum` = 12345678  [ RunTime:0.0000s ]

[ 2016-07-10T17:48:26+08:00 ] ::1 /exam/index.php/home/login/check_ajax
INFO: [ app_begin ] --START--
INFO: Run Behavior\ReadHtmlCacheBehavior [ RunTime:0.002000s ]
INFO: [ app_begin ] --END-- [ RunTime:0.003000s ]
NOTIC: [2048] Declaration of Home\Model\UserModel::check() should be compatible with Think\Model::check($value, $rule, $type = 'regex') D:\myenv\UPUPW_AP5.4\htdocs\exam\App\Home\Model\UserModel.class.php 第 5 行.
SQL: SHOW COLUMNS FROM `tp_user` [ RunTime:0.0010s ]
SQL: SHOW COLUMNS FROM `tp_user` [ RunTime:0.0010s ]
SQL: SELECT * FROM `tp_user` WHERE `stunum` = 0  [ RunTime:0.0000s ]
NOTIC: [8] Undefined offset: 0 D:\myenv\UPUPW_AP5.4\htdocs\exam\App\Home\Model\UserModel.class.php 第 10 行.

[ 2016-07-10T17:48:28+08:00 ] ::1 /exam/index.php/home/login/check_ajax
INFO: [ app_begin ] --START--
INFO: Run Behavior\ReadHtmlCacheBehavior [ RunTime:0.004000s ]
INFO: [ app_begin ] --END-- [ RunTime:0.006000s ]
NOTIC: [2048] Declaration of Home\Model\UserModel::check() should be compatible with Think\Model::check($value, $rule, $type = 'regex') D:\myenv\UPUPW_AP5.4\htdocs\exam\App\Home\Model\UserModel.class.php 第 5 行.
SQL: SHOW COLUMNS FROM `tp_user` [ RunTime:0.0020s ]
SQL: SHOW COLUMNS FROM `tp_user` [ RunTime:0.0010s ]
SQL: SELECT * FROM `tp_user` WHERE `stunum` = 0  [ RunTime:0.0000s ]
NOTIC: [8] Undefined offset: 0 D:\myenv\UPUPW_AP5.4\htdocs\exam\App\Home\Model\UserModel.class.php 第 10 行.

