[ 2016-07-28T11:09:47+08:00 ] ::1 /exam/index.php/Home/login/check_name
INFO: [ app_begin ] --START--
INFO: Run Behavior\ReadHtmlCacheBehavior [ RunTime:0.002000s ]
INFO: [ app_begin ] --END-- [ RunTime:0.002000s ]
SQL: SHOW COLUMNS FROM `tp_user` [ RunTime:0.0130s ]
SQL: SHOW COLUMNS FROM `tp_user` [ RunTime:0.0010s ]
SQL: SELECT * FROM `tp_user` LIMIT 1   [ RunTime:0.0000s ]
NOTIC: [8] Undefined index: stunum D:\myenv\UPUPW_AP5.4\htdocs\exam\App\Home\Model\UserModel.class.php 第 14 行.

[ 2016-07-28T11:11:21+08:00 ] ::1 /exam/index.php/Home/login/check_name
INFO: [ app_begin ] --START--
INFO: Run Behavior\ReadHtmlCacheBehavior [ RunTime:0.002000s ]
INFO: [ app_begin ] --END-- [ RunTime:0.003000s ]
SQL: SHOW COLUMNS FROM `tp_user` [ RunTime:0.0010s ]
SQL: SHOW COLUMNS FROM `tp_user` [ RunTime:0.0010s ]
SQL: SELECT * FROM `tp_user` LIMIT 1   [ RunTime:0.0000s ]
NOTIC: [8] Undefined index: stunum D:\myenv\UPUPW_AP5.4\htdocs\exam\App\Home\Model\UserModel.class.php 第 14 行.

[ 2016-07-28T11:11:31+08:00 ] ::1 /exam/index.php/Home/login/check_pw_verify
INFO: [ app_begin ] --START--
INFO: Run Behavior\ReadHtmlCacheBehavior [ RunTime:0.003000s ]
INFO: [ app_begin ] --END-- [ RunTime:0.004000s ]
SQL: SHOW COLUMNS FROM `tp_user` [ RunTime:0.0010s ]
SQL: SHOW COLUMNS FROM `tp_user` [ RunTime:0.0010s ]
SQL: SELECT * FROM `tp_user` LIMIT 1   [ RunTime:0.0000s ]
NOTIC: [8] Undefined index: stunum D:\myenv\UPUPW_AP5.4\htdocs\exam\App\Home\Model\UserModel.class.php 第 32 行.
NOTIC: [8] Undefined index: stunum D:\myenv\UPUPW_AP5.4\htdocs\exam\App\Home\Model\UserModel.class.php 第 33 行.
NOTIC: [2048] Declaration of Home\Model\ExamModel::save() should be compatible with Think\Model::save($data = '', $options = Array) D:\myenv\UPUPW_AP5.4\htdocs\exam\App\Home\Model\ExamModel.class.php 第 31 行.
SQL: SHOW COLUMNS FROM `tp_exam` [ RunTime:0.0010s ]
SQL: SHOW COLUMNS FROM `tp_exam` [ RunTime:0.0010s ]
SQL: SELECT * FROM `tp_exam` WHERE `stunum` = null LIMIT 1   [ RunTime:0.0000s ]
SQL: SHOW COLUMNS FROM `tp_golds` [ RunTime:0.0010s ]
SQL: SHOW COLUMNS FROM `tp_golds` [ RunTime:0.0020s ]
SQL: SELECT * FROM `tp_golds` WHERE `stunum` = null LIMIT 1   [ RunTime:0.0000s ]

[ 2016-07-28T11:11:42+08:00 ] ::1 /exam/index.php/Home/login/check_name
INFO: [ app_begin ] --START--
INFO: Run Behavior\ReadHtmlCacheBehavior [ RunTime:0.003000s ]
INFO: [ app_begin ] --END-- [ RunTime:0.003000s ]
SQL: SHOW COLUMNS FROM `tp_user` [ RunTime:0.0010s ]
SQL: SHOW COLUMNS FROM `tp_user` [ RunTime:0.0010s ]
SQL: SELECT * FROM `tp_user` LIMIT 1   [ RunTime:0.0000s ]
NOTIC: [8] Undefined index: stunum D:\myenv\UPUPW_AP5.4\htdocs\exam\App\Home\Model\UserModel.class.php 第 14 行.

[ 2016-07-28T11:11:47+08:00 ] ::1 /exam/index.php/Home/login/check_pw_verify
INFO: [ app_begin ] --START--
INFO: Run Behavior\ReadHtmlCacheBehavior [ RunTime:0.002000s ]
INFO: [ app_begin ] --END-- [ RunTime:0.003000s ]
SQL: SHOW COLUMNS FROM `tp_user` [ RunTime:0.0010s ]
SQL: SHOW COLUMNS FROM `tp_user` [ RunTime:0.0010s ]
SQL: SELECT * FROM `tp_user` LIMIT 1   [ RunTime:0.0000s ]
NOTIC: [8] Undefined index: stunum D:\myenv\UPUPW_AP5.4\htdocs\exam\App\Home\Model\UserModel.class.php 第 32 行.
NOTIC: [8] Undefined index: stunum D:\myenv\UPUPW_AP5.4\htdocs\exam\App\Home\Model\UserModel.class.php 第 33 行.
NOTIC: [2048] Declaration of Home\Model\ExamModel::save() should be compatible with Think\Model::save($data = '', $options = Array) D:\myenv\UPUPW_AP5.4\htdocs\exam\App\Home\Model\ExamModel.class.php 第 31 行.
SQL: SHOW COLUMNS FROM `tp_exam` [ RunTime:0.0010s ]
SQL: SHOW COLUMNS FROM `tp_exam` [ RunTime:0.0020s ]
SQL: SELECT * FROM `tp_exam` WHERE `stunum` = null LIMIT 1   [ RunTime:0.0000s ]
SQL: SHOW COLUMNS FROM `tp_golds` [ RunTime:0.0010s ]
SQL: SHOW COLUMNS FROM `tp_golds` [ RunTime:0.0010s ]
SQL: SELECT * FROM `tp_golds` WHERE `stunum` = null LIMIT 1   [ RunTime:0.0000s ]

[ 2016-07-28T11:13:01+08:00 ] ::1 /exam/index.php/Home/login/check_name
INFO: [ app_begin ] --START--
INFO: Run Behavior\ReadHtmlCacheBehavior [ RunTime:0.002000s ]
INFO: [ app_begin ] --END-- [ RunTime:0.003000s ]
SQL: SHOW COLUMNS FROM `tp_user` [ RunTime:0.0010s ]
SQL: SHOW COLUMNS FROM `tp_user` [ RunTime:0.0010s ]
SQL: SELECT * FROM `tp_user` LIMIT 1   [ RunTime:0.0000s ]
NOTIC: [8] Undefined index: stunum D:\myenv\UPUPW_AP5.4\htdocs\exam\App\Home\Model\UserModel.class.php 第 14 行.

[ 2016-07-28T11:13:43+08:00 ] ::1 /exam/index.php/Home/login/check_name
INFO: [ app_begin ] --START--
INFO: Run Behavior\ReadHtmlCacheBehavior [ RunTime:0.002001s ]
INFO: [ app_begin ] --END-- [ RunTime:0.003001s ]
SQL: SHOW COLUMNS FROM `tp_user` [ RunTime:0.0010s ]
SQL: SHOW COLUMNS FROM `tp_user` [ RunTime:0.0010s ]
SQL: SELECT * FROM `tp_user` LIMIT 1   [ RunTime:0.0000s ]
NOTIC: [8] Undefined index: stunum D:\myenv\UPUPW_AP5.4\htdocs\exam\App\Home\Model\UserModel.class.php 第 14 行.

[ 2016-07-28T11:13:49+08:00 ] ::1 /exam/index.php/Home/login/check_pw_verify
INFO: [ app_begin ] --START--
INFO: Run Behavior\ReadHtmlCacheBehavior [ RunTime:0.003000s ]
INFO: [ app_begin ] --END-- [ RunTime:0.004000s ]
SQL: SHOW COLUMNS FROM `tp_user` [ RunTime:0.0020s ]
SQL: SHOW COLUMNS FROM `tp_user` [ RunTime:0.0020s ]
SQL: SELECT * FROM `tp_user` LIMIT 1   [ RunTime:0.0000s ]
NOTIC: [8] Undefined index: stunum D:\myenv\UPUPW_AP5.4\htdocs\exam\App\Home\Model\UserModel.class.php 第 32 行.
NOTIC: [8] Undefined index: stunum D:\myenv\UPUPW_AP5.4\htdocs\exam\App\Home\Model\UserModel.class.php 第 33 行.
NOTIC: [2048] Declaration of Home\Model\ExamModel::save() should be compatible with Think\Model::save($data = '', $options = Array) D:\myenv\UPUPW_AP5.4\htdocs\exam\App\Home\Model\ExamModel.class.php 第 31 行.
SQL: SHOW COLUMNS FROM `tp_exam` [ RunTime:0.0020s ]
SQL: SHOW COLUMNS FROM `tp_exam` [ RunTime:0.0020s ]
SQL: SELECT * FROM `tp_exam` WHERE `stunum` = null LIMIT 1   [ RunTime:0.0010s ]
SQL: SHOW COLUMNS FROM `tp_golds` [ RunTime:0.0010s ]
SQL: SHOW COLUMNS FROM `tp_golds` [ RunTime:0.0010s ]
SQL: SELECT * FROM `tp_golds` WHERE `stunum` = null LIMIT 1   [ RunTime:0.0000s ]

[ 2016-07-28T11:14:24+08:00 ] ::1 /exam/index.php/Home/index/index
ERR: 1048:Column 'stunum' cannot be null
 [ SQL语句 ] : INSERT INTO `tp_exam` (`stunum`,`question_id`,`answer_order`,`end_time`) VALUES (NULL,'14,10,3,20,2,22,11,15,16,13,','1,3,4,2,4,3,1,2,4,3,1,2,3,4,2,1,3,2,1,4,2,3,1,4,3,2,1,4,2,3,4,1,2,4,3,1,2,3,4,1,','1469682864')

[ 2016-07-28T11:14:30+08:00 ] ::1 /exam/index.php/Home/index/index
ERR: 1048:Column 'stunum' cannot be null
 [ SQL语句 ] : INSERT INTO `tp_exam` (`stunum`,`question_id`,`answer_order`,`end_time`) VALUES (NULL,'10,14,16,20,22,17,21,2,15,19,','1,4,3,2,1,3,2,4,2,4,3,1,1,4,2,3,4,1,3,2,2,1,3,4,1,3,4,2,3,4,2,1,4,1,2,3,2,1,3,4,','1469682870')

