[ 2016-07-11T09:11:17+08:00 ] 192.168.1.154 /exam/
ERR: 1048:Column 'stunum' cannot be null
 [ SQL语句 ] : INSERT INTO `tp_exam` (`stunum`,`question_id`,`answer_order`,`end_time`) VALUES (NULL,'19111210172113152014','2,3,1,4,4,1,3,2,4,1,3,2,3,1,2,4,3,2,4,1,3,2,1,4,2,4,1,3,1,2,4,3,4,3,1,2,3,4,1,2,','1468206677')

[ 2016-07-11T09:11:46+08:00 ] 192.168.1.154 /exam/index.php/home/index/login/
ERR: 非法操作:login

[ 2016-07-11T09:11:52+08:00 ] 192.168.1.154 /exam/index.php/home/index/login
ERR: 非法操作:login

[ 2016-07-11T09:24:28+08:00 ] 192.168.1.154 /exam/index.php/home/index/test/begin
ERR: 参数错误或者未定义:html_name

[ 2016-07-11T09:25:06+08:00 ] 192.168.1.154 /exam/index.php/home/index/test/begin
ERR: 参数错误或者未定义:html_name

[ 2016-07-11T09:25:07+08:00 ] 192.168.1.154 /exam/index.php/home/index/test/begin
ERR: 参数错误或者未定义:html_name

[ 2016-07-11T09:25:10+08:00 ] 192.168.1.154 /exam/index.php/home/index/test
ERR: 参数错误或者未定义:html_name

[ 2016-07-11T09:25:32+08:00 ] 192.168.1.154 /exam/index.php/home/index/test
ERR: 参数错误或者未定义:html_name

[ 2016-07-11T09:25:36+08:00 ] 192.168.1.154 /exam/index.php/home/index/test/sa
ERR: 参数错误或者未定义:html_name

[ 2016-07-11T09:25:51+08:00 ] 192.168.1.154 /exam/index.php/home/index/test/sa
ERR: 参数错误或者未定义:html

[ 2016-07-11T09:25:52+08:00 ] 192.168.1.154 /exam/index.php/home/index/test/sa
ERR: 参数错误或者未定义:html

[ 2016-07-11T09:25:56+08:00 ] 192.168.1.154 /exam/index.php/home/index/
ERR: 1048:Column 'stunum' cannot be null
 [ SQL语句 ] : INSERT INTO `tp_exam` (`stunum`,`question_id`,`answer_order`,`end_time`) VALUES (NULL,'1811615171421121320','1,2,3,4,4,2,3,1,1,3,4,2,2,4,3,1,3,4,1,2,2,4,1,3,1,4,3,2,4,3,1,2,2,4,3,1,2,3,4,1,','1468207556')

[ 2016-07-11T09:26:02+08:00 ] 192.168.1.154 /exam/index.php/home/index/index
ERR: 1048:Column 'stunum' cannot be null
 [ SQL语句 ] : INSERT INTO `tp_exam` (`stunum`,`question_id`,`answer_order`,`end_time`) VALUES (NULL,'1831211151416132021','1,3,2,4,1,4,3,2,4,2,1,3,4,3,2,1,1,3,2,4,3,1,4,2,4,2,1,3,1,2,3,4,4,1,3,2,4,3,1,2,','1468207562')

[ 2016-07-11T09:26:14+08:00 ] 192.168.1.154 /exam/index.php/home/index/test
ERR: 参数错误或者未定义:html

[ 2016-07-11T09:26:36+08:00 ] 192.168.1.154 /exam/index.php/home/index/test?html=begin
ERR: 模板不存在:./App/Home/View/Index/test.html

[ 2016-07-11T09:27:59+08:00 ] 192.168.1.154 /exam/index.php/home/index
ERR: 1048:Column 'stunum' cannot be null
 [ SQL语句 ] : INSERT INTO `tp_exam` (`stunum`,`question_id`,`answer_order`,`end_time`) VALUES (NULL,'19218141731131612','3,2,1,4,4,2,3,1,2,4,1,3,2,3,4,1,2,4,1,3,4,1,2,3,4,2,1,3,3,2,4,1,3,4,2,1,4,2,3,1,','1468207679')

[ 2016-07-11T09:42:03+08:00 ] ::1 /exam/index.php/home/login/check_ajax
INFO: [ app_begin ] --START--
INFO: Run Behavior\ReadHtmlCacheBehavior [ RunTime:0.002000s ]
INFO: [ app_begin ] --END-- [ RunTime:0.003000s ]
NOTIC: [2048] Declaration of Home\Model\UserModel::check() should be compatible with Think\Model::check($value, $rule, $type = 'regex') D:\myenv\UPUPW_AP5.4\htdocs\exam\App\Home\Model\UserModel.class.php 第 5 行.
SQL: SHOW COLUMNS FROM `tp_user` [ RunTime:0.0370s ]
SQL: SHOW COLUMNS FROM `tp_user` [ RunTime:0.0010s ]
SQL: SELECT * FROM `tp_user` WHERE `stunum` = 123456789  [ RunTime:0.0010s ]

[ 2016-07-11T09:42:13+08:00 ] ::1 /exam/index.php/home/login/check
INFO: [ app_begin ] --START--
INFO: Run Behavior\ReadHtmlCacheBehavior [ RunTime:0.002000s ]
INFO: [ app_begin ] --END-- [ RunTime:0.003000s ]
NOTIC: [2048] Declaration of Home\Model\UserModel::check() should be compatible with Think\Model::check($value, $rule, $type = 'regex') D:\myenv\UPUPW_AP5.4\htdocs\exam\App\Home\Model\UserModel.class.php 第 5 行.
SQL: SHOW COLUMNS FROM `tp_user` [ RunTime:0.0010s ]
SQL: SHOW COLUMNS FROM `tp_user` [ RunTime:0.0010s ]
SQL: SELECT * FROM `tp_user` WHERE `stunum` = 123456789 AND `pw` = '12345678'  [ RunTime:0.0000s ]
NOTIC: [8] Undefined offset: 0 D:\myenv\UPUPW_AP5.4\htdocs\exam\App\Home\Model\UserModel.class.php 第 28 行.
SQL: SELECT * FROM `tp_user` WHERE `stunum` = 123456789  [ RunTime:0.0000s ]
SQL: UPDATE `tp_user` SET `err_time`='13' WHERE `id` = 1 AND `stunum` = 123456789 AND `pw` = '123456789' AND `err_time` = 12 [ RunTime:0.0000s ]

[ 2016-07-11T09:42:17+08:00 ] ::1 /exam/index.php/home/login/check
INFO: [ app_begin ] --START--
INFO: Run Behavior\ReadHtmlCacheBehavior [ RunTime:0.002000s ]
INFO: [ app_begin ] --END-- [ RunTime:0.004001s ]
NOTIC: [2048] Declaration of Home\Model\UserModel::check() should be compatible with Think\Model::check($value, $rule, $type = 'regex') D:\myenv\UPUPW_AP5.4\htdocs\exam\App\Home\Model\UserModel.class.php 第 5 行.
SQL: SHOW COLUMNS FROM `tp_user` [ RunTime:0.0010s ]
SQL: SHOW COLUMNS FROM `tp_user` [ RunTime:0.0010s ]
SQL: SELECT * FROM `tp_user` WHERE `stunum` = 123456789 AND `pw` = '123456789'  [ RunTime:0.0000s ]

[ 2016-07-11T09:42:17+08:00 ] ::1 /exam/index.php/home/index/index?stunum=123456789
ERR: 1048:Column 'stunum' cannot be null
 [ SQL语句 ] : INSERT INTO `tp_exam` (`stunum`,`question_id`,`answer_order`,`end_time`) VALUES (NULL,'201161712112121413','4,2,3,1,1,2,3,4,2,1,3,4,2,1,3,4,1,4,3,2,1,2,3,4,3,2,1,4,1,3,2,4,3,4,1,2,3,2,1,4,','1468208537')

[ 2016-07-11T09:43:07+08:00 ] ::1 /exam/index.php/home/index/index?stunum=123456789
ERR: 1048:Column 'stunum' cannot be null
 [ SQL语句 ] : INSERT INTO `tp_exam` (`stunum`,`question_id`,`answer_order`,`end_time`) VALUES (NULL,'202131018217161915','2,4,3,1,4,2,1,3,3,1,4,2,4,2,3,1,3,2,1,4,3,4,2,1,2,4,1,3,4,3,2,1,4,1,2,3,1,4,2,3,','1468208587')

[ 2016-07-11T09:43:08+08:00 ] ::1 /exam/index.php/home/index/index?stunum=123456789
ERR: 1048:Column 'stunum' cannot be null
 [ SQL语句 ] : INSERT INTO `tp_exam` (`stunum`,`question_id`,`answer_order`,`end_time`) VALUES (NULL,'211417181133121915','1,3,4,2,2,3,4,1,2,4,3,1,2,3,1,4,2,1,3,4,2,3,1,4,2,1,4,3,1,3,4,2,4,1,3,2,3,4,1,2,','1468208588')

[ 2016-07-11T09:44:16+08:00 ] ::1 /exam/index.php/home/index/index?stunum=123456789
ERR: 1048:Column 'stunum' cannot be null
 [ SQL语句 ] : INSERT INTO `tp_exam` (`stunum`,`question_id`,`answer_order`,`end_time`) VALUES (NULL,'192201014111631713','3,1,2,4,4,3,2,1,4,3,1,2,4,1,2,3,4,2,3,1,1,4,2,3,3,4,2,1,2,4,3,1,4,3,2,1,2,4,1,3,','1468208656')

[ 2016-07-11T09:52:41+08:00 ] ::1 /exam/index.php/home/index/index?stunum=1234567
ERR: 1048:Column 'stunum' cannot be null
 [ SQL语句 ] : INSERT INTO `tp_exam` (`stunum`,`question_id`,`answer_order`,`end_time`) VALUES (NULL,'131921310182011114','4,3,1,2,3,2,4,1,1,2,4,3,4,1,2,3,3,4,1,2,4,1,2,3,2,4,1,3,4,3,1,2,3,1,4,2,2,4,3,1,','1468209161')

[ 2016-07-11T10:04:34+08:00 ] 192.168.1.154 /exam/index.php/home/login/check_ajax
INFO: [ app_begin ] --START--
INFO: Run Behavior\ReadHtmlCacheBehavior [ RunTime:0.002001s ]
INFO: [ app_begin ] --END-- [ RunTime:0.003001s ]

[ 2016-07-11T10:04:43+08:00 ] 192.168.1.154 /exam/index.php/home/login/check_ajax
INFO: [ app_begin ] --START--
INFO: Run Behavior\ReadHtmlCacheBehavior [ RunTime:0.002000s ]
INFO: [ app_begin ] --END-- [ RunTime:0.003000s ]

[ 2016-07-11T10:08:20+08:00 ] ::1 /exam/index.php/home/login/check_ajax
INFO: [ app_begin ] --START--
INFO: Run Behavior\ReadHtmlCacheBehavior [ RunTime:0.002000s ]
INFO: [ app_begin ] --END-- [ RunTime:0.003000s ]
NOTIC: [2048] Declaration of Home\Model\UserModel::check() should be compatible with Think\Model::check($value, $rule, $type = 'regex') D:\myenv\UPUPW_AP5.4\htdocs\exam\App\Home\Model\UserModel.class.php 第 5 行.
SQL: SHOW COLUMNS FROM `tp_user` [ RunTime:0.0010s ]
SQL: SHOW COLUMNS FROM `tp_user` [ RunTime:0.0010s ]
SQL: SELECT * FROM `tp_user` WHERE `stunum` = 123456789  [ RunTime:0.0000s ]

[ 2016-07-11T10:08:24+08:00 ] ::1 /exam/index.php/home/login/check
INFO: [ app_begin ] --START--
INFO: Run Behavior\ReadHtmlCacheBehavior [ RunTime:0.003000s ]
INFO: [ app_begin ] --END-- [ RunTime:0.004000s ]
NOTIC: [2048] Declaration of Home\Model\UserModel::check() should be compatible with Think\Model::check($value, $rule, $type = 'regex') D:\myenv\UPUPW_AP5.4\htdocs\exam\App\Home\Model\UserModel.class.php 第 5 行.
SQL: SHOW COLUMNS FROM `tp_user` [ RunTime:0.0020s ]
SQL: SHOW COLUMNS FROM `tp_user` [ RunTime:0.0010s ]
SQL: SELECT * FROM `tp_user` WHERE `stunum` = 123456789 AND `pw` = '123456789'  [ RunTime:0.0000s ]

[ 2016-07-11T10:08:38+08:00 ] ::1 /exam/index.php/home/index/index?stunum=123456789
ERR: 1048:Column 'stunum' cannot be null
 [ SQL语句 ] : INSERT INTO `tp_exam` (`stunum`,`question_id`,`answer_order`,`end_time`) VALUES (NULL,'14,12,16,20,10,13,17,18,19,11,','1,3,4,2,4,1,3,2,2,1,3,4,3,2,1,4,2,4,1,3,2,4,1,3,3,2,4,1,2,1,3,4,1,2,4,3,4,1,3,2,','1468210118')

[ 2016-07-11T10:32:34+08:00 ] ::1 /exam/index.php/home/index/index?stunum=123456789
ERR: Think\Model:get_question方法不存在！

[ 2016-07-11T10:33:31+08:00 ] ::1 /exam/index.php/home/index/index?stunum=123456789
ERR: Think\Model:get_question方法不存在！

[ 2016-07-11T10:36:54+08:00 ] ::1 /exam/index.php/home/index/index?stunum=123456789
ERR: Think\Model:get_question方法不存在！

[ 2016-07-11T10:36:55+08:00 ] ::1 /exam/index.php/home/index/index?stunum=123456789
ERR: Think\Model:get_question方法不存在！

[ 2016-07-11T10:39:58+08:00 ] ::1 /exam/index.php/home/index/index?stunum=123456
ERR: Think\Model:getExam方法不存在！

[ 2016-07-11T10:40:07+08:00 ] ::1 /exam/index.php/home/index/index?stunum=123456
ERR: Think\Model:getQuestion方法不存在！

[ 2016-07-11T10:40:14+08:00 ] ::1 /exam/index.php/home/index/index?stunum=123456789
ERR: Think\Model:getQuestion方法不存在！

[ 2016-07-11T10:40:15+08:00 ] ::1 /exam/index.php/home/index/index?stunum=123456789
ERR: Think\Model:getQuestion方法不存在！

[ 2016-07-11T10:40:15+08:00 ] ::1 /exam/index.php/home/index/index?stunum=123456
ERR: Think\Model:getQuestion方法不存在！

[ 2016-07-11T10:40:17+08:00 ] ::1 /exam/index.php/home/index/index?stunum=123456789
ERR: Think\Model:getQuestion方法不存在！

[ 2016-07-11T10:40:18+08:00 ] ::1 /exam/index.php/home/index/index?stunum=123456
ERR: Think\Model:getQuestion方法不存在！

[ 2016-07-11T10:40:38+08:00 ] ::1 /exam/index.php/home/index/index?stunum=123456
ERR: Think\Model:getQuestion方法不存在！

[ 2016-07-11T10:40:40+08:00 ] ::1 /exam/index.php/home/index/index?stunum=123456
ERR: Think\Model:getQuestion方法不存在！

[ 2016-07-11T10:49:22+08:00 ] ::1 /exam/index.php/home/index/index?stunum=123456
ERR: Think\Model:getQuestion方法不存在！

[ 2016-07-11T10:49:25+08:00 ] ::1 /exam/index.php/home/index/index?stunum=123456
ERR: Think\Model:getQuestion方法不存在！

[ 2016-07-11T10:49:26+08:00 ] ::1 /exam/index.php/home/index/index?stunum=123456
ERR: Think\Model:getQuestion方法不存在！

[ 2016-07-11T10:56:07+08:00 ] ::1 /exam/index.php/home/index/index?stunum=123456
ERR: Think\Model:test方法不存在！

[ 2016-07-11T10:57:55+08:00 ] ::1 /exam/index.php/home/index/index?stunum=123456
ERR: Think\Model:test方法不存在！

[ 2016-07-11T11:59:49+08:00 ] 192.168.1.154 /exam/index.php/home/html/chosing.html
ERR: 无法加载控制器:Html

[ 2016-07-11T16:03:08+08:00 ] ::1 /exam/index.php/home/index/index?stunum=12345678
ERR: Think\Model:get方法不存在！

[ 2016-07-11T16:36:05+08:00 ] ::1 /exam/index.php/home/login/check_ajax
INFO: [ app_begin ] --START--
INFO: Run Behavior\ReadHtmlCacheBehavior [ RunTime:0.002000s ]
INFO: [ app_begin ] --END-- [ RunTime:0.002000s ]
NOTIC: [2048] Declaration of Home\Model\UserModel::check() should be compatible with Think\Model::check($value, $rule, $type = 'regex') D:\myenv\UPUPW_AP5.4\htdocs\exam\App\Home\Model\UserModel.class.php 第 5 行.
SQL: SHOW COLUMNS FROM `tp_user` [ RunTime:0.0020s ]
SQL: SHOW COLUMNS FROM `tp_user` [ RunTime:0.0010s ]
SQL: SELECT * FROM `tp_user` WHERE `stunum` = 12345678  [ RunTime:0.0000s ]

[ 2016-07-11T16:38:11+08:00 ] ::1 /exam/index.php/home/login/check
INFO: [ app_begin ] --START--
INFO: Run Behavior\ReadHtmlCacheBehavior [ RunTime:0.003000s ]
INFO: [ app_begin ] --END-- [ RunTime:0.004000s ]
NOTIC: [2048] Declaration of Home\Model\UserModel::check() should be compatible with Think\Model::check($value, $rule, $type = 'regex') D:\myenv\UPUPW_AP5.4\htdocs\exam\App\Home\Model\UserModel.class.php 第 5 行.
SQL: SHOW COLUMNS FROM `tp_user` [ RunTime:0.0010s ]
SQL: SHOW COLUMNS FROM `tp_user` [ RunTime:0.0010s ]
SQL: SELECT * FROM `tp_user` WHERE `stunum` = 12345678 AND `pw` = '12345678'  [ RunTime:0.0000s ]

[ 2016-07-11T16:38:19+08:00 ] ::1 /exam/index.php/home/login/check_ajax
INFO: [ app_begin ] --START--
INFO: Run Behavior\ReadHtmlCacheBehavior [ RunTime:0.002000s ]
INFO: [ app_begin ] --END-- [ RunTime:0.003000s ]
NOTIC: [2048] Declaration of Home\Model\UserModel::check() should be compatible with Think\Model::check($value, $rule, $type = 'regex') D:\myenv\UPUPW_AP5.4\htdocs\exam\App\Home\Model\UserModel.class.php 第 5 行.
SQL: SHOW COLUMNS FROM `tp_user` [ RunTime:0.0010s ]
SQL: SHOW COLUMNS FROM `tp_user` [ RunTime:0.0010s ]
SQL: SELECT * FROM `tp_user` WHERE `stunum` = 0  [ RunTime:0.0000s ]
NOTIC: [8] Undefined offset: 0 D:\myenv\UPUPW_AP5.4\htdocs\exam\App\Home\Model\UserModel.class.php 第 10 行.

[ 2016-07-11T16:38:32+08:00 ] ::1 /exam/index.php/home/login/check_ajax
INFO: [ app_begin ] --START--
INFO: Run Behavior\ReadHtmlCacheBehavior [ RunTime:0.003000s ]
INFO: [ app_begin ] --END-- [ RunTime:0.004000s ]
NOTIC: [2048] Declaration of Home\Model\UserModel::check() should be compatible with Think\Model::check($value, $rule, $type = 'regex') D:\myenv\UPUPW_AP5.4\htdocs\exam\App\Home\Model\UserModel.class.php 第 5 行.
SQL: SHOW COLUMNS FROM `tp_user` [ RunTime:0.0010s ]
SQL: SHOW COLUMNS FROM `tp_user` [ RunTime:0.0010s ]
SQL: SELECT * FROM `tp_user` WHERE `stunum` = 12345678  [ RunTime:0.0000s ]

[ 2016-07-11T16:39:29+08:00 ] ::1 /exam/index.php/home/login/check_ajax
INFO: [ app_begin ] --START--
INFO: Run Behavior\ReadHtmlCacheBehavior [ RunTime:0.002000s ]
INFO: [ app_begin ] --END-- [ RunTime:0.003000s ]
NOTIC: [2048] Declaration of Home\Model\UserModel::check() should be compatible with Think\Model::check($value, $rule, $type = 'regex') D:\myenv\UPUPW_AP5.4\htdocs\exam\App\Home\Model\UserModel.class.php 第 5 行.
SQL: SHOW COLUMNS FROM `tp_user` [ RunTime:0.0010s ]
SQL: SHOW COLUMNS FROM `tp_user` [ RunTime:0.0010s ]
SQL: SELECT * FROM `tp_user` WHERE `stunum` = 12345678  [ RunTime:0.0000s ]

[ 2016-07-11T16:39:40+08:00 ] ::1 /exam/index.php/home/login/check_ajax
INFO: [ app_begin ] --START--
INFO: Run Behavior\ReadHtmlCacheBehavior [ RunTime:0.002001s ]
INFO: [ app_begin ] --END-- [ RunTime:0.003001s ]
NOTIC: [2048] Declaration of Home\Model\UserModel::check() should be compatible with Think\Model::check($value, $rule, $type = 'regex') D:\myenv\UPUPW_AP5.4\htdocs\exam\App\Home\Model\UserModel.class.php 第 5 行.
SQL: SHOW COLUMNS FROM `tp_user` [ RunTime:0.0010s ]
SQL: SHOW COLUMNS FROM `tp_user` [ RunTime:0.0010s ]
SQL: SELECT * FROM `tp_user` WHERE `stunum` = 12345678  [ RunTime:0.0000s ]

[ 2016-07-11T16:39:46+08:00 ] ::1 /exam/index.php/home/login/check_ajax
INFO: [ app_begin ] --START--
INFO: Run Behavior\ReadHtmlCacheBehavior [ RunTime:0.002001s ]
INFO: [ app_begin ] --END-- [ RunTime:0.003001s ]
NOTIC: [2048] Declaration of Home\Model\UserModel::check() should be compatible with Think\Model::check($value, $rule, $type = 'regex') D:\myenv\UPUPW_AP5.4\htdocs\exam\App\Home\Model\UserModel.class.php 第 5 行.
SQL: SHOW COLUMNS FROM `tp_user` [ RunTime:0.0020s ]
SQL: SHOW COLUMNS FROM `tp_user` [ RunTime:0.0010s ]
SQL: SELECT * FROM `tp_user` WHERE `stunum` = 12345678  [ RunTime:0.0000s ]

[ 2016-07-11T16:39:51+08:00 ] ::1 /exam/index.php/home/login/check_ajax
INFO: [ app_begin ] --START--
INFO: Run Behavior\ReadHtmlCacheBehavior [ RunTime:0.003000s ]
INFO: [ app_begin ] --END-- [ RunTime:0.004000s ]
NOTIC: [2048] Declaration of Home\Model\UserModel::check() should be compatible with Think\Model::check($value, $rule, $type = 'regex') D:\myenv\UPUPW_AP5.4\htdocs\exam\App\Home\Model\UserModel.class.php 第 5 行.
SQL: SHOW COLUMNS FROM `tp_user` [ RunTime:0.0010s ]
SQL: SHOW COLUMNS FROM `tp_user` [ RunTime:0.0010s ]
SQL: SELECT * FROM `tp_user` WHERE `stunum` = 12345678  [ RunTime:0.0000s ]

[ 2016-07-11T16:39:55+08:00 ] ::1 /exam/index.php/home/login/check_ajax
INFO: [ app_begin ] --START--
INFO: Run Behavior\ReadHtmlCacheBehavior [ RunTime:0.002000s ]
INFO: [ app_begin ] --END-- [ RunTime:0.003000s ]
NOTIC: [2048] Declaration of Home\Model\UserModel::check() should be compatible with Think\Model::check($value, $rule, $type = 'regex') D:\myenv\UPUPW_AP5.4\htdocs\exam\App\Home\Model\UserModel.class.php 第 5 行.
SQL: SHOW COLUMNS FROM `tp_user` [ RunTime:0.0020s ]
SQL: SHOW COLUMNS FROM `tp_user` [ RunTime:0.0010s ]
SQL: SELECT * FROM `tp_user` WHERE `stunum` = 12345678  [ RunTime:0.0000s ]

[ 2016-07-11T16:42:07+08:00 ] ::1 /exam/index.php/home/login/check_ajax
INFO: [ app_begin ] --START--
INFO: Run Behavior\ReadHtmlCacheBehavior [ RunTime:0.002000s ]
INFO: [ app_begin ] --END-- [ RunTime:0.003000s ]
NOTIC: [2048] Declaration of Home\Model\UserModel::check() should be compatible with Think\Model::check($value, $rule, $type = 'regex') D:\myenv\UPUPW_AP5.4\htdocs\exam\App\Home\Model\UserModel.class.php 第 5 行.
SQL: SHOW COLUMNS FROM `tp_user` [ RunTime:0.0010s ]
SQL: SHOW COLUMNS FROM `tp_user` [ RunTime:0.0010s ]
SQL: SELECT * FROM `tp_user` WHERE `stunum` = 0  [ RunTime:0.0000s ]
NOTIC: [8] Undefined offset: 0 D:\myenv\UPUPW_AP5.4\htdocs\exam\App\Home\Model\UserModel.class.php 第 10 行.

[ 2016-07-11T16:42:11+08:00 ] ::1 /exam/index.php/home/login/check_ajax
INFO: [ app_begin ] --START--
INFO: Run Behavior\ReadHtmlCacheBehavior [ RunTime:0.002000s ]
INFO: [ app_begin ] --END-- [ RunTime:0.003000s ]
NOTIC: [2048] Declaration of Home\Model\UserModel::check() should be compatible with Think\Model::check($value, $rule, $type = 'regex') D:\myenv\UPUPW_AP5.4\htdocs\exam\App\Home\Model\UserModel.class.php 第 5 行.
SQL: SHOW COLUMNS FROM `tp_user` [ RunTime:0.0010s ]
SQL: SHOW COLUMNS FROM `tp_user` [ RunTime:0.0010s ]
SQL: SELECT * FROM `tp_user` WHERE `stunum` = 12345678  [ RunTime:0.0000s ]

[ 2016-07-11T16:42:12+08:00 ] ::1 /exam/index.php/home/login/check_ajax
INFO: [ app_begin ] --START--
INFO: Run Behavior\ReadHtmlCacheBehavior [ RunTime:0.002000s ]
INFO: [ app_begin ] --END-- [ RunTime:0.003000s ]
NOTIC: [2048] Declaration of Home\Model\UserModel::check() should be compatible with Think\Model::check($value, $rule, $type = 'regex') D:\myenv\UPUPW_AP5.4\htdocs\exam\App\Home\Model\UserModel.class.php 第 5 行.
SQL: SHOW COLUMNS FROM `tp_user` [ RunTime:0.0020s ]
SQL: SHOW COLUMNS FROM `tp_user` [ RunTime:0.0010s ]
SQL: SELECT * FROM `tp_user` WHERE `stunum` = 12345678  [ RunTime:0.0000s ]

[ 2016-07-11T16:42:17+08:00 ] ::1 /exam/index.php/home/login/check_ajax
INFO: [ app_begin ] --START--
INFO: Run Behavior\ReadHtmlCacheBehavior [ RunTime:0.002000s ]
INFO: [ app_begin ] --END-- [ RunTime:0.003000s ]
NOTIC: [2048] Declaration of Home\Model\UserModel::check() should be compatible with Think\Model::check($value, $rule, $type = 'regex') D:\myenv\UPUPW_AP5.4\htdocs\exam\App\Home\Model\UserModel.class.php 第 5 行.
SQL: SHOW COLUMNS FROM `tp_user` [ RunTime:0.0010s ]
SQL: SHOW COLUMNS FROM `tp_user` [ RunTime:0.0010s ]
SQL: SELECT * FROM `tp_user` WHERE `stunum` = 0  [ RunTime:0.0000s ]
NOTIC: [8] Undefined offset: 0 D:\myenv\UPUPW_AP5.4\htdocs\exam\App\Home\Model\UserModel.class.php 第 10 行.

[ 2016-07-11T16:42:22+08:00 ] ::1 /exam/index.php/home/login/check_ajax
INFO: [ app_begin ] --START--
INFO: Run Behavior\ReadHtmlCacheBehavior [ RunTime:0.002000s ]
INFO: [ app_begin ] --END-- [ RunTime:0.003000s ]
NOTIC: [2048] Declaration of Home\Model\UserModel::check() should be compatible with Think\Model::check($value, $rule, $type = 'regex') D:\myenv\UPUPW_AP5.4\htdocs\exam\App\Home\Model\UserModel.class.php 第 5 行.
SQL: SHOW COLUMNS FROM `tp_user` [ RunTime:0.0010s ]
SQL: SHOW COLUMNS FROM `tp_user` [ RunTime:0.0010s ]
SQL: SELECT * FROM `tp_user` WHERE `stunum` = 12345678  [ RunTime:0.0000s ]

[ 2016-07-11T16:42:45+08:00 ] ::1 /exam/index.php/home/login/check_ajax
INFO: [ app_begin ] --START--
INFO: Run Behavior\ReadHtmlCacheBehavior [ RunTime:0.002000s ]
INFO: [ app_begin ] --END-- [ RunTime:0.003000s ]
NOTIC: [2048] Declaration of Home\Model\UserModel::check() should be compatible with Think\Model::check($value, $rule, $type = 'regex') D:\myenv\UPUPW_AP5.4\htdocs\exam\App\Home\Model\UserModel.class.php 第 5 行.
SQL: SHOW COLUMNS FROM `tp_user` [ RunTime:0.0010s ]
SQL: SHOW COLUMNS FROM `tp_user` [ RunTime:0.0010s ]
SQL: SELECT * FROM `tp_user` WHERE `stunum` = 0  [ RunTime:0.0000s ]
NOTIC: [8] Undefined offset: 0 D:\myenv\UPUPW_AP5.4\htdocs\exam\App\Home\Model\UserModel.class.php 第 10 行.

[ 2016-07-11T16:42:51+08:00 ] ::1 /exam/index.php/home/login/check_ajax
INFO: [ app_begin ] --START--
INFO: Run Behavior\ReadHtmlCacheBehavior [ RunTime:0.002000s ]
INFO: [ app_begin ] --END-- [ RunTime:0.003000s ]
NOTIC: [2048] Declaration of Home\Model\UserModel::check() should be compatible with Think\Model::check($value, $rule, $type = 'regex') D:\myenv\UPUPW_AP5.4\htdocs\exam\App\Home\Model\UserModel.class.php 第 5 行.
SQL: SHOW COLUMNS FROM `tp_user` [ RunTime:0.0020s ]
SQL: SHOW COLUMNS FROM `tp_user` [ RunTime:0.0010s ]
SQL: SELECT * FROM `tp_user` WHERE `stunum` = 0  [ RunTime:0.0000s ]
NOTIC: [8] Undefined offset: 0 D:\myenv\UPUPW_AP5.4\htdocs\exam\App\Home\Model\UserModel.class.php 第 10 行.

[ 2016-07-11T16:42:54+08:00 ] ::1 /exam/index.php/home/login/check_ajax
INFO: [ app_begin ] --START--
INFO: Run Behavior\ReadHtmlCacheBehavior [ RunTime:0.002001s ]
INFO: [ app_begin ] --END-- [ RunTime:0.004001s ]
NOTIC: [2048] Declaration of Home\Model\UserModel::check() should be compatible with Think\Model::check($value, $rule, $type = 'regex') D:\myenv\UPUPW_AP5.4\htdocs\exam\App\Home\Model\UserModel.class.php 第 5 行.
SQL: SHOW COLUMNS FROM `tp_user` [ RunTime:0.0020s ]
SQL: SHOW COLUMNS FROM `tp_user` [ RunTime:0.0010s ]
SQL: SELECT * FROM `tp_user` WHERE `stunum` = 0  [ RunTime:0.0000s ]
NOTIC: [8] Undefined offset: 0 D:\myenv\UPUPW_AP5.4\htdocs\exam\App\Home\Model\UserModel.class.php 第 10 行.

[ 2016-07-11T16:43:11+08:00 ] ::1 /exam/index.php/home/login/check_ajax
INFO: [ app_begin ] --START--
INFO: Run Behavior\ReadHtmlCacheBehavior [ RunTime:0.002001s ]
INFO: [ app_begin ] --END-- [ RunTime:0.004001s ]
NOTIC: [2048] Declaration of Home\Model\UserModel::check() should be compatible with Think\Model::check($value, $rule, $type = 'regex') D:\myenv\UPUPW_AP5.4\htdocs\exam\App\Home\Model\UserModel.class.php 第 5 行.
SQL: SHOW COLUMNS FROM `tp_user` [ RunTime:0.0020s ]
SQL: SHOW COLUMNS FROM `tp_user` [ RunTime:0.0020s ]
SQL: SELECT * FROM `tp_user` WHERE `stunum` = 0  [ RunTime:0.0000s ]
NOTIC: [8] Undefined offset: 0 D:\myenv\UPUPW_AP5.4\htdocs\exam\App\Home\Model\UserModel.class.php 第 10 行.

[ 2016-07-11T16:45:18+08:00 ] ::1 /exam/index.php/home/login/check_ajax
INFO: [ app_begin ] --START--
INFO: Run Behavior\ReadHtmlCacheBehavior [ RunTime:0.002000s ]
INFO: [ app_begin ] --END-- [ RunTime:0.003000s ]
NOTIC: [2048] Declaration of Home\Model\UserModel::check() should be compatible with Think\Model::check($value, $rule, $type = 'regex') D:\myenv\UPUPW_AP5.4\htdocs\exam\App\Home\Model\UserModel.class.php 第 5 行.
SQL: SHOW COLUMNS FROM `tp_user` [ RunTime:0.0010s ]
SQL: SHOW COLUMNS FROM `tp_user` [ RunTime:0.0010s ]
SQL: SELECT * FROM `tp_user` WHERE `stunum` = 0  [ RunTime:0.0000s ]
NOTIC: [8] Undefined offset: 0 D:\myenv\UPUPW_AP5.4\htdocs\exam\App\Home\Model\UserModel.class.php 第 10 行.

[ 2016-07-11T16:45:19+08:00 ] ::1 /exam/index.php/home/login/check_ajax
INFO: [ app_begin ] --START--
INFO: Run Behavior\ReadHtmlCacheBehavior [ RunTime:0.003000s ]
INFO: [ app_begin ] --END-- [ RunTime:0.004000s ]
NOTIC: [2048] Declaration of Home\Model\UserModel::check() should be compatible with Think\Model::check($value, $rule, $type = 'regex') D:\myenv\UPUPW_AP5.4\htdocs\exam\App\Home\Model\UserModel.class.php 第 5 行.
SQL: SHOW COLUMNS FROM `tp_user` [ RunTime:0.0010s ]
SQL: SHOW COLUMNS FROM `tp_user` [ RunTime:0.0020s ]
SQL: SELECT * FROM `tp_user` WHERE `stunum` = 0  [ RunTime:0.0000s ]
NOTIC: [8] Undefined offset: 0 D:\myenv\UPUPW_AP5.4\htdocs\exam\App\Home\Model\UserModel.class.php 第 10 行.

[ 2016-07-11T16:45:22+08:00 ] ::1 /exam/index.php/home/login/check_ajax
INFO: [ app_begin ] --START--
INFO: Run Behavior\ReadHtmlCacheBehavior [ RunTime:0.002000s ]
INFO: [ app_begin ] --END-- [ RunTime:0.003000s ]
NOTIC: [2048] Declaration of Home\Model\UserModel::check() should be compatible with Think\Model::check($value, $rule, $type = 'regex') D:\myenv\UPUPW_AP5.4\htdocs\exam\App\Home\Model\UserModel.class.php 第 5 行.
SQL: SHOW COLUMNS FROM `tp_user` [ RunTime:0.0010s ]
SQL: SHOW COLUMNS FROM `tp_user` [ RunTime:0.0010s ]
SQL: SELECT * FROM `tp_user` WHERE `stunum` = 0  [ RunTime:0.0000s ]
NOTIC: [8] Undefined offset: 0 D:\myenv\UPUPW_AP5.4\htdocs\exam\App\Home\Model\UserModel.class.php 第 10 行.

[ 2016-07-11T16:45:26+08:00 ] ::1 /exam/index.php/home/login/check_ajax
INFO: [ app_begin ] --START--
INFO: Run Behavior\ReadHtmlCacheBehavior [ RunTime:0.003000s ]
INFO: [ app_begin ] --END-- [ RunTime:0.005000s ]
NOTIC: [2048] Declaration of Home\Model\UserModel::check() should be compatible with Think\Model::check($value, $rule, $type = 'regex') D:\myenv\UPUPW_AP5.4\htdocs\exam\App\Home\Model\UserModel.class.php 第 5 行.
SQL: SHOW COLUMNS FROM `tp_user` [ RunTime:0.0020s ]
SQL: SHOW COLUMNS FROM `tp_user` [ RunTime:0.0020s ]
SQL: SELECT * FROM `tp_user` WHERE `stunum` = 0  [ RunTime:0.0010s ]
NOTIC: [8] Undefined offset: 0 D:\myenv\UPUPW_AP5.4\htdocs\exam\App\Home\Model\UserModel.class.php 第 10 行.

[ 2016-07-11T16:46:14+08:00 ] ::1 /exam/index.php/home/login/check_ajax
INFO: [ app_begin ] --START--
INFO: Run Behavior\ReadHtmlCacheBehavior [ RunTime:0.002001s ]
INFO: [ app_begin ] --END-- [ RunTime:0.003001s ]
NOTIC: [2048] Declaration of Home\Model\UserModel::check() should be compatible with Think\Model::check($value, $rule, $type = 'regex') D:\myenv\UPUPW_AP5.4\htdocs\exam\App\Home\Model\UserModel.class.php 第 5 行.
SQL: SHOW COLUMNS FROM `tp_user` [ RunTime:0.0010s ]
SQL: SHOW COLUMNS FROM `tp_user` [ RunTime:0.0020s ]
SQL: SELECT * FROM `tp_user` WHERE `stunum` = 0  [ RunTime:0.0010s ]
NOTIC: [8] Undefined offset: 0 D:\myenv\UPUPW_AP5.4\htdocs\exam\App\Home\Model\UserModel.class.php 第 10 行.

[ 2016-07-11T16:46:21+08:00 ] ::1 /exam/index.php/home/login/check_ajax
INFO: [ app_begin ] --START--
INFO: Run Behavior\ReadHtmlCacheBehavior [ RunTime:0.002000s ]
INFO: [ app_begin ] --END-- [ RunTime:0.003000s ]
NOTIC: [2048] Declaration of Home\Model\UserModel::check() should be compatible with Think\Model::check($value, $rule, $type = 'regex') D:\myenv\UPUPW_AP5.4\htdocs\exam\App\Home\Model\UserModel.class.php 第 5 行.
SQL: SHOW COLUMNS FROM `tp_user` [ RunTime:0.0010s ]
SQL: SHOW COLUMNS FROM `tp_user` [ RunTime:0.0010s ]
SQL: SELECT * FROM `tp_user` WHERE `stunum` = 0  [ RunTime:0.0000s ]
NOTIC: [8] Undefined offset: 0 D:\myenv\UPUPW_AP5.4\htdocs\exam\App\Home\Model\UserModel.class.php 第 10 行.

[ 2016-07-11T16:46:25+08:00 ] ::1 /exam/index.php/home/login/check_ajax
INFO: [ app_begin ] --START--
INFO: Run Behavior\ReadHtmlCacheBehavior [ RunTime:0.002000s ]
INFO: [ app_begin ] --END-- [ RunTime:0.003000s ]
NOTIC: [2048] Declaration of Home\Model\UserModel::check() should be compatible with Think\Model::check($value, $rule, $type = 'regex') D:\myenv\UPUPW_AP5.4\htdocs\exam\App\Home\Model\UserModel.class.php 第 5 行.
SQL: SHOW COLUMNS FROM `tp_user` [ RunTime:0.0020s ]
SQL: SHOW COLUMNS FROM `tp_user` [ RunTime:0.0010s ]
SQL: SELECT * FROM `tp_user` WHERE `stunum` = 0  [ RunTime:0.0000s ]
NOTIC: [8] Undefined offset: 0 D:\myenv\UPUPW_AP5.4\htdocs\exam\App\Home\Model\UserModel.class.php 第 10 行.

[ 2016-07-11T16:46:28+08:00 ] ::1 /exam/index.php/home/login/check_ajax
INFO: [ app_begin ] --START--
INFO: Run Behavior\ReadHtmlCacheBehavior [ RunTime:0.002000s ]
INFO: [ app_begin ] --END-- [ RunTime:0.002000s ]
NOTIC: [2048] Declaration of Home\Model\UserModel::check() should be compatible with Think\Model::check($value, $rule, $type = 'regex') D:\myenv\UPUPW_AP5.4\htdocs\exam\App\Home\Model\UserModel.class.php 第 5 行.
SQL: SHOW COLUMNS FROM `tp_user` [ RunTime:0.0020s ]
SQL: SHOW COLUMNS FROM `tp_user` [ RunTime:0.0010s ]
SQL: SELECT * FROM `tp_user` WHERE `stunum` = 0  [ RunTime:0.0000s ]
NOTIC: [8] Undefined offset: 0 D:\myenv\UPUPW_AP5.4\htdocs\exam\App\Home\Model\UserModel.class.php 第 10 行.

[ 2016-07-11T16:46:29+08:00 ] ::1 /exam/index.php/home/login/check_ajax
INFO: [ app_begin ] --START--
INFO: Run Behavior\ReadHtmlCacheBehavior [ RunTime:0.002000s ]
INFO: [ app_begin ] --END-- [ RunTime:0.003000s ]
NOTIC: [2048] Declaration of Home\Model\UserModel::check() should be compatible with Think\Model::check($value, $rule, $type = 'regex') D:\myenv\UPUPW_AP5.4\htdocs\exam\App\Home\Model\UserModel.class.php 第 5 行.
SQL: SHOW COLUMNS FROM `tp_user` [ RunTime:0.0010s ]
SQL: SHOW COLUMNS FROM `tp_user` [ RunTime:0.0010s ]
SQL: SELECT * FROM `tp_user` WHERE `stunum` = 0  [ RunTime:0.0000s ]
NOTIC: [8] Undefined offset: 0 D:\myenv\UPUPW_AP5.4\htdocs\exam\App\Home\Model\UserModel.class.php 第 10 行.

[ 2016-07-11T16:46:44+08:00 ] ::1 /exam/index.php/home/login/check_ajax
INFO: [ app_begin ] --START--
INFO: Run Behavior\ReadHtmlCacheBehavior [ RunTime:0.002000s ]
INFO: [ app_begin ] --END-- [ RunTime:0.002000s ]
NOTIC: [2048] Declaration of Home\Model\UserModel::check() should be compatible with Think\Model::check($value, $rule, $type = 'regex') D:\myenv\UPUPW_AP5.4\htdocs\exam\App\Home\Model\UserModel.class.php 第 5 行.
SQL: SHOW COLUMNS FROM `tp_user` [ RunTime:0.0020s ]
SQL: SHOW COLUMNS FROM `tp_user` [ RunTime:0.0010s ]
SQL: SELECT * FROM `tp_user` WHERE `stunum` = 12345678  [ RunTime:0.0000s ]

[ 2016-07-11T16:46:47+08:00 ] ::1 /exam/index.php/home/login/check_ajax
INFO: [ app_begin ] --START--
INFO: Run Behavior\ReadHtmlCacheBehavior [ RunTime:0.002000s ]
INFO: [ app_begin ] --END-- [ RunTime:0.003000s ]
NOTIC: [2048] Declaration of Home\Model\UserModel::check() should be compatible with Think\Model::check($value, $rule, $type = 'regex') D:\myenv\UPUPW_AP5.4\htdocs\exam\App\Home\Model\UserModel.class.php 第 5 行.
SQL: SHOW COLUMNS FROM `tp_user` [ RunTime:0.0010s ]
SQL: SHOW COLUMNS FROM `tp_user` [ RunTime:0.0020s ]
SQL: SELECT * FROM `tp_user` WHERE `stunum` = 123456789  [ RunTime:0.0000s ]

[ 2016-07-11T16:46:49+08:00 ] ::1 /exam/index.php/home/login/check_ajax
INFO: [ app_begin ] --START--
INFO: Run Behavior\ReadHtmlCacheBehavior [ RunTime:0.002000s ]
INFO: [ app_begin ] --END-- [ RunTime:0.003000s ]
NOTIC: [2048] Declaration of Home\Model\UserModel::check() should be compatible with Think\Model::check($value, $rule, $type = 'regex') D:\myenv\UPUPW_AP5.4\htdocs\exam\App\Home\Model\UserModel.class.php 第 5 行.
SQL: SHOW COLUMNS FROM `tp_user` [ RunTime:0.0020s ]
SQL: SHOW COLUMNS FROM `tp_user` [ RunTime:0.0010s ]
SQL: SELECT * FROM `tp_user` WHERE `stunum` = 2147483647  [ RunTime:0.0000s ]
NOTIC: [8] Undefined offset: 0 D:\myenv\UPUPW_AP5.4\htdocs\exam\App\Home\Model\UserModel.class.php 第 10 行.

[ 2016-07-11T16:46:53+08:00 ] ::1 /exam/index.php/home/login/check_ajax
INFO: [ app_begin ] --START--
INFO: Run Behavior\ReadHtmlCacheBehavior [ RunTime:0.002000s ]
INFO: [ app_begin ] --END-- [ RunTime:0.003000s ]
NOTIC: [2048] Declaration of Home\Model\UserModel::check() should be compatible with Think\Model::check($value, $rule, $type = 'regex') D:\myenv\UPUPW_AP5.4\htdocs\exam\App\Home\Model\UserModel.class.php 第 5 行.
SQL: SHOW COLUMNS FROM `tp_user` [ RunTime:0.0010s ]
SQL: SHOW COLUMNS FROM `tp_user` [ RunTime:0.0010s ]
SQL: SELECT * FROM `tp_user` WHERE `stunum` = 2147483647  [ RunTime:0.0010s ]
NOTIC: [8] Undefined offset: 0 D:\myenv\UPUPW_AP5.4\htdocs\exam\App\Home\Model\UserModel.class.php 第 10 行.

[ 2016-07-11T16:47:27+08:00 ] ::1 /exam/index.php/home/login/check_ajax
INFO: [ app_begin ] --START--
INFO: Run Behavior\ReadHtmlCacheBehavior [ RunTime:0.002000s ]
INFO: [ app_begin ] --END-- [ RunTime:0.003000s ]
NOTIC: [2048] Declaration of Home\Model\UserModel::check() should be compatible with Think\Model::check($value, $rule, $type = 'regex') D:\myenv\UPUPW_AP5.4\htdocs\exam\App\Home\Model\UserModel.class.php 第 5 行.
SQL: SHOW COLUMNS FROM `tp_user` [ RunTime:0.0020s ]
SQL: SHOW COLUMNS FROM `tp_user` [ RunTime:0.0010s ]
SQL: SELECT * FROM `tp_user` WHERE `stunum` = 0  [ RunTime:0.0000s ]
NOTIC: [8] Undefined offset: 0 D:\myenv\UPUPW_AP5.4\htdocs\exam\App\Home\Model\UserModel.class.php 第 10 行.

[ 2016-07-11T16:47:29+08:00 ] ::1 /exam/index.php/home/login/check_ajax
INFO: [ app_begin ] --START--
INFO: Run Behavior\ReadHtmlCacheBehavior [ RunTime:0.002000s ]
INFO: [ app_begin ] --END-- [ RunTime:0.002000s ]
NOTIC: [2048] Declaration of Home\Model\UserModel::check() should be compatible with Think\Model::check($value, $rule, $type = 'regex') D:\myenv\UPUPW_AP5.4\htdocs\exam\App\Home\Model\UserModel.class.php 第 5 行.
SQL: SHOW COLUMNS FROM `tp_user` [ RunTime:0.0010s ]
SQL: SHOW COLUMNS FROM `tp_user` [ RunTime:0.0010s ]
SQL: SELECT * FROM `tp_user` WHERE `stunum` = 0  [ RunTime:0.0000s ]
NOTIC: [8] Undefined offset: 0 D:\myenv\UPUPW_AP5.4\htdocs\exam\App\Home\Model\UserModel.class.php 第 10 行.

[ 2016-07-11T16:48:01+08:00 ] ::1 /exam/index.php/home/login/check_ajax
INFO: [ app_begin ] --START--
INFO: Run Behavior\ReadHtmlCacheBehavior [ RunTime:0.002000s ]
INFO: [ app_begin ] --END-- [ RunTime:0.003000s ]
NOTIC: [2048] Declaration of Home\Model\UserModel::check() should be compatible with Think\Model::check($value, $rule, $type = 'regex') D:\myenv\UPUPW_AP5.4\htdocs\exam\App\Home\Model\UserModel.class.php 第 5 行.
SQL: SHOW COLUMNS FROM `tp_user` [ RunTime:0.0020s ]
SQL: SHOW COLUMNS FROM `tp_user` [ RunTime:0.0010s ]
SQL: SELECT * FROM `tp_user` WHERE `stunum` = 0  [ RunTime:0.0000s ]
NOTIC: [8] Undefined offset: 0 D:\myenv\UPUPW_AP5.4\htdocs\exam\App\Home\Model\UserModel.class.php 第 10 行.

[ 2016-07-11T16:48:04+08:00 ] ::1 /exam/index.php/home/login/check_ajax
INFO: [ app_begin ] --START--
INFO: Run Behavior\ReadHtmlCacheBehavior [ RunTime:0.002001s ]
INFO: [ app_begin ] --END-- [ RunTime:0.003001s ]
NOTIC: [2048] Declaration of Home\Model\UserModel::check() should be compatible with Think\Model::check($value, $rule, $type = 'regex') D:\myenv\UPUPW_AP5.4\htdocs\exam\App\Home\Model\UserModel.class.php 第 5 行.
SQL: SHOW COLUMNS FROM `tp_user` [ RunTime:0.0010s ]
SQL: SHOW COLUMNS FROM `tp_user` [ RunTime:0.0010s ]
SQL: SELECT * FROM `tp_user` WHERE `stunum` = 0  [ RunTime:0.0000s ]
NOTIC: [8] Undefined offset: 0 D:\myenv\UPUPW_AP5.4\htdocs\exam\App\Home\Model\UserModel.class.php 第 10 行.

[ 2016-07-11T16:48:16+08:00 ] ::1 /exam/index.php/home/login/check_ajax
INFO: [ app_begin ] --START--
INFO: Run Behavior\ReadHtmlCacheBehavior [ RunTime:0.002001s ]
INFO: [ app_begin ] --END-- [ RunTime:0.003001s ]
NOTIC: [2048] Declaration of Home\Model\UserModel::check() should be compatible with Think\Model::check($value, $rule, $type = 'regex') D:\myenv\UPUPW_AP5.4\htdocs\exam\App\Home\Model\UserModel.class.php 第 5 行.
SQL: SHOW COLUMNS FROM `tp_user` [ RunTime:0.0010s ]
SQL: SHOW COLUMNS FROM `tp_user` [ RunTime:0.0010s ]
SQL: SELECT * FROM `tp_user` WHERE `stunum` = 0  [ RunTime:0.0000s ]
NOTIC: [8] Undefined offset: 0 D:\myenv\UPUPW_AP5.4\htdocs\exam\App\Home\Model\UserModel.class.php 第 10 行.

[ 2016-07-11T16:48:20+08:00 ] ::1 /exam/index.php/home/login/check_ajax
INFO: [ app_begin ] --START--
INFO: Run Behavior\ReadHtmlCacheBehavior [ RunTime:0.002000s ]
INFO: [ app_begin ] --END-- [ RunTime:0.003000s ]
NOTIC: [2048] Declaration of Home\Model\UserModel::check() should be compatible with Think\Model::check($value, $rule, $type = 'regex') D:\myenv\UPUPW_AP5.4\htdocs\exam\App\Home\Model\UserModel.class.php 第 5 行.
SQL: SHOW COLUMNS FROM `tp_user` [ RunTime:0.0020s ]
SQL: SHOW COLUMNS FROM `tp_user` [ RunTime:0.0010s ]
SQL: SELECT * FROM `tp_user` WHERE `stunum` = 2147483647  [ RunTime:0.0000s ]
NOTIC: [8] Undefined offset: 0 D:\myenv\UPUPW_AP5.4\htdocs\exam\App\Home\Model\UserModel.class.php 第 10 行.

[ 2016-07-11T16:48:30+08:00 ] ::1 /exam/index.php/home/login/check_ajax
INFO: [ app_begin ] --START--
INFO: Run Behavior\ReadHtmlCacheBehavior [ RunTime:0.002000s ]
INFO: [ app_begin ] --END-- [ RunTime:0.003000s ]
NOTIC: [2048] Declaration of Home\Model\UserModel::check() should be compatible with Think\Model::check($value, $rule, $type = 'regex') D:\myenv\UPUPW_AP5.4\htdocs\exam\App\Home\Model\UserModel.class.php 第 5 行.
SQL: SHOW COLUMNS FROM `tp_user` [ RunTime:0.0020s ]
SQL: SHOW COLUMNS FROM `tp_user` [ RunTime:0.0010s ]
SQL: SELECT * FROM `tp_user` WHERE `stunum` = 0  [ RunTime:0.0000s ]
NOTIC: [8] Undefined offset: 0 D:\myenv\UPUPW_AP5.4\htdocs\exam\App\Home\Model\UserModel.class.php 第 10 行.

[ 2016-07-11T16:48:34+08:00 ] ::1 /exam/index.php/home/login/check_ajax
INFO: [ app_begin ] --START--
INFO: Run Behavior\ReadHtmlCacheBehavior [ RunTime:0.002000s ]
INFO: [ app_begin ] --END-- [ RunTime:0.003000s ]
NOTIC: [2048] Declaration of Home\Model\UserModel::check() should be compatible with Think\Model::check($value, $rule, $type = 'regex') D:\myenv\UPUPW_AP5.4\htdocs\exam\App\Home\Model\UserModel.class.php 第 5 行.
SQL: SHOW COLUMNS FROM `tp_user` [ RunTime:0.0020s ]
SQL: SHOW COLUMNS FROM `tp_user` [ RunTime:0.0010s ]
SQL: SELECT * FROM `tp_user` WHERE `stunum` = 0  [ RunTime:0.0000s ]
NOTIC: [8] Undefined offset: 0 D:\myenv\UPUPW_AP5.4\htdocs\exam\App\Home\Model\UserModel.class.php 第 10 行.

[ 2016-07-11T16:48:35+08:00 ] ::1 /exam/index.php/home/login/check_ajax
INFO: [ app_begin ] --START--
INFO: Run Behavior\ReadHtmlCacheBehavior [ RunTime:0.003000s ]
INFO: [ app_begin ] --END-- [ RunTime:0.004000s ]
NOTIC: [2048] Declaration of Home\Model\UserModel::check() should be compatible with Think\Model::check($value, $rule, $type = 'regex') D:\myenv\UPUPW_AP5.4\htdocs\exam\App\Home\Model\UserModel.class.php 第 5 行.
SQL: SHOW COLUMNS FROM `tp_user` [ RunTime:0.0010s ]
SQL: SHOW COLUMNS FROM `tp_user` [ RunTime:0.0010s ]
SQL: SELECT * FROM `tp_user` WHERE `stunum` = 0  [ RunTime:0.0010s ]
NOTIC: [8] Undefined offset: 0 D:\myenv\UPUPW_AP5.4\htdocs\exam\App\Home\Model\UserModel.class.php 第 10 行.

[ 2016-07-11T16:48:50+08:00 ] ::1 /exam/index.php/home/login/check_ajax
INFO: [ app_begin ] --START--
INFO: Run Behavior\ReadHtmlCacheBehavior [ RunTime:0.002000s ]
INFO: [ app_begin ] --END-- [ RunTime:0.003000s ]
NOTIC: [2048] Declaration of Home\Model\UserModel::check() should be compatible with Think\Model::check($value, $rule, $type = 'regex') D:\myenv\UPUPW_AP5.4\htdocs\exam\App\Home\Model\UserModel.class.php 第 5 行.
SQL: SHOW COLUMNS FROM `tp_user` [ RunTime:0.0010s ]
SQL: SHOW COLUMNS FROM `tp_user` [ RunTime:0.0010s ]
SQL: SELECT * FROM `tp_user` WHERE `stunum` = 0  [ RunTime:0.0000s ]
NOTIC: [8] Undefined offset: 0 D:\myenv\UPUPW_AP5.4\htdocs\exam\App\Home\Model\UserModel.class.php 第 10 行.

[ 2016-07-11T16:54:49+08:00 ] ::1 /exam/index.php/home/login/check_ajax
INFO: [ app_begin ] --START--
INFO: Run Behavior\ReadHtmlCacheBehavior [ RunTime:0.002000s ]
INFO: [ app_begin ] --END-- [ RunTime:0.003000s ]
NOTIC: [2048] Declaration of Home\Model\UserModel::check() should be compatible with Think\Model::check($value, $rule, $type = 'regex') D:\myenv\UPUPW_AP5.4\htdocs\exam\App\Home\Model\UserModel.class.php 第 5 行.
SQL: SHOW COLUMNS FROM `tp_user` [ RunTime:0.0020s ]
SQL: SHOW COLUMNS FROM `tp_user` [ RunTime:0.0010s ]
SQL: SELECT * FROM `tp_user` WHERE `stunum` = 0  [ RunTime:0.0000s ]
NOTIC: [8] Undefined offset: 0 D:\myenv\UPUPW_AP5.4\htdocs\exam\App\Home\Model\UserModel.class.php 第 10 行.

[ 2016-07-11T16:54:55+08:00 ] ::1 /exam/index.php/home/login/check_ajax
INFO: [ app_begin ] --START--
INFO: Run Behavior\ReadHtmlCacheBehavior [ RunTime:0.002001s ]
INFO: [ app_begin ] --END-- [ RunTime:0.003001s ]
NOTIC: [2048] Declaration of Home\Model\UserModel::check() should be compatible with Think\Model::check($value, $rule, $type = 'regex') D:\myenv\UPUPW_AP5.4\htdocs\exam\App\Home\Model\UserModel.class.php 第 5 行.
SQL: SHOW COLUMNS FROM `tp_user` [ RunTime:0.0010s ]
SQL: SHOW COLUMNS FROM `tp_user` [ RunTime:0.0010s ]
SQL: SELECT * FROM `tp_user` WHERE `stunum` = 0  [ RunTime:0.0000s ]
NOTIC: [8] Undefined offset: 0 D:\myenv\UPUPW_AP5.4\htdocs\exam\App\Home\Model\UserModel.class.php 第 10 行.

[ 2016-07-11T16:54:59+08:00 ] ::1 /exam/index.php/home/login/check_ajax
INFO: [ app_begin ] --START--
INFO: Run Behavior\ReadHtmlCacheBehavior [ RunTime:0.003000s ]
INFO: [ app_begin ] --END-- [ RunTime:0.004000s ]
NOTIC: [2048] Declaration of Home\Model\UserModel::check() should be compatible with Think\Model::check($value, $rule, $type = 'regex') D:\myenv\UPUPW_AP5.4\htdocs\exam\App\Home\Model\UserModel.class.php 第 5 行.
SQL: SHOW COLUMNS FROM `tp_user` [ RunTime:0.0010s ]
SQL: SHOW COLUMNS FROM `tp_user` [ RunTime:0.0010s ]
SQL: SELECT * FROM `tp_user` WHERE `stunum` = 0  [ RunTime:0.0000s ]
NOTIC: [8] Undefined offset: 0 D:\myenv\UPUPW_AP5.4\htdocs\exam\App\Home\Model\UserModel.class.php 第 10 行.

[ 2016-07-11T16:55:00+08:00 ] ::1 /exam/index.php/home/login/check_ajax
INFO: [ app_begin ] --START--
INFO: Run Behavior\ReadHtmlCacheBehavior [ RunTime:0.003000s ]
INFO: [ app_begin ] --END-- [ RunTime:0.003000s ]
NOTIC: [2048] Declaration of Home\Model\UserModel::check() should be compatible with Think\Model::check($value, $rule, $type = 'regex') D:\myenv\UPUPW_AP5.4\htdocs\exam\App\Home\Model\UserModel.class.php 第 5 行.
SQL: SHOW COLUMNS FROM `tp_user` [ RunTime:0.0010s ]
SQL: SHOW COLUMNS FROM `tp_user` [ RunTime:0.0010s ]
SQL: SELECT * FROM `tp_user` WHERE `stunum` = 0  [ RunTime:0.0010s ]
NOTIC: [8] Undefined offset: 0 D:\myenv\UPUPW_AP5.4\htdocs\exam\App\Home\Model\UserModel.class.php 第 10 行.

[ 2016-07-11T16:55:10+08:00 ] ::1 /exam/index.php/home/login/check_ajax
INFO: [ app_begin ] --START--
INFO: Run Behavior\ReadHtmlCacheBehavior [ RunTime:0.002000s ]
INFO: [ app_begin ] --END-- [ RunTime:0.003000s ]
NOTIC: [2048] Declaration of Home\Model\UserModel::check() should be compatible with Think\Model::check($value, $rule, $type = 'regex') D:\myenv\UPUPW_AP5.4\htdocs\exam\App\Home\Model\UserModel.class.php 第 5 行.
SQL: SHOW COLUMNS FROM `tp_user` [ RunTime:0.0020s ]
SQL: SHOW COLUMNS FROM `tp_user` [ RunTime:0.0010s ]
SQL: SELECT * FROM `tp_user` WHERE `stunum` = 0  [ RunTime:0.0000s ]
NOTIC: [8] Undefined offset: 0 D:\myenv\UPUPW_AP5.4\htdocs\exam\App\Home\Model\UserModel.class.php 第 10 行.

[ 2016-07-11T16:55:18+08:00 ] ::1 /exam/index.php/home/login/check_ajax
INFO: [ app_begin ] --START--
INFO: Run Behavior\ReadHtmlCacheBehavior [ RunTime:0.003000s ]
INFO: [ app_begin ] --END-- [ RunTime:0.003000s ]
NOTIC: [2048] Declaration of Home\Model\UserModel::check() should be compatible with Think\Model::check($value, $rule, $type = 'regex') D:\myenv\UPUPW_AP5.4\htdocs\exam\App\Home\Model\UserModel.class.php 第 5 行.
SQL: SHOW COLUMNS FROM `tp_user` [ RunTime:0.0010s ]
SQL: SHOW COLUMNS FROM `tp_user` [ RunTime:0.0010s ]
SQL: SELECT * FROM `tp_user` WHERE `stunum` = 0  [ RunTime:0.0000s ]
NOTIC: [8] Undefined offset: 0 D:\myenv\UPUPW_AP5.4\htdocs\exam\App\Home\Model\UserModel.class.php 第 10 行.

[ 2016-07-11T16:55:21+08:00 ] ::1 /exam/index.php/home/login/check_ajax
INFO: [ app_begin ] --START--
INFO: Run Behavior\ReadHtmlCacheBehavior [ RunTime:0.002000s ]
INFO: [ app_begin ] --END-- [ RunTime:0.003000s ]
NOTIC: [2048] Declaration of Home\Model\UserModel::check() should be compatible with Think\Model::check($value, $rule, $type = 'regex') D:\myenv\UPUPW_AP5.4\htdocs\exam\App\Home\Model\UserModel.class.php 第 5 行.
SQL: SHOW COLUMNS FROM `tp_user` [ RunTime:0.0020s ]
SQL: SHOW COLUMNS FROM `tp_user` [ RunTime:0.0010s ]
SQL: SELECT * FROM `tp_user` WHERE `stunum` = 0  [ RunTime:0.0000s ]
NOTIC: [8] Undefined offset: 0 D:\myenv\UPUPW_AP5.4\htdocs\exam\App\Home\Model\UserModel.class.php 第 10 行.

[ 2016-07-11T16:55:47+08:00 ] ::1 /exam/index.php/home/login/check_ajax
INFO: [ app_begin ] --START--
INFO: Run Behavior\ReadHtmlCacheBehavior [ RunTime:0.002000s ]
INFO: [ app_begin ] --END-- [ RunTime:0.003000s ]
NOTIC: [2048] Declaration of Home\Model\UserModel::check() should be compatible with Think\Model::check($value, $rule, $type = 'regex') D:\myenv\UPUPW_AP5.4\htdocs\exam\App\Home\Model\UserModel.class.php 第 5 行.
SQL: SHOW COLUMNS FROM `tp_user` [ RunTime:0.0010s ]
SQL: SHOW COLUMNS FROM `tp_user` [ RunTime:0.0010s ]
SQL: SELECT * FROM `tp_user` WHERE `stunum` = 0  [ RunTime:0.0010s ]
NOTIC: [8] Undefined offset: 0 D:\myenv\UPUPW_AP5.4\htdocs\exam\App\Home\Model\UserModel.class.php 第 10 行.

[ 2016-07-11T16:55:51+08:00 ] ::1 /exam/index.php/home/login/check_ajax
INFO: [ app_begin ] --START--
INFO: Run Behavior\ReadHtmlCacheBehavior [ RunTime:0.002000s ]
INFO: [ app_begin ] --END-- [ RunTime:0.003000s ]
NOTIC: [2048] Declaration of Home\Model\UserModel::check() should be compatible with Think\Model::check($value, $rule, $type = 'regex') D:\myenv\UPUPW_AP5.4\htdocs\exam\App\Home\Model\UserModel.class.php 第 5 行.
SQL: SHOW COLUMNS FROM `tp_user` [ RunTime:0.0010s ]
SQL: SHOW COLUMNS FROM `tp_user` [ RunTime:0.0010s ]
SQL: SELECT * FROM `tp_user` WHERE `stunum` = 0  [ RunTime:0.0000s ]
NOTIC: [8] Undefined offset: 0 D:\myenv\UPUPW_AP5.4\htdocs\exam\App\Home\Model\UserModel.class.php 第 10 行.

[ 2016-07-11T16:56:42+08:00 ] ::1 /exam/index.php/home/login/check_ajax
INFO: [ app_begin ] --START--
INFO: Run Behavior\ReadHtmlCacheBehavior [ RunTime:0.002000s ]
INFO: [ app_begin ] --END-- [ RunTime:0.003000s ]
NOTIC: [2048] Declaration of Home\Model\UserModel::check() should be compatible with Think\Model::check($value, $rule, $type = 'regex') D:\myenv\UPUPW_AP5.4\htdocs\exam\App\Home\Model\UserModel.class.php 第 5 行.
SQL: SHOW COLUMNS FROM `tp_user` [ RunTime:0.0010s ]
SQL: SHOW COLUMNS FROM `tp_user` [ RunTime:0.0020s ]
SQL: SELECT * FROM `tp_user` WHERE `stunum` = 0  [ RunTime:0.0000s ]
NOTIC: [8] Undefined offset: 0 D:\myenv\UPUPW_AP5.4\htdocs\exam\App\Home\Model\UserModel.class.php 第 10 行.

[ 2016-07-11T16:56:46+08:00 ] ::1 /exam/index.php/home/login/check_ajax
INFO: [ app_begin ] --START--
INFO: Run Behavior\ReadHtmlCacheBehavior [ RunTime:0.003000s ]
INFO: [ app_begin ] --END-- [ RunTime:0.004000s ]
NOTIC: [2048] Declaration of Home\Model\UserModel::check() should be compatible with Think\Model::check($value, $rule, $type = 'regex') D:\myenv\UPUPW_AP5.4\htdocs\exam\App\Home\Model\UserModel.class.php 第 5 行.
SQL: SHOW COLUMNS FROM `tp_user` [ RunTime:0.0030s ]
SQL: SHOW COLUMNS FROM `tp_user` [ RunTime:0.0030s ]
SQL: SELECT * FROM `tp_user` WHERE `stunum` = 0  [ RunTime:0.0000s ]
NOTIC: [8] Undefined offset: 0 D:\myenv\UPUPW_AP5.4\htdocs\exam\App\Home\Model\UserModel.class.php 第 10 行.

[ 2016-07-11T16:56:49+08:00 ] ::1 /exam/index.php/home/login/check_ajax
INFO: [ app_begin ] --START--
INFO: Run Behavior\ReadHtmlCacheBehavior [ RunTime:0.002000s ]
INFO: [ app_begin ] --END-- [ RunTime:0.003000s ]
NOTIC: [2048] Declaration of Home\Model\UserModel::check() should be compatible with Think\Model::check($value, $rule, $type = 'regex') D:\myenv\UPUPW_AP5.4\htdocs\exam\App\Home\Model\UserModel.class.php 第 5 行.
SQL: SHOW COLUMNS FROM `tp_user` [ RunTime:0.0010s ]
SQL: SHOW COLUMNS FROM `tp_user` [ RunTime:0.0020s ]
SQL: SELECT * FROM `tp_user` WHERE `stunum` = 0  [ RunTime:0.0010s ]
NOTIC: [8] Undefined offset: 0 D:\myenv\UPUPW_AP5.4\htdocs\exam\App\Home\Model\UserModel.class.php 第 10 行.

[ 2016-07-11T16:56:52+08:00 ] ::1 /exam/index.php/home/login/check_ajax
INFO: [ app_begin ] --START--
INFO: Run Behavior\ReadHtmlCacheBehavior [ RunTime:0.002000s ]
INFO: [ app_begin ] --END-- [ RunTime:0.003000s ]
NOTIC: [2048] Declaration of Home\Model\UserModel::check() should be compatible with Think\Model::check($value, $rule, $type = 'regex') D:\myenv\UPUPW_AP5.4\htdocs\exam\App\Home\Model\UserModel.class.php 第 5 行.
SQL: SHOW COLUMNS FROM `tp_user` [ RunTime:0.0010s ]
SQL: SHOW COLUMNS FROM `tp_user` [ RunTime:0.0010s ]
SQL: SELECT * FROM `tp_user` WHERE `stunum` = 0  [ RunTime:0.0000s ]
NOTIC: [8] Undefined offset: 0 D:\myenv\UPUPW_AP5.4\htdocs\exam\App\Home\Model\UserModel.class.php 第 10 行.

[ 2016-07-11T16:56:54+08:00 ] ::1 /exam/index.php/home/login/check_ajax
INFO: [ app_begin ] --START--
INFO: Run Behavior\ReadHtmlCacheBehavior [ RunTime:0.002000s ]
INFO: [ app_begin ] --END-- [ RunTime:0.003000s ]
NOTIC: [2048] Declaration of Home\Model\UserModel::check() should be compatible with Think\Model::check($value, $rule, $type = 'regex') D:\myenv\UPUPW_AP5.4\htdocs\exam\App\Home\Model\UserModel.class.php 第 5 行.
SQL: SHOW COLUMNS FROM `tp_user` [ RunTime:0.0010s ]
SQL: SHOW COLUMNS FROM `tp_user` [ RunTime:0.0010s ]
SQL: SELECT * FROM `tp_user` WHERE `stunum` = 0  [ RunTime:0.0010s ]
NOTIC: [8] Undefined offset: 0 D:\myenv\UPUPW_AP5.4\htdocs\exam\App\Home\Model\UserModel.class.php 第 10 行.

[ 2016-07-11T16:57:04+08:00 ] ::1 /exam/index.php/home/login/check_ajax
INFO: [ app_begin ] --START--
INFO: Run Behavior\ReadHtmlCacheBehavior [ RunTime:0.003000s ]
INFO: [ app_begin ] --END-- [ RunTime:0.003000s ]
NOTIC: [2048] Declaration of Home\Model\UserModel::check() should be compatible with Think\Model::check($value, $rule, $type = 'regex') D:\myenv\UPUPW_AP5.4\htdocs\exam\App\Home\Model\UserModel.class.php 第 5 行.
SQL: SHOW COLUMNS FROM `tp_user` [ RunTime:0.0020s ]
SQL: SHOW COLUMNS FROM `tp_user` [ RunTime:0.0020s ]
SQL: SELECT * FROM `tp_user` WHERE `stunum` = 0  [ RunTime:0.0010s ]
NOTIC: [8] Undefined offset: 0 D:\myenv\UPUPW_AP5.4\htdocs\exam\App\Home\Model\UserModel.class.php 第 10 行.

[ 2016-07-11T17:03:23+08:00 ] 192.168.1.154 /exam/index.php/home/login/check_ajax
INFO: [ app_begin ] --START--
INFO: Run Behavior\ReadHtmlCacheBehavior [ RunTime:0.003000s ]
INFO: [ app_begin ] --END-- [ RunTime:0.003000s ]
NOTIC: [2048] Declaration of Home\Model\UserModel::check() should be compatible with Think\Model::check($value, $rule, $type = 'regex') D:\myenv\UPUPW_AP5.4\htdocs\exam\App\Home\Model\UserModel.class.php 第 5 行.
SQL: SHOW COLUMNS FROM `tp_user` [ RunTime:0.0020s ]
SQL: SHOW COLUMNS FROM `tp_user` [ RunTime:0.0010s ]
SQL: SELECT * FROM `tp_user` WHERE `stunum` = 12345  [ RunTime:0.0010s ]
NOTIC: [8] Undefined offset: 0 D:\myenv\UPUPW_AP5.4\htdocs\exam\App\Home\Model\UserModel.class.php 第 10 行.

[ 2016-07-11T17:03:27+08:00 ] 192.168.1.154 /exam/index.php/home/login/check_ajax
INFO: [ app_begin ] --START--
INFO: Run Behavior\ReadHtmlCacheBehavior [ RunTime:0.003000s ]
INFO: [ app_begin ] --END-- [ RunTime:0.004000s ]
NOTIC: [2048] Declaration of Home\Model\UserModel::check() should be compatible with Think\Model::check($value, $rule, $type = 'regex') D:\myenv\UPUPW_AP5.4\htdocs\exam\App\Home\Model\UserModel.class.php 第 5 行.
SQL: SHOW COLUMNS FROM `tp_user` [ RunTime:0.0010s ]
SQL: SHOW COLUMNS FROM `tp_user` [ RunTime:0.0010s ]
SQL: SELECT * FROM `tp_user` WHERE `stunum` = 12345678  [ RunTime:0.0000s ]

[ 2016-07-11T17:03:31+08:00 ] 192.168.1.154 /exam/index.php/home/login/check_ajax
INFO: [ app_begin ] --START--
INFO: Run Behavior\ReadHtmlCacheBehavior [ RunTime:0.002000s ]
INFO: [ app_begin ] --END-- [ RunTime:0.003000s ]
NOTIC: [2048] Declaration of Home\Model\UserModel::check() should be compatible with Think\Model::check($value, $rule, $type = 'regex') D:\myenv\UPUPW_AP5.4\htdocs\exam\App\Home\Model\UserModel.class.php 第 5 行.
SQL: SHOW COLUMNS FROM `tp_user` [ RunTime:0.0010s ]
SQL: SHOW COLUMNS FROM `tp_user` [ RunTime:0.0010s ]
SQL: SELECT * FROM `tp_user` WHERE `stunum` = 1222222  [ RunTime:0.0000s ]
NOTIC: [8] Undefined offset: 0 D:\myenv\UPUPW_AP5.4\htdocs\exam\App\Home\Model\UserModel.class.php 第 10 行.

[ 2016-07-11T17:03:36+08:00 ] 192.168.1.154 /exam/index.php/home/login/check_ajax
INFO: [ app_begin ] --START--
INFO: Run Behavior\ReadHtmlCacheBehavior [ RunTime:0.002000s ]
INFO: [ app_begin ] --END-- [ RunTime:0.003000s ]
NOTIC: [2048] Declaration of Home\Model\UserModel::check() should be compatible with Think\Model::check($value, $rule, $type = 'regex') D:\myenv\UPUPW_AP5.4\htdocs\exam\App\Home\Model\UserModel.class.php 第 5 行.
SQL: SHOW COLUMNS FROM `tp_user` [ RunTime:0.0010s ]
SQL: SHOW COLUMNS FROM `tp_user` [ RunTime:0.0010s ]
SQL: SELECT * FROM `tp_user` WHERE `stunum` = 12345678  [ RunTime:0.0000s ]

[ 2016-07-11T17:03:43+08:00 ] 192.168.1.154 /exam/index.php/home/login/check
INFO: [ app_begin ] --START--
INFO: Run Behavior\ReadHtmlCacheBehavior [ RunTime:0.002000s ]
INFO: [ app_begin ] --END-- [ RunTime:0.003000s ]
NOTIC: [2048] Declaration of Home\Model\UserModel::check() should be compatible with Think\Model::check($value, $rule, $type = 'regex') D:\myenv\UPUPW_AP5.4\htdocs\exam\App\Home\Model\UserModel.class.php 第 5 行.
SQL: SHOW COLUMNS FROM `tp_user` [ RunTime:0.0010s ]
SQL: SHOW COLUMNS FROM `tp_user` [ RunTime:0.0010s ]
SQL: SELECT * FROM `tp_user` WHERE `stunum` = 12345678 AND `pw` = '12345678'  [ RunTime:0.0000s ]

[ 2016-07-11T17:03:53+08:00 ] 192.168.1.154 /exam/index.php/home/login/check_ajax
INFO: [ app_begin ] --START--
INFO: Run Behavior\ReadHtmlCacheBehavior [ RunTime:0.002000s ]
INFO: [ app_begin ] --END-- [ RunTime:0.003000s ]
NOTIC: [2048] Declaration of Home\Model\UserModel::check() should be compatible with Think\Model::check($value, $rule, $type = 'regex') D:\myenv\UPUPW_AP5.4\htdocs\exam\App\Home\Model\UserModel.class.php 第 5 行.
SQL: SHOW COLUMNS FROM `tp_user` [ RunTime:0.0020s ]
SQL: SHOW COLUMNS FROM `tp_user` [ RunTime:0.0010s ]
SQL: SELECT * FROM `tp_user` WHERE `stunum` = 0  [ RunTime:0.0000s ]
NOTIC: [8] Undefined offset: 0 D:\myenv\UPUPW_AP5.4\htdocs\exam\App\Home\Model\UserModel.class.php 第 10 行.

[ 2016-07-11T17:03:55+08:00 ] 192.168.1.154 /exam/index.php/home/login/check_ajax
INFO: [ app_begin ] --START--
INFO: Run Behavior\ReadHtmlCacheBehavior [ RunTime:0.002000s ]
INFO: [ app_begin ] --END-- [ RunTime:0.004000s ]
NOTIC: [2048] Declaration of Home\Model\UserModel::check() should be compatible with Think\Model::check($value, $rule, $type = 'regex') D:\myenv\UPUPW_AP5.4\htdocs\exam\App\Home\Model\UserModel.class.php 第 5 行.
SQL: SHOW COLUMNS FROM `tp_user` [ RunTime:0.0010s ]
SQL: SHOW COLUMNS FROM `tp_user` [ RunTime:0.0010s ]
SQL: SELECT * FROM `tp_user` WHERE `stunum` = 0  [ RunTime:0.0000s ]
NOTIC: [8] Undefined offset: 0 D:\myenv\UPUPW_AP5.4\htdocs\exam\App\Home\Model\UserModel.class.php 第 10 行.

[ 2016-07-11T19:47:20+08:00 ] ::1 /exam/index.php/home/login/check_ajax
INFO: [ app_begin ] --START--
INFO: Run Behavior\ReadHtmlCacheBehavior [ RunTime:0.002000s ]
INFO: [ app_begin ] --END-- [ RunTime:0.003000s ]
NOTIC: [2048] Declaration of Home\Model\UserModel::check() should be compatible with Think\Model::check($value, $rule, $type = 'regex') D:\myenv\UPUPW_AP5.4\htdocs\exam\App\Home\Model\UserModel.class.php 第 5 行.
SQL: SHOW COLUMNS FROM `tp_user` [ RunTime:0.0010s ]
SQL: SHOW COLUMNS FROM `tp_user` [ RunTime:0.0010s ]
SQL: SELECT * FROM `tp_user` WHERE `stunum` = 123456789  [ RunTime:0.0000s ]

[ 2016-07-11T19:47:25+08:00 ] ::1 /exam/index.php/home/login/check
INFO: [ app_begin ] --START--
INFO: Run Behavior\ReadHtmlCacheBehavior [ RunTime:0.002000s ]
INFO: [ app_begin ] --END-- [ RunTime:0.003000s ]
NOTIC: [2048] Declaration of Home\Model\UserModel::check() should be compatible with Think\Model::check($value, $rule, $type = 'regex') D:\myenv\UPUPW_AP5.4\htdocs\exam\App\Home\Model\UserModel.class.php 第 5 行.
SQL: SHOW COLUMNS FROM `tp_user` [ RunTime:0.0020s ]
SQL: SHOW COLUMNS FROM `tp_user` [ RunTime:0.0010s ]
SQL: SELECT * FROM `tp_user` WHERE `stunum` = 123456789 AND `pw` = '123456789'  [ RunTime:0.0000s ]

[ 2016-07-11T19:47:29+08:00 ] ::1 /exam/index.php/home/login/check_ajax
INFO: [ app_begin ] --START--
INFO: Run Behavior\ReadHtmlCacheBehavior [ RunTime:0.002000s ]
INFO: [ app_begin ] --END-- [ RunTime:0.003000s ]
NOTIC: [2048] Declaration of Home\Model\UserModel::check() should be compatible with Think\Model::check($value, $rule, $type = 'regex') D:\myenv\UPUPW_AP5.4\htdocs\exam\App\Home\Model\UserModel.class.php 第 5 行.
SQL: SHOW COLUMNS FROM `tp_user` [ RunTime:0.0010s ]
SQL: SHOW COLUMNS FROM `tp_user` [ RunTime:0.0010s ]
SQL: SELECT * FROM `tp_user` WHERE `stunum` = 123456789  [ RunTime:0.0000s ]

[ 2016-07-11T19:47:30+08:00 ] ::1 /exam/index.php/home/login/check_ajax
INFO: [ app_begin ] --START--
INFO: Run Behavior\ReadHtmlCacheBehavior [ RunTime:0.002000s ]
INFO: [ app_begin ] --END-- [ RunTime:0.003000s ]
NOTIC: [2048] Declaration of Home\Model\UserModel::check() should be compatible with Think\Model::check($value, $rule, $type = 'regex') D:\myenv\UPUPW_AP5.4\htdocs\exam\App\Home\Model\UserModel.class.php 第 5 行.
SQL: SHOW COLUMNS FROM `tp_user` [ RunTime:0.0010s ]
SQL: SHOW COLUMNS FROM `tp_user` [ RunTime:0.0010s ]
SQL: SELECT * FROM `tp_user` WHERE `stunum` = 123456789  [ RunTime:0.0000s ]

[ 2016-07-11T19:47:31+08:00 ] ::1 /exam/index.php/home/login/check_ajax
INFO: [ app_begin ] --START--
INFO: Run Behavior\ReadHtmlCacheBehavior [ RunTime:0.002000s ]
INFO: [ app_begin ] --END-- [ RunTime:0.004000s ]
NOTIC: [2048] Declaration of Home\Model\UserModel::check() should be compatible with Think\Model::check($value, $rule, $type = 'regex') D:\myenv\UPUPW_AP5.4\htdocs\exam\App\Home\Model\UserModel.class.php 第 5 行.
SQL: SHOW COLUMNS FROM `tp_user` [ RunTime:0.0010s ]
SQL: SHOW COLUMNS FROM `tp_user` [ RunTime:0.0010s ]
SQL: SELECT * FROM `tp_user` WHERE `stunum` = 123456789  [ RunTime:0.0000s ]

[ 2016-07-11T19:47:35+08:00 ] ::1 /exam/index.php/home/login/check
INFO: [ app_begin ] --START--
INFO: Run Behavior\ReadHtmlCacheBehavior [ RunTime:0.002000s ]
INFO: [ app_begin ] --END-- [ RunTime:0.003000s ]
NOTIC: [2048] Declaration of Home\Model\UserModel::check() should be compatible with Think\Model::check($value, $rule, $type = 'regex') D:\myenv\UPUPW_AP5.4\htdocs\exam\App\Home\Model\UserModel.class.php 第 5 行.
SQL: SHOW COLUMNS FROM `tp_user` [ RunTime:0.0010s ]
SQL: SHOW COLUMNS FROM `tp_user` [ RunTime:0.0010s ]
SQL: SELECT * FROM `tp_user` WHERE `stunum` = 123456789 AND `pw` = '12345678'  [ RunTime:0.0000s ]
NOTIC: [8] Undefined offset: 0 D:\myenv\UPUPW_AP5.4\htdocs\exam\App\Home\Model\UserModel.class.php 第 28 行.
SQL: SELECT * FROM `tp_user` WHERE `stunum` = 123456789  [ RunTime:0.0010s ]
SQL: UPDATE `tp_user` SET `err_time`='17' WHERE `id` = 1 AND `stunum` = 123456789 AND `pw` = '123456789' AND `err_time` = 16 [ RunTime:0.0010s ]

[ 2016-07-11T19:47:41+08:00 ] ::1 /exam/index.php/home/login/check
INFO: [ app_begin ] --START--
INFO: Run Behavior\ReadHtmlCacheBehavior [ RunTime:0.004001s ]
INFO: [ app_begin ] --END-- [ RunTime:0.005001s ]
NOTIC: [2048] Declaration of Home\Model\UserModel::check() should be compatible with Think\Model::check($value, $rule, $type = 'regex') D:\myenv\UPUPW_AP5.4\htdocs\exam\App\Home\Model\UserModel.class.php 第 5 行.
SQL: SHOW COLUMNS FROM `tp_user` [ RunTime:0.0020s ]
SQL: SHOW COLUMNS FROM `tp_user` [ RunTime:0.0010s ]
SQL: SELECT * FROM `tp_user` WHERE `stunum` = 123456789 AND `pw` = '12345678'  [ RunTime:0.0000s ]
NOTIC: [8] Undefined offset: 0 D:\myenv\UPUPW_AP5.4\htdocs\exam\App\Home\Model\UserModel.class.php 第 28 行.
SQL: SELECT * FROM `tp_user` WHERE `stunum` = 123456789  [ RunTime:0.0000s ]
SQL: UPDATE `tp_user` SET `err_time`='18' WHERE `id` = 1 AND `stunum` = 123456789 AND `pw` = '123456789' AND `err_time` = 17 [ RunTime:0.0000s ]

[ 2016-07-11T19:47:46+08:00 ] ::1 /exam/index.php/home/login/check
INFO: [ app_begin ] --START--
INFO: Run Behavior\ReadHtmlCacheBehavior [ RunTime:0.002000s ]
INFO: [ app_begin ] --END-- [ RunTime:0.003000s ]
NOTIC: [2048] Declaration of Home\Model\UserModel::check() should be compatible with Think\Model::check($value, $rule, $type = 'regex') D:\myenv\UPUPW_AP5.4\htdocs\exam\App\Home\Model\UserModel.class.php 第 5 行.
SQL: SHOW COLUMNS FROM `tp_user` [ RunTime:0.0010s ]
SQL: SHOW COLUMNS FROM `tp_user` [ RunTime:0.0010s ]
SQL: SELECT * FROM `tp_user` WHERE `stunum` = 123456789 AND `pw` = '12345678'  [ RunTime:0.0000s ]
NOTIC: [8] Undefined offset: 0 D:\myenv\UPUPW_AP5.4\htdocs\exam\App\Home\Model\UserModel.class.php 第 28 行.
SQL: SELECT * FROM `tp_user` WHERE `stunum` = 123456789  [ RunTime:0.0010s ]
SQL: UPDATE `tp_user` SET `err_time`='19' WHERE `id` = 1 AND `stunum` = 123456789 AND `pw` = '123456789' AND `err_time` = 18 [ RunTime:0.0000s ]

[ 2016-07-11T19:47:50+08:00 ] ::1 /exam/index.php/home/login/check_ajax
INFO: [ app_begin ] --START--
INFO: Run Behavior\ReadHtmlCacheBehavior [ RunTime:0.003000s ]
INFO: [ app_begin ] --END-- [ RunTime:0.005000s ]
NOTIC: [2048] Declaration of Home\Model\UserModel::check() should be compatible with Think\Model::check($value, $rule, $type = 'regex') D:\myenv\UPUPW_AP5.4\htdocs\exam\App\Home\Model\UserModel.class.php 第 5 行.
SQL: SHOW COLUMNS FROM `tp_user` [ RunTime:0.0020s ]
SQL: SHOW COLUMNS FROM `tp_user` [ RunTime:0.0020s ]
SQL: SELECT * FROM `tp_user` WHERE `stunum` = 123456789  [ RunTime:0.0000s ]

[ 2016-07-11T19:47:56+08:00 ] ::1 /exam/index.php/home/login/check
INFO: [ app_begin ] --START--
INFO: Run Behavior\ReadHtmlCacheBehavior [ RunTime:0.002000s ]
INFO: [ app_begin ] --END-- [ RunTime:0.003000s ]
NOTIC: [2048] Declaration of Home\Model\UserModel::check() should be compatible with Think\Model::check($value, $rule, $type = 'regex') D:\myenv\UPUPW_AP5.4\htdocs\exam\App\Home\Model\UserModel.class.php 第 5 行.
SQL: SHOW COLUMNS FROM `tp_user` [ RunTime:0.0010s ]
SQL: SHOW COLUMNS FROM `tp_user` [ RunTime:0.0010s ]
SQL: SELECT * FROM `tp_user` WHERE `stunum` = 123456789 AND `pw` = '12345678'  [ RunTime:0.0000s ]
NOTIC: [8] Undefined offset: 0 D:\myenv\UPUPW_AP5.4\htdocs\exam\App\Home\Model\UserModel.class.php 第 28 行.
SQL: SELECT * FROM `tp_user` WHERE `stunum` = 123456789  [ RunTime:0.0010s ]
SQL: UPDATE `tp_user` SET `err_time`='20' WHERE `id` = 1 AND `stunum` = 123456789 AND `pw` = '123456789' AND `err_time` = 19 [ RunTime:0.0010s ]

[ 2016-07-11T19:48:18+08:00 ] ::1 /exam/index.php/home/login/check
INFO: [ app_begin ] --START--
INFO: Run Behavior\ReadHtmlCacheBehavior [ RunTime:0.002000s ]
INFO: [ app_begin ] --END-- [ RunTime:0.003000s ]
NOTIC: [2048] Declaration of Home\Model\UserModel::check() should be compatible with Think\Model::check($value, $rule, $type = 'regex') D:\myenv\UPUPW_AP5.4\htdocs\exam\App\Home\Model\UserModel.class.php 第 5 行.
SQL: SHOW COLUMNS FROM `tp_user` [ RunTime:0.0010s ]
SQL: SHOW COLUMNS FROM `tp_user` [ RunTime:0.0010s ]
SQL: SELECT * FROM `tp_user` WHERE `stunum` = 123456789 AND `pw` = '12345678'  [ RunTime:0.0000s ]
NOTIC: [8] Undefined offset: 0 D:\myenv\UPUPW_AP5.4\htdocs\exam\App\Home\Model\UserModel.class.php 第 28 行.
SQL: SELECT * FROM `tp_user` WHERE `stunum` = 123456789  [ RunTime:0.0010s ]
SQL: UPDATE `tp_user` SET `err_time`='22' WHERE `id` = 1 AND `stunum` = 123456789 AND `pw` = '123456789' AND `err_time` = 21 [ RunTime:0.0010s ]

[ 2016-07-11T19:48:21+08:00 ] ::1 /exam/index.php/home/login/check_ajax
INFO: [ app_begin ] --START--
INFO: Run Behavior\ReadHtmlCacheBehavior [ RunTime:0.003000s ]
INFO: [ app_begin ] --END-- [ RunTime:0.003000s ]
NOTIC: [2048] Declaration of Home\Model\UserModel::check() should be compatible with Think\Model::check($value, $rule, $type = 'regex') D:\myenv\UPUPW_AP5.4\htdocs\exam\App\Home\Model\UserModel.class.php 第 5 行.
SQL: SHOW COLUMNS FROM `tp_user` [ RunTime:0.0020s ]
SQL: SHOW COLUMNS FROM `tp_user` [ RunTime:0.0010s ]
SQL: SELECT * FROM `tp_user` WHERE `stunum` = 123456789  [ RunTime:0.0000s ]

[ 2016-07-11T19:48:28+08:00 ] ::1 /exam/index.php/home/login/check
INFO: [ app_begin ] --START--
INFO: Run Behavior\ReadHtmlCacheBehavior [ RunTime:0.002000s ]
INFO: [ app_begin ] --END-- [ RunTime:0.003000s ]
NOTIC: [2048] Declaration of Home\Model\UserModel::check() should be compatible with Think\Model::check($value, $rule, $type = 'regex') D:\myenv\UPUPW_AP5.4\htdocs\exam\App\Home\Model\UserModel.class.php 第 5 行.
SQL: SHOW COLUMNS FROM `tp_user` [ RunTime:0.0010s ]
SQL: SHOW COLUMNS FROM `tp_user` [ RunTime:0.0010s ]
SQL: SELECT * FROM `tp_user` WHERE `stunum` = 123456789 AND `pw` = '123456789'  [ RunTime:0.0000s ]

[ 2016-07-11T19:49:37+08:00 ] ::1 /exam/index.php/home/login/check_ajax
INFO: [ app_begin ] --START--
INFO: Run Behavior\ReadHtmlCacheBehavior [ RunTime:0.002000s ]
INFO: [ app_begin ] --END-- [ RunTime:0.003000s ]
NOTIC: [2048] Declaration of Home\Model\UserModel::check() should be compatible with Think\Model::check($value, $rule, $type = 'regex') D:\myenv\UPUPW_AP5.4\htdocs\exam\App\Home\Model\UserModel.class.php 第 5 行.
SQL: SHOW COLUMNS FROM `tp_user` [ RunTime:0.0020s ]
SQL: SHOW COLUMNS FROM `tp_user` [ RunTime:0.0020s ]
SQL: SELECT * FROM `tp_user` WHERE `stunum` = 123456789  [ RunTime:0.0000s ]

[ 2016-07-11T19:49:41+08:00 ] ::1 /exam/index.php/home/login/check
INFO: [ app_begin ] --START--
INFO: Run Behavior\ReadHtmlCacheBehavior [ RunTime:0.002000s ]
INFO: [ app_begin ] --END-- [ RunTime:0.003000s ]
NOTIC: [2048] Declaration of Home\Model\UserModel::check() should be compatible with Think\Model::check($value, $rule, $type = 'regex') D:\myenv\UPUPW_AP5.4\htdocs\exam\App\Home\Model\UserModel.class.php 第 5 行.
SQL: SHOW COLUMNS FROM `tp_user` [ RunTime:0.0010s ]
SQL: SHOW COLUMNS FROM `tp_user` [ RunTime:0.0010s ]
SQL: SELECT * FROM `tp_user` WHERE `stunum` = 123456789 AND `pw` = '12345678'  [ RunTime:0.0000s ]
NOTIC: [8] Undefined offset: 0 D:\myenv\UPUPW_AP5.4\htdocs\exam\App\Home\Model\UserModel.class.php 第 28 行.
SQL: SELECT * FROM `tp_user` WHERE `stunum` = 123456789  [ RunTime:0.0000s ]
SQL: UPDATE `tp_user` SET `err_time`='26' WHERE `id` = 1 AND `stunum` = 123456789 AND `pw` = '123456789' AND `err_time` = 25 [ RunTime:0.0000s ]

[ 2016-07-11T19:49:55+08:00 ] ::1 /exam/index.php/home/login/check
INFO: [ app_begin ] --START--
INFO: Run Behavior\ReadHtmlCacheBehavior [ RunTime:0.002001s ]
INFO: [ app_begin ] --END-- [ RunTime:0.003001s ]
NOTIC: [2048] Declaration of Home\Model\UserModel::check() should be compatible with Think\Model::check($value, $rule, $type = 'regex') D:\myenv\UPUPW_AP5.4\htdocs\exam\App\Home\Model\UserModel.class.php 第 5 行.
SQL: SHOW COLUMNS FROM `tp_user` [ RunTime:0.0010s ]
SQL: SHOW COLUMNS FROM `tp_user` [ RunTime:0.0010s ]
SQL: SELECT * FROM `tp_user` WHERE `stunum` = 12345678 AND `pw` = '12345678'  [ RunTime:0.0000s ]

[ 2016-07-11T20:10:52+08:00 ] ::1 /exam/index.php/home/login/check_ajax
INFO: [ app_begin ] --START--
INFO: Run Behavior\ReadHtmlCacheBehavior [ RunTime:0.002001s ]
INFO: [ app_begin ] --END-- [ RunTime:0.004001s ]
NOTIC: [2048] Declaration of Home\Model\UserModel::check() should be compatible with Think\Model::check($value, $rule, $type = 'regex') D:\myenv\UPUPW_AP5.4\htdocs\exam\App\Home\Model\UserModel.class.php 第 5 行.
SQL: SHOW COLUMNS FROM `tp_user` [ RunTime:0.0020s ]
SQL: SHOW COLUMNS FROM `tp_user` [ RunTime:0.0010s ]
SQL: SELECT * FROM `tp_user` WHERE `stunum` = 12345678  [ RunTime:0.0000s ]

[ 2016-07-11T20:10:55+08:00 ] ::1 /exam/index.php/home/login/check_ajax
INFO: [ app_begin ] --START--
INFO: Run Behavior\ReadHtmlCacheBehavior [ RunTime:0.003000s ]
INFO: [ app_begin ] --END-- [ RunTime:0.004000s ]
NOTIC: [2048] Declaration of Home\Model\UserModel::check() should be compatible with Think\Model::check($value, $rule, $type = 'regex') D:\myenv\UPUPW_AP5.4\htdocs\exam\App\Home\Model\UserModel.class.php 第 5 行.
SQL: SHOW COLUMNS FROM `tp_user` [ RunTime:0.0010s ]
SQL: SHOW COLUMNS FROM `tp_user` [ RunTime:0.0020s ]
SQL: SELECT * FROM `tp_user` WHERE `stunum` = 12345678  [ RunTime:0.0000s ]

[ 2016-07-11T20:11:06+08:00 ] ::1 /exam/index.php/home/login/check_ajax
INFO: [ app_begin ] --START--
INFO: Run Behavior\ReadHtmlCacheBehavior [ RunTime:0.002000s ]
INFO: [ app_begin ] --END-- [ RunTime:0.003000s ]
NOTIC: [2048] Declaration of Home\Model\UserModel::check() should be compatible with Think\Model::check($value, $rule, $type = 'regex') D:\myenv\UPUPW_AP5.4\htdocs\exam\App\Home\Model\UserModel.class.php 第 5 行.
SQL: SHOW COLUMNS FROM `tp_user` [ RunTime:0.0010s ]
SQL: SHOW COLUMNS FROM `tp_user` [ RunTime:0.0010s ]
SQL: SELECT * FROM `tp_user` WHERE `stunum` = 12345678  [ RunTime:0.0000s ]

[ 2016-07-11T20:11:11+08:00 ] ::1 /exam/index.php/home/login/check_ajax
INFO: [ app_begin ] --START--
INFO: Run Behavior\ReadHtmlCacheBehavior [ RunTime:0.002000s ]
INFO: [ app_begin ] --END-- [ RunTime:0.003000s ]
NOTIC: [2048] Declaration of Home\Model\UserModel::check() should be compatible with Think\Model::check($value, $rule, $type = 'regex') D:\myenv\UPUPW_AP5.4\htdocs\exam\App\Home\Model\UserModel.class.php 第 5 行.
SQL: SHOW COLUMNS FROM `tp_user` [ RunTime:0.0020s ]
SQL: SHOW COLUMNS FROM `tp_user` [ RunTime:0.0010s ]
SQL: SELECT * FROM `tp_user` WHERE `stunum` = 12345678  [ RunTime:0.0000s ]

[ 2016-07-11T20:11:14+08:00 ] ::1 /exam/index.php/home/login/check_ajax
INFO: [ app_begin ] --START--
INFO: Run Behavior\ReadHtmlCacheBehavior [ RunTime:0.002000s ]
INFO: [ app_begin ] --END-- [ RunTime:0.003000s ]
NOTIC: [2048] Declaration of Home\Model\UserModel::check() should be compatible with Think\Model::check($value, $rule, $type = 'regex') D:\myenv\UPUPW_AP5.4\htdocs\exam\App\Home\Model\UserModel.class.php 第 5 行.
SQL: SHOW COLUMNS FROM `tp_user` [ RunTime:0.0010s ]
SQL: SHOW COLUMNS FROM `tp_user` [ RunTime:0.0010s ]
SQL: SELECT * FROM `tp_user` WHERE `stunum` = 12345678  [ RunTime:0.0000s ]

[ 2016-07-11T20:11:19+08:00 ] ::1 /exam/index.php/home/login/check_ajax
INFO: [ app_begin ] --START--
INFO: Run Behavior\ReadHtmlCacheBehavior [ RunTime:0.002000s ]
INFO: [ app_begin ] --END-- [ RunTime:0.003000s ]
NOTIC: [2048] Declaration of Home\Model\UserModel::check() should be compatible with Think\Model::check($value, $rule, $type = 'regex') D:\myenv\UPUPW_AP5.4\htdocs\exam\App\Home\Model\UserModel.class.php 第 5 行.
SQL: SHOW COLUMNS FROM `tp_user` [ RunTime:0.0020s ]
SQL: SHOW COLUMNS FROM `tp_user` [ RunTime:0.0010s ]
SQL: SELECT * FROM `tp_user` WHERE `stunum` = 12345678  [ RunTime:0.0000s ]

[ 2016-07-11T20:11:23+08:00 ] ::1 /exam/index.php/home/login/check
INFO: [ app_begin ] --START--
INFO: Run Behavior\ReadHtmlCacheBehavior [ RunTime:0.003000s ]
INFO: [ app_begin ] --END-- [ RunTime:0.003000s ]
NOTIC: [2048] Declaration of Home\Model\UserModel::check() should be compatible with Think\Model::check($value, $rule, $type = 'regex') D:\myenv\UPUPW_AP5.4\htdocs\exam\App\Home\Model\UserModel.class.php 第 5 行.
SQL: SHOW COLUMNS FROM `tp_user` [ RunTime:0.0010s ]
SQL: SHOW COLUMNS FROM `tp_user` [ RunTime:0.0010s ]
SQL: SELECT * FROM `tp_user` WHERE `stunum` = 12345678 AND `pw` = '123456789'  [ RunTime:0.0000s ]
NOTIC: [8] Undefined offset: 0 D:\myenv\UPUPW_AP5.4\htdocs\exam\App\Home\Model\UserModel.class.php 第 28 行.
SQL: SELECT * FROM `tp_user` WHERE `stunum` = 12345678  [ RunTime:0.0000s ]
SQL: UPDATE `tp_user` SET `err_time`='2' WHERE `id` = 2 AND `stunum` = 12345678 AND `pw` = '12345678' AND `err_time` = 1 [ RunTime:0.0010s ]

[ 2016-07-11T20:11:32+08:00 ] ::1 /exam/index.php/home/login/check
INFO: [ app_begin ] --START--
INFO: Run Behavior\ReadHtmlCacheBehavior [ RunTime:0.002000s ]
INFO: [ app_begin ] --END-- [ RunTime:0.003000s ]
NOTIC: [2048] Declaration of Home\Model\UserModel::check() should be compatible with Think\Model::check($value, $rule, $type = 'regex') D:\myenv\UPUPW_AP5.4\htdocs\exam\App\Home\Model\UserModel.class.php 第 5 行.
SQL: SHOW COLUMNS FROM `tp_user` [ RunTime:0.0020s ]
SQL: SHOW COLUMNS FROM `tp_user` [ RunTime:0.0020s ]
SQL: SELECT * FROM `tp_user` WHERE `stunum` = 12345678 AND `pw` = '123456789'  [ RunTime:0.0000s ]
NOTIC: [8] Undefined offset: 0 D:\myenv\UPUPW_AP5.4\htdocs\exam\App\Home\Model\UserModel.class.php 第 28 行.
SQL: SELECT * FROM `tp_user` WHERE `stunum` = 12345678  [ RunTime:0.0010s ]
SQL: UPDATE `tp_user` SET `err_time`='3' WHERE `id` = 2 AND `stunum` = 12345678 AND `pw` = '12345678' AND `err_time` = 2 [ RunTime:0.0000s ]

[ 2016-07-11T20:11:34+08:00 ] ::1 /exam/index.php/home/login/check_ajax
INFO: [ app_begin ] --START--
INFO: Run Behavior\ReadHtmlCacheBehavior [ RunTime:0.002000s ]
INFO: [ app_begin ] --END-- [ RunTime:0.003000s ]
NOTIC: [2048] Declaration of Home\Model\UserModel::check() should be compatible with Think\Model::check($value, $rule, $type = 'regex') D:\myenv\UPUPW_AP5.4\htdocs\exam\App\Home\Model\UserModel.class.php 第 5 行.
SQL: SHOW COLUMNS FROM `tp_user` [ RunTime:0.0020s ]
SQL: SHOW COLUMNS FROM `tp_user` [ RunTime:0.0010s ]
SQL: SELECT * FROM `tp_user` WHERE `stunum` = 12345678  [ RunTime:0.0000s ]

[ 2016-07-11T20:11:38+08:00 ] ::1 /exam/index.php/home/login/check
INFO: [ app_begin ] --START--
INFO: Run Behavior\ReadHtmlCacheBehavior [ RunTime:0.002000s ]
INFO: [ app_begin ] --END-- [ RunTime:0.003000s ]
NOTIC: [2048] Declaration of Home\Model\UserModel::check() should be compatible with Think\Model::check($value, $rule, $type = 'regex') D:\myenv\UPUPW_AP5.4\htdocs\exam\App\Home\Model\UserModel.class.php 第 5 行.
SQL: SHOW COLUMNS FROM `tp_user` [ RunTime:0.0010s ]
SQL: SHOW COLUMNS FROM `tp_user` [ RunTime:0.0010s ]
SQL: SELECT * FROM `tp_user` WHERE `stunum` = 12345678 AND `pw` = '12345678'  [ RunTime:0.0000s ]

[ 2016-07-11T20:11:44+08:00 ] ::1 /exam/index.php/home/login/check_ajax
INFO: [ app_begin ] --START--
INFO: Run Behavior\ReadHtmlCacheBehavior [ RunTime:0.002000s ]
INFO: [ app_begin ] --END-- [ RunTime:0.002000s ]
NOTIC: [2048] Declaration of Home\Model\UserModel::check() should be compatible with Think\Model::check($value, $rule, $type = 'regex') D:\myenv\UPUPW_AP5.4\htdocs\exam\App\Home\Model\UserModel.class.php 第 5 行.
SQL: SHOW COLUMNS FROM `tp_user` [ RunTime:0.0010s ]
SQL: SHOW COLUMNS FROM `tp_user` [ RunTime:0.0010s ]
SQL: SELECT * FROM `tp_user` WHERE `stunum` = 12345678  [ RunTime:0.0000s ]

[ 2016-07-11T20:11:48+08:00 ] ::1 /exam/index.php/home/login/check
INFO: [ app_begin ] --START--
INFO: Run Behavior\ReadHtmlCacheBehavior [ RunTime:0.002000s ]
INFO: [ app_begin ] --END-- [ RunTime:0.003001s ]
NOTIC: [2048] Declaration of Home\Model\UserModel::check() should be compatible with Think\Model::check($value, $rule, $type = 'regex') D:\myenv\UPUPW_AP5.4\htdocs\exam\App\Home\Model\UserModel.class.php 第 5 行.
SQL: SHOW COLUMNS FROM `tp_user` [ RunTime:0.0010s ]
SQL: SHOW COLUMNS FROM `tp_user` [ RunTime:0.0010s ]
SQL: SELECT * FROM `tp_user` WHERE `stunum` = 12345678 AND `pw` = '123456789'  [ RunTime:0.0000s ]
NOTIC: [8] Undefined offset: 0 D:\myenv\UPUPW_AP5.4\htdocs\exam\App\Home\Model\UserModel.class.php 第 28 行.
SQL: SELECT * FROM `tp_user` WHERE `stunum` = 12345678  [ RunTime:0.0000s ]
SQL: UPDATE `tp_user` SET `err_time`='4' WHERE `id` = 2 AND `stunum` = 12345678 AND `pw` = '12345678' AND `err_time` = 3 [ RunTime:0.0000s ]

[ 2016-07-11T20:11:54+08:00 ] ::1 /exam/index.php/home/login/check
INFO: [ app_begin ] --START--
INFO: Run Behavior\ReadHtmlCacheBehavior [ RunTime:0.002000s ]
INFO: [ app_begin ] --END-- [ RunTime:0.003000s ]
NOTIC: [2048] Declaration of Home\Model\UserModel::check() should be compatible with Think\Model::check($value, $rule, $type = 'regex') D:\myenv\UPUPW_AP5.4\htdocs\exam\App\Home\Model\UserModel.class.php 第 5 行.
SQL: SHOW COLUMNS FROM `tp_user` [ RunTime:0.0020s ]
SQL: SHOW COLUMNS FROM `tp_user` [ RunTime:0.0010s ]
SQL: SELECT * FROM `tp_user` WHERE `stunum` = 12345678 AND `pw` = '123456789'  [ RunTime:0.0000s ]
NOTIC: [8] Undefined offset: 0 D:\myenv\UPUPW_AP5.4\htdocs\exam\App\Home\Model\UserModel.class.php 第 28 行.
SQL: SELECT * FROM `tp_user` WHERE `stunum` = 12345678  [ RunTime:0.0000s ]
SQL: UPDATE `tp_user` SET `err_time`='5' WHERE `id` = 2 AND `stunum` = 12345678 AND `pw` = '12345678' AND `err_time` = 4 [ RunTime:0.0000s ]

[ 2016-07-11T20:13:09+08:00 ] ::1 /exam/index.php/home/login/check_ajax
INFO: [ app_begin ] --START--
INFO: Run Behavior\ReadHtmlCacheBehavior [ RunTime:0.002000s ]
INFO: [ app_begin ] --END-- [ RunTime:0.003000s ]
NOTIC: [2048] Declaration of Home\Model\UserModel::check() should be compatible with Think\Model::check($value, $rule, $type = 'regex') D:\myenv\UPUPW_AP5.4\htdocs\exam\App\Home\Model\UserModel.class.php 第 5 行.
SQL: SHOW COLUMNS FROM `tp_user` [ RunTime:0.0020s ]
SQL: SHOW COLUMNS FROM `tp_user` [ RunTime:0.0010s ]
SQL: SELECT * FROM `tp_user` WHERE `stunum` = 12345678  [ RunTime:0.0000s ]

[ 2016-07-11T20:13:12+08:00 ] ::1 /exam/index.php/home/login/check_ajax
INFO: [ app_begin ] --START--
INFO: Run Behavior\ReadHtmlCacheBehavior [ RunTime:0.002000s ]
INFO: [ app_begin ] --END-- [ RunTime:0.003000s ]
NOTIC: [2048] Declaration of Home\Model\UserModel::check() should be compatible with Think\Model::check($value, $rule, $type = 'regex') D:\myenv\UPUPW_AP5.4\htdocs\exam\App\Home\Model\UserModel.class.php 第 5 行.
SQL: SHOW COLUMNS FROM `tp_user` [ RunTime:0.0010s ]
SQL: SHOW COLUMNS FROM `tp_user` [ RunTime:0.0020s ]
SQL: SELECT * FROM `tp_user` WHERE `stunum` = 12345678  [ RunTime:0.0010s ]

[ 2016-07-11T20:13:35+08:00 ] ::1 /exam/index.php/home/login/check_ajax
INFO: [ app_begin ] --START--
INFO: Run Behavior\ReadHtmlCacheBehavior [ RunTime:0.004000s ]
INFO: [ app_begin ] --END-- [ RunTime:0.005000s ]
NOTIC: [2048] Declaration of Home\Model\UserModel::check() should be compatible with Think\Model::check($value, $rule, $type = 'regex') D:\myenv\UPUPW_AP5.4\htdocs\exam\App\Home\Model\UserModel.class.php 第 5 行.
SQL: SHOW COLUMNS FROM `tp_user` [ RunTime:0.0040s ]
SQL: SHOW COLUMNS FROM `tp_user` [ RunTime:0.0020s ]
SQL: SELECT * FROM `tp_user` WHERE `stunum` = 0  [ RunTime:0.0000s ]
NOTIC: [8] Undefined offset: 0 D:\myenv\UPUPW_AP5.4\htdocs\exam\App\Home\Model\UserModel.class.php 第 10 行.

[ 2016-07-11T20:13:39+08:00 ] ::1 /exam/index.php/home/login/check_ajax
INFO: [ app_begin ] --START--
INFO: Run Behavior\ReadHtmlCacheBehavior [ RunTime:0.002000s ]
INFO: [ app_begin ] --END-- [ RunTime:0.003000s ]
NOTIC: [2048] Declaration of Home\Model\UserModel::check() should be compatible with Think\Model::check($value, $rule, $type = 'regex') D:\myenv\UPUPW_AP5.4\htdocs\exam\App\Home\Model\UserModel.class.php 第 5 行.
SQL: SHOW COLUMNS FROM `tp_user` [ RunTime:0.0010s ]
SQL: SHOW COLUMNS FROM `tp_user` [ RunTime:0.0010s ]
SQL: SELECT * FROM `tp_user` WHERE `stunum` = 12345678  [ RunTime:0.0000s ]

[ 2016-07-11T20:13:45+08:00 ] ::1 /exam/index.php/home/login/check
INFO: [ app_begin ] --START--
INFO: Run Behavior\ReadHtmlCacheBehavior [ RunTime:0.002000s ]
INFO: [ app_begin ] --END-- [ RunTime:0.003000s ]
NOTIC: [2048] Declaration of Home\Model\UserModel::check() should be compatible with Think\Model::check($value, $rule, $type = 'regex') D:\myenv\UPUPW_AP5.4\htdocs\exam\App\Home\Model\UserModel.class.php 第 5 行.
SQL: SHOW COLUMNS FROM `tp_user` [ RunTime:0.0020s ]
SQL: SHOW COLUMNS FROM `tp_user` [ RunTime:0.0010s ]
SQL: SELECT * FROM `tp_user` WHERE `stunum` = 12345678 AND `pw` = '12345678'  [ RunTime:0.0000s ]

[ 2016-07-11T20:13:51+08:00 ] ::1 /exam/index.php/home/login/check_ajax
INFO: [ app_begin ] --START--
INFO: Run Behavior\ReadHtmlCacheBehavior [ RunTime:0.002000s ]
INFO: [ app_begin ] --END-- [ RunTime:0.003000s ]
NOTIC: [2048] Declaration of Home\Model\UserModel::check() should be compatible with Think\Model::check($value, $rule, $type = 'regex') D:\myenv\UPUPW_AP5.4\htdocs\exam\App\Home\Model\UserModel.class.php 第 5 行.
SQL: SHOW COLUMNS FROM `tp_user` [ RunTime:0.0020s ]
SQL: SHOW COLUMNS FROM `tp_user` [ RunTime:0.0010s ]
SQL: SELECT * FROM `tp_user` WHERE `stunum` = 12345678  [ RunTime:0.0000s ]

[ 2016-07-11T20:16:02+08:00 ] ::1 /exam/index.php/home/login/check_ajax
INFO: [ app_begin ] --START--
INFO: Run Behavior\ReadHtmlCacheBehavior [ RunTime:0.003000s ]
INFO: [ app_begin ] --END-- [ RunTime:0.004000s ]
NOTIC: [2048] Declaration of Home\Model\UserModel::check() should be compatible with Think\Model::check($value, $rule, $type = 'regex') D:\myenv\UPUPW_AP5.4\htdocs\exam\App\Home\Model\UserModel.class.php 第 5 行.
SQL: SHOW COLUMNS FROM `tp_user` [ RunTime:0.0020s ]
SQL: SHOW COLUMNS FROM `tp_user` [ RunTime:0.0010s ]
SQL: SELECT * FROM `tp_user` WHERE `stunum` = 12345678  [ RunTime:0.0000s ]

[ 2016-07-11T20:16:04+08:00 ] ::1 /exam/index.php/home/login/check_ajax
INFO: [ app_begin ] --START--
INFO: Run Behavior\ReadHtmlCacheBehavior [ RunTime:0.003000s ]
INFO: [ app_begin ] --END-- [ RunTime:0.004000s ]
NOTIC: [2048] Declaration of Home\Model\UserModel::check() should be compatible with Think\Model::check($value, $rule, $type = 'regex') D:\myenv\UPUPW_AP5.4\htdocs\exam\App\Home\Model\UserModel.class.php 第 5 行.
SQL: SHOW COLUMNS FROM `tp_user` [ RunTime:0.0020s ]
SQL: SHOW COLUMNS FROM `tp_user` [ RunTime:0.0010s ]
SQL: SELECT * FROM `tp_user` WHERE `stunum` = 1234567899  [ RunTime:0.0000s ]
NOTIC: [8] Undefined offset: 0 D:\myenv\UPUPW_AP5.4\htdocs\exam\App\Home\Model\UserModel.class.php 第 10 行.

[ 2016-07-11T20:16:06+08:00 ] ::1 /exam/index.php/home/login/check_ajax
INFO: [ app_begin ] --START--
INFO: Run Behavior\ReadHtmlCacheBehavior [ RunTime:0.002000s ]
INFO: [ app_begin ] --END-- [ RunTime:0.003000s ]
NOTIC: [2048] Declaration of Home\Model\UserModel::check() should be compatible with Think\Model::check($value, $rule, $type = 'regex') D:\myenv\UPUPW_AP5.4\htdocs\exam\App\Home\Model\UserModel.class.php 第 5 行.
SQL: SHOW COLUMNS FROM `tp_user` [ RunTime:0.0020s ]
SQL: SHOW COLUMNS FROM `tp_user` [ RunTime:0.0010s ]
SQL: SELECT * FROM `tp_user` WHERE `stunum` = 123456789  [ RunTime:0.0000s ]

[ 2016-07-11T20:16:13+08:00 ] ::1 /exam/index.php/home/login/check
INFO: [ app_begin ] --START--
INFO: Run Behavior\ReadHtmlCacheBehavior [ RunTime:0.002000s ]
INFO: [ app_begin ] --END-- [ RunTime:0.003000s ]
NOTIC: [2048] Declaration of Home\Model\UserModel::check() should be compatible with Think\Model::check($value, $rule, $type = 'regex') D:\myenv\UPUPW_AP5.4\htdocs\exam\App\Home\Model\UserModel.class.php 第 5 行.
SQL: SHOW COLUMNS FROM `tp_user` [ RunTime:0.0010s ]
SQL: SHOW COLUMNS FROM `tp_user` [ RunTime:0.0010s ]
SQL: SELECT * FROM `tp_user` WHERE `stunum` = 123456789 AND `pw` = '123456789'  [ RunTime:0.0010s ]

[ 2016-07-11T20:16:23+08:00 ] ::1 /exam/index.php/home/login/check_ajax
INFO: [ app_begin ] --START--
INFO: Run Behavior\ReadHtmlCacheBehavior [ RunTime:0.002000s ]
INFO: [ app_begin ] --END-- [ RunTime:0.003000s ]
NOTIC: [2048] Declaration of Home\Model\UserModel::check() should be compatible with Think\Model::check($value, $rule, $type = 'regex') D:\myenv\UPUPW_AP5.4\htdocs\exam\App\Home\Model\UserModel.class.php 第 5 行.
SQL: SHOW COLUMNS FROM `tp_user` [ RunTime:0.0010s ]
SQL: SHOW COLUMNS FROM `tp_user` [ RunTime:0.0010s ]
SQL: SELECT * FROM `tp_user` WHERE `stunum` = 12345678  [ RunTime:0.0000s ]

[ 2016-07-11T20:16:27+08:00 ] ::1 /exam/index.php/home/login/check
INFO: [ app_begin ] --START--
INFO: Run Behavior\ReadHtmlCacheBehavior [ RunTime:0.002000s ]
INFO: [ app_begin ] --END-- [ RunTime:0.003000s ]
NOTIC: [2048] Declaration of Home\Model\UserModel::check() should be compatible with Think\Model::check($value, $rule, $type = 'regex') D:\myenv\UPUPW_AP5.4\htdocs\exam\App\Home\Model\UserModel.class.php 第 5 行.
SQL: SHOW COLUMNS FROM `tp_user` [ RunTime:0.0010s ]
SQL: SHOW COLUMNS FROM `tp_user` [ RunTime:0.0010s ]
SQL: SELECT * FROM `tp_user` WHERE `stunum` = 12345678 AND `pw` = '12345678'  [ RunTime:0.0000s ]

[ 2016-07-11T20:23:36+08:00 ] ::1 /exam/index.php/home/login/check_ajax
INFO: [ app_begin ] --START--
INFO: Run Behavior\ReadHtmlCacheBehavior [ RunTime:0.002000s ]
INFO: [ app_begin ] --END-- [ RunTime:0.003000s ]
NOTIC: [2048] Declaration of Home\Model\UserModel::check() should be compatible with Think\Model::check($value, $rule, $type = 'regex') D:\myenv\UPUPW_AP5.4\htdocs\exam\App\Home\Model\UserModel.class.php 第 5 行.
SQL: SHOW COLUMNS FROM `tp_user` [ RunTime:0.0020s ]
SQL: SHOW COLUMNS FROM `tp_user` [ RunTime:0.0010s ]
SQL: SELECT * FROM `tp_user` WHERE `stunum` = 12345678  [ RunTime:0.0000s ]

[ 2016-07-11T20:23:42+08:00 ] ::1 /exam/index.php/home/login/check
INFO: [ app_begin ] --START--
INFO: Run Behavior\ReadHtmlCacheBehavior [ RunTime:0.002000s ]
INFO: [ app_begin ] --END-- [ RunTime:0.003000s ]
NOTIC: [2048] Declaration of Home\Model\UserModel::check() should be compatible with Think\Model::check($value, $rule, $type = 'regex') D:\myenv\UPUPW_AP5.4\htdocs\exam\App\Home\Model\UserModel.class.php 第 5 行.
SQL: SHOW COLUMNS FROM `tp_user` [ RunTime:0.0010s ]
SQL: SHOW COLUMNS FROM `tp_user` [ RunTime:0.0010s ]
SQL: SELECT * FROM `tp_user` WHERE `stunum` = 12345678 AND `pw` = '12345678'  [ RunTime:0.0000s ]

[ 2016-07-11T20:34:12+08:00 ] ::1 /exam/index.php/home/index/index
ERR: 1048:Column 'stunum' cannot be null
 [ SQL语句 ] : INSERT INTO `tp_exam` (`stunum`,`question_id`,`answer_order`,`end_time`) VALUES (NULL,'10,19,18,13,20,16,14,1,15,3,','2,4,3,1,1,3,2,4,1,2,3,4,2,4,1,3,3,1,4,2,2,4,1,3,1,3,4,2,2,3,1,4,3,4,1,2,3,2,4,1,','1468247652')

[ 2016-07-11T20:35:15+08:00 ] ::1 /exam/index.php/home/index/index
ERR: 1048:Column 'stunum' cannot be null
 [ SQL语句 ] : INSERT INTO `tp_exam` (`stunum`,`question_id`,`answer_order`,`end_time`) VALUES (NULL,'11,19,15,12,16,1,21,3,2,17,','2,4,3,1,4,2,1,3,1,3,2,4,2,4,1,3,1,2,4,3,1,3,2,4,3,2,1,4,3,2,1,4,1,4,3,2,2,3,4,1,','1468247715')

[ 2016-07-11T21:25:40+08:00 ] ::1 /exam/index.php/home/test=bejing
ERR: 无法加载控制器:Test=bejing

[ 2016-07-11T21:26:00+08:00 ] ::1 /exam/index.php/home/test=bejing
ERR: 无法加载控制器:Test=bejing

[ 2016-07-11T21:27:01+08:00 ] ::1 /exam/index.php/home/test=bejing
ERR: 无法加载控制器:Test=bejing

[ 2016-07-11T21:27:06+08:00 ] ::1 /exam/index.php/home/test=bejing
ERR: 无法加载控制器:Test=bejing

[ 2016-07-11T21:27:53+08:00 ] ::1 /exam/index.php/home/login/check_ajax
INFO: [ app_begin ] --START--
INFO: Run Behavior\ReadHtmlCacheBehavior [ RunTime:0.003000s ]
INFO: [ app_begin ] --END-- [ RunTime:0.005000s ]
NOTIC: [2048] Declaration of Home\Model\UserModel::check() should be compatible with Think\Model::check($value, $rule, $type = 'regex') D:\myenv\UPUPW_AP5.4\htdocs\exam\App\Home\Model\UserModel.class.php 第 5 行.
SQL: SHOW COLUMNS FROM `tp_user` [ RunTime:0.0730s ]
SQL: SHOW COLUMNS FROM `tp_user` [ RunTime:0.0040s ]
SQL: SELECT * FROM `tp_user` WHERE `stunum` = 123456789  [ RunTime:0.0020s ]

[ 2016-07-11T21:28:01+08:00 ] ::1 /exam/index.php/home/login/check
INFO: [ app_begin ] --START--
INFO: Run Behavior\ReadHtmlCacheBehavior [ RunTime:0.004000s ]
INFO: [ app_begin ] --END-- [ RunTime:0.005000s ]
NOTIC: [2048] Declaration of Home\Model\UserModel::check() should be compatible with Think\Model::check($value, $rule, $type = 'regex') D:\myenv\UPUPW_AP5.4\htdocs\exam\App\Home\Model\UserModel.class.php 第 5 行.
SQL: SHOW COLUMNS FROM `tp_user` [ RunTime:0.0020s ]
SQL: SHOW COLUMNS FROM `tp_user` [ RunTime:0.0020s ]
SQL: SELECT * FROM `tp_user` WHERE `stunum` = 123456789 AND `pw` = '123456789'  [ RunTime:0.0010s ]

[ 2016-07-11T21:28:26+08:00 ] ::1 /exam/index.php/home/index/test=bejing
ERR: 非法操作:test=bejing

[ 2016-07-11T21:28:37+08:00 ] ::1 /exam/index.php/home/index/test=begin
ERR: 非法操作:test=begin

[ 2016-07-11T21:28:57+08:00 ] ::1 /exam/index.php/home/index/test/begin
ERR: 参数错误或者未定义:html

[ 2016-07-11T21:29:13+08:00 ] ::1 /exam/index.php/home/index/test
ERR: 参数错误或者未定义:html

[ 2016-07-11T21:29:32+08:00 ] ::1 /exam/index.php/home/html/chosing.html
ERR: 无法加载控制器:Html

