[ 2016-07-24T15:41:44+08:00 ] ::1 /exam/index.php/Admin/login/checkAdminpw
INFO: [ app_begin ] --START--
INFO: Run Behavior\ReadHtmlCacheBehavior [ RunTime:0.002000s ]
INFO: [ app_begin ] --END-- [ RunTime:0.003000s ]
SQL: SHOW COLUMNS FROM `tp_admin` [ RunTime:0.0320s ]
SQL: SHOW COLUMNS FROM `tp_admin` [ RunTime:0.0040s ]
SQL: SELECT * FROM `tp_admin` WHERE `name` = 123456 AND `pw` = '123456' LIMIT 1   [ RunTime:0.0010s ]
SQL: SELECT * FROM `tp_admin` WHERE `name` = 123456 LIMIT 1   [ RunTime:0.0010s ]
SQL: UPDATE `tp_admin` SET `err_time`='34' WHERE `id` = 0 AND `name` = 123456 AND `pw` = '0123456' AND `err_time` = 33 [ RunTime:0.0010s ]

[ 2016-07-24T15:41:52+08:00 ] ::1 /exam/index.php/Admin/login/checkAdminpw
INFO: [ app_begin ] --START--
INFO: Run Behavior\ReadHtmlCacheBehavior [ RunTime:0.002001s ]
INFO: [ app_begin ] --END-- [ RunTime:0.003001s ]
SQL: SHOW COLUMNS FROM `tp_admin` [ RunTime:0.0010s ]
SQL: SHOW COLUMNS FROM `tp_admin` [ RunTime:0.0010s ]
SQL: SELECT * FROM `tp_admin` WHERE `name` = 123456 AND `pw` = '0123456' LIMIT 1   [ RunTime:0.0000s ]

[ 2016-07-24T15:41:53+08:00 ] ::1 /exam/index.php/Admin/index/showQuestion
INFO: [ app_begin ] --START--
INFO: Run Behavior\ReadHtmlCacheBehavior [ RunTime:0.002000s ]
INFO: [ app_begin ] --END-- [ RunTime:0.003000s ]
NOTIC: [2048] Declaration of Admin\Controller\CommonController::error() should be compatible with Think\Controller::error($message = '', $jumpUrl = '', $ajax = false) D:\myenv\UPUPW_AP5.4\htdocs\exam\App\Admin\Controller\CommonController.class.php 第 15 行.
NOTIC: [2048] Declaration of Admin\Controller\IndexController::show() should be compatible with Think\Controller::show($content, $charset = '', $contentType = '', $prefix = '') D:\myenv\UPUPW_AP5.4\htdocs\exam\App\Admin\Controller\IndexController.class.php 第 4 行.
SQL: SHOW COLUMNS FROM `tp_question` [ RunTime:0.0020s ]
SQL: SHOW COLUMNS FROM `tp_question` [ RunTime:0.0010s ]
SQL: SELECT * FROM `tp_question` LIMIT 0,10   [ RunTime:0.0000s ]
INFO: [ app_end ] --START--
INFO: Run Behavior\ShowPageTraceBehavior [ RunTime:0.002000s ]
INFO: [ app_end ] --END-- [ RunTime:0.002000s ]

