[ 2016-07-14T00:44:33+08:00 ] ::1 /exam/index.php/admin/index/saveAnswer
ERR: 非法操作:saveAnswer

[ 2016-07-14T01:02:13+08:00 ] ::1 /exam/index.php/Admin/index/showQuestion
INFO: [ app_begin ] --START--
INFO: Run Behavior\ReadHtmlCacheBehavior [ RunTime:0.003000s ]
INFO: [ app_begin ] --END-- [ RunTime:0.003000s ]
NOTIC: [2048] Declaration of Admin\Controller\IndexController::show() should be compatible with Think\Controller::show($content, $charset = '', $contentType = '', $prefix = '') D:\myenv\UPUPW_AP5.4\htdocs\exam\App\Admin\Controller\IndexController.class.php 第 84 行.
SQL: SHOW COLUMNS FROM `tp_question` [ RunTime:0.0020s ]
SQL: SHOW COLUMNS FROM `tp_question` [ RunTime:0.0020s ]
SQL: SELECT * FROM `tp_question` LIMIT 0,10   [ RunTime:0.0010s ]
INFO: [ app_end ] --START--
INFO: Run Behavior\ShowPageTraceBehavior [ RunTime:0.003000s ]
INFO: [ app_end ] --END-- [ RunTime:0.003000s ]

[ 2016-07-14T01:02:15+08:00 ] ::1 /exam/index.php/Admin/index/showQuestion
INFO: [ app_begin ] --START--
INFO: Run Behavior\ReadHtmlCacheBehavior [ RunTime:0.003000s ]
INFO: [ app_begin ] --END-- [ RunTime:0.005000s ]
NOTIC: [2048] Declaration of Admin\Controller\IndexController::show() should be compatible with Think\Controller::show($content, $charset = '', $contentType = '', $prefix = '') D:\myenv\UPUPW_AP5.4\htdocs\exam\App\Admin\Controller\IndexController.class.php 第 84 行.
SQL: SHOW COLUMNS FROM `tp_question` [ RunTime:0.0020s ]
SQL: SHOW COLUMNS FROM `tp_question` [ RunTime:0.0020s ]
SQL: SELECT * FROM `tp_question` LIMIT 10,10   [ RunTime:0.0010s ]
INFO: [ app_end ] --START--
INFO: Run Behavior\ShowPageTraceBehavior [ RunTime:0.003000s ]
INFO: [ app_end ] --END-- [ RunTime:0.003000s ]

[ 2016-07-14T01:02:17+08:00 ] ::1 /exam/index.php/Admin/index/showQuestion
INFO: [ app_begin ] --START--
INFO: Run Behavior\ReadHtmlCacheBehavior [ RunTime:0.002000s ]
INFO: [ app_begin ] --END-- [ RunTime:0.003000s ]
NOTIC: [2048] Declaration of Admin\Controller\IndexController::show() should be compatible with Think\Controller::show($content, $charset = '', $contentType = '', $prefix = '') D:\myenv\UPUPW_AP5.4\htdocs\exam\App\Admin\Controller\IndexController.class.php 第 84 行.
SQL: SHOW COLUMNS FROM `tp_question` [ RunTime:0.0010s ]
SQL: SHOW COLUMNS FROM `tp_question` [ RunTime:0.0030s ]
SQL: SELECT * FROM `tp_question` LIMIT 0,10   [ RunTime:0.0010s ]
INFO: [ app_end ] --START--
INFO: Run Behavior\ShowPageTraceBehavior [ RunTime:0.006000s ]
INFO: [ app_end ] --END-- [ RunTime:0.006000s ]

[ 2016-07-14T10:06:21+08:00 ] ::1 /exam/index.php/Admin/index/showQuestion
INFO: [ app_begin ] --START--
INFO: Run Behavior\ReadHtmlCacheBehavior [ RunTime:0.002000s ]
INFO: [ app_begin ] --END-- [ RunTime:0.004000s ]
NOTIC: [2048] Declaration of Admin\Controller\IndexController::show() should be compatible with Think\Controller::show($content, $charset = '', $contentType = '', $prefix = '') D:\myenv\UPUPW_AP5.4\htdocs\exam\App\Admin\Controller\IndexController.class.php 第 84 行.
SQL: SHOW COLUMNS FROM `tp_question` [ RunTime:0.0030s ]
SQL: SHOW COLUMNS FROM `tp_question` [ RunTime:0.0020s ]
SQL: SELECT * FROM `tp_question` LIMIT 0,10   [ RunTime:0.0000s ]
INFO: [ app_end ] --START--
INFO: Run Behavior\ShowPageTraceBehavior [ RunTime:0.003000s ]
INFO: [ app_end ] --END-- [ RunTime:0.003000s ]

[ 2016-07-14T10:06:23+08:00 ] ::1 /exam/index.php/Admin/index/showQuestion
INFO: [ app_begin ] --START--
INFO: Run Behavior\ReadHtmlCacheBehavior [ RunTime:0.002000s ]
INFO: [ app_begin ] --END-- [ RunTime:0.003000s ]
NOTIC: [2048] Declaration of Admin\Controller\IndexController::show() should be compatible with Think\Controller::show($content, $charset = '', $contentType = '', $prefix = '') D:\myenv\UPUPW_AP5.4\htdocs\exam\App\Admin\Controller\IndexController.class.php 第 84 行.
SQL: SHOW COLUMNS FROM `tp_question` [ RunTime:0.0030s ]
SQL: SHOW COLUMNS FROM `tp_question` [ RunTime:0.0020s ]
SQL: SELECT * FROM `tp_question` LIMIT 10,10   [ RunTime:0.0010s ]
INFO: [ app_end ] --START--
INFO: Run Behavior\ShowPageTraceBehavior [ RunTime:0.002000s ]
INFO: [ app_end ] --END-- [ RunTime:0.002000s ]

[ 2016-07-14T10:06:25+08:00 ] ::1 /exam/index.php/Admin/index/showQuestion
INFO: [ app_begin ] --START--
INFO: Run Behavior\ReadHtmlCacheBehavior [ RunTime:0.002000s ]
INFO: [ app_begin ] --END-- [ RunTime:0.004000s ]
NOTIC: [2048] Declaration of Admin\Controller\IndexController::show() should be compatible with Think\Controller::show($content, $charset = '', $contentType = '', $prefix = '') D:\myenv\UPUPW_AP5.4\htdocs\exam\App\Admin\Controller\IndexController.class.php 第 84 行.
SQL: SHOW COLUMNS FROM `tp_question` [ RunTime:0.0010s ]
SQL: SHOW COLUMNS FROM `tp_question` [ RunTime:0.0020s ]
SQL: SELECT * FROM `tp_question` LIMIT 0,10   [ RunTime:0.0010s ]
INFO: [ app_end ] --START--
INFO: Run Behavior\ShowPageTraceBehavior [ RunTime:0.003000s ]
INFO: [ app_end ] --END-- [ RunTime:0.003000s ]

[ 2016-07-14T10:28:38+08:00 ] ::1 /exam/index.php/Admin/index/showQuestion
INFO: [ app_begin ] --START--
INFO: Run Behavior\ReadHtmlCacheBehavior [ RunTime:0.002000s ]
INFO: [ app_begin ] --END-- [ RunTime:0.004000s ]
NOTIC: [2048] Declaration of Admin\Controller\IndexController::show() should be compatible with Think\Controller::show($content, $charset = '', $contentType = '', $prefix = '') D:\myenv\UPUPW_AP5.4\htdocs\exam\App\Admin\Controller\IndexController.class.php 第 84 行.
SQL: SHOW COLUMNS FROM `tp_question` [ RunTime:0.0040s ]
SQL: SHOW COLUMNS FROM `tp_question` [ RunTime:0.0030s ]
SQL: SELECT * FROM `tp_question` LIMIT 0,10   [ RunTime:0.0000s ]
INFO: [ app_end ] --START--
INFO: Run Behavior\ShowPageTraceBehavior [ RunTime:0.003001s ]
INFO: [ app_end ] --END-- [ RunTime:0.003001s ]

[ 2016-07-14T10:28:40+08:00 ] ::1 /exam/index.php/Admin/index/showQuestion
INFO: [ app_begin ] --START--
INFO: Run Behavior\ReadHtmlCacheBehavior [ RunTime:0.003000s ]
INFO: [ app_begin ] --END-- [ RunTime:0.004001s ]
NOTIC: [2048] Declaration of Admin\Controller\IndexController::show() should be compatible with Think\Controller::show($content, $charset = '', $contentType = '', $prefix = '') D:\myenv\UPUPW_AP5.4\htdocs\exam\App\Admin\Controller\IndexController.class.php 第 84 行.
SQL: SHOW COLUMNS FROM `tp_question` [ RunTime:0.0020s ]
SQL: SHOW COLUMNS FROM `tp_question` [ RunTime:0.0020s ]
SQL: SELECT * FROM `tp_question` LIMIT 10,10   [ RunTime:0.0000s ]
INFO: [ app_end ] --START--
INFO: Run Behavior\ShowPageTraceBehavior [ RunTime:0.002000s ]
INFO: [ app_end ] --END-- [ RunTime:0.002000s ]

[ 2016-07-14T10:28:41+08:00 ] ::1 /exam/index.php/Admin/index/showQuestion
INFO: [ app_begin ] --START--
INFO: Run Behavior\ReadHtmlCacheBehavior [ RunTime:0.003000s ]
INFO: [ app_begin ] --END-- [ RunTime:0.004001s ]
NOTIC: [2048] Declaration of Admin\Controller\IndexController::show() should be compatible with Think\Controller::show($content, $charset = '', $contentType = '', $prefix = '') D:\myenv\UPUPW_AP5.4\htdocs\exam\App\Admin\Controller\IndexController.class.php 第 84 行.
SQL: SHOW COLUMNS FROM `tp_question` [ RunTime:0.0010s ]
SQL: SHOW COLUMNS FROM `tp_question` [ RunTime:0.0010s ]
SQL: SELECT * FROM `tp_question` LIMIT 0,10   [ RunTime:0.0000s ]
INFO: [ app_end ] --START--
INFO: Run Behavior\ShowPageTraceBehavior [ RunTime:0.004001s ]
INFO: [ app_end ] --END-- [ RunTime:0.004001s ]

[ 2016-07-14T10:28:43+08:00 ] ::1 /exam/index.php/Admin/index/showQuestion
INFO: [ app_begin ] --START--
INFO: Run Behavior\ReadHtmlCacheBehavior [ RunTime:0.003000s ]
INFO: [ app_begin ] --END-- [ RunTime:0.006000s ]
NOTIC: [2048] Declaration of Admin\Controller\IndexController::show() should be compatible with Think\Controller::show($content, $charset = '', $contentType = '', $prefix = '') D:\myenv\UPUPW_AP5.4\htdocs\exam\App\Admin\Controller\IndexController.class.php 第 84 行.
SQL: SHOW COLUMNS FROM `tp_question` [ RunTime:0.0030s ]
SQL: SHOW COLUMNS FROM `tp_question` [ RunTime:0.0020s ]
SQL: SELECT * FROM `tp_question` LIMIT 10,10   [ RunTime:0.0000s ]
INFO: [ app_end ] --START--
INFO: Run Behavior\ShowPageTraceBehavior [ RunTime:0.003000s ]
INFO: [ app_end ] --END-- [ RunTime:0.003000s ]

[ 2016-07-14T10:28:48+08:00 ] ::1 /exam/index.php/Admin/index/showQuestion
INFO: [ app_begin ] --START--
INFO: Run Behavior\ReadHtmlCacheBehavior [ RunTime:0.002000s ]
INFO: [ app_begin ] --END-- [ RunTime:0.005000s ]
NOTIC: [2048] Declaration of Admin\Controller\IndexController::show() should be compatible with Think\Controller::show($content, $charset = '', $contentType = '', $prefix = '') D:\myenv\UPUPW_AP5.4\htdocs\exam\App\Admin\Controller\IndexController.class.php 第 84 行.
SQL: SHOW COLUMNS FROM `tp_question` [ RunTime:0.0010s ]
SQL: SHOW COLUMNS FROM `tp_question` [ RunTime:0.0010s ]
SQL: SELECT * FROM `tp_question` LIMIT 0,10   [ RunTime:0.0000s ]
INFO: [ app_end ] --START--
INFO: Run Behavior\ShowPageTraceBehavior [ RunTime:0.002000s ]
INFO: [ app_end ] --END-- [ RunTime:0.003000s ]

[ 2016-07-14T10:31:38+08:00 ] ::1 /exam/index.php/Admin/show?html=score_student
ERR: 无法加载控制器:Show

[ 2016-07-14T14:36:37+08:00 ] ::1 /exam/index.php/Admin/index/showQuestion
INFO: [ app_begin ] --START--
INFO: Run Behavior\ReadHtmlCacheBehavior [ RunTime:0.002001s ]
INFO: [ app_begin ] --END-- [ RunTime:0.003001s ]
NOTIC: [2048] Declaration of Admin\Controller\IndexController::show() should be compatible with Think\Controller::show($content, $charset = '', $contentType = '', $prefix = '') D:\myenv\UPUPW_AP5.4\htdocs\exam\App\Admin\Controller\IndexController.class.php 第 117 行.
SQL: SHOW COLUMNS FROM `tp_question` [ RunTime:0.0010s ]
SQL: SHOW COLUMNS FROM `tp_question` [ RunTime:0.0020s ]
SQL: SELECT * FROM `tp_question` LIMIT 0,10   [ RunTime:0.0000s ]
INFO: [ app_end ] --START--
INFO: Run Behavior\ShowPageTraceBehavior [ RunTime:0.003000s ]
INFO: [ app_end ] --END-- [ RunTime:0.003000s ]

[ 2016-07-14T14:39:23+08:00 ] ::1 /exam/index.php/Admin/index/showQuestion
INFO: [ app_begin ] --START--
INFO: Run Behavior\ReadHtmlCacheBehavior [ RunTime:0.002000s ]
INFO: [ app_begin ] --END-- [ RunTime:0.004001s ]
NOTIC: [2048] Declaration of Admin\Controller\IndexController::show() should be compatible with Think\Controller::show($content, $charset = '', $contentType = '', $prefix = '') D:\myenv\UPUPW_AP5.4\htdocs\exam\App\Admin\Controller\IndexController.class.php 第 117 行.
SQL: SHOW COLUMNS FROM `tp_question` [ RunTime:0.0040s ]
SQL: SHOW COLUMNS FROM `tp_question` [ RunTime:0.0020s ]
SQL: SELECT * FROM `tp_question` LIMIT 0,10   [ RunTime:0.0000s ]
INFO: [ app_end ] --START--
INFO: Run Behavior\ShowPageTraceBehavior [ RunTime:0.002000s ]
INFO: [ app_end ] --END-- [ RunTime:0.002000s ]

[ 2016-07-14T14:39:25+08:00 ] ::1 /exam/index.php/Admin/index/showQuestion
INFO: [ app_begin ] --START--
INFO: Run Behavior\ReadHtmlCacheBehavior [ RunTime:0.002000s ]
INFO: [ app_begin ] --END-- [ RunTime:0.003000s ]
NOTIC: [2048] Declaration of Admin\Controller\IndexController::show() should be compatible with Think\Controller::show($content, $charset = '', $contentType = '', $prefix = '') D:\myenv\UPUPW_AP5.4\htdocs\exam\App\Admin\Controller\IndexController.class.php 第 117 行.
SQL: SHOW COLUMNS FROM `tp_question` [ RunTime:0.0010s ]
SQL: SHOW COLUMNS FROM `tp_question` [ RunTime:0.0020s ]
SQL: SELECT * FROM `tp_question` LIMIT 0,10   [ RunTime:0.0000s ]
INFO: [ app_end ] --START--
INFO: Run Behavior\ShowPageTraceBehavior [ RunTime:0.003001s ]
INFO: [ app_end ] --END-- [ RunTime:0.003001s ]

[ 2016-07-14T14:40:43+08:00 ] ::1 /exam/index.php/Admin/index/showQuestion
INFO: [ app_begin ] --START--
INFO: Run Behavior\ReadHtmlCacheBehavior [ RunTime:0.003000s ]
INFO: [ app_begin ] --END-- [ RunTime:0.004000s ]
NOTIC: [2048] Declaration of Admin\Controller\IndexController::show() should be compatible with Think\Controller::show($content, $charset = '', $contentType = '', $prefix = '') D:\myenv\UPUPW_AP5.4\htdocs\exam\App\Admin\Controller\IndexController.class.php 第 117 行.
SQL: SHOW COLUMNS FROM `tp_question` [ RunTime:0.0020s ]
SQL: SHOW COLUMNS FROM `tp_question` [ RunTime:0.0020s ]
SQL: SELECT * FROM `tp_question` LIMIT 0,10   [ RunTime:0.0010s ]
INFO: [ app_end ] --START--
INFO: Run Behavior\ShowPageTraceBehavior [ RunTime:0.002000s ]
INFO: [ app_end ] --END-- [ RunTime:0.002000s ]

[ 2016-07-14T14:40:45+08:00 ] ::1 /exam/index.php/Admin/index/showQuestion
INFO: [ app_begin ] --START--
INFO: Run Behavior\ReadHtmlCacheBehavior [ RunTime:0.002000s ]
INFO: [ app_begin ] --END-- [ RunTime:0.003000s ]
NOTIC: [2048] Declaration of Admin\Controller\IndexController::show() should be compatible with Think\Controller::show($content, $charset = '', $contentType = '', $prefix = '') D:\myenv\UPUPW_AP5.4\htdocs\exam\App\Admin\Controller\IndexController.class.php 第 117 行.
SQL: SHOW COLUMNS FROM `tp_question` [ RunTime:0.0020s ]
SQL: SHOW COLUMNS FROM `tp_question` [ RunTime:0.0010s ]
SQL: SELECT * FROM `tp_question` LIMIT 0,10   [ RunTime:0.0010s ]
INFO: [ app_end ] --START--
INFO: Run Behavior\ShowPageTraceBehavior [ RunTime:0.002001s ]
INFO: [ app_end ] --END-- [ RunTime:0.002001s ]

[ 2016-07-14T14:40:56+08:00 ] ::1 /exam/index.php/Admin/index/showQuestion
INFO: [ app_begin ] --START--
INFO: Run Behavior\ReadHtmlCacheBehavior [ RunTime:0.003000s ]
INFO: [ app_begin ] --END-- [ RunTime:0.005000s ]
NOTIC: [2048] Declaration of Admin\Controller\IndexController::show() should be compatible with Think\Controller::show($content, $charset = '', $contentType = '', $prefix = '') D:\myenv\UPUPW_AP5.4\htdocs\exam\App\Admin\Controller\IndexController.class.php 第 117 行.
SQL: SHOW COLUMNS FROM `tp_question` [ RunTime:0.0010s ]
SQL: SHOW COLUMNS FROM `tp_question` [ RunTime:0.0010s ]
SQL: SELECT * FROM `tp_question` LIMIT 10,10   [ RunTime:0.0010s ]
INFO: [ app_end ] --START--
INFO: Run Behavior\ShowPageTraceBehavior [ RunTime:0.002000s ]
INFO: [ app_end ] --END-- [ RunTime:0.002000s ]

[ 2016-07-14T14:41:01+08:00 ] ::1 /exam/index.php/Admin/index/showQuestion
INFO: [ app_begin ] --START--
INFO: Run Behavior\ReadHtmlCacheBehavior [ RunTime:0.003000s ]
INFO: [ app_begin ] --END-- [ RunTime:0.004000s ]
NOTIC: [2048] Declaration of Admin\Controller\IndexController::show() should be compatible with Think\Controller::show($content, $charset = '', $contentType = '', $prefix = '') D:\myenv\UPUPW_AP5.4\htdocs\exam\App\Admin\Controller\IndexController.class.php 第 117 行.
SQL: SHOW COLUMNS FROM `tp_question` [ RunTime:0.0010s ]
SQL: SHOW COLUMNS FROM `tp_question` [ RunTime:0.0020s ]
SQL: SELECT * FROM `tp_question` LIMIT 0,10   [ RunTime:0.0000s ]
INFO: [ app_end ] --START--
INFO: Run Behavior\ShowPageTraceBehavior [ RunTime:0.002001s ]
INFO: [ app_end ] --END-- [ RunTime:0.003001s ]

[ 2016-07-14T14:41:03+08:00 ] ::1 /exam/index.php/Admin/index/showQuestion
INFO: [ app_begin ] --START--
INFO: Run Behavior\ReadHtmlCacheBehavior [ RunTime:0.004000s ]
INFO: [ app_begin ] --END-- [ RunTime:0.006000s ]
NOTIC: [2048] Declaration of Admin\Controller\IndexController::show() should be compatible with Think\Controller::show($content, $charset = '', $contentType = '', $prefix = '') D:\myenv\UPUPW_AP5.4\htdocs\exam\App\Admin\Controller\IndexController.class.php 第 117 行.
SQL: SHOW COLUMNS FROM `tp_question` [ RunTime:0.0020s ]
SQL: SHOW COLUMNS FROM `tp_question` [ RunTime:0.0010s ]
SQL: SELECT * FROM `tp_question` LIMIT 10,10   [ RunTime:0.0000s ]
INFO: [ app_end ] --START--
INFO: Run Behavior\ShowPageTraceBehavior [ RunTime:0.002000s ]
INFO: [ app_end ] --END-- [ RunTime:0.002000s ]

[ 2016-07-14T14:41:08+08:00 ] ::1 /exam/index.php/Admin/index/showQuestion
INFO: [ app_begin ] --START--
INFO: Run Behavior\ReadHtmlCacheBehavior [ RunTime:0.002000s ]
INFO: [ app_begin ] --END-- [ RunTime:0.003000s ]
NOTIC: [2048] Declaration of Admin\Controller\IndexController::show() should be compatible with Think\Controller::show($content, $charset = '', $contentType = '', $prefix = '') D:\myenv\UPUPW_AP5.4\htdocs\exam\App\Admin\Controller\IndexController.class.php 第 117 行.
SQL: SHOW COLUMNS FROM `tp_question` [ RunTime:0.0020s ]
SQL: SHOW COLUMNS FROM `tp_question` [ RunTime:0.0010s ]
SQL: SELECT * FROM `tp_question` LIMIT 0,10   [ RunTime:0.0000s ]
INFO: [ app_end ] --START--
INFO: Run Behavior\ShowPageTraceBehavior [ RunTime:0.002000s ]
INFO: [ app_end ] --END-- [ RunTime:0.003000s ]

[ 2016-07-14T14:41:15+08:00 ] ::1 /exam/index.php/Admin/index/showQuestion
INFO: [ app_begin ] --START--
INFO: Run Behavior\ReadHtmlCacheBehavior [ RunTime:0.003000s ]
INFO: [ app_begin ] --END-- [ RunTime:0.004000s ]
NOTIC: [2048] Declaration of Admin\Controller\IndexController::show() should be compatible with Think\Controller::show($content, $charset = '', $contentType = '', $prefix = '') D:\myenv\UPUPW_AP5.4\htdocs\exam\App\Admin\Controller\IndexController.class.php 第 117 行.
SQL: SHOW COLUMNS FROM `tp_question` [ RunTime:0.0020s ]
SQL: SHOW COLUMNS FROM `tp_question` [ RunTime:0.0020s ]
SQL: SELECT * FROM `tp_question` LIMIT 10,10   [ RunTime:0.0010s ]
INFO: [ app_end ] --START--
INFO: Run Behavior\ShowPageTraceBehavior [ RunTime:0.004000s ]
INFO: [ app_end ] --END-- [ RunTime:0.004000s ]

[ 2016-07-14T14:41:18+08:00 ] ::1 /exam/index.php/Admin/index/showQuestion
INFO: [ app_begin ] --START--
INFO: Run Behavior\ReadHtmlCacheBehavior [ RunTime:0.003000s ]
INFO: [ app_begin ] --END-- [ RunTime:0.004000s ]
NOTIC: [2048] Declaration of Admin\Controller\IndexController::show() should be compatible with Think\Controller::show($content, $charset = '', $contentType = '', $prefix = '') D:\myenv\UPUPW_AP5.4\htdocs\exam\App\Admin\Controller\IndexController.class.php 第 117 行.
SQL: SHOW COLUMNS FROM `tp_question` [ RunTime:0.0030s ]
SQL: SHOW COLUMNS FROM `tp_question` [ RunTime:0.0030s ]
SQL: SELECT * FROM `tp_question` LIMIT 0,10   [ RunTime:0.0000s ]
INFO: [ app_end ] --START--
INFO: Run Behavior\ShowPageTraceBehavior [ RunTime:0.002001s ]
INFO: [ app_end ] --END-- [ RunTime:0.002001s ]

[ 2016-07-14T14:41:20+08:00 ] ::1 /exam/index.php/Admin/index/showQuestion
INFO: [ app_begin ] --START--
INFO: Run Behavior\ReadHtmlCacheBehavior [ RunTime:0.002000s ]
INFO: [ app_begin ] --END-- [ RunTime:0.003000s ]
NOTIC: [2048] Declaration of Admin\Controller\IndexController::show() should be compatible with Think\Controller::show($content, $charset = '', $contentType = '', $prefix = '') D:\myenv\UPUPW_AP5.4\htdocs\exam\App\Admin\Controller\IndexController.class.php 第 117 行.
SQL: SHOW COLUMNS FROM `tp_question` [ RunTime:0.0020s ]
SQL: SHOW COLUMNS FROM `tp_question` [ RunTime:0.0030s ]
SQL: SELECT * FROM `tp_question` LIMIT 10,10   [ RunTime:0.0000s ]
INFO: [ app_end ] --START--
INFO: Run Behavior\ShowPageTraceBehavior [ RunTime:0.002000s ]
INFO: [ app_end ] --END-- [ RunTime:0.002000s ]

[ 2016-07-14T14:49:37+08:00 ] ::1 /exam/index.php/Admin/allquestion.html
ERR: 无法加载控制器:Allquestion

[ 2016-07-14T14:50:04+08:00 ] ::1 /exam/index.php/Admin/allquestion.html
ERR: 无法加载控制器:Allquestion

[ 2016-07-14T14:50:14+08:00 ] ::1 /exam/index.php/Admin/allquestion.html
ERR: 无法加载控制器:Allquestion

[ 2016-07-14T14:50:28+08:00 ] ::1 /exam/index.php/Admin/allquestion.html
ERR: 无法加载控制器:Allquestion

[ 2016-07-14T14:51:53+08:00 ] ::1 /exam/index.php/Admin/allquestion.html
ERR: 无法加载控制器:Allquestion

[ 2016-07-14T14:52:12+08:00 ] ::1 /exam/index.php/Admin/allquestion.html
ERR: 无法加载控制器:Allquestion

[ 2016-07-14T14:52:35+08:00 ] ::1 /exam/index.php/Admin/allquestion.html
ERR: 无法加载控制器:Allquestion

[ 2016-07-14T14:52:47+08:00 ] ::1 /exam/index.php/Admin/allquestion.html
ERR: 无法加载控制器:Allquestion

[ 2016-07-14T14:53:21+08:00 ] ::1 /exam/index.php/Admin/allquestion.html
ERR: 无法加载控制器:Allquestion

[ 2016-07-14T14:53:24+08:00 ] ::1 /exam/index.php/Admin/index/showQuestion
INFO: [ app_begin ] --START--
INFO: Run Behavior\ReadHtmlCacheBehavior [ RunTime:0.003000s ]
INFO: [ app_begin ] --END-- [ RunTime:0.005000s ]
NOTIC: [2048] Declaration of Admin\Controller\IndexController::show() should be compatible with Think\Controller::show($content, $charset = '', $contentType = '', $prefix = '') D:\myenv\UPUPW_AP5.4\htdocs\exam\App\Admin\Controller\IndexController.class.php 第 117 行.
SQL: SHOW COLUMNS FROM `tp_question` [ RunTime:0.0020s ]
SQL: SHOW COLUMNS FROM `tp_question` [ RunTime:0.0010s ]
SQL: SELECT * FROM `tp_question` LIMIT 0,10   [ RunTime:0.0000s ]
INFO: [ app_end ] --START--
INFO: Run Behavior\ShowPageTraceBehavior [ RunTime:0.002000s ]
INFO: [ app_end ] --END-- [ RunTime:0.002000s ]

[ 2016-07-14T14:54:08+08:00 ] ::1 /exam/index.php/Admin/index/showQuestion
INFO: [ app_begin ] --START--
INFO: Run Behavior\ReadHtmlCacheBehavior [ RunTime:0.002000s ]
INFO: [ app_begin ] --END-- [ RunTime:0.003000s ]
NOTIC: [2048] Declaration of Admin\Controller\IndexController::show() should be compatible with Think\Controller::show($content, $charset = '', $contentType = '', $prefix = '') D:\myenv\UPUPW_AP5.4\htdocs\exam\App\Admin\Controller\IndexController.class.php 第 117 行.
SQL: SHOW COLUMNS FROM `tp_question` [ RunTime:0.0020s ]
SQL: SHOW COLUMNS FROM `tp_question` [ RunTime:0.0010s ]
SQL: SELECT * FROM `tp_question` LIMIT 0,10   [ RunTime:0.0000s ]
INFO: [ app_end ] --START--
INFO: Run Behavior\ShowPageTraceBehavior [ RunTime:0.002000s ]
INFO: [ app_end ] --END-- [ RunTime:0.003001s ]

[ 2016-07-14T14:54:10+08:00 ] ::1 /exam/index.php/Admin/addquestion.html
ERR: 无法加载控制器:Addquestion

[ 2016-07-14T14:54:23+08:00 ] ::1 /exam/index.php/Admin/index/showQuestion
INFO: [ app_begin ] --START--
INFO: Run Behavior\ReadHtmlCacheBehavior [ RunTime:0.002000s ]
INFO: [ app_begin ] --END-- [ RunTime:0.003000s ]
NOTIC: [2048] Declaration of Admin\Controller\IndexController::show() should be compatible with Think\Controller::show($content, $charset = '', $contentType = '', $prefix = '') D:\myenv\UPUPW_AP5.4\htdocs\exam\App\Admin\Controller\IndexController.class.php 第 117 行.
SQL: SHOW COLUMNS FROM `tp_question` [ RunTime:0.0030s ]
SQL: SHOW COLUMNS FROM `tp_question` [ RunTime:0.0010s ]
SQL: SELECT * FROM `tp_question` LIMIT 0,10   [ RunTime:0.0000s ]
INFO: [ app_end ] --START--
INFO: Run Behavior\ShowPageTraceBehavior [ RunTime:0.002001s ]
INFO: [ app_end ] --END-- [ RunTime:0.003001s ]

[ 2016-07-14T14:54:58+08:00 ] ::1 /exam/index.php/Admin/index/showQuestion
INFO: [ app_begin ] --START--
INFO: Run Behavior\ReadHtmlCacheBehavior [ RunTime:0.002001s ]
INFO: [ app_begin ] --END-- [ RunTime:0.003001s ]
NOTIC: [2048] Declaration of Admin\Controller\IndexController::show() should be compatible with Think\Controller::show($content, $charset = '', $contentType = '', $prefix = '') D:\myenv\UPUPW_AP5.4\htdocs\exam\App\Admin\Controller\IndexController.class.php 第 117 行.
SQL: SHOW COLUMNS FROM `tp_question` [ RunTime:0.0020s ]
SQL: SHOW COLUMNS FROM `tp_question` [ RunTime:0.0020s ]
SQL: SELECT * FROM `tp_question` LIMIT 0,10   [ RunTime:0.0000s ]
INFO: [ app_end ] --START--
INFO: Run Behavior\ShowPageTraceBehavior [ RunTime:0.003000s ]
INFO: [ app_end ] --END-- [ RunTime:0.003000s ]

[ 2016-07-14T14:55:21+08:00 ] ::1 /exam/index.php/admin/index/addAllQuestion
ERR: 非法操作:addAllQuestion

[ 2016-07-14T14:55:22+08:00 ] ::1 /exam/index.php/Admin/index/showQuestion
INFO: [ app_begin ] --START--
INFO: Run Behavior\ReadHtmlCacheBehavior [ RunTime:0.002000s ]
INFO: [ app_begin ] --END-- [ RunTime:0.003000s ]
NOTIC: [2048] Declaration of Admin\Controller\IndexController::show() should be compatible with Think\Controller::show($content, $charset = '', $contentType = '', $prefix = '') D:\myenv\UPUPW_AP5.4\htdocs\exam\App\Admin\Controller\IndexController.class.php 第 117 行.
SQL: SHOW COLUMNS FROM `tp_question` [ RunTime:0.0030s ]
SQL: SHOW COLUMNS FROM `tp_question` [ RunTime:0.0020s ]
SQL: SELECT * FROM `tp_question` LIMIT 0,10   [ RunTime:0.0000s ]
INFO: [ app_end ] --START--
INFO: Run Behavior\ShowPageTraceBehavior [ RunTime:0.002000s ]
INFO: [ app_end ] --END-- [ RunTime:0.002000s ]

[ 2016-07-14T14:55:23+08:00 ] ::1 /exam/index.php/admin/index/addAllQuestion
ERR: 非法操作:addAllQuestion

[ 2016-07-14T14:55:24+08:00 ] ::1 /exam/index.php/Admin/set.html
ERR: 无法加载控制器:Set

[ 2016-07-14T14:55:30+08:00 ] ::1 /exam/index.php/Admin/index/showQuestion
INFO: [ app_begin ] --START--
INFO: Run Behavior\ReadHtmlCacheBehavior [ RunTime:0.002000s ]
INFO: [ app_begin ] --END-- [ RunTime:0.003000s ]
NOTIC: [2048] Declaration of Admin\Controller\IndexController::show() should be compatible with Think\Controller::show($content, $charset = '', $contentType = '', $prefix = '') D:\myenv\UPUPW_AP5.4\htdocs\exam\App\Admin\Controller\IndexController.class.php 第 117 行.
SQL: SHOW COLUMNS FROM `tp_question` [ RunTime:0.0010s ]
SQL: SHOW COLUMNS FROM `tp_question` [ RunTime:0.0010s ]
SQL: SELECT * FROM `tp_question` LIMIT 0,10   [ RunTime:0.0010s ]
INFO: [ app_end ] --START--
INFO: Run Behavior\ShowPageTraceBehavior [ RunTime:0.003000s ]
INFO: [ app_end ] --END-- [ RunTime:0.003000s ]

[ 2016-07-14T14:55:35+08:00 ] ::1 /exam/index.php/admin/index/addAllQuestion
ERR: 非法操作:addAllQuestion

[ 2016-07-14T14:55:36+08:00 ] ::1 /exam/index.php/Admin/set.html
ERR: 无法加载控制器:Set

[ 2016-07-14T14:55:38+08:00 ] ::1 /exam/index.php/admin/index/addAllQuestion
ERR: 非法操作:addAllQuestion

[ 2016-07-14T14:55:39+08:00 ] ::1 /exam/index.php/Admin/set.html
ERR: 无法加载控制器:Set

[ 2016-07-14T14:57:53+08:00 ] ::1 /exam/index.php/Admin/index/showQuestion
INFO: [ app_begin ] --START--
INFO: Run Behavior\ReadHtmlCacheBehavior [ RunTime:0.002000s ]
INFO: [ app_begin ] --END-- [ RunTime:0.004000s ]
NOTIC: [2048] Declaration of Admin\Controller\IndexController::show() should be compatible with Think\Controller::show($content, $charset = '', $contentType = '', $prefix = '') D:\myenv\UPUPW_AP5.4\htdocs\exam\App\Admin\Controller\IndexController.class.php 第 121 行.
SQL: SHOW COLUMNS FROM `tp_question` [ RunTime:0.0020s ]
SQL: SHOW COLUMNS FROM `tp_question` [ RunTime:0.0020s ]
SQL: SELECT * FROM `tp_question` LIMIT 0,10   [ RunTime:0.0010s ]
INFO: [ app_end ] --START--
INFO: Run Behavior\ShowPageTraceBehavior [ RunTime:0.003000s ]
INFO: [ app_end ] --END-- [ RunTime:0.003000s ]

[ 2016-07-14T14:57:53+08:00 ] ::1 /exam/index.php/Admin/set.html
ERR: 无法加载控制器:Set

[ 2016-07-14T14:57:55+08:00 ] ::1 /exam/index.php/admin/index/addAllQuestion
ERR: 非法操作:addAllQuestion

[ 2016-07-14T14:57:57+08:00 ] ::1 /exam/index.php/Admin/index/showQuestion
INFO: [ app_begin ] --START--
INFO: Run Behavior\ReadHtmlCacheBehavior [ RunTime:0.004001s ]
INFO: [ app_begin ] --END-- [ RunTime:0.006001s ]
NOTIC: [2048] Declaration of Admin\Controller\IndexController::show() should be compatible with Think\Controller::show($content, $charset = '', $contentType = '', $prefix = '') D:\myenv\UPUPW_AP5.4\htdocs\exam\App\Admin\Controller\IndexController.class.php 第 121 行.
SQL: SHOW COLUMNS FROM `tp_question` [ RunTime:0.0030s ]
SQL: SHOW COLUMNS FROM `tp_question` [ RunTime:0.0010s ]
SQL: SELECT * FROM `tp_question` LIMIT 0,10   [ RunTime:0.0000s ]
INFO: [ app_end ] --START--
INFO: Run Behavior\ShowPageTraceBehavior [ RunTime:0.002000s ]
INFO: [ app_end ] --END-- [ RunTime:0.003000s ]

[ 2016-07-14T14:58:10+08:00 ] ::1 /exam/index.php/Admin/index/showQuestion
INFO: [ app_begin ] --START--
INFO: Run Behavior\ReadHtmlCacheBehavior [ RunTime:0.004000s ]
INFO: [ app_begin ] --END-- [ RunTime:0.005000s ]
NOTIC: [2048] Declaration of Admin\Controller\IndexController::show() should be compatible with Think\Controller::show($content, $charset = '', $contentType = '', $prefix = '') D:\myenv\UPUPW_AP5.4\htdocs\exam\App\Admin\Controller\IndexController.class.php 第 121 行.
SQL: SHOW COLUMNS FROM `tp_question` [ RunTime:0.0050s ]
SQL: SHOW COLUMNS FROM `tp_question` [ RunTime:0.0020s ]
SQL: SELECT * FROM `tp_question` LIMIT 0,10   [ RunTime:0.0010s ]
INFO: [ app_end ] --START--
INFO: Run Behavior\ShowPageTraceBehavior [ RunTime:0.002000s ]
INFO: [ app_end ] --END-- [ RunTime:0.002000s ]

[ 2016-07-14T14:58:11+08:00 ] ::1 /exam/index.php/admin/index/addAllQuestion
ERR: 非法操作:addAllQuestion

[ 2016-07-14T14:58:35+08:00 ] ::1 /exam/index.php/Admin/index/showQuestion
INFO: [ app_begin ] --START--
INFO: Run Behavior\ReadHtmlCacheBehavior [ RunTime:0.003000s ]
INFO: [ app_begin ] --END-- [ RunTime:0.004000s ]
NOTIC: [2048] Declaration of Admin\Controller\IndexController::show() should be compatible with Think\Controller::show($content, $charset = '', $contentType = '', $prefix = '') D:\myenv\UPUPW_AP5.4\htdocs\exam\App\Admin\Controller\IndexController.class.php 第 121 行.
SQL: SHOW COLUMNS FROM `tp_question` [ RunTime:0.0020s ]
SQL: SHOW COLUMNS FROM `tp_question` [ RunTime:0.0020s ]
SQL: SELECT * FROM `tp_question` LIMIT 0,10   [ RunTime:0.0010s ]
INFO: [ app_end ] --START--
INFO: Run Behavior\ShowPageTraceBehavior [ RunTime:0.002000s ]
INFO: [ app_end ] --END-- [ RunTime:0.002000s ]

[ 2016-07-14T14:58:35+08:00 ] ::1 /exam/index.php/admin/index/addAllQuestion
ERR: 非法操作:addAllQuestion

[ 2016-07-14T14:58:36+08:00 ] ::1 /exam/index.php/admin/css/set.css
ERR: 无法加载控制器:Css

[ 2016-07-14T14:59:10+08:00 ] ::1 /exam/index.php/Admin/index/showQuestion
INFO: [ app_begin ] --START--
INFO: Run Behavior\ReadHtmlCacheBehavior [ RunTime:0.003000s ]
INFO: [ app_begin ] --END-- [ RunTime:0.004000s ]
NOTIC: [2048] Declaration of Admin\Controller\IndexController::show() should be compatible with Think\Controller::show($content, $charset = '', $contentType = '', $prefix = '') D:\myenv\UPUPW_AP5.4\htdocs\exam\App\Admin\Controller\IndexController.class.php 第 121 行.
SQL: SHOW COLUMNS FROM `tp_question` [ RunTime:0.0020s ]
SQL: SHOW COLUMNS FROM `tp_question` [ RunTime:0.0010s ]
SQL: SELECT * FROM `tp_question` LIMIT 0,10   [ RunTime:0.0000s ]
INFO: [ app_end ] --START--
INFO: Run Behavior\ShowPageTraceBehavior [ RunTime:0.002000s ]
INFO: [ app_end ] --END-- [ RunTime:0.002000s ]

[ 2016-07-14T15:02:29+08:00 ] ::1 /exam/index.php/Admin/index/showQuestion
INFO: [ app_begin ] --START--
INFO: Run Behavior\ReadHtmlCacheBehavior [ RunTime:0.002000s ]
INFO: [ app_begin ] --END-- [ RunTime:0.003000s ]
NOTIC: [2048] Declaration of Admin\Controller\IndexController::show() should be compatible with Think\Controller::show($content, $charset = '', $contentType = '', $prefix = '') D:\myenv\UPUPW_AP5.4\htdocs\exam\App\Admin\Controller\IndexController.class.php 第 122 行.
SQL: SHOW COLUMNS FROM `tp_question` [ RunTime:0.0020s ]
SQL: SHOW COLUMNS FROM `tp_question` [ RunTime:0.0020s ]
SQL: SELECT * FROM `tp_question` LIMIT 0,10   [ RunTime:0.0010s ]
INFO: [ app_end ] --START--
INFO: Run Behavior\ShowPageTraceBehavior [ RunTime:0.003001s ]
INFO: [ app_end ] --END-- [ RunTime:0.003001s ]

[ 2016-07-14T15:02:39+08:00 ] ::1 /exam/index.php/admin/index/addAllQuestion
ERR: 非法操作:addAllQuestion

[ 2016-07-14T15:02:42+08:00 ] ::1 /exam/index.php/Admin/index/showQuestion
INFO: [ app_begin ] --START--
INFO: Run Behavior\ReadHtmlCacheBehavior [ RunTime:0.002000s ]
INFO: [ app_begin ] --END-- [ RunTime:0.003000s ]
NOTIC: [2048] Declaration of Admin\Controller\IndexController::show() should be compatible with Think\Controller::show($content, $charset = '', $contentType = '', $prefix = '') D:\myenv\UPUPW_AP5.4\htdocs\exam\App\Admin\Controller\IndexController.class.php 第 122 行.
SQL: SHOW COLUMNS FROM `tp_question` [ RunTime:0.0020s ]
SQL: SHOW COLUMNS FROM `tp_question` [ RunTime:0.0010s ]
SQL: SELECT * FROM `tp_question` LIMIT 0,10   [ RunTime:0.0000s ]
INFO: [ app_end ] --START--
INFO: Run Behavior\ShowPageTraceBehavior [ RunTime:0.003001s ]
INFO: [ app_end ] --END-- [ RunTime:0.003001s ]

[ 2016-07-14T15:03:37+08:00 ] ::1 /exam/index.php/Admin/index/showQuestion
INFO: [ app_begin ] --START--
INFO: Run Behavior\ReadHtmlCacheBehavior [ RunTime:0.003000s ]
INFO: [ app_begin ] --END-- [ RunTime:0.004000s ]
NOTIC: [2048] Declaration of Admin\Controller\IndexController::show() should be compatible with Think\Controller::show($content, $charset = '', $contentType = '', $prefix = '') D:\myenv\UPUPW_AP5.4\htdocs\exam\App\Admin\Controller\IndexController.class.php 第 122 行.
SQL: SHOW COLUMNS FROM `tp_question` [ RunTime:0.0020s ]
SQL: SHOW COLUMNS FROM `tp_question` [ RunTime:0.0020s ]
SQL: SELECT * FROM `tp_question` LIMIT 0,10   [ RunTime:0.0000s ]
INFO: [ app_end ] --START--
INFO: Run Behavior\ShowPageTraceBehavior [ RunTime:0.002000s ]
INFO: [ app_end ] --END-- [ RunTime:0.002000s ]

[ 2016-07-14T15:05:52+08:00 ] ::1 /exam/index.php/Admin/index/showQuestion
INFO: [ app_begin ] --START--
INFO: Run Behavior\ReadHtmlCacheBehavior [ RunTime:0.003000s ]
INFO: [ app_begin ] --END-- [ RunTime:0.004000s ]
NOTIC: [2048] Declaration of Admin\Controller\IndexController::show() should be compatible with Think\Controller::show($content, $charset = '', $contentType = '', $prefix = '') D:\myenv\UPUPW_AP5.4\htdocs\exam\App\Admin\Controller\IndexController.class.php 第 122 行.
SQL: SHOW COLUMNS FROM `tp_question` [ RunTime:0.0020s ]
SQL: SHOW COLUMNS FROM `tp_question` [ RunTime:0.0010s ]
SQL: SELECT * FROM `tp_question` LIMIT 0,10   [ RunTime:0.0000s ]
INFO: [ app_end ] --START--
INFO: Run Behavior\ShowPageTraceBehavior [ RunTime:0.002000s ]
INFO: [ app_end ] --END-- [ RunTime:0.002000s ]

[ 2016-07-14T15:06:01+08:00 ] ::1 /exam/index.php/Admin/index/showQuestion
INFO: [ app_begin ] --START--
INFO: Run Behavior\ReadHtmlCacheBehavior [ RunTime:0.002001s ]
INFO: [ app_begin ] --END-- [ RunTime:0.003001s ]
NOTIC: [2048] Declaration of Admin\Controller\IndexController::show() should be compatible with Think\Controller::show($content, $charset = '', $contentType = '', $prefix = '') D:\myenv\UPUPW_AP5.4\htdocs\exam\App\Admin\Controller\IndexController.class.php 第 122 行.
SQL: SHOW COLUMNS FROM `tp_question` [ RunTime:0.0020s ]
SQL: SHOW COLUMNS FROM `tp_question` [ RunTime:0.0020s ]
SQL: SELECT * FROM `tp_question` LIMIT 0,10   [ RunTime:0.0010s ]
INFO: [ app_end ] --START--
INFO: Run Behavior\ShowPageTraceBehavior [ RunTime:0.002001s ]
INFO: [ app_end ] --END-- [ RunTime:0.002001s ]

[ 2016-07-14T15:06:03+08:00 ] ::1 /exam/index.php/Admin/index/showQuestion
INFO: [ app_begin ] --START--
INFO: Run Behavior\ReadHtmlCacheBehavior [ RunTime:0.002000s ]
INFO: [ app_begin ] --END-- [ RunTime:0.003000s ]
NOTIC: [2048] Declaration of Admin\Controller\IndexController::show() should be compatible with Think\Controller::show($content, $charset = '', $contentType = '', $prefix = '') D:\myenv\UPUPW_AP5.4\htdocs\exam\App\Admin\Controller\IndexController.class.php 第 122 行.
SQL: SHOW COLUMNS FROM `tp_question` [ RunTime:0.0020s ]
SQL: SHOW COLUMNS FROM `tp_question` [ RunTime:0.0030s ]
SQL: SELECT * FROM `tp_question` LIMIT 0,10   [ RunTime:0.0000s ]
INFO: [ app_end ] --START--
INFO: Run Behavior\ShowPageTraceBehavior [ RunTime:0.002000s ]
INFO: [ app_end ] --END-- [ RunTime:0.002000s ]

[ 2016-07-14T15:06:09+08:00 ] ::1 /exam/index.php/Admin/index/showQuestion
INFO: [ app_begin ] --START--
INFO: Run Behavior\ReadHtmlCacheBehavior [ RunTime:0.004001s ]
INFO: [ app_begin ] --END-- [ RunTime:0.005001s ]
NOTIC: [2048] Declaration of Admin\Controller\IndexController::show() should be compatible with Think\Controller::show($content, $charset = '', $contentType = '', $prefix = '') D:\myenv\UPUPW_AP5.4\htdocs\exam\App\Admin\Controller\IndexController.class.php 第 122 行.
SQL: SHOW COLUMNS FROM `tp_question` [ RunTime:0.0020s ]
SQL: SHOW COLUMNS FROM `tp_question` [ RunTime:0.0020s ]
SQL: SELECT * FROM `tp_question` LIMIT 0,10   [ RunTime:0.0000s ]
INFO: [ app_end ] --START--
INFO: Run Behavior\ShowPageTraceBehavior [ RunTime:0.003000s ]
INFO: [ app_end ] --END-- [ RunTime:0.003000s ]

[ 2016-07-14T15:10:15+08:00 ] ::1 /exam/index.php/Admin/index/showQuestion
INFO: [ app_begin ] --START--
INFO: Run Behavior\ReadHtmlCacheBehavior [ RunTime:0.002000s ]
INFO: [ app_begin ] --END-- [ RunTime:0.003000s ]
NOTIC: [2048] Declaration of Admin\Controller\IndexController::show() should be compatible with Think\Controller::show($content, $charset = '', $contentType = '', $prefix = '') D:\myenv\UPUPW_AP5.4\htdocs\exam\App\Admin\Controller\IndexController.class.php 第 122 行.
SQL: SHOW COLUMNS FROM `tp_question` [ RunTime:0.0020s ]
SQL: SHOW COLUMNS FROM `tp_question` [ RunTime:0.0020s ]
SQL: SELECT * FROM `tp_question` LIMIT 0,10   [ RunTime:0.0010s ]
INFO: [ app_end ] --START--
INFO: Run Behavior\ShowPageTraceBehavior [ RunTime:0.002000s ]
INFO: [ app_end ] --END-- [ RunTime:0.003000s ]

[ 2016-07-14T15:14:40+08:00 ] ::1 /exam/index.php/Admin/index/showQuestion
INFO: [ app_begin ] --START--
INFO: Run Behavior\ReadHtmlCacheBehavior [ RunTime:0.004000s ]
INFO: [ app_begin ] --END-- [ RunTime:0.005000s ]
NOTIC: [2048] Declaration of Admin\Controller\IndexController::show() should be compatible with Think\Controller::show($content, $charset = '', $contentType = '', $prefix = '') D:\myenv\UPUPW_AP5.4\htdocs\exam\App\Admin\Controller\IndexController.class.php 第 126 行.
SQL: SHOW COLUMNS FROM `tp_question` [ RunTime:0.0010s ]
SQL: SHOW COLUMNS FROM `tp_question` [ RunTime:0.0010s ]
SQL: SELECT * FROM `tp_question` LIMIT 0,10   [ RunTime:0.0010s ]
INFO: [ app_end ] --START--
INFO: Run Behavior\ShowPageTraceBehavior [ RunTime:0.003000s ]
INFO: [ app_end ] --END-- [ RunTime:0.004000s ]

[ 2016-07-14T15:22:24+08:00 ] ::1 /exam/index.php/Admin/login/checkAdminname
INFO: [ app_begin ] --START--
INFO: Run Behavior\ReadHtmlCacheBehavior [ RunTime:0.002000s ]
INFO: [ app_begin ] --END-- [ RunTime:0.003000s ]
NOTIC: [8] Undefined index: name D:\myenv\UPUPW_AP5.4\htdocs\exam\App\Admin\Controller\LoginController.class.php 第 6 行.

[ 2016-07-14T15:22:33+08:00 ] ::1 /exam/index.php/Admin/login/checkAdminname
INFO: [ app_begin ] --START--
INFO: Run Behavior\ReadHtmlCacheBehavior [ RunTime:0.002000s ]
INFO: [ app_begin ] --END-- [ RunTime:0.003000s ]
NOTIC: [8] Undefined index: name D:\myenv\UPUPW_AP5.4\htdocs\exam\App\Admin\Controller\LoginController.class.php 第 6 行.

[ 2016-07-14T15:22:36+08:00 ] ::1 /exam/index.php/Admin/login/checkAdminpw
INFO: [ app_begin ] --START--
INFO: Run Behavior\ReadHtmlCacheBehavior [ RunTime:0.002000s ]
INFO: [ app_begin ] --END-- [ RunTime:0.003001s ]
SQL: SHOW COLUMNS FROM `tp_admin` [ RunTime:0.0010s ]
SQL: SHOW COLUMNS FROM `tp_admin` [ RunTime:0.0010s ]
SQL: SELECT * FROM `tp_admin` WHERE `name` = 123456 AND `pw` = '0123456' LIMIT 1   [ RunTime:0.0000s ]
INFO: [ app_end ] --START--
INFO: Run Behavior\ShowPageTraceBehavior [ RunTime:0.002001s ]
INFO: [ app_end ] --END-- [ RunTime:0.002001s ]

[ 2016-07-14T15:24:51+08:00 ] ::1 /exam/index.php/Admin/login/checkAdminpw
INFO: [ app_begin ] --START--
INFO: Run Behavior\ReadHtmlCacheBehavior [ RunTime:0.002000s ]
INFO: [ app_begin ] --END-- [ RunTime:0.003000s ]
SQL: SHOW COLUMNS FROM `tp_admin` [ RunTime:0.0010s ]
SQL: SHOW COLUMNS FROM `tp_admin` [ RunTime:0.0010s ]
SQL: SELECT * FROM `tp_admin` WHERE `name` = 123456 AND `pw` = '0123456' LIMIT 1   [ RunTime:0.0000s ]
INFO: [ app_end ] --START--
INFO: Run Behavior\ShowPageTraceBehavior [ RunTime:0.002000s ]
INFO: [ app_end ] --END-- [ RunTime:0.002000s ]

[ 2016-07-14T15:24:52+08:00 ] ::1 /exam/index.php/Admin/index/showQuestion
INFO: [ app_begin ] --START--
INFO: Run Behavior\ReadHtmlCacheBehavior [ RunTime:0.002001s ]
INFO: [ app_begin ] --END-- [ RunTime:0.003001s ]
NOTIC: [2048] Declaration of Admin\Controller\IndexController::show() should be compatible with Think\Controller::show($content, $charset = '', $contentType = '', $prefix = '') D:\myenv\UPUPW_AP5.4\htdocs\exam\App\Admin\Controller\IndexController.class.php 第 126 行.
SQL: SHOW COLUMNS FROM `tp_question` [ RunTime:0.0020s ]
SQL: SHOW COLUMNS FROM `tp_question` [ RunTime:0.0010s ]
SQL: SELECT * FROM `tp_question` LIMIT 0,10   [ RunTime:0.0000s ]
INFO: [ app_end ] --START--
INFO: Run Behavior\ShowPageTraceBehavior [ RunTime:0.002001s ]
INFO: [ app_end ] --END-- [ RunTime:0.003001s ]

[ 2016-07-14T15:25:34+08:00 ] 192.168.1.154 /exam/index.php/Admin/login/checkAdminpw
INFO: [ app_begin ] --START--
INFO: Run Behavior\ReadHtmlCacheBehavior [ RunTime:0.002001s ]
INFO: [ app_begin ] --END-- [ RunTime:0.003001s ]
SQL: SHOW COLUMNS FROM `tp_admin` [ RunTime:0.0010s ]
SQL: SHOW COLUMNS FROM `tp_admin` [ RunTime:0.0010s ]
SQL: SELECT * FROM `tp_admin` WHERE `name` = 123456 AND `pw` = '0123456' LIMIT 1   [ RunTime:0.0000s ]
INFO: [ app_end ] --START--
INFO: Run Behavior\ShowPageTraceBehavior [ RunTime:0.002000s ]
INFO: [ app_end ] --END-- [ RunTime:0.002000s ]

[ 2016-07-14T15:25:34+08:00 ] 192.168.1.154 /exam/index.php/Admin/index/showQuestion
INFO: [ app_begin ] --START--
INFO: Run Behavior\ReadHtmlCacheBehavior [ RunTime:0.002000s ]
INFO: [ app_begin ] --END-- [ RunTime:0.003000s ]
NOTIC: [2048] Declaration of Admin\Controller\IndexController::show() should be compatible with Think\Controller::show($content, $charset = '', $contentType = '', $prefix = '') D:\myenv\UPUPW_AP5.4\htdocs\exam\App\Admin\Controller\IndexController.class.php 第 126 行.
SQL: SHOW COLUMNS FROM `tp_question` [ RunTime:0.0010s ]
SQL: SHOW COLUMNS FROM `tp_question` [ RunTime:0.0010s ]
SQL: SELECT * FROM `tp_question` LIMIT 0,10   [ RunTime:0.0010s ]
INFO: [ app_end ] --START--
INFO: Run Behavior\ShowPageTraceBehavior [ RunTime:0.002000s ]
INFO: [ app_end ] --END-- [ RunTime:0.002000s ]

[ 2016-07-14T15:28:31+08:00 ] 192.168.1.154 /exam/index.php/Admin/index/showQuestion
INFO: [ app_begin ] --START--
INFO: Run Behavior\ReadHtmlCacheBehavior [ RunTime:0.003000s ]
INFO: [ app_begin ] --END-- [ RunTime:0.004000s ]
NOTIC: [2048] Declaration of Admin\Controller\IndexController::show() should be compatible with Think\Controller::show($content, $charset = '', $contentType = '', $prefix = '') D:\myenv\UPUPW_AP5.4\htdocs\exam\App\Admin\Controller\IndexController.class.php 第 126 行.
SQL: SHOW COLUMNS FROM `tp_question` [ RunTime:0.0020s ]
SQL: SHOW COLUMNS FROM `tp_question` [ RunTime:0.0010s ]
SQL: SELECT * FROM `tp_question` LIMIT 0,10   [ RunTime:0.0000s ]
INFO: [ app_end ] --START--
INFO: Run Behavior\ShowPageTraceBehavior [ RunTime:0.002000s ]
INFO: [ app_end ] --END-- [ RunTime:0.002000s ]

[ 2016-07-14T15:28:50+08:00 ] 192.168.1.154 /exam/index.php/Admin/index/showQuestion
INFO: [ app_begin ] --START--
INFO: Run Behavior\ReadHtmlCacheBehavior [ RunTime:0.003000s ]
INFO: [ app_begin ] --END-- [ RunTime:0.003000s ]
NOTIC: [2048] Declaration of Admin\Controller\IndexController::show() should be compatible with Think\Controller::show($content, $charset = '', $contentType = '', $prefix = '') D:\myenv\UPUPW_AP5.4\htdocs\exam\App\Admin\Controller\IndexController.class.php 第 126 行.
SQL: SHOW COLUMNS FROM `tp_question` [ RunTime:0.0010s ]
SQL: SHOW COLUMNS FROM `tp_question` [ RunTime:0.0010s ]
SQL: SELECT * FROM `tp_question` LIMIT 0,10   [ RunTime:0.0000s ]
INFO: [ app_end ] --START--
INFO: Run Behavior\ShowPageTraceBehavior [ RunTime:0.002000s ]
INFO: [ app_end ] --END-- [ RunTime:0.002000s ]

[ 2016-07-14T15:28:51+08:00 ] 192.168.1.154 /exam/index.php/Admin/index/showQuestion
INFO: [ app_begin ] --START--
INFO: Run Behavior\ReadHtmlCacheBehavior [ RunTime:0.003000s ]
INFO: [ app_begin ] --END-- [ RunTime:0.004000s ]
NOTIC: [2048] Declaration of Admin\Controller\IndexController::show() should be compatible with Think\Controller::show($content, $charset = '', $contentType = '', $prefix = '') D:\myenv\UPUPW_AP5.4\htdocs\exam\App\Admin\Controller\IndexController.class.php 第 126 行.
SQL: SHOW COLUMNS FROM `tp_question` [ RunTime:0.0010s ]
SQL: SHOW COLUMNS FROM `tp_question` [ RunTime:0.0010s ]
SQL: SELECT * FROM `tp_question` LIMIT 0,10   [ RunTime:0.0000s ]
INFO: [ app_end ] --START--
INFO: Run Behavior\ShowPageTraceBehavior [ RunTime:0.002000s ]
INFO: [ app_end ] --END-- [ RunTime:0.002000s ]

[ 2016-07-14T15:30:08+08:00 ] 192.168.1.154 /exam/index.php/Admin/index/showQuestion
INFO: [ app_begin ] --START--
INFO: Run Behavior\ReadHtmlCacheBehavior [ RunTime:0.002001s ]
INFO: [ app_begin ] --END-- [ RunTime:0.003001s ]
NOTIC: [2048] Declaration of Admin\Controller\IndexController::show() should be compatible with Think\Controller::show($content, $charset = '', $contentType = '', $prefix = '') D:\myenv\UPUPW_AP5.4\htdocs\exam\App\Admin\Controller\IndexController.class.php 第 126 行.
SQL: SHOW COLUMNS FROM `tp_question` [ RunTime:0.0010s ]
SQL: SHOW COLUMNS FROM `tp_question` [ RunTime:0.0010s ]
SQL: SELECT * FROM `tp_question` LIMIT 0,10   [ RunTime:0.0010s ]
INFO: [ app_end ] --START--
INFO: Run Behavior\ShowPageTraceBehavior [ RunTime:0.002000s ]
INFO: [ app_end ] --END-- [ RunTime:0.002000s ]

[ 2016-07-14T15:31:39+08:00 ] 192.168.1.154 /exam/index.php/Admin/index/showQuestion
INFO: [ app_begin ] --START--
INFO: Run Behavior\ReadHtmlCacheBehavior [ RunTime:0.003000s ]
INFO: [ app_begin ] --END-- [ RunTime:0.004000s ]
NOTIC: [2048] Declaration of Admin\Controller\IndexController::show() should be compatible with Think\Controller::show($content, $charset = '', $contentType = '', $prefix = '') D:\myenv\UPUPW_AP5.4\htdocs\exam\App\Admin\Controller\IndexController.class.php 第 126 行.
SQL: SHOW COLUMNS FROM `tp_question` [ RunTime:0.0010s ]
SQL: SHOW COLUMNS FROM `tp_question` [ RunTime:0.0010s ]
SQL: SELECT * FROM `tp_question` LIMIT 0,10   [ RunTime:0.0000s ]
INFO: [ app_end ] --START--
INFO: Run Behavior\ShowPageTraceBehavior [ RunTime:0.002001s ]
INFO: [ app_end ] --END-- [ RunTime:0.002001s ]

[ 2016-07-14T15:31:42+08:00 ] 192.168.1.154 /exam/index.php/Admin/index/showQuestion
INFO: [ app_begin ] --START--
INFO: Run Behavior\ReadHtmlCacheBehavior [ RunTime:0.002000s ]
INFO: [ app_begin ] --END-- [ RunTime:0.003000s ]
NOTIC: [2048] Declaration of Admin\Controller\IndexController::show() should be compatible with Think\Controller::show($content, $charset = '', $contentType = '', $prefix = '') D:\myenv\UPUPW_AP5.4\htdocs\exam\App\Admin\Controller\IndexController.class.php 第 126 行.
SQL: SHOW COLUMNS FROM `tp_question` [ RunTime:0.0020s ]
SQL: SHOW COLUMNS FROM `tp_question` [ RunTime:0.0010s ]
SQL: SELECT * FROM `tp_question` LIMIT 0,10   [ RunTime:0.0000s ]
INFO: [ app_end ] --START--
INFO: Run Behavior\ShowPageTraceBehavior [ RunTime:0.002000s ]
INFO: [ app_end ] --END-- [ RunTime:0.003000s ]

[ 2016-07-14T19:55:37+08:00 ] ::1 /exam/index.php/Admin/index/showQuestion
INFO: [ app_begin ] --START--
INFO: Run Behavior\ReadHtmlCacheBehavior [ RunTime:0.004000s ]
INFO: [ app_begin ] --END-- [ RunTime:0.006000s ]
NOTIC: [2048] Declaration of Admin\Controller\IndexController::show() should be compatible with Think\Controller::show($content, $charset = '', $contentType = '', $prefix = '') D:\myenv\UPUPW_AP5.4\htdocs\exam\App\Admin\Controller\IndexController.class.php 第 126 行.
SQL: SHOW COLUMNS FROM `tp_question` [ RunTime:0.0040s ]
SQL: SHOW COLUMNS FROM `tp_question` [ RunTime:0.0020s ]
SQL: SELECT * FROM `tp_question` LIMIT 0,10   [ RunTime:0.0010s ]
INFO: [ app_end ] --START--
INFO: Run Behavior\ShowPageTraceBehavior [ RunTime:0.002000s ]
INFO: [ app_end ] --END-- [ RunTime:0.002000s ]

