[ 2016-07-28T11:09:55+08:00 ] ::1 /exam/index.php/Admin/login/checkAdminpw
INFO: [ app_begin ] --START--
INFO: Run Behavior\ReadHtmlCacheBehavior [ RunTime:0.002000s ]
INFO: [ app_begin ] --END-- [ RunTime:0.003000s ]
SQL: SHOW COLUMNS FROM `tp_admin` [ RunTime:0.0150s ]
SQL: SHOW COLUMNS FROM `tp_admin` [ RunTime:0.0020s ]
SQL: SELECT * FROM `tp_admin` WHERE `name` = 123456 AND `pw` = '123456' LIMIT 1   [ RunTime:0.0010s ]
SQL: SELECT * FROM `tp_admin` WHERE `name` = 123456 LIMIT 1   [ RunTime:0.0000s ]
SQL: UPDATE `tp_admin` SET `err_time`='35' WHERE `id` = 0 AND `name` = 123456 AND `pw` = '0123456' AND `err_time` = 34 [ RunTime:0.0010s ]

[ 2016-07-28T11:10:05+08:00 ] ::1 /exam/index.php/Admin/login/checkAdminpw
INFO: [ app_begin ] --START--
INFO: Run Behavior\ReadHtmlCacheBehavior [ RunTime:0.004000s ]
INFO: [ app_begin ] --END-- [ RunTime:0.005000s ]
SQL: SHOW COLUMNS FROM `tp_admin` [ RunTime:0.0020s ]
SQL: SHOW COLUMNS FROM `tp_admin` [ RunTime:0.0010s ]
SQL: SELECT * FROM `tp_admin` WHERE `name` = 123456 AND `pw` = '0123456' LIMIT 1   [ RunTime:0.0000s ]

[ 2016-07-28T11:10:06+08:00 ] ::1 /exam/index.php/Admin/index/showQuestion
INFO: [ app_begin ] --START--
INFO: Run Behavior\ReadHtmlCacheBehavior [ RunTime:0.003000s ]
INFO: [ app_begin ] --END-- [ RunTime:0.004000s ]
NOTIC: [2048] Declaration of Admin\Controller\CommonController::error() should be compatible with Think\Controller::error($message = '', $jumpUrl = '', $ajax = false) D:\myenv\UPUPW_AP5.4\htdocs\exam\App\Admin\Controller\CommonController.class.php 第 15 行.
NOTIC: [2048] Declaration of Admin\Controller\IndexController::show() should be compatible with Think\Controller::show($content, $charset = '', $contentType = '', $prefix = '') D:\myenv\UPUPW_AP5.4\htdocs\exam\App\Admin\Controller\IndexController.class.php 第 4 行.
SQL: SHOW COLUMNS FROM `tp_question` [ RunTime:0.0020s ]
SQL: SHOW COLUMNS FROM `tp_question` [ RunTime:0.0010s ]
SQL: SELECT * FROM `tp_question` LIMIT 0,10   [ RunTime:0.0010s ]
INFO: [ app_end ] --START--
INFO: Run Behavior\ShowPageTraceBehavior [ RunTime:0.005001s ]
INFO: [ app_end ] --END-- [ RunTime:0.005001s ]

[ 2016-07-28T11:10:09+08:00 ] ::1 /exam/index.php/Admin/index/showQuestion
INFO: [ app_begin ] --START--
INFO: Run Behavior\ReadHtmlCacheBehavior [ RunTime:0.003000s ]
INFO: [ app_begin ] --END-- [ RunTime:0.004000s ]
NOTIC: [2048] Declaration of Admin\Controller\CommonController::error() should be compatible with Think\Controller::error($message = '', $jumpUrl = '', $ajax = false) D:\myenv\UPUPW_AP5.4\htdocs\exam\App\Admin\Controller\CommonController.class.php 第 15 行.
NOTIC: [2048] Declaration of Admin\Controller\IndexController::show() should be compatible with Think\Controller::show($content, $charset = '', $contentType = '', $prefix = '') D:\myenv\UPUPW_AP5.4\htdocs\exam\App\Admin\Controller\IndexController.class.php 第 4 行.
SQL: SHOW COLUMNS FROM `tp_question` [ RunTime:0.0010s ]
SQL: SHOW COLUMNS FROM `tp_question` [ RunTime:0.0020s ]
SQL: SELECT * FROM `tp_question` LIMIT 10,10   [ RunTime:0.0010s ]
INFO: [ app_end ] --START--
INFO: Run Behavior\ShowPageTraceBehavior [ RunTime:0.003000s ]
INFO: [ app_end ] --END-- [ RunTime:0.003000s ]

[ 2016-07-28T11:10:10+08:00 ] ::1 /exam/index.php/Admin/index/showQuestion
INFO: [ app_begin ] --START--
INFO: Run Behavior\ReadHtmlCacheBehavior [ RunTime:0.002000s ]
INFO: [ app_begin ] --END-- [ RunTime:0.003000s ]
NOTIC: [2048] Declaration of Admin\Controller\CommonController::error() should be compatible with Think\Controller::error($message = '', $jumpUrl = '', $ajax = false) D:\myenv\UPUPW_AP5.4\htdocs\exam\App\Admin\Controller\CommonController.class.php 第 15 行.
NOTIC: [2048] Declaration of Admin\Controller\IndexController::show() should be compatible with Think\Controller::show($content, $charset = '', $contentType = '', $prefix = '') D:\myenv\UPUPW_AP5.4\htdocs\exam\App\Admin\Controller\IndexController.class.php 第 4 行.
SQL: SHOW COLUMNS FROM `tp_question` [ RunTime:0.0010s ]
SQL: SHOW COLUMNS FROM `tp_question` [ RunTime:0.0010s ]
SQL: SELECT * FROM `tp_question` LIMIT 0,10   [ RunTime:0.0000s ]
INFO: [ app_end ] --START--
INFO: Run Behavior\ShowPageTraceBehavior [ RunTime:0.003000s ]
INFO: [ app_end ] --END-- [ RunTime:0.004000s ]

[ 2016-07-28T11:10:24+08:00 ] ::1 /exam/index.php/Admin/index/showQuestion
INFO: [ app_begin ] --START--
INFO: Run Behavior\ReadHtmlCacheBehavior [ RunTime:0.003000s ]
INFO: [ app_begin ] --END-- [ RunTime:0.005000s ]
NOTIC: [2048] Declaration of Admin\Controller\CommonController::error() should be compatible with Think\Controller::error($message = '', $jumpUrl = '', $ajax = false) D:\myenv\UPUPW_AP5.4\htdocs\exam\App\Admin\Controller\CommonController.class.php 第 15 行.
NOTIC: [2048] Declaration of Admin\Controller\IndexController::show() should be compatible with Think\Controller::show($content, $charset = '', $contentType = '', $prefix = '') D:\myenv\UPUPW_AP5.4\htdocs\exam\App\Admin\Controller\IndexController.class.php 第 4 行.
SQL: SHOW COLUMNS FROM `tp_question` [ RunTime:0.0030s ]
SQL: SHOW COLUMNS FROM `tp_question` [ RunTime:0.0020s ]
SQL: SELECT * FROM `tp_question` LIMIT 10,10   [ RunTime:0.0000s ]
INFO: [ app_end ] --START--
INFO: Run Behavior\ShowPageTraceBehavior [ RunTime:0.005000s ]
INFO: [ app_end ] --END-- [ RunTime:0.005000s ]

[ 2016-07-28T11:10:26+08:00 ] ::1 /exam/index.php/Admin/index/showQuestion
INFO: [ app_begin ] --START--
INFO: Run Behavior\ReadHtmlCacheBehavior [ RunTime:0.003000s ]
INFO: [ app_begin ] --END-- [ RunTime:0.005000s ]
NOTIC: [2048] Declaration of Admin\Controller\CommonController::error() should be compatible with Think\Controller::error($message = '', $jumpUrl = '', $ajax = false) D:\myenv\UPUPW_AP5.4\htdocs\exam\App\Admin\Controller\CommonController.class.php 第 15 行.
NOTIC: [2048] Declaration of Admin\Controller\IndexController::show() should be compatible with Think\Controller::show($content, $charset = '', $contentType = '', $prefix = '') D:\myenv\UPUPW_AP5.4\htdocs\exam\App\Admin\Controller\IndexController.class.php 第 4 行.
SQL: SHOW COLUMNS FROM `tp_question` [ RunTime:0.0020s ]
SQL: SHOW COLUMNS FROM `tp_question` [ RunTime:0.0030s ]
SQL: SELECT * FROM `tp_question` LIMIT 0,10   [ RunTime:0.0010s ]
INFO: [ app_end ] --START--
INFO: Run Behavior\ShowPageTraceBehavior [ RunTime:0.003000s ]
INFO: [ app_end ] --END-- [ RunTime:0.003000s ]

[ 2016-07-28T11:13:10+08:00 ] ::1 /exam/index.php/Admin/login/checkAdminpw
INFO: [ app_begin ] --START--
INFO: Run Behavior\ReadHtmlCacheBehavior [ RunTime:0.004000s ]
INFO: [ app_begin ] --END-- [ RunTime:0.005000s ]
SQL: SHOW COLUMNS FROM `tp_admin` [ RunTime:0.0020s ]
SQL: SHOW COLUMNS FROM `tp_admin` [ RunTime:0.0020s ]
SQL: SELECT * FROM `tp_admin` WHERE `name` = 123456 AND `pw` = '123456' LIMIT 1   [ RunTime:0.0000s ]
SQL: SELECT * FROM `tp_admin` WHERE `name` = 123456 LIMIT 1   [ RunTime:0.0000s ]
SQL: UPDATE `tp_admin` SET `err_time`='36' WHERE `id` = 0 AND `name` = 123456 AND `pw` = '0123456' AND `err_time` = 35 [ RunTime:0.0010s ]

[ 2016-07-28T11:13:24+08:00 ] ::1 /exam/index.php/Admin/login/checkAdminpw
INFO: [ app_begin ] --START--
INFO: Run Behavior\ReadHtmlCacheBehavior [ RunTime:0.003000s ]
INFO: [ app_begin ] --END-- [ RunTime:0.005000s ]
SQL: SHOW COLUMNS FROM `tp_admin` [ RunTime:0.0010s ]
SQL: SHOW COLUMNS FROM `tp_admin` [ RunTime:0.0010s ]
SQL: SELECT * FROM `tp_admin` WHERE `name` = 123456 AND `pw` = '0123456' LIMIT 1   [ RunTime:0.0000s ]

[ 2016-07-28T11:13:25+08:00 ] ::1 /exam/index.php/Admin/index/showQuestion
INFO: [ app_begin ] --START--
INFO: Run Behavior\ReadHtmlCacheBehavior [ RunTime:0.003000s ]
INFO: [ app_begin ] --END-- [ RunTime:0.004000s ]
NOTIC: [2048] Declaration of Admin\Controller\CommonController::error() should be compatible with Think\Controller::error($message = '', $jumpUrl = '', $ajax = false) D:\myenv\UPUPW_AP5.4\htdocs\exam\App\Admin\Controller\CommonController.class.php 第 15 行.
NOTIC: [2048] Declaration of Admin\Controller\IndexController::show() should be compatible with Think\Controller::show($content, $charset = '', $contentType = '', $prefix = '') D:\myenv\UPUPW_AP5.4\htdocs\exam\App\Admin\Controller\IndexController.class.php 第 4 行.
SQL: SHOW COLUMNS FROM `tp_question` [ RunTime:0.0020s ]
SQL: SHOW COLUMNS FROM `tp_question` [ RunTime:0.0020s ]
SQL: SELECT * FROM `tp_question` LIMIT 0,10   [ RunTime:0.0010s ]
INFO: [ app_end ] --START--
INFO: Run Behavior\ShowPageTraceBehavior [ RunTime:0.003000s ]
INFO: [ app_end ] --END-- [ RunTime:0.003000s ]

[ 2016-07-28T11:13:36+08:00 ] ::1 /exam/index.php/Admin/index/addStu
INFO: [ app_begin ] --START--
INFO: Run Behavior\ReadHtmlCacheBehavior [ RunTime:0.002000s ]
INFO: [ app_begin ] --END-- [ RunTime:0.003000s ]
NOTIC: [2048] Declaration of Admin\Controller\CommonController::error() should be compatible with Think\Controller::error($message = '', $jumpUrl = '', $ajax = false) D:\myenv\UPUPW_AP5.4\htdocs\exam\App\Admin\Controller\CommonController.class.php 第 15 行.
NOTIC: [2048] Declaration of Admin\Controller\IndexController::show() should be compatible with Think\Controller::show($content, $charset = '', $contentType = '', $prefix = '') D:\myenv\UPUPW_AP5.4\htdocs\exam\App\Admin\Controller\IndexController.class.php 第 4 行.
SQL: SHOW COLUMNS FROM `tp_user` [ RunTime:0.0020s ]
SQL: SHOW COLUMNS FROM `tp_user` [ RunTime:0.0010s ]
SQL: SELECT * FROM `tp_user` LIMIT 1   [ RunTime:0.0000s ]
NOTIC: [8] Undefined variable: id D:\myenv\UPUPW_AP5.4\htdocs\exam\App\Admin\Controller\IndexController.class.php 第 120 行.

