[ 2016-07-14T14:49:37+08:00 ] ::1 /exam/index.php/js/hou.js
ERR: 无法加载模块:Js

[ 2016-07-14T14:49:37+08:00 ] ::1 /exam/index.php/js/jquery-2.1.1.min.js
ERR: 无法加载模块:Js

[ 2016-07-14T14:49:37+08:00 ] ::1 /exam/index.php/css/hou.css
ERR: 无法加载模块:Css

[ 2016-07-14T14:49:37+08:00 ] ::1 /exam/index.php/img/GCU2.png
ERR: 无法加载模块:Img

[ 2016-07-14T14:49:37+08:00 ] ::1 /exam/index.php/js/hou.js
ERR: 无法加载模块:Js

[ 2016-07-14T14:49:37+08:00 ] ::1 /exam/index.php/img/GCU2.png
ERR: 无法加载模块:Img

[ 2016-07-14T14:50:03+08:00 ] ::1 /exam/index.php/css/hou.css
ERR: 无法加载模块:Css

[ 2016-07-14T14:50:03+08:00 ] ::1 /exam/index.php/img/GCU2.png
ERR: 无法加载模块:Img

[ 2016-07-14T14:50:04+08:00 ] ::1 /exam/index.php/img/GCU2.png
ERR: 无法加载模块:Img

[ 2016-07-14T14:50:14+08:00 ] ::1 /exam/index.php/img/GCU2.png
ERR: 无法加载模块:Img

[ 2016-07-14T14:50:14+08:00 ] ::1 /exam/index.php/img/GCU2.png
ERR: 无法加载模块:Img

[ 2016-07-14T14:50:28+08:00 ] ::1 /exam/index.php/img/GCU2.png
ERR: 无法加载模块:Img

[ 2016-07-14T14:50:28+08:00 ] ::1 /exam/index.php/img/GCU2.png
ERR: 无法加载模块:Img

[ 2016-07-14T14:51:53+08:00 ] ::1 /exam/index.php/img/GCU2.png
ERR: 无法加载模块:Img

[ 2016-07-14T14:51:53+08:00 ] ::1 /exam/index.php/img/GCU2.png
ERR: 无法加载模块:Img

[ 2016-07-14T14:52:12+08:00 ] ::1 /exam/index.php/img/GCU2.png
ERR: 无法加载模块:Img

[ 2016-07-14T14:52:12+08:00 ] ::1 /exam/index.php/img/GCU2.png
ERR: 无法加载模块:Img

